[0.125s] Invoking command in '/home/akash/ROS2_course/week_8_mid_term/ros2_midterm_ws/build/fleet_action': CMAKE_PREFIX_PATH=/opt/ros/humble /usr/bin/cmake --build /home/akash/ROS2_course/week_8_mid_term/ros2_midterm_ws/build/fleet_action -- -j16 -l16
[0.129s] [0mCMake Error: The current CMakeCache.txt directory /home/akash/ROS2_course/week_8_mid_term/ros2_midterm_ws/build/fleet_action/CMakeCache.txt is different than the directory /home/akash/ros2_midterm_ws/build/fleet_action where CMakeCache.txt was created. This may result in binaries being created in the wrong place. If you are not sure, reedit the CMakeCache.txt[0m
[0.144s] -- Found ament_cmake: 1.3.5 (/opt/ros/humble/share/ament_cmake/cmake)
[0.290s] -- Found rosidl_default_generators: 1.2.0 (/opt/ros/humble/share/rosidl_default_generators/cmake)
[0.292s] -- Using all available rosidl_typesupport_c: rosidl_typesupport_fastrtps_c;rosidl_typesupport_introspection_c
[0.295s] -- Found rosidl_adapter: 3.1.5 (/opt/ros/humble/share/rosidl_adapter/cmake)
[0.654s] -- Using all available rosidl_typesupport_cpp: rosidl_typesupport_fastrtps_cpp;rosidl_typesupport_introspection_cpp
[1.033s] -- Found ament_cmake_ros: 0.10.0 (/opt/ros/humble/share/ament_cmake_ros/cmake)
[1.220s] -- Using all available rosidl_typesupport_c: rosidl_typesupport_fastrtps_c;rosidl_typesupport_introspection_c
[1.472s] -- Using all available rosidl_typesupport_cpp: rosidl_typesupport_fastrtps_cpp;rosidl_typesupport_introspection_cpp
[1.495s] -- Found python_cmake_module: 0.10.0 (/opt/ros/humble/share/python_cmake_module/cmake)
[1.517s] -- Using PYTHON_EXECUTABLE: /usr/bin/python3
[1.517s] -- Using PYTHON_INCLUDE_DIRS: /usr/include/python3.10
[1.517s] -- Using PYTHON_LIBRARIES: /usr/lib/x86_64-linux-gnu/libpython3.10.so
[1.535s] -- Found ament_lint_auto: 0.12.8 (/opt/ros/humble/share/ament_lint_auto/cmake)
[1.543s] -- Added test 'lint_cmake' to check CMake code style
[1.544s] -- Added test 'xmllint' to check XML markup files
[1.546s] -- Configuring done
[1.576s] -- Generating done
[1.578s] -- Build files have been written to: /home/akash/ros2_midterm_ws/build/fleet_action
[1.601s] [35m[1mConsolidate compiler generated dependencies of target fleet_action__rosidl_generator_c[0m
[1.608s] [  3%] Built target fleet_action__cpp
[1.608s] [ 12%] Built target fleet_action__rosidl_generator_c
[1.616s] [ 12%] Built target ament_cmake_python_copy_fleet_action
[1.616s] [35m[1mConsolidate compiler generated dependencies of target fleet_action__rosidl_typesupport_cpp[0m
[1.616s] [35m[1mConsolidate compiler generated dependencies of target fleet_action__rosidl_typesupport_fastrtps_cpp[0m
[1.616s] [35m[1mConsolidate compiler generated dependencies of target fleet_action__rosidl_typesupport_c[0m
[1.618s] [35m[1mConsolidate compiler generated dependencies of target fleet_action__rosidl_typesupport_introspection_c[0m
[1.618s] [35m[1mConsolidate compiler generated dependencies of target fleet_action__rosidl_typesupport_fastrtps_c[0m
[1.618s] [35m[1mConsolidate compiler generated dependencies of target fleet_action__rosidl_typesupport_introspection_cpp[0m
[1.625s] [ 16%] [32mBuilding CXX object CMakeFiles/fleet_action__rosidl_typesupport_c.dir/rosidl_typesupport_c/fleet_action/action/fleet_management__type_support.cpp.o[0m
[1.626s] [ 19%] [32mBuilding CXX object CMakeFiles/fleet_action__rosidl_typesupport_cpp.dir/rosidl_typesupport_cpp/fleet_action/action/fleet_management__type_support.cpp.o[0m
[1.626s] [ 22%] [32mBuilding CXX object CMakeFiles/fleet_action__rosidl_typesupport_fastrtps_cpp.dir/rosidl_typesupport_fastrtps_cpp/fleet_action/action/detail/dds_fastrtps/fleet_management__type_support.cpp.o[0m
[1.626s] [ 25%] [32mBuilding C object CMakeFiles/fleet_action__rosidl_typesupport_introspection_c.dir/rosidl_typesupport_introspection_c/fleet_action/action/detail/fleet_management__type_support.c.o[0m
[1.628s] [ 29%] [32mBuilding CXX object CMakeFiles/fleet_action__rosidl_typesupport_fastrtps_c.dir/rosidl_typesupport_fastrtps_c/fleet_action/action/detail/fleet_management__type_support_c.cpp.o[0m
[1.628s] [ 32%] [32mBuilding CXX object CMakeFiles/fleet_action__rosidl_typesupport_introspection_cpp.dir/rosidl_typesupport_introspection_cpp/fleet_action/action/detail/fleet_management__type_support.cpp.o[0m
[1.667s] [ 35%] [32m[1mLinking CXX shared library libfleet_action__rosidl_typesupport_c.so[0m
[1.669s] [ 38%] [32m[1mLinking C shared library libfleet_action__rosidl_typesupport_introspection_c.so[0m
[1.818s] [ 41%] Built target fleet_action__rosidl_typesupport_introspection_c
[1.827s] [ 45%] Built target fleet_action__rosidl_typesupport_c
[1.945s] running egg_info
[1.946s] writing fleet_action.egg-info/PKG-INFO
[1.946s] writing dependency_links to fleet_action.egg-info/dependency_links.txt
[1.947s] writing top-level names to fleet_action.egg-info/top_level.txt
[1.949s] reading manifest file 'fleet_action.egg-info/SOURCES.txt'
[1.950s] writing manifest file 'fleet_action.egg-info/SOURCES.txt'
[1.984s] [ 45%] Built target ament_cmake_python_build_fleet_action_egg
[2.067s] [ 48%] [32m[1mLinking CXX shared library libfleet_action__rosidl_typesupport_fastrtps_c.so[0m
[2.137s] [ 51%] [32m[1mLinking CXX shared library libfleet_action__rosidl_typesupport_cpp.so[0m
[2.323s] [ 54%] [32m[1mLinking CXX shared library libfleet_action__rosidl_typesupport_fastrtps_cpp.so[0m
[2.339s] [ 58%] [32m[1mLinking CXX shared library libfleet_action__rosidl_typesupport_introspection_cpp.so[0m
[2.359s] [ 61%] Built target fleet_action__rosidl_typesupport_fastrtps_c
[2.388s] [ 64%] Built target fleet_action__rosidl_typesupport_cpp
[2.607s] [ 67%] Built target fleet_action__rosidl_typesupport_fastrtps_cpp
[2.623s] [ 70%] Built target fleet_action__rosidl_typesupport_introspection_cpp
[2.637s] [ 70%] Built target fleet_action
[2.654s] [ 74%] Built target fleet_action__py
[2.662s] [35m[1mConsolidate compiler generated dependencies of target fleet_action__rosidl_generator_py[0m
[2.672s] [ 77%] [32mBuilding C object CMakeFiles/fleet_action__rosidl_generator_py.dir/rosidl_generator_py/fleet_action/action/_fleet_management_s.c.o[0m
[2.810s] [ 80%] [32m[1mLinking C shared library rosidl_generator_py/fleet_action/libfleet_action__rosidl_generator_py.so[0m
[3.027s] [ 80%] Built target fleet_action__rosidl_generator_py
[3.037s] [35m[1mConsolidate compiler generated dependencies of target fleet_action__rosidl_typesupport_c__pyext[0m
[3.037s] [35m[1mConsolidate compiler generated dependencies of target fleet_action__rosidl_typesupport_fastrtps_c__pyext[0m
[3.037s] [35m[1mConsolidate compiler generated dependencies of target fleet_action__rosidl_typesupport_introspection_c__pyext[0m
[3.048s] [ 90%] [32mBuilding C object CMakeFiles/fleet_action__rosidl_typesupport_c__pyext.dir/rosidl_generator_py/fleet_action/_fleet_action_s.ep.rosidl_typesupport_c.c.o[0m
[3.048s] [ 90%] [32mBuilding C object CMakeFiles/fleet_action__rosidl_typesupport_introspection_c__pyext.dir/rosidl_generator_py/fleet_action/_fleet_action_s.ep.rosidl_typesupport_introspection_c.c.o[0m
[3.048s] [ 90%] [32mBuilding C object CMakeFiles/fleet_action__rosidl_typesupport_fastrtps_c__pyext.dir/rosidl_generator_py/fleet_action/_fleet_action_s.ep.rosidl_typesupport_fastrtps_c.c.o[0m
[3.157s] [100%] [32m[1mLinking C shared library rosidl_generator_py/fleet_action/fleet_action_s__rosidl_typesupport_fastrtps_c.cpython-310-x86_64-linux-gnu.so[0m
[3.157s] [100%] [32m[1mLinking C shared library rosidl_generator_py/fleet_action/fleet_action_s__rosidl_typesupport_c.cpython-310-x86_64-linux-gnu.so[0m
[3.157s] [100%] [32m[1mLinking C shared library rosidl_generator_py/fleet_action/fleet_action_s__rosidl_typesupport_introspection_c.cpython-310-x86_64-linux-gnu.so[0m
[3.302s] [100%] Built target fleet_action__rosidl_typesupport_introspection_c__pyext
[3.302s] [100%] Built target fleet_action__rosidl_typesupport_fastrtps_c__pyext
[3.302s] [100%] Built target fleet_action__rosidl_typesupport_c__pyext
[3.312s] Invoked command in '/home/akash/ROS2_course/week_8_mid_term/ros2_midterm_ws/build/fleet_action' returned '0': CMAKE_PREFIX_PATH=/opt/ros/humble /usr/bin/cmake --build /home/akash/ROS2_course/week_8_mid_term/ros2_midterm_ws/build/fleet_action -- -j16 -l16
[3.363s] Invoking command in '/home/akash/ROS2_course/week_8_mid_term/ros2_midterm_ws/build/fleet_action': CMAKE_PREFIX_PATH=/opt/ros/humble /usr/bin/cmake --install /home/akash/ROS2_course/week_8_mid_term/ros2_midterm_ws/build/fleet_action
[3.369s] -- Install configuration: ""
[3.369s] -- Up-to-date: /home/akash/ros2_midterm_ws/install/fleet_action/share/ament_index/resource_index/rosidl_interfaces/fleet_action
[3.370s] -- Up-to-date: /home/akash/ros2_midterm_ws/install/fleet_action/include/fleet_action/fleet_action
[3.370s] -- Up-to-date: /home/akash/ros2_midterm_ws/install/fleet_action/include/fleet_action/fleet_action/action
[3.370s] -- Up-to-date: /home/akash/ros2_midterm_ws/install/fleet_action/include/fleet_action/fleet_action/action/fleet_management.h
[3.370s] -- Up-to-date: /home/akash/ros2_midterm_ws/install/fleet_action/include/fleet_action/fleet_action/action/detail
[3.370s] -- Up-to-date: /home/akash/ros2_midterm_ws/install/fleet_action/include/fleet_action/fleet_action/action/detail/fleet_management__struct.h
[3.371s] -- Up-to-date: /home/akash/ros2_midterm_ws/install/fleet_action/include/fleet_action/fleet_action/action/detail/fleet_management__type_support.h
[3.371s] -- Up-to-date: /home/akash/ros2_midterm_ws/install/fleet_action/include/fleet_action/fleet_action/action/detail/fleet_management__functions.c
[3.371s] -- Up-to-date: /home/akash/ros2_midterm_ws/install/fleet_action/include/fleet_action/fleet_action/action/detail/fleet_management__functions.h
[3.371s] -- Up-to-date: /home/akash/ros2_midterm_ws/install/fleet_action/include/fleet_action/fleet_action/msg
[3.372s] -- Up-to-date: /home/akash/ros2_midterm_ws/install/fleet_action/include/fleet_action/fleet_action/msg/rosidl_generator_c__visibility_control.h
[3.372s] -- Up-to-date: /home/akash/ros2_midterm_ws/install/fleet_action/share/fleet_action/environment/library_path.sh
[3.372s] -- Installing: /home/akash/ros2_midterm_ws/install/fleet_action/share/fleet_action/environment/library_path.dsv
[3.372s] -- Up-to-date: /home/akash/ros2_midterm_ws/install/fleet_action/lib/libfleet_action__rosidl_generator_c.so
[3.372s] -- Up-to-date: /home/akash/ros2_midterm_ws/install/fleet_action/include/fleet_action/fleet_action
[3.372s] -- Up-to-date: /home/akash/ros2_midterm_ws/install/fleet_action/include/fleet_action/fleet_action/action
[3.373s] -- Up-to-date: /home/akash/ros2_midterm_ws/install/fleet_action/include/fleet_action/fleet_action/action/detail
[3.373s] -- Up-to-date: /home/akash/ros2_midterm_ws/install/fleet_action/include/fleet_action/fleet_action/action/detail/fleet_management__rosidl_typesupport_fastrtps_c.h
[3.373s] -- Up-to-date: /home/akash/ros2_midterm_ws/install/fleet_action/include/fleet_action/fleet_action/msg
[3.373s] -- Up-to-date: /home/akash/ros2_midterm_ws/install/fleet_action/include/fleet_action/fleet_action/msg/rosidl_typesupport_fastrtps_c__visibility_control.h
[3.373s] -- Up-to-date: /home/akash/ros2_midterm_ws/install/fleet_action/lib/libfleet_action__rosidl_typesupport_fastrtps_c.so
[3.373s] -- Up-to-date: /home/akash/ros2_midterm_ws/install/fleet_action/include/fleet_action/fleet_action
[3.373s] -- Up-to-date: /home/akash/ros2_midterm_ws/install/fleet_action/include/fleet_action/fleet_action/action
[3.374s] -- Up-to-date: /home/akash/ros2_midterm_ws/install/fleet_action/include/fleet_action/fleet_action/action/detail
[3.374s] -- Up-to-date: /home/akash/ros2_midterm_ws/install/fleet_action/include/fleet_action/fleet_action/action/detail/fleet_management__type_support.c
[3.374s] -- Up-to-date: /home/akash/ros2_midterm_ws/install/fleet_action/include/fleet_action/fleet_action/action/detail/fleet_management__rosidl_typesupport_introspection_c.h
[3.374s] -- Up-to-date: /home/akash/ros2_midterm_ws/install/fleet_action/include/fleet_action/fleet_action/msg
[3.374s] -- Up-to-date: /home/akash/ros2_midterm_ws/install/fleet_action/include/fleet_action/fleet_action/msg/rosidl_typesupport_introspection_c__visibility_control.h
[3.375s] -- Up-to-date: /home/akash/ros2_midterm_ws/install/fleet_action/lib/libfleet_action__rosidl_typesupport_introspection_c.so
[3.375s] -- Up-to-date: /home/akash/ros2_midterm_ws/install/fleet_action/lib/libfleet_action__rosidl_typesupport_c.so
[3.375s] -- Up-to-date: /home/akash/ros2_midterm_ws/install/fleet_action/include/fleet_action/fleet_action
[3.375s] -- Up-to-date: /home/akash/ros2_midterm_ws/install/fleet_action/include/fleet_action/fleet_action/action
[3.375s] -- Up-to-date: /home/akash/ros2_midterm_ws/install/fleet_action/include/fleet_action/fleet_action/action/detail
[3.375s] -- Up-to-date: /home/akash/ros2_midterm_ws/install/fleet_action/include/fleet_action/fleet_action/action/detail/fleet_management__struct.hpp
[3.375s] -- Up-to-date: /home/akash/ros2_midterm_ws/install/fleet_action/include/fleet_action/fleet_action/action/detail/fleet_management__traits.hpp
[3.375s] -- Up-to-date: /home/akash/ros2_midterm_ws/install/fleet_action/include/fleet_action/fleet_action/action/detail/fleet_management__builder.hpp
[3.375s] -- Up-to-date: /home/akash/ros2_midterm_ws/install/fleet_action/include/fleet_action/fleet_action/action/fleet_management.hpp
[3.375s] -- Up-to-date: /home/akash/ros2_midterm_ws/install/fleet_action/include/fleet_action/fleet_action
[3.375s] -- Up-to-date: /home/akash/ros2_midterm_ws/install/fleet_action/include/fleet_action/fleet_action/action
[3.375s] -- Up-to-date: /home/akash/ros2_midterm_ws/install/fleet_action/include/fleet_action/fleet_action/action/detail
[3.375s] -- Up-to-date: /home/akash/ros2_midterm_ws/install/fleet_action/include/fleet_action/fleet_action/action/detail/fleet_management__rosidl_typesupport_fastrtps_cpp.hpp
[3.375s] -- Up-to-date: /home/akash/ros2_midterm_ws/install/fleet_action/include/fleet_action/fleet_action/action/detail/dds_fastrtps
[3.375s] -- Up-to-date: /home/akash/ros2_midterm_ws/install/fleet_action/include/fleet_action/fleet_action/msg
[3.376s] -- Up-to-date: /home/akash/ros2_midterm_ws/install/fleet_action/include/fleet_action/fleet_action/msg/rosidl_typesupport_fastrtps_cpp__visibility_control.h
[3.376s] -- Up-to-date: /home/akash/ros2_midterm_ws/install/fleet_action/lib/libfleet_action__rosidl_typesupport_fastrtps_cpp.so
[3.376s] -- Up-to-date: /home/akash/ros2_midterm_ws/install/fleet_action/include/fleet_action/fleet_action
[3.376s] -- Up-to-date: /home/akash/ros2_midterm_ws/install/fleet_action/include/fleet_action/fleet_action/action
[3.376s] -- Up-to-date: /home/akash/ros2_midterm_ws/install/fleet_action/include/fleet_action/fleet_action/action/detail
[3.376s] -- Up-to-date: /home/akash/ros2_midterm_ws/install/fleet_action/include/fleet_action/fleet_action/action/detail/fleet_management__type_support.cpp
[3.376s] -- Up-to-date: /home/akash/ros2_midterm_ws/install/fleet_action/include/fleet_action/fleet_action/action/detail/fleet_management__rosidl_typesupport_introspection_cpp.hpp
[3.376s] -- Up-to-date: /home/akash/ros2_midterm_ws/install/fleet_action/lib/libfleet_action__rosidl_typesupport_introspection_cpp.so
[3.376s] -- Up-to-date: /home/akash/ros2_midterm_ws/install/fleet_action/lib/libfleet_action__rosidl_typesupport_cpp.so
[3.376s] -- Up-to-date: /home/akash/ros2_midterm_ws/install/fleet_action/share/fleet_action/environment/pythonpath.sh
[3.376s] -- Installing: /home/akash/ros2_midterm_ws/install/fleet_action/share/fleet_action/environment/pythonpath.dsv
[3.376s] -- Up-to-date: /home/akash/ros2_midterm_ws/install/fleet_action/local/lib/python3.10/dist-packages/fleet_action-0.0.0-py3.10.egg-info
[3.376s] -- Installing: /home/akash/ros2_midterm_ws/install/fleet_action/local/lib/python3.10/dist-packages/fleet_action-0.0.0-py3.10.egg-info/dependency_links.txt
[3.376s] -- Installing: /home/akash/ros2_midterm_ws/install/fleet_action/local/lib/python3.10/dist-packages/fleet_action-0.0.0-py3.10.egg-info/PKG-INFO
[3.376s] -- Installing: /home/akash/ros2_midterm_ws/install/fleet_action/local/lib/python3.10/dist-packages/fleet_action-0.0.0-py3.10.egg-info/SOURCES.txt
[3.376s] -- Installing: /home/akash/ros2_midterm_ws/install/fleet_action/local/lib/python3.10/dist-packages/fleet_action-0.0.0-py3.10.egg-info/top_level.txt
[3.377s] -- Up-to-date: /home/akash/ros2_midterm_ws/install/fleet_action/local/lib/python3.10/dist-packages/fleet_action
[3.377s] -- Up-to-date: /home/akash/ros2_midterm_ws/install/fleet_action/local/lib/python3.10/dist-packages/fleet_action/action
[3.377s] -- Up-to-date: /home/akash/ros2_midterm_ws/install/fleet_action/local/lib/python3.10/dist-packages/fleet_action/action/_fleet_management.py
[3.377s] -- Up-to-date: /home/akash/ros2_midterm_ws/install/fleet_action/local/lib/python3.10/dist-packages/fleet_action/action/__init__.py
[3.377s] -- Up-to-date: /home/akash/ros2_midterm_ws/install/fleet_action/local/lib/python3.10/dist-packages/fleet_action/action/_fleet_management_s.c
[3.377s] -- Up-to-date: /home/akash/ros2_midterm_ws/install/fleet_action/local/lib/python3.10/dist-packages/fleet_action/_fleet_action_s.ep.rosidl_typesupport_c.c
[3.377s] -- Up-to-date: /home/akash/ros2_midterm_ws/install/fleet_action/local/lib/python3.10/dist-packages/fleet_action/_fleet_action_s.ep.rosidl_typesupport_fastrtps_c.c
[3.377s] -- Up-to-date: /home/akash/ros2_midterm_ws/install/fleet_action/local/lib/python3.10/dist-packages/fleet_action/fleet_action_s__rosidl_typesupport_introspection_c.cpython-310-x86_64-linux-gnu.so
[3.377s] -- Up-to-date: /home/akash/ros2_midterm_ws/install/fleet_action/local/lib/python3.10/dist-packages/fleet_action/_fleet_action_s.ep.rosidl_typesupport_introspection_c.c
[3.377s] -- Up-to-date: /home/akash/ros2_midterm_ws/install/fleet_action/local/lib/python3.10/dist-packages/fleet_action/fleet_action_s__rosidl_typesupport_c.cpython-310-x86_64-linux-gnu.so
[3.377s] -- Installing: /home/akash/ros2_midterm_ws/install/fleet_action/local/lib/python3.10/dist-packages/fleet_action/__init__.py
[3.377s] -- Up-to-date: /home/akash/ros2_midterm_ws/install/fleet_action/local/lib/python3.10/dist-packages/fleet_action/libfleet_action__rosidl_generator_py.so
[3.377s] -- Up-to-date: /home/akash/ros2_midterm_ws/install/fleet_action/local/lib/python3.10/dist-packages/fleet_action/fleet_action_s__rosidl_typesupport_fastrtps_c.cpython-310-x86_64-linux-gnu.so
[3.405s] Listing '/home/akash/ros2_midterm_ws/install/fleet_action/local/lib/python3.10/dist-packages/fleet_action'...
[3.406s] Compiling '/home/akash/ros2_midterm_ws/install/fleet_action/local/lib/python3.10/dist-packages/fleet_action/__init__.py'...
[3.406s] Listing '/home/akash/ros2_midterm_ws/install/fleet_action/local/lib/python3.10/dist-packages/fleet_action/action'...
[3.410s] -- Up-to-date: /home/akash/ros2_midterm_ws/install/fleet_action/local/lib/python3.10/dist-packages/fleet_action/fleet_action_s__rosidl_typesupport_fastrtps_c.cpython-310-x86_64-linux-gnu.so
[3.411s] -- Up-to-date: /home/akash/ros2_midterm_ws/install/fleet_action/local/lib/python3.10/dist-packages/fleet_action/fleet_action_s__rosidl_typesupport_introspection_c.cpython-310-x86_64-linux-gnu.so
[3.411s] -- Up-to-date: /home/akash/ros2_midterm_ws/install/fleet_action/local/lib/python3.10/dist-packages/fleet_action/fleet_action_s__rosidl_typesupport_c.cpython-310-x86_64-linux-gnu.so
[3.411s] -- Up-to-date: /home/akash/ros2_midterm_ws/install/fleet_action/lib/libfleet_action__rosidl_generator_py.so
[3.412s] -- Up-to-date: /home/akash/ros2_midterm_ws/install/fleet_action/share/fleet_action/action/FleetManagement.idl
[3.412s] -- Up-to-date: /home/akash/ros2_midterm_ws/install/fleet_action/share/fleet_action/action/FleetManagement.action
[3.412s] -- Up-to-date: /home/akash/ros2_midterm_ws/install/fleet_action/share/ament_index/resource_index/package_run_dependencies/fleet_action
[3.412s] -- Up-to-date: /home/akash/ros2_midterm_ws/install/fleet_action/share/ament_index/resource_index/parent_prefix_path/fleet_action
[3.413s] -- Up-to-date: /home/akash/ros2_midterm_ws/install/fleet_action/share/fleet_action/environment/ament_prefix_path.sh
[3.413s] -- Installing: /home/akash/ros2_midterm_ws/install/fleet_action/share/fleet_action/environment/ament_prefix_path.dsv
[3.413s] -- Up-to-date: /home/akash/ros2_midterm_ws/install/fleet_action/share/fleet_action/environment/path.sh
[3.413s] -- Installing: /home/akash/ros2_midterm_ws/install/fleet_action/share/fleet_action/environment/path.dsv
[3.414s] -- Up-to-date: /home/akash/ros2_midterm_ws/install/fleet_action/share/fleet_action/local_setup.bash
[3.414s] -- Up-to-date: /home/akash/ros2_midterm_ws/install/fleet_action/share/fleet_action/local_setup.sh
[3.414s] -- Up-to-date: /home/akash/ros2_midterm_ws/install/fleet_action/share/fleet_action/local_setup.zsh
[3.414s] -- Installing: /home/akash/ros2_midterm_ws/install/fleet_action/share/fleet_action/local_setup.dsv
[3.414s] -- Installing: /home/akash/ros2_midterm_ws/install/fleet_action/share/fleet_action/package.dsv
[3.414s] -- Up-to-date: /home/akash/ros2_midterm_ws/install/fleet_action/share/ament_index/resource_index/packages/fleet_action
[3.415s] -- Up-to-date: /home/akash/ros2_midterm_ws/install/fleet_action/share/fleet_action/cmake/export_fleet_action__rosidl_generator_cExport.cmake
[3.415s] -- Up-to-date: /home/akash/ros2_midterm_ws/install/fleet_action/share/fleet_action/cmake/export_fleet_action__rosidl_generator_cExport-noconfig.cmake
[3.415s] -- Up-to-date: /home/akash/ros2_midterm_ws/install/fleet_action/share/fleet_action/cmake/export_fleet_action__rosidl_typesupport_fastrtps_cExport.cmake
[3.415s] -- Up-to-date: /home/akash/ros2_midterm_ws/install/fleet_action/share/fleet_action/cmake/export_fleet_action__rosidl_typesupport_fastrtps_cExport-noconfig.cmake
[3.415s] -- Up-to-date: /home/akash/ros2_midterm_ws/install/fleet_action/share/fleet_action/cmake/fleet_action__rosidl_typesupport_introspection_cExport.cmake
[3.415s] -- Up-to-date: /home/akash/ros2_midterm_ws/install/fleet_action/share/fleet_action/cmake/fleet_action__rosidl_typesupport_introspection_cExport-noconfig.cmake
[3.415s] -- Up-to-date: /home/akash/ros2_midterm_ws/install/fleet_action/share/fleet_action/cmake/fleet_action__rosidl_typesupport_cExport.cmake
[3.416s] -- Up-to-date: /home/akash/ros2_midterm_ws/install/fleet_action/share/fleet_action/cmake/fleet_action__rosidl_typesupport_cExport-noconfig.cmake
[3.416s] -- Up-to-date: /home/akash/ros2_midterm_ws/install/fleet_action/share/fleet_action/cmake/export_fleet_action__rosidl_generator_cppExport.cmake
[3.416s] -- Up-to-date: /home/akash/ros2_midterm_ws/install/fleet_action/share/fleet_action/cmake/export_fleet_action__rosidl_typesupport_fastrtps_cppExport.cmake
[3.416s] -- Up-to-date: /home/akash/ros2_midterm_ws/install/fleet_action/share/fleet_action/cmake/export_fleet_action__rosidl_typesupport_fastrtps_cppExport-noconfig.cmake
[3.416s] -- Up-to-date: /home/akash/ros2_midterm_ws/install/fleet_action/share/fleet_action/cmake/fleet_action__rosidl_typesupport_introspection_cppExport.cmake
[3.417s] -- Up-to-date: /home/akash/ros2_midterm_ws/install/fleet_action/share/fleet_action/cmake/fleet_action__rosidl_typesupport_introspection_cppExport-noconfig.cmake
[3.417s] -- Up-to-date: /home/akash/ros2_midterm_ws/install/fleet_action/share/fleet_action/cmake/fleet_action__rosidl_typesupport_cppExport.cmake
[3.418s] -- Up-to-date: /home/akash/ros2_midterm_ws/install/fleet_action/share/fleet_action/cmake/fleet_action__rosidl_typesupport_cppExport-noconfig.cmake
[3.418s] -- Up-to-date: /home/akash/ros2_midterm_ws/install/fleet_action/share/fleet_action/cmake/export_fleet_action__rosidl_generator_pyExport.cmake
[3.418s] -- Up-to-date: /home/akash/ros2_midterm_ws/install/fleet_action/share/fleet_action/cmake/export_fleet_action__rosidl_generator_pyExport-noconfig.cmake
[3.419s] -- Up-to-date: /home/akash/ros2_midterm_ws/install/fleet_action/share/fleet_action/cmake/rosidl_cmake-extras.cmake
[3.419s] -- Up-to-date: /home/akash/ros2_midterm_ws/install/fleet_action/share/fleet_action/cmake/ament_cmake_export_dependencies-extras.cmake
[3.419s] -- Up-to-date: /home/akash/ros2_midterm_ws/install/fleet_action/share/fleet_action/cmake/ament_cmake_export_include_directories-extras.cmake
[3.419s] -- Up-to-date: /home/akash/ros2_midterm_ws/install/fleet_action/share/fleet_action/cmake/ament_cmake_export_libraries-extras.cmake
[3.419s] -- Up-to-date: /home/akash/ros2_midterm_ws/install/fleet_action/share/fleet_action/cmake/ament_cmake_export_targets-extras.cmake
[3.420s] -- Up-to-date: /home/akash/ros2_midterm_ws/install/fleet_action/share/fleet_action/cmake/rosidl_cmake_export_typesupport_targets-extras.cmake
[3.420s] -- Up-to-date: /home/akash/ros2_midterm_ws/install/fleet_action/share/fleet_action/cmake/rosidl_cmake_export_typesupport_libraries-extras.cmake
[3.420s] -- Up-to-date: /home/akash/ros2_midterm_ws/install/fleet_action/share/fleet_action/cmake/fleet_actionConfig.cmake
[3.420s] -- Up-to-date: /home/akash/ros2_midterm_ws/install/fleet_action/share/fleet_action/cmake/fleet_actionConfig-version.cmake
[3.420s] -- Up-to-date: /home/akash/ros2_midterm_ws/install/fleet_action/share/fleet_action/package.xml
[3.421s] Invoked command in '/home/akash/ROS2_course/week_8_mid_term/ros2_midterm_ws/build/fleet_action' returned '0': CMAKE_PREFIX_PATH=/opt/ros/humble /usr/bin/cmake --install /home/akash/ROS2_course/week_8_mid_term/ros2_midterm_ws/build/fleet_action
