[0.760s] Invoking command in '/home/akash/hci_elderly/src/gesture_pub_sub': PYTHONPATH=/home/akash/hci_elderly/build/gesture_pub_sub/prefix_override:/home/akash/hci_elderly/install/gesture_pub_sub/lib/python3.10/site-packages:${PYTHONPATH} /usr/bin/python3 setup.py egg_info --egg-base ../../build/gesture_pub_sub build --build-base /home/akash/hci_elderly/build/gesture_pub_sub/build install --record /home/akash/hci_elderly/build/gesture_pub_sub/install.log --single-version-externally-managed
[1.007s] running egg_info
[1.008s] writing ../../build/gesture_pub_sub/gesture_pub_sub.egg-info/PKG-INFO
[1.008s] writing dependency_links to ../../build/gesture_pub_sub/gesture_pub_sub.egg-info/dependency_links.txt
[1.009s] writing entry points to ../../build/gesture_pub_sub/gesture_pub_sub.egg-info/entry_points.txt
[1.009s] writing requirements to ../../build/gesture_pub_sub/gesture_pub_sub.egg-info/requires.txt
[1.009s] writing top-level names to ../../build/gesture_pub_sub/gesture_pub_sub.egg-info/top_level.txt
[1.011s] reading manifest file '../../build/gesture_pub_sub/gesture_pub_sub.egg-info/SOURCES.txt'
[1.012s] writing manifest file '../../build/gesture_pub_sub/gesture_pub_sub.egg-info/SOURCES.txt'
[1.012s] running build
[1.012s] running build_py
[1.012s] copying gesture_pub_sub/ges_pub.py -> /home/akash/hci_elderly/build/gesture_pub_sub/build/lib/gesture_pub_sub
[1.013s] /usr/lib/python3/dist-packages/setuptools/command/install.py:34: SetuptoolsDeprecationWarning: setup.py install is deprecated. Use build and pip and other standards-based tools.
[1.013s]   warnings.warn(
[1.013s] running install
[1.013s] running install_lib
[1.014s] copying /home/akash/hci_elderly/build/gesture_pub_sub/build/lib/gesture_pub_sub/ges_pub.py -> /home/akash/hci_elderly/install/gesture_pub_sub/lib/python3.10/site-packages/gesture_pub_sub
[1.014s] byte-compiling /home/akash/hci_elderly/install/gesture_pub_sub/lib/python3.10/site-packages/gesture_pub_sub/ges_pub.py to ges_pub.cpython-310.pyc
[1.015s] running install_data
[1.016s] running install_egg_info
[1.018s] removing '/home/akash/hci_elderly/install/gesture_pub_sub/lib/python3.10/site-packages/gesture_pub_sub-0.0.0-py3.10.egg-info' (and everything under it)
[1.018s] Copying ../../build/gesture_pub_sub/gesture_pub_sub.egg-info to /home/akash/hci_elderly/install/gesture_pub_sub/lib/python3.10/site-packages/gesture_pub_sub-0.0.0-py3.10.egg-info
[1.019s] running install_scripts
[1.042s] Installing gesture_publisher script to /home/akash/hci_elderly/install/gesture_pub_sub/lib/gesture_pub_sub
[1.042s] writing list of installed files to '/home/akash/hci_elderly/build/gesture_pub_sub/install.log'
[1.068s] Invoked command in '/home/akash/hci_elderly/src/gesture_pub_sub' returned '0': PYTHONPATH=/home/akash/hci_elderly/build/gesture_pub_sub/prefix_override:/home/akash/hci_elderly/install/gesture_pub_sub/lib/python3.10/site-packages:${PYTHONPATH} /usr/bin/python3 setup.py egg_info --egg-base ../../build/gesture_pub_sub build --build-base /home/akash/hci_elderly/build/gesture_pub_sub/build install --record /home/akash/hci_elderly/build/gesture_pub_sub/install.log --single-version-externally-managed
