running egg_info
writing ../../build/gesture_pub_sub/gesture_pub_sub.egg-info/PKG-INFO
writing dependency_links to ../../build/gesture_pub_sub/gesture_pub_sub.egg-info/dependency_links.txt
writing entry points to ../../build/gesture_pub_sub/gesture_pub_sub.egg-info/entry_points.txt
writing requirements to ../../build/gesture_pub_sub/gesture_pub_sub.egg-info/requires.txt
writing top-level names to ../../build/gesture_pub_sub/gesture_pub_sub.egg-info/top_level.txt
reading manifest file '../../build/gesture_pub_sub/gesture_pub_sub.egg-info/SOURCES.txt'
writing manifest file '../../build/gesture_pub_sub/gesture_pub_sub.egg-info/SOURCES.txt'
running build
running build_py
copying gesture_pub_sub/ges_pub.py -> /home/akash/hci_elderly/build/gesture_pub_sub/build/lib/gesture_pub_sub
running install
running install_lib
/usr/lib/python3/dist-packages/setuptools/command/install.py:34: SetuptoolsDeprecationWarning: setup.py install is deprecated. Use build and pip and other standards-based tools.
  warnings.warn(
copying /home/akash/hci_elderly/build/gesture_pub_sub/build/lib/gesture_pub_sub/ges_pub.py -> /home/akash/hci_elderly/install/gesture_pub_sub/lib/python3.10/site-packages/gesture_pub_sub
byte-compiling /home/akash/hci_elderly/install/gesture_pub_sub/lib/python3.10/site-packages/gesture_pub_sub/ges_pub.py to ges_pub.cpython-310.pyc
running install_data
running install_egg_info
removing '/home/akash/hci_elderly/install/gesture_pub_sub/lib/python3.10/site-packages/gesture_pub_sub-0.0.0-py3.10.egg-info' (and everything under it)
Copying ../../build/gesture_pub_sub/gesture_pub_sub.egg-info to /home/akash/hci_elderly/install/gesture_pub_sub/lib/python3.10/site-packages/gesture_pub_sub-0.0.0-py3.10.egg-info
running install_scripts
Installing gesture_publisher script to /home/akash/hci_elderly/install/gesture_pub_sub/lib/gesture_pub_sub
writing list of installed files to '/home/akash/hci_elderly/build/gesture_pub_sub/install.log'
