[0.787s] Invoking command in '/home/akash/ros2_midterm_ws/src/fleet_management': PYTHONPATH=/home/akash/ros2_midterm_ws/build/fleet_management/prefix_override:/home/akash/ros2_midterm_ws/install/fleet_management/lib/python3.10/site-packages:${PYTHONPATH} /usr/bin/python3 setup.py egg_info --egg-base ../../build/fleet_management build --build-base /home/akash/ros2_midterm_ws/build/fleet_management/build install --record /home/akash/ros2_midterm_ws/build/fleet_management/install.log --single-version-externally-managed
[1.021s] running egg_info
[1.022s] writing ../../build/fleet_management/fleet_management.egg-info/PKG-INFO
[1.023s] writing dependency_links to ../../build/fleet_management/fleet_management.egg-info/dependency_links.txt
[1.023s] writing entry points to ../../build/fleet_management/fleet_management.egg-info/entry_points.txt
[1.023s] writing requirements to ../../build/fleet_management/fleet_management.egg-info/requires.txt
[1.023s] writing top-level names to ../../build/fleet_management/fleet_management.egg-info/top_level.txt
[1.025s] reading manifest file '../../build/fleet_management/fleet_management.egg-info/SOURCES.txt'
[1.026s] writing manifest file '../../build/fleet_management/fleet_management.egg-info/SOURCES.txt'
[1.026s] running build
[1.026s] running build_py
[1.027s] copying fleet_management/fleet_management_server_cli.py -> /home/akash/ros2_midterm_ws/build/fleet_management/build/lib/fleet_management
[1.027s] running install
[1.027s] running install_lib
[1.027s] /usr/lib/python3/dist-packages/setuptools/command/install.py:34: SetuptoolsDeprecationWarning: setup.py install is deprecated. Use build and pip and other standards-based tools.
[1.027s]   warnings.warn(
[1.028s] copying /home/akash/ros2_midterm_ws/build/fleet_management/build/lib/fleet_management/fleet_management_server_cli.py -> /home/akash/ros2_midterm_ws/install/fleet_management/lib/python3.10/site-packages/fleet_management
[1.029s] byte-compiling /home/akash/ros2_midterm_ws/install/fleet_management/lib/python3.10/site-packages/fleet_management/fleet_management_server_cli.py to fleet_management_server_cli.cpython-310.pyc
[1.029s] running install_data
[1.030s] running install_egg_info
[1.032s] removing '/home/akash/ros2_midterm_ws/install/fleet_management/lib/python3.10/site-packages/fleet_management-0.1.0-py3.10.egg-info' (and everything under it)
[1.032s] Copying ../../build/fleet_management/fleet_management.egg-info to /home/akash/ros2_midterm_ws/install/fleet_management/lib/python3.10/site-packages/fleet_management-0.1.0-py3.10.egg-info
[1.033s] running install_scripts
[1.055s] Installing fleet_management_client script to /home/akash/ros2_midterm_ws/install/fleet_management/lib/fleet_management
[1.055s] Installing fleet_management_server_cli script to /home/akash/ros2_midterm_ws/install/fleet_management/lib/fleet_management
[1.056s] writing list of installed files to '/home/akash/ros2_midterm_ws/build/fleet_management/install.log'
[1.082s] Invoked command in '/home/akash/ros2_midterm_ws/src/fleet_management' returned '0': PYTHONPATH=/home/akash/ros2_midterm_ws/build/fleet_management/prefix_override:/home/akash/ros2_midterm_ws/install/fleet_management/lib/python3.10/site-packages:${PYTHONPATH} /usr/bin/python3 setup.py egg_info --egg-base ../../build/fleet_management build --build-base /home/akash/ros2_midterm_ws/build/fleet_management/build install --record /home/akash/ros2_midterm_ws/build/fleet_management/install.log --single-version-externally-managed
