[0.036s] Invoking command in '/home/akash/hci_elderly/build/akash': CMAKE_PREFIX_PATH=/opt/ros/humble /usr/bin/cmake /home/akash/hci_elderly/src/akash -DCMAKE_INSTALL_PREFIX=/home/akash/hci_elderly/install/akash
[0.299s] -- The C compiler identification is GNU 11.4.0
[1.252s] -- The CXX compiler identification is GNU 11.4.0
[1.985s] -- Detecting C compiler ABI info
[2.183s] -- Detecting C compiler ABI info - done
[2.187s] -- Check for working C compiler: /usr/bin/cc - skipped
[2.188s] -- Detecting C compile features
[2.189s] -- Detecting C compile features - done
[2.192s] -- Detecting CXX compiler ABI info
[2.393s] -- Detecting CXX compiler ABI info - done
[2.398s] -- Check for working CXX compiler: /usr/bin/c++ - skipped
[2.398s] -- Detecting CXX compile features
[2.399s] -- Detecting CXX compile features - done
[2.403s] -- Found ament_cmake: 1.3.5 (/opt/ros/humble/share/ament_cmake/cmake)
[2.510s] -- Found Python3: /usr/bin/python3.10 (found version "3.10.12") found components: Interpreter 
[2.588s] -- Found ament_lint_auto: 0.12.8 (/opt/ros/humble/share/ament_lint_auto/cmake)
[2.644s] -- Added test 'lint_cmake' to check CMake code style
[2.645s] -- Added test 'xmllint' to check XML markup files
[2.647s] -- Configuring done
[2.649s] -- Generating done
[2.649s] -- Build files have been written to: /home/akash/hci_elderly/build/akash
[2.653s] Invoked command in '/home/akash/hci_elderly/build/akash' returned '0': CMAKE_PREFIX_PATH=/opt/ros/humble /usr/bin/cmake /home/akash/hci_elderly/src/akash -DCMAKE_INSTALL_PREFIX=/home/akash/hci_elderly/install/akash
[2.654s] Invoking command in '/home/akash/hci_elderly/build/akash': CMAKE_PREFIX_PATH=/opt/ros/humble /usr/bin/cmake --build /home/akash/hci_elderly/build/akash -- -j16 -l16
[2.672s] Invoked command in '/home/akash/hci_elderly/build/akash' returned '0': CMAKE_PREFIX_PATH=/opt/ros/humble /usr/bin/cmake --build /home/akash/hci_elderly/build/akash -- -j16 -l16
[2.687s] Invoking command in '/home/akash/hci_elderly/build/akash': CMAKE_PREFIX_PATH=/opt/ros/humble /usr/bin/cmake --install /home/akash/hci_elderly/build/akash
[2.690s] -- Install configuration: ""
[2.691s] -- Installing: /home/akash/hci_elderly/install/akash/share/ament_index/resource_index/package_run_dependencies/akash
[2.691s] -- Installing: /home/akash/hci_elderly/install/akash/share/ament_index/resource_index/parent_prefix_path/akash
[2.691s] -- Installing: /home/akash/hci_elderly/install/akash/share/akash/environment/ament_prefix_path.sh
[2.691s] -- Installing: /home/akash/hci_elderly/install/akash/share/akash/environment/ament_prefix_path.dsv
[2.691s] -- Installing: /home/akash/hci_elderly/install/akash/share/akash/environment/path.sh
[2.691s] -- Installing: /home/akash/hci_elderly/install/akash/share/akash/environment/path.dsv
[2.692s] -- Installing: /home/akash/hci_elderly/install/akash/share/akash/local_setup.bash
[2.692s] -- Installing: /home/akash/hci_elderly/install/akash/share/akash/local_setup.sh
[2.692s] -- Installing: /home/akash/hci_elderly/install/akash/share/akash/local_setup.zsh
[2.692s] -- Installing: /home/akash/hci_elderly/install/akash/share/akash/local_setup.dsv
[2.692s] -- Installing: /home/akash/hci_elderly/install/akash/share/akash/package.dsv
[2.692s] -- Installing: /home/akash/hci_elderly/install/akash/share/ament_index/resource_index/packages/akash
[2.692s] -- Installing: /home/akash/hci_elderly/install/akash/share/akash/cmake/akashConfig.cmake
[2.692s] -- Installing: /home/akash/hci_elderly/install/akash/share/akash/cmake/akashConfig-version.cmake
[2.692s] -- Installing: /home/akash/hci_elderly/install/akash/share/akash/package.xml
[2.693s] Invoked command in '/home/akash/hci_elderly/build/akash' returned '0': CMAKE_PREFIX_PATH=/opt/ros/humble /usr/bin/cmake --install /home/akash/hci_elderly/build/akash
