[0.257s] Invoking command in '/home/akash/w7_ws/build/action_tutorials_interfaces': CMAKE_PREFIX_PATH=${CMAKE_PREFIX_PATH}:/home/akash/w7_ws/install/distance_travel:/home/akash/ros_ws/install/distance_travel:/opt/ros/humble /usr/bin/cmake /home/akash/w7_ws/src/action_tutorials_interfaces -DCMAKE_INSTALL_PREFIX=/home/akash/w7_ws/install/action_tutorials_interfaces
[0.836s] -- The C compiler identification is GNU 11.4.0
[3.402s] -- The CXX compiler identification is GNU 11.4.0
[5.478s] -- Detecting C compiler ABI info
[6.111s] -- Detecting C compiler ABI info - done
[6.123s] -- Check for working C compiler: /usr/bin/cc - skipped
[6.124s] -- Detecting C compile features
[6.125s] -- Detecting C compile features - done
[6.130s] -- Detecting CXX compiler ABI info
[6.766s] -- Detecting CXX compiler ABI info - done
[6.778s] -- Check for working CXX compiler: /usr/bin/c++ - skipped
[6.779s] -- Detecting CXX compile features
[6.780s] -- Detecting CXX compile features - done
[6.783s] -- Found ament_cmake: 1.3.5 (/opt/ros/humble/share/ament_cmake/cmake)
[7.049s] -- Found Python3: /usr/bin/python3.10 (found version "3.10.12") found components: Interpreter 
[7.183s] -- Found rosidl_default_generators: 1.2.0 (/opt/ros/humble/share/rosidl_default_generators/cmake)
[7.188s] -- Using all available rosidl_typesupport_c: rosidl_typesupport_fastrtps_c;rosidl_typesupport_introspection_c
[7.198s] -- Found rosidl_adapter: 3.1.5 (/opt/ros/humble/share/rosidl_adapter/cmake)
[7.939s] -- Using all available rosidl_typesupport_cpp: rosidl_typesupport_fastrtps_cpp;rosidl_typesupport_introspection_cpp
[8.549s] -- Found ament_cmake_ros: 0.10.0 (/opt/ros/humble/share/ament_cmake_ros/cmake)
[8.846s] -- Using all available rosidl_typesupport_c: rosidl_typesupport_fastrtps_c;rosidl_typesupport_introspection_c
[9.229s] -- Using all available rosidl_typesupport_cpp: rosidl_typesupport_fastrtps_cpp;rosidl_typesupport_introspection_cpp
[9.927s] -- Found PythonInterp: /usr/bin/python3 (found suitable version "3.10.12", minimum required is "3.6") 
[9.929s] -- Found python_cmake_module: 0.10.0 (/opt/ros/humble/share/python_cmake_module/cmake)
[12.022s] -- Found PythonLibs: /usr/lib/x86_64-linux-gnu/libpython3.10.so (found suitable version "3.10.12", minimum required is "3.5") 
[12.022s] -- Using PYTHON_EXECUTABLE: /usr/bin/python3
[12.023s] -- Using PYTHON_INCLUDE_DIRS: /usr/include/python3.10
[12.023s] -- Using PYTHON_LIBRARIES: /usr/lib/x86_64-linux-gnu/libpython3.10.so
[12.055s] -- Found PythonExtra: .so  
[12.333s] -- Found ament_lint_auto: 0.12.8 (/opt/ros/humble/share/ament_lint_auto/cmake)
[12.361s] -- Added test 'lint_cmake' to check CMake code style
[12.363s] -- Added test 'xmllint' to check XML markup files
[12.368s] -- Configuring done
[12.432s] -- Generating done
[12.436s] -- Build files have been written to: /home/akash/w7_ws/build/action_tutorials_interfaces
[12.446s] Invoked command in '/home/akash/w7_ws/build/action_tutorials_interfaces' returned '0': CMAKE_PREFIX_PATH=${CMAKE_PREFIX_PATH}:/home/akash/w7_ws/install/distance_travel:/home/akash/ros_ws/install/distance_travel:/opt/ros/humble /usr/bin/cmake /home/akash/w7_ws/src/action_tutorials_interfaces -DCMAKE_INSTALL_PREFIX=/home/akash/w7_ws/install/action_tutorials_interfaces
[12.450s] Invoking command in '/home/akash/w7_ws/build/action_tutorials_interfaces': CMAKE_PREFIX_PATH=${CMAKE_PREFIX_PATH}:/home/akash/w7_ws/install/distance_travel:/home/akash/ros_ws/install/distance_travel:/opt/ros/humble /usr/bin/cmake --build /home/akash/w7_ws/build/action_tutorials_interfaces -- -j12 -l12
[12.507s] [  3%] [34m[1mGenerating C code for ROS interfaces[0m
[12.526s] [  6%] [34m[1mGenerating C++ code for ROS interfaces[0m
[12.537s] [  6%] Built target ament_cmake_python_copy_action_tutorials_interfaces
[12.934s] running egg_info
[12.935s] creating action_tutorials_interfaces.egg-info
[12.935s] writing action_tutorials_interfaces.egg-info/PKG-INFO
[12.936s] writing dependency_links to action_tutorials_interfaces.egg-info/dependency_links.txt
[12.936s] writing top-level names to action_tutorials_interfaces.egg-info/top_level.txt
[12.936s] writing manifest file 'action_tutorials_interfaces.egg-info/SOURCES.txt'
[12.939s] reading manifest file 'action_tutorials_interfaces.egg-info/SOURCES.txt'
[12.940s] writing manifest file 'action_tutorials_interfaces.egg-info/SOURCES.txt'
[12.977s] [  6%] Built target ament_cmake_python_build_action_tutorials_interfaces_egg
[13.296s] [  9%] [32mBuilding C object CMakeFiles/action_tutorials_interfaces__rosidl_generator_c.dir/rosidl_generator_c/action_tutorials_interfaces/action/detail/travel_distance__functions.c.o[0m
[13.297s] [  9%] Built target action_tutorials_interfaces__cpp
[13.311s] [ 12%] [34m[1mGenerating C++ type support dispatch for ROS interfaces[0m
[13.313s] [ 16%] [34m[1mGenerating C++ introspection for ROS interfaces[0m
[13.316s] [ 19%] [34m[1mGenerating C++ type support for eProsima Fast-RTPS[0m
[13.539s] [ 22%] [32m[1mLinking C shared library libaction_tutorials_interfaces__rosidl_generator_c.so[0m
[13.862s] [ 25%] [32mBuilding CXX object CMakeFiles/action_tutorials_interfaces__rosidl_typesupport_cpp.dir/rosidl_typesupport_cpp/action_tutorials_interfaces/action/travel_distance__type_support.cpp.o[0m
[13.957s] [ 29%] [32mBuilding CXX object CMakeFiles/action_tutorials_interfaces__rosidl_typesupport_introspection_cpp.dir/rosidl_typesupport_introspection_cpp/action_tutorials_interfaces/action/detail/travel_distance__type_support.cpp.o[0m
[14.094s] [ 29%] Built target action_tutorials_interfaces__rosidl_generator_c
[14.111s] [ 32%] [34m[1mGenerating C type support for eProsima Fast-RTPS[0m
[14.111s] [ 35%] [34m[1mGenerating C type support dispatch for ROS interfaces[0m
[14.112s] [ 38%] [34m[1mGenerating C introspection for ROS interfaces[0m
[14.119s] [ 41%] [32mBuilding CXX object CMakeFiles/action_tutorials_interfaces__rosidl_typesupport_fastrtps_cpp.dir/rosidl_typesupport_fastrtps_cpp/action_tutorials_interfaces/action/detail/dds_fastrtps/travel_distance__type_support.cpp.o[0m
[14.791s] [ 45%] [32mBuilding CXX object CMakeFiles/action_tutorials_interfaces__rosidl_typesupport_c.dir/rosidl_typesupport_c/action_tutorials_interfaces/action/travel_distance__type_support.cpp.o[0m
[14.820s] [ 48%] [32m[1mLinking CXX shared library libaction_tutorials_interfaces__rosidl_typesupport_cpp.so[0m
[14.852s] [ 51%] [32mBuilding C object CMakeFiles/action_tutorials_interfaces__rosidl_typesupport_introspection_c.dir/rosidl_typesupport_introspection_c/action_tutorials_interfaces/action/detail/travel_distance__type_support.c.o[0m
[14.879s] [ 54%] [32m[1mLinking CXX shared library libaction_tutorials_interfaces__rosidl_typesupport_c.so[0m
[14.882s] [ 58%] [32mBuilding CXX object CMakeFiles/action_tutorials_interfaces__rosidl_typesupport_fastrtps_c.dir/rosidl_typesupport_fastrtps_c/action_tutorials_interfaces/action/detail/travel_distance__type_support_c.cpp.o[0m
[14.946s] [ 61%] [32m[1mLinking C shared library libaction_tutorials_interfaces__rosidl_typesupport_introspection_c.so[0m
[15.201s] [ 64%] [32m[1mLinking CXX shared library libaction_tutorials_interfaces__rosidl_typesupport_introspection_cpp.so[0m
[15.330s] [ 67%] [32m[1mLinking CXX shared library libaction_tutorials_interfaces__rosidl_typesupport_fastrtps_cpp.so[0m
[15.394s] [ 67%] Built target action_tutorials_interfaces__rosidl_typesupport_cpp
[15.445s] [ 67%] Built target action_tutorials_interfaces__rosidl_typesupport_c
[15.478s] [ 67%] Built target action_tutorials_interfaces__rosidl_typesupport_introspection_c
[15.784s] [ 67%] Built target action_tutorials_interfaces__rosidl_typesupport_introspection_cpp
[15.936s] [ 67%] Built target action_tutorials_interfaces__rosidl_typesupport_fastrtps_cpp
[15.937s] [ 70%] [32m[1mLinking CXX shared library libaction_tutorials_interfaces__rosidl_typesupport_fastrtps_c.so[0m
[16.548s] [ 70%] Built target action_tutorials_interfaces__rosidl_typesupport_fastrtps_c
[16.577s] [ 70%] Built target action_tutorials_interfaces
[16.606s] [ 74%] [34m[1mGenerating Python code for ROS interfaces[0m
[17.841s] [ 74%] Built target action_tutorials_interfaces__py
[17.871s] [ 77%] [32mBuilding C object CMakeFiles/action_tutorials_interfaces__rosidl_generator_py.dir/rosidl_generator_py/action_tutorials_interfaces/action/_travel_distance_s.c.o[0m
[18.117s] [ 80%] [32m[1mLinking C shared library rosidl_generator_py/action_tutorials_interfaces/libaction_tutorials_interfaces__rosidl_generator_py.so[0m
[18.710s] [ 80%] Built target action_tutorials_interfaces__rosidl_generator_py
[18.739s] [ 87%] [32mBuilding C object CMakeFiles/action_tutorials_interfaces__rosidl_typesupport_fastrtps_c__pyext.dir/rosidl_generator_py/action_tutorials_interfaces/_action_tutorials_interfaces_s.ep.rosidl_typesupport_fastrtps_c.c.o[0m
[18.739s] [ 87%] [32mBuilding C object CMakeFiles/action_tutorials_interfaces__rosidl_typesupport_c__pyext.dir/rosidl_generator_py/action_tutorials_interfaces/_action_tutorials_interfaces_s.ep.rosidl_typesupport_c.c.o[0m
[18.742s] [ 90%] [32mBuilding C object CMakeFiles/action_tutorials_interfaces__rosidl_typesupport_introspection_c__pyext.dir/rosidl_generator_py/action_tutorials_interfaces/_action_tutorials_interfaces_s.ep.rosidl_typesupport_introspection_c.c.o[0m
[18.936s] [ 93%] [32m[1mLinking C shared library rosidl_generator_py/action_tutorials_interfaces/action_tutorials_interfaces_s__rosidl_typesupport_fastrtps_c.cpython-310-x86_64-linux-gnu.so[0m
[18.937s] [ 96%] [32m[1mLinking C shared library rosidl_generator_py/action_tutorials_interfaces/action_tutorials_interfaces_s__rosidl_typesupport_c.cpython-310-x86_64-linux-gnu.so[0m
[18.943s] [100%] [32m[1mLinking C shared library rosidl_generator_py/action_tutorials_interfaces/action_tutorials_interfaces_s__rosidl_typesupport_introspection_c.cpython-310-x86_64-linux-gnu.so[0m
[19.319s] [100%] Built target action_tutorials_interfaces__rosidl_typesupport_c__pyext
[19.328s] [100%] Built target action_tutorials_interfaces__rosidl_typesupport_introspection_c__pyext
[19.329s] [100%] Built target action_tutorials_interfaces__rosidl_typesupport_fastrtps_c__pyext
[19.347s] Invoked command in '/home/akash/w7_ws/build/action_tutorials_interfaces' returned '0': CMAKE_PREFIX_PATH=${CMAKE_PREFIX_PATH}:/home/akash/w7_ws/install/distance_travel:/home/akash/ros_ws/install/distance_travel:/opt/ros/humble /usr/bin/cmake --build /home/akash/w7_ws/build/action_tutorials_interfaces -- -j12 -l12
[19.459s] Invoking command in '/home/akash/w7_ws/build/action_tutorials_interfaces': CMAKE_PREFIX_PATH=${CMAKE_PREFIX_PATH}:/home/akash/w7_ws/install/distance_travel:/home/akash/ros_ws/install/distance_travel:/opt/ros/humble /usr/bin/cmake --install /home/akash/w7_ws/build/action_tutorials_interfaces
[19.469s] -- Install configuration: ""
[19.470s] -- Installing: /home/akash/w7_ws/install/action_tutorials_interfaces/share/ament_index/resource_index/rosidl_interfaces/action_tutorials_interfaces
[19.470s] -- Installing: /home/akash/w7_ws/install/action_tutorials_interfaces/include/action_tutorials_interfaces/action_tutorials_interfaces
[19.471s] -- Installing: /home/akash/w7_ws/install/action_tutorials_interfaces/include/action_tutorials_interfaces/action_tutorials_interfaces/action
[19.471s] -- Installing: /home/akash/w7_ws/install/action_tutorials_interfaces/include/action_tutorials_interfaces/action_tutorials_interfaces/action/detail
[19.472s] -- Installing: /home/akash/w7_ws/install/action_tutorials_interfaces/include/action_tutorials_interfaces/action_tutorials_interfaces/action/detail/travel_distance__functions.h
[19.472s] -- Installing: /home/akash/w7_ws/install/action_tutorials_interfaces/include/action_tutorials_interfaces/action_tutorials_interfaces/action/detail/travel_distance__type_support.h
[19.472s] -- Installing: /home/akash/w7_ws/install/action_tutorials_interfaces/include/action_tutorials_interfaces/action_tutorials_interfaces/action/detail/travel_distance__struct.h
[19.473s] -- Installing: /home/akash/w7_ws/install/action_tutorials_interfaces/include/action_tutorials_interfaces/action_tutorials_interfaces/action/detail/travel_distance__functions.c
[19.473s] -- Installing: /home/akash/w7_ws/install/action_tutorials_interfaces/include/action_tutorials_interfaces/action_tutorials_interfaces/action/travel_distance.h
[19.473s] -- Installing: /home/akash/w7_ws/install/action_tutorials_interfaces/include/action_tutorials_interfaces/action_tutorials_interfaces/msg
[19.473s] -- Installing: /home/akash/w7_ws/install/action_tutorials_interfaces/include/action_tutorials_interfaces/action_tutorials_interfaces/msg/rosidl_generator_c__visibility_control.h
[19.474s] -- Installing: /home/akash/w7_ws/install/action_tutorials_interfaces/share/action_tutorials_interfaces/environment/library_path.sh
[19.474s] -- Installing: /home/akash/w7_ws/install/action_tutorials_interfaces/share/action_tutorials_interfaces/environment/library_path.dsv
[19.474s] -- Installing: /home/akash/w7_ws/install/action_tutorials_interfaces/lib/libaction_tutorials_interfaces__rosidl_generator_c.so
[19.475s] -- Set runtime path of "/home/akash/w7_ws/install/action_tutorials_interfaces/lib/libaction_tutorials_interfaces__rosidl_generator_c.so" to ""
[19.475s] -- Up-to-date: /home/akash/w7_ws/install/action_tutorials_interfaces/include/action_tutorials_interfaces/action_tutorials_interfaces
[19.476s] -- Up-to-date: /home/akash/w7_ws/install/action_tutorials_interfaces/include/action_tutorials_interfaces/action_tutorials_interfaces/action
[19.476s] -- Up-to-date: /home/akash/w7_ws/install/action_tutorials_interfaces/include/action_tutorials_interfaces/action_tutorials_interfaces/action/detail
[19.476s] -- Installing: /home/akash/w7_ws/install/action_tutorials_interfaces/include/action_tutorials_interfaces/action_tutorials_interfaces/action/detail/travel_distance__rosidl_typesupport_fastrtps_c.h
[19.477s] -- Up-to-date: /home/akash/w7_ws/install/action_tutorials_interfaces/include/action_tutorials_interfaces/action_tutorials_interfaces/msg
[19.477s] -- Installing: /home/akash/w7_ws/install/action_tutorials_interfaces/include/action_tutorials_interfaces/action_tutorials_interfaces/msg/rosidl_typesupport_fastrtps_c__visibility_control.h
[19.477s] -- Installing: /home/akash/w7_ws/install/action_tutorials_interfaces/lib/libaction_tutorials_interfaces__rosidl_typesupport_fastrtps_c.so
[19.477s] -- Set runtime path of "/home/akash/w7_ws/install/action_tutorials_interfaces/lib/libaction_tutorials_interfaces__rosidl_typesupport_fastrtps_c.so" to ""
[19.478s] -- Up-to-date: /home/akash/w7_ws/install/action_tutorials_interfaces/include/action_tutorials_interfaces/action_tutorials_interfaces
[19.478s] -- Up-to-date: /home/akash/w7_ws/install/action_tutorials_interfaces/include/action_tutorials_interfaces/action_tutorials_interfaces/action
[19.478s] -- Up-to-date: /home/akash/w7_ws/install/action_tutorials_interfaces/include/action_tutorials_interfaces/action_tutorials_interfaces/action/detail
[19.479s] -- Installing: /home/akash/w7_ws/install/action_tutorials_interfaces/include/action_tutorials_interfaces/action_tutorials_interfaces/action/detail/travel_distance__rosidl_typesupport_introspection_c.h
[19.479s] -- Installing: /home/akash/w7_ws/install/action_tutorials_interfaces/include/action_tutorials_interfaces/action_tutorials_interfaces/action/detail/travel_distance__type_support.c
[19.479s] -- Up-to-date: /home/akash/w7_ws/install/action_tutorials_interfaces/include/action_tutorials_interfaces/action_tutorials_interfaces/msg
[19.480s] -- Installing: /home/akash/w7_ws/install/action_tutorials_interfaces/include/action_tutorials_interfaces/action_tutorials_interfaces/msg/rosidl_typesupport_introspection_c__visibility_control.h
[19.480s] -- Installing: /home/akash/w7_ws/install/action_tutorials_interfaces/lib/libaction_tutorials_interfaces__rosidl_typesupport_introspection_c.so
[19.480s] -- Set runtime path of "/home/akash/w7_ws/install/action_tutorials_interfaces/lib/libaction_tutorials_interfaces__rosidl_typesupport_introspection_c.so" to ""
[19.480s] -- Installing: /home/akash/w7_ws/install/action_tutorials_interfaces/lib/libaction_tutorials_interfaces__rosidl_typesupport_c.so
[19.481s] -- Set runtime path of "/home/akash/w7_ws/install/action_tutorials_interfaces/lib/libaction_tutorials_interfaces__rosidl_typesupport_c.so" to ""
[19.481s] -- Up-to-date: /home/akash/w7_ws/install/action_tutorials_interfaces/include/action_tutorials_interfaces/action_tutorials_interfaces
[19.481s] -- Up-to-date: /home/akash/w7_ws/install/action_tutorials_interfaces/include/action_tutorials_interfaces/action_tutorials_interfaces/action
[19.482s] -- Installing: /home/akash/w7_ws/install/action_tutorials_interfaces/include/action_tutorials_interfaces/action_tutorials_interfaces/action/travel_distance.hpp
[19.482s] -- Up-to-date: /home/akash/w7_ws/install/action_tutorials_interfaces/include/action_tutorials_interfaces/action_tutorials_interfaces/action/detail
[19.482s] -- Installing: /home/akash/w7_ws/install/action_tutorials_interfaces/include/action_tutorials_interfaces/action_tutorials_interfaces/action/detail/travel_distance__struct.hpp
[19.483s] -- Installing: /home/akash/w7_ws/install/action_tutorials_interfaces/include/action_tutorials_interfaces/action_tutorials_interfaces/action/detail/travel_distance__traits.hpp
[19.484s] -- Installing: /home/akash/w7_ws/install/action_tutorials_interfaces/include/action_tutorials_interfaces/action_tutorials_interfaces/action/detail/travel_distance__builder.hpp
[19.484s] -- Up-to-date: /home/akash/w7_ws/install/action_tutorials_interfaces/include/action_tutorials_interfaces/action_tutorials_interfaces
[19.485s] -- Up-to-date: /home/akash/w7_ws/install/action_tutorials_interfaces/include/action_tutorials_interfaces/action_tutorials_interfaces/action
[19.485s] -- Up-to-date: /home/akash/w7_ws/install/action_tutorials_interfaces/include/action_tutorials_interfaces/action_tutorials_interfaces/action/detail
[19.485s] -- Installing: /home/akash/w7_ws/install/action_tutorials_interfaces/include/action_tutorials_interfaces/action_tutorials_interfaces/action/detail/dds_fastrtps
[19.485s] -- Installing: /home/akash/w7_ws/install/action_tutorials_interfaces/include/action_tutorials_interfaces/action_tutorials_interfaces/action/detail/travel_distance__rosidl_typesupport_fastrtps_cpp.hpp
[19.485s] -- Up-to-date: /home/akash/w7_ws/install/action_tutorials_interfaces/include/action_tutorials_interfaces/action_tutorials_interfaces/msg
[19.486s] -- Installing: /home/akash/w7_ws/install/action_tutorials_interfaces/include/action_tutorials_interfaces/action_tutorials_interfaces/msg/rosidl_typesupport_fastrtps_cpp__visibility_control.h
[19.486s] -- Installing: /home/akash/w7_ws/install/action_tutorials_interfaces/lib/libaction_tutorials_interfaces__rosidl_typesupport_fastrtps_cpp.so
[19.486s] -- Set runtime path of "/home/akash/w7_ws/install/action_tutorials_interfaces/lib/libaction_tutorials_interfaces__rosidl_typesupport_fastrtps_cpp.so" to ""
[19.487s] -- Up-to-date: /home/akash/w7_ws/install/action_tutorials_interfaces/include/action_tutorials_interfaces/action_tutorials_interfaces
[19.487s] -- Up-to-date: /home/akash/w7_ws/install/action_tutorials_interfaces/include/action_tutorials_interfaces/action_tutorials_interfaces/action
[19.488s] -- Up-to-date: /home/akash/w7_ws/install/action_tutorials_interfaces/include/action_tutorials_interfaces/action_tutorials_interfaces/action/detail
[19.488s] -- Installing: /home/akash/w7_ws/install/action_tutorials_interfaces/include/action_tutorials_interfaces/action_tutorials_interfaces/action/detail/travel_distance__type_support.cpp
[19.489s] -- Installing: /home/akash/w7_ws/install/action_tutorials_interfaces/include/action_tutorials_interfaces/action_tutorials_interfaces/action/detail/travel_distance__rosidl_typesupport_introspection_cpp.hpp
[19.489s] -- Installing: /home/akash/w7_ws/install/action_tutorials_interfaces/lib/libaction_tutorials_interfaces__rosidl_typesupport_introspection_cpp.so
[19.489s] -- Set runtime path of "/home/akash/w7_ws/install/action_tutorials_interfaces/lib/libaction_tutorials_interfaces__rosidl_typesupport_introspection_cpp.so" to ""
[19.489s] -- Installing: /home/akash/w7_ws/install/action_tutorials_interfaces/lib/libaction_tutorials_interfaces__rosidl_typesupport_cpp.so
[19.489s] -- Set runtime path of "/home/akash/w7_ws/install/action_tutorials_interfaces/lib/libaction_tutorials_interfaces__rosidl_typesupport_cpp.so" to ""
[19.489s] -- Installing: /home/akash/w7_ws/install/action_tutorials_interfaces/share/action_tutorials_interfaces/environment/pythonpath.sh
[19.490s] -- Installing: /home/akash/w7_ws/install/action_tutorials_interfaces/share/action_tutorials_interfaces/environment/pythonpath.dsv
[19.490s] -- Installing: /home/akash/w7_ws/install/action_tutorials_interfaces/local/lib/python3.10/dist-packages/action_tutorials_interfaces-0.0.0-py3.10.egg-info
[19.490s] -- Installing: /home/akash/w7_ws/install/action_tutorials_interfaces/local/lib/python3.10/dist-packages/action_tutorials_interfaces-0.0.0-py3.10.egg-info/SOURCES.txt
[19.490s] -- Installing: /home/akash/w7_ws/install/action_tutorials_interfaces/local/lib/python3.10/dist-packages/action_tutorials_interfaces-0.0.0-py3.10.egg-info/top_level.txt
[19.491s] -- Installing: /home/akash/w7_ws/install/action_tutorials_interfaces/local/lib/python3.10/dist-packages/action_tutorials_interfaces-0.0.0-py3.10.egg-info/dependency_links.txt
[19.491s] -- Installing: /home/akash/w7_ws/install/action_tutorials_interfaces/local/lib/python3.10/dist-packages/action_tutorials_interfaces-0.0.0-py3.10.egg-info/PKG-INFO
[19.491s] -- Installing: /home/akash/w7_ws/install/action_tutorials_interfaces/local/lib/python3.10/dist-packages/action_tutorials_interfaces
[19.492s] -- Installing: /home/akash/w7_ws/install/action_tutorials_interfaces/local/lib/python3.10/dist-packages/action_tutorials_interfaces/action_tutorials_interfaces_s__rosidl_typesupport_fastrtps_c.cpython-310-x86_64-linux-gnu.so
[19.492s] -- Installing: /home/akash/w7_ws/install/action_tutorials_interfaces/local/lib/python3.10/dist-packages/action_tutorials_interfaces/_action_tutorials_interfaces_s.ep.rosidl_typesupport_c.c
[19.492s] -- Installing: /home/akash/w7_ws/install/action_tutorials_interfaces/local/lib/python3.10/dist-packages/action_tutorials_interfaces/__init__.py
[19.493s] -- Installing: /home/akash/w7_ws/install/action_tutorials_interfaces/local/lib/python3.10/dist-packages/action_tutorials_interfaces/action
[19.493s] -- Installing: /home/akash/w7_ws/install/action_tutorials_interfaces/local/lib/python3.10/dist-packages/action_tutorials_interfaces/action/_travel_distance.py
[19.493s] -- Installing: /home/akash/w7_ws/install/action_tutorials_interfaces/local/lib/python3.10/dist-packages/action_tutorials_interfaces/action/_travel_distance_s.c
[19.493s] -- Installing: /home/akash/w7_ws/install/action_tutorials_interfaces/local/lib/python3.10/dist-packages/action_tutorials_interfaces/action/__init__.py
[19.494s] -- Installing: /home/akash/w7_ws/install/action_tutorials_interfaces/local/lib/python3.10/dist-packages/action_tutorials_interfaces/libaction_tutorials_interfaces__rosidl_generator_py.so
[19.494s] -- Installing: /home/akash/w7_ws/install/action_tutorials_interfaces/local/lib/python3.10/dist-packages/action_tutorials_interfaces/action_tutorials_interfaces_s__rosidl_typesupport_introspection_c.cpython-310-x86_64-linux-gnu.so
[19.495s] -- Installing: /home/akash/w7_ws/install/action_tutorials_interfaces/local/lib/python3.10/dist-packages/action_tutorials_interfaces/_action_tutorials_interfaces_s.ep.rosidl_typesupport_introspection_c.c
[19.495s] -- Installing: /home/akash/w7_ws/install/action_tutorials_interfaces/local/lib/python3.10/dist-packages/action_tutorials_interfaces/_action_tutorials_interfaces_s.ep.rosidl_typesupport_fastrtps_c.c
[19.495s] -- Installing: /home/akash/w7_ws/install/action_tutorials_interfaces/local/lib/python3.10/dist-packages/action_tutorials_interfaces/action_tutorials_interfaces_s__rosidl_typesupport_c.cpython-310-x86_64-linux-gnu.so
[19.561s] Listing '/home/akash/w7_ws/install/action_tutorials_interfaces/local/lib/python3.10/dist-packages/action_tutorials_interfaces'...
[19.561s] Compiling '/home/akash/w7_ws/install/action_tutorials_interfaces/local/lib/python3.10/dist-packages/action_tutorials_interfaces/__init__.py'...
[19.561s] Listing '/home/akash/w7_ws/install/action_tutorials_interfaces/local/lib/python3.10/dist-packages/action_tutorials_interfaces/action'...
[19.561s] Compiling '/home/akash/w7_ws/install/action_tutorials_interfaces/local/lib/python3.10/dist-packages/action_tutorials_interfaces/action/__init__.py'...
[19.561s] Compiling '/home/akash/w7_ws/install/action_tutorials_interfaces/local/lib/python3.10/dist-packages/action_tutorials_interfaces/action/_travel_distance.py'...
[19.568s] -- Installing: /home/akash/w7_ws/install/action_tutorials_interfaces/local/lib/python3.10/dist-packages/action_tutorials_interfaces/action_tutorials_interfaces_s__rosidl_typesupport_fastrtps_c.cpython-310-x86_64-linux-gnu.so
[19.568s] -- Set runtime path of "/home/akash/w7_ws/install/action_tutorials_interfaces/local/lib/python3.10/dist-packages/action_tutorials_interfaces/action_tutorials_interfaces_s__rosidl_typesupport_fastrtps_c.cpython-310-x86_64-linux-gnu.so" to ""
[19.569s] -- Installing: /home/akash/w7_ws/install/action_tutorials_interfaces/local/lib/python3.10/dist-packages/action_tutorials_interfaces/action_tutorials_interfaces_s__rosidl_typesupport_introspection_c.cpython-310-x86_64-linux-gnu.so
[19.569s] -- Set runtime path of "/home/akash/w7_ws/install/action_tutorials_interfaces/local/lib/python3.10/dist-packages/action_tutorials_interfaces/action_tutorials_interfaces_s__rosidl_typesupport_introspection_c.cpython-310-x86_64-linux-gnu.so" to ""
[19.570s] -- Installing: /home/akash/w7_ws/install/action_tutorials_interfaces/local/lib/python3.10/dist-packages/action_tutorials_interfaces/action_tutorials_interfaces_s__rosidl_typesupport_c.cpython-310-x86_64-linux-gnu.so
[19.571s] -- Set runtime path of "/home/akash/w7_ws/install/action_tutorials_interfaces/local/lib/python3.10/dist-packages/action_tutorials_interfaces/action_tutorials_interfaces_s__rosidl_typesupport_c.cpython-310-x86_64-linux-gnu.so" to ""
[19.571s] -- Installing: /home/akash/w7_ws/install/action_tutorials_interfaces/lib/libaction_tutorials_interfaces__rosidl_generator_py.so
[19.571s] -- Set runtime path of "/home/akash/w7_ws/install/action_tutorials_interfaces/lib/libaction_tutorials_interfaces__rosidl_generator_py.so" to ""
[19.572s] -- Installing: /home/akash/w7_ws/install/action_tutorials_interfaces/share/action_tutorials_interfaces/action/TravelDistance.idl
[19.572s] -- Installing: /home/akash/w7_ws/install/action_tutorials_interfaces/share/action_tutorials_interfaces/action/TravelDistance.action
[19.573s] -- Installing: /home/akash/w7_ws/install/action_tutorials_interfaces/share/ament_index/resource_index/package_run_dependencies/action_tutorials_interfaces
[19.573s] -- Installing: /home/akash/w7_ws/install/action_tutorials_interfaces/share/ament_index/resource_index/parent_prefix_path/action_tutorials_interfaces
[19.574s] -- Installing: /home/akash/w7_ws/install/action_tutorials_interfaces/share/action_tutorials_interfaces/environment/ament_prefix_path.sh
[19.574s] -- Installing: /home/akash/w7_ws/install/action_tutorials_interfaces/share/action_tutorials_interfaces/environment/ament_prefix_path.dsv
[19.574s] -- Installing: /home/akash/w7_ws/install/action_tutorials_interfaces/share/action_tutorials_interfaces/environment/path.sh
[19.575s] -- Installing: /home/akash/w7_ws/install/action_tutorials_interfaces/share/action_tutorials_interfaces/environment/path.dsv
[19.575s] -- Installing: /home/akash/w7_ws/install/action_tutorials_interfaces/share/action_tutorials_interfaces/local_setup.bash
[19.575s] -- Installing: /home/akash/w7_ws/install/action_tutorials_interfaces/share/action_tutorials_interfaces/local_setup.sh
[19.575s] -- Installing: /home/akash/w7_ws/install/action_tutorials_interfaces/share/action_tutorials_interfaces/local_setup.zsh
[19.576s] -- Installing: /home/akash/w7_ws/install/action_tutorials_interfaces/share/action_tutorials_interfaces/local_setup.dsv
[19.576s] -- Installing: /home/akash/w7_ws/install/action_tutorials_interfaces/share/action_tutorials_interfaces/package.dsv
[19.576s] -- Installing: /home/akash/w7_ws/install/action_tutorials_interfaces/share/ament_index/resource_index/packages/action_tutorials_interfaces
[19.577s] -- Installing: /home/akash/w7_ws/install/action_tutorials_interfaces/share/action_tutorials_interfaces/cmake/export_action_tutorials_interfaces__rosidl_generator_cExport.cmake
[19.577s] -- Installing: /home/akash/w7_ws/install/action_tutorials_interfaces/share/action_tutorials_interfaces/cmake/export_action_tutorials_interfaces__rosidl_generator_cExport-noconfig.cmake
[19.577s] -- Installing: /home/akash/w7_ws/install/action_tutorials_interfaces/share/action_tutorials_interfaces/cmake/export_action_tutorials_interfaces__rosidl_typesupport_fastrtps_cExport.cmake
[19.577s] -- Installing: /home/akash/w7_ws/install/action_tutorials_interfaces/share/action_tutorials_interfaces/cmake/export_action_tutorials_interfaces__rosidl_typesupport_fastrtps_cExport-noconfig.cmake
[19.578s] -- Installing: /home/akash/w7_ws/install/action_tutorials_interfaces/share/action_tutorials_interfaces/cmake/action_tutorials_interfaces__rosidl_typesupport_introspection_cExport.cmake
[19.578s] -- Installing: /home/akash/w7_ws/install/action_tutorials_interfaces/share/action_tutorials_interfaces/cmake/action_tutorials_interfaces__rosidl_typesupport_introspection_cExport-noconfig.cmake
[19.579s] -- Installing: /home/akash/w7_ws/install/action_tutorials_interfaces/share/action_tutorials_interfaces/cmake/action_tutorials_interfaces__rosidl_typesupport_cExport.cmake
[19.579s] -- Installing: /home/akash/w7_ws/install/action_tutorials_interfaces/share/action_tutorials_interfaces/cmake/action_tutorials_interfaces__rosidl_typesupport_cExport-noconfig.cmake
[19.579s] -- Installing: /home/akash/w7_ws/install/action_tutorials_interfaces/share/action_tutorials_interfaces/cmake/export_action_tutorials_interfaces__rosidl_generator_cppExport.cmake
[19.579s] -- Installing: /home/akash/w7_ws/install/action_tutorials_interfaces/share/action_tutorials_interfaces/cmake/export_action_tutorials_interfaces__rosidl_typesupport_fastrtps_cppExport.cmake
[19.580s] -- Installing: /home/akash/w7_ws/install/action_tutorials_interfaces/share/action_tutorials_interfaces/cmake/export_action_tutorials_interfaces__rosidl_typesupport_fastrtps_cppExport-noconfig.cmake
[19.580s] -- Installing: /home/akash/w7_ws/install/action_tutorials_interfaces/share/action_tutorials_interfaces/cmake/action_tutorials_interfaces__rosidl_typesupport_introspection_cppExport.cmake
[19.580s] -- Installing: /home/akash/w7_ws/install/action_tutorials_interfaces/share/action_tutorials_interfaces/cmake/action_tutorials_interfaces__rosidl_typesupport_introspection_cppExport-noconfig.cmake
[19.581s] -- Installing: /home/akash/w7_ws/install/action_tutorials_interfaces/share/action_tutorials_interfaces/cmake/action_tutorials_interfaces__rosidl_typesupport_cppExport.cmake
[19.581s] -- Installing: /home/akash/w7_ws/install/action_tutorials_interfaces/share/action_tutorials_interfaces/cmake/action_tutorials_interfaces__rosidl_typesupport_cppExport-noconfig.cmake
[19.581s] -- Installing: /home/akash/w7_ws/install/action_tutorials_interfaces/share/action_tutorials_interfaces/cmake/export_action_tutorials_interfaces__rosidl_generator_pyExport.cmake
[19.582s] -- Installing: /home/akash/w7_ws/install/action_tutorials_interfaces/share/action_tutorials_interfaces/cmake/export_action_tutorials_interfaces__rosidl_generator_pyExport-noconfig.cmake
[19.582s] -- Installing: /home/akash/w7_ws/install/action_tutorials_interfaces/share/action_tutorials_interfaces/cmake/rosidl_cmake-extras.cmake
[19.582s] -- Installing: /home/akash/w7_ws/install/action_tutorials_interfaces/share/action_tutorials_interfaces/cmake/ament_cmake_export_dependencies-extras.cmake
[19.583s] -- Installing: /home/akash/w7_ws/install/action_tutorials_interfaces/share/action_tutorials_interfaces/cmake/ament_cmake_export_include_directories-extras.cmake
[19.583s] -- Installing: /home/akash/w7_ws/install/action_tutorials_interfaces/share/action_tutorials_interfaces/cmake/ament_cmake_export_libraries-extras.cmake
[19.583s] -- Installing: /home/akash/w7_ws/install/action_tutorials_interfaces/share/action_tutorials_interfaces/cmake/ament_cmake_export_targets-extras.cmake
[19.584s] -- Installing: /home/akash/w7_ws/install/action_tutorials_interfaces/share/action_tutorials_interfaces/cmake/rosidl_cmake_export_typesupport_targets-extras.cmake
[19.584s] -- Installing: /home/akash/w7_ws/install/action_tutorials_interfaces/share/action_tutorials_interfaces/cmake/rosidl_cmake_export_typesupport_libraries-extras.cmake
[19.584s] -- Installing: /home/akash/w7_ws/install/action_tutorials_interfaces/share/action_tutorials_interfaces/cmake/action_tutorials_interfacesConfig.cmake
[19.584s] -- Installing: /home/akash/w7_ws/install/action_tutorials_interfaces/share/action_tutorials_interfaces/cmake/action_tutorials_interfacesConfig-version.cmake
[19.584s] -- Installing: /home/akash/w7_ws/install/action_tutorials_interfaces/share/action_tutorials_interfaces/package.xml
[19.589s] Invoked command in '/home/akash/w7_ws/build/action_tutorials_interfaces' returned '0': CMAKE_PREFIX_PATH=${CMAKE_PREFIX_PATH}:/home/akash/w7_ws/install/distance_travel:/home/akash/ros_ws/install/distance_travel:/opt/ros/humble /usr/bin/cmake --install /home/akash/w7_ws/build/action_tutorials_interfaces
