running egg_info
writing ../../build/fleet_management/fleet_management.egg-info/PKG-INFO
writing dependency_links to ../../build/fleet_management/fleet_management.egg-info/dependency_links.txt
writing entry points to ../../build/fleet_management/fleet_management.egg-info/entry_points.txt
writing requirements to ../../build/fleet_management/fleet_management.egg-info/requires.txt
writing top-level names to ../../build/fleet_management/fleet_management.egg-info/top_level.txt
reading manifest file '../../build/fleet_management/fleet_management.egg-info/SOURCES.txt'
writing manifest file '../../build/fleet_management/fleet_management.egg-info/SOURCES.txt'
running build
running build_py
running install
running install_lib
running install_data
copying launch/fleet_management_launch.py -> /home/akash/ROS2_course/week_8_mid_term/ros2_midterm_ws/install/fleet_management/share/fleet_management/launch
running install_egg_info
removing '/home/akash/ROS2_course/week_8_mid_term/ros2_midterm_ws/install/fleet_management/lib/python3.10/site-packages/fleet_management-0.1.0-py3.10.egg-info' (and everything under it)
Copying ../../build/fleet_management/fleet_management.egg-info to /home/akash/ROS2_course/week_8_mid_term/ros2_midterm_ws/install/fleet_management/lib/python3.10/site-packages/fleet_management-0.1.0-py3.10.egg-info
running install_scripts
Installing fleet_management_client script to /home/akash/ROS2_course/week_8_mid_term/ros2_midterm_ws/install/fleet_management/lib/fleet_management
Installing fleet_management_server_cli script to /home/akash/ROS2_course/week_8_mid_term/ros2_midterm_ws/install/fleet_management/lib/fleet_management
writing list of installed files to '/home/akash/ROS2_course/week_8_mid_term/ros2_midterm_ws/build/fleet_management/install.log'
