[0.936s] Invoking command in '/home/akash/hci_elderly/src/gesture_pub_sub': PYTHONPATH=/home/akash/hci_elderly/build/gesture_pub_sub/prefix_override:/home/akash/hci_elderly/install/gesture_pub_sub/lib/python3.10/site-packages:${PYTHONPATH} /usr/bin/python3 setup.py egg_info --egg-base ../../build/gesture_pub_sub build --build-base /home/akash/hci_elderly/build/gesture_pub_sub/build install --record /home/akash/hci_elderly/build/gesture_pub_sub/install.log --single-version-externally-managed
[1.180s] running egg_info
[1.180s] creating ../../build/gesture_pub_sub/gesture_pub_sub.egg-info
[1.181s] writing ../../build/gesture_pub_sub/gesture_pub_sub.egg-info/PKG-INFO
[1.181s] writing dependency_links to ../../build/gesture_pub_sub/gesture_pub_sub.egg-info/dependency_links.txt
[1.182s] writing entry points to ../../build/gesture_pub_sub/gesture_pub_sub.egg-info/entry_points.txt
[1.182s] writing requirements to ../../build/gesture_pub_sub/gesture_pub_sub.egg-info/requires.txt
[1.182s] writing top-level names to ../../build/gesture_pub_sub/gesture_pub_sub.egg-info/top_level.txt
[1.182s] writing manifest file '../../build/gesture_pub_sub/gesture_pub_sub.egg-info/SOURCES.txt'
[1.184s] reading manifest file '../../build/gesture_pub_sub/gesture_pub_sub.egg-info/SOURCES.txt'
[1.185s] writing manifest file '../../build/gesture_pub_sub/gesture_pub_sub.egg-info/SOURCES.txt'
[1.185s] running build
[1.185s] running build_py
[1.185s] creating /home/akash/hci_elderly/build/gesture_pub_sub/build
[1.185s] creating /home/akash/hci_elderly/build/gesture_pub_sub/build/lib
[1.185s] creating /home/akash/hci_elderly/build/gesture_pub_sub/build/lib/gesture_pub_sub
[1.186s] copying gesture_pub_sub/gesture_detector.py -> /home/akash/hci_elderly/build/gesture_pub_sub/build/lib/gesture_pub_sub
[1.186s] copying gesture_pub_sub/__init__.py -> /home/akash/hci_elderly/build/gesture_pub_sub/build/lib/gesture_pub_sub
[1.186s] copying gesture_pub_sub/ges_pub.py -> /home/akash/hci_elderly/build/gesture_pub_sub/build/lib/gesture_pub_sub
[1.186s] copying gesture_pub_sub/ges_sub.py -> /home/akash/hci_elderly/build/gesture_pub_sub/build/lib/gesture_pub_sub
[1.186s] running install
[1.187s] /usr/lib/python3/dist-packages/setuptools/command/install.py:34: SetuptoolsDeprecationWarning: setup.py install is deprecated. Use build and pip and other standards-based tools.
[1.187s]   warnings.warn(
[1.187s] running install_lib
[1.187s] creating /home/akash/hci_elderly/install/gesture_pub_sub/lib/python3.10/site-packages/gesture_pub_sub
[1.188s] copying /home/akash/hci_elderly/build/gesture_pub_sub/build/lib/gesture_pub_sub/gesture_detector.py -> /home/akash/hci_elderly/install/gesture_pub_sub/lib/python3.10/site-packages/gesture_pub_sub
[1.188s] copying /home/akash/hci_elderly/build/gesture_pub_sub/build/lib/gesture_pub_sub/__init__.py -> /home/akash/hci_elderly/install/gesture_pub_sub/lib/python3.10/site-packages/gesture_pub_sub
[1.188s] copying /home/akash/hci_elderly/build/gesture_pub_sub/build/lib/gesture_pub_sub/ges_pub.py -> /home/akash/hci_elderly/install/gesture_pub_sub/lib/python3.10/site-packages/gesture_pub_sub
[1.188s] copying /home/akash/hci_elderly/build/gesture_pub_sub/build/lib/gesture_pub_sub/ges_sub.py -> /home/akash/hci_elderly/install/gesture_pub_sub/lib/python3.10/site-packages/gesture_pub_sub
[1.189s] byte-compiling /home/akash/hci_elderly/install/gesture_pub_sub/lib/python3.10/site-packages/gesture_pub_sub/gesture_detector.py to gesture_detector.cpython-310.pyc
[1.189s] byte-compiling /home/akash/hci_elderly/install/gesture_pub_sub/lib/python3.10/site-packages/gesture_pub_sub/__init__.py to __init__.cpython-310.pyc
[1.189s] byte-compiling /home/akash/hci_elderly/install/gesture_pub_sub/lib/python3.10/site-packages/gesture_pub_sub/ges_pub.py to ges_pub.cpython-310.pyc
[1.190s] byte-compiling /home/akash/hci_elderly/install/gesture_pub_sub/lib/python3.10/site-packages/gesture_pub_sub/ges_sub.py to ges_sub.cpython-310.pyc
[1.190s] running install_data
[1.190s] creating /home/akash/hci_elderly/install/gesture_pub_sub/share/ament_index
[1.190s] creating /home/akash/hci_elderly/install/gesture_pub_sub/share/ament_index/resource_index
[1.191s] creating /home/akash/hci_elderly/install/gesture_pub_sub/share/ament_index/resource_index/packages
[1.191s] copying resource/gesture_pub_sub -> /home/akash/hci_elderly/install/gesture_pub_sub/share/ament_index/resource_index/packages
[1.191s] copying package.xml -> /home/akash/hci_elderly/install/gesture_pub_sub/share/gesture_pub_sub
[1.191s] running install_egg_info
[1.193s] Copying ../../build/gesture_pub_sub/gesture_pub_sub.egg-info to /home/akash/hci_elderly/install/gesture_pub_sub/lib/python3.10/site-packages/gesture_pub_sub-0.0.0-py3.10.egg-info
[1.194s] running install_scripts
[1.215s] Installing gesture_publisher script to /home/akash/hci_elderly/install/gesture_pub_sub/lib/gesture_pub_sub
[1.215s] writing list of installed files to '/home/akash/hci_elderly/build/gesture_pub_sub/install.log'
[1.239s] Invoked command in '/home/akash/hci_elderly/src/gesture_pub_sub' returned '0': PYTHONPATH=/home/akash/hci_elderly/build/gesture_pub_sub/prefix_override:/home/akash/hci_elderly/install/gesture_pub_sub/lib/python3.10/site-packages:${PYTHONPATH} /usr/bin/python3 setup.py egg_info --egg-base ../../build/gesture_pub_sub build --build-base /home/akash/hci_elderly/build/gesture_pub_sub/build install --record /home/akash/hci_elderly/build/gesture_pub_sub/install.log --single-version-externally-managed
