running egg_info
creating ../../build/distance_travel/distance_travel.egg-info
writing ../../build/distance_travel/distance_travel.egg-info/PKG-INFO
writing dependency_links to ../../build/distance_travel/distance_travel.egg-info/dependency_links.txt
writing entry points to ../../build/distance_travel/distance_travel.egg-info/entry_points.txt
writing requirements to ../../build/distance_travel/distance_travel.egg-info/requires.txt
writing top-level names to ../../build/distance_travel/distance_travel.egg-info/top_level.txt
writing manifest file '../../build/distance_travel/distance_travel.egg-info/SOURCES.txt'
reading manifest file '../../build/distance_travel/distance_travel.egg-info/SOURCES.txt'
writing manifest file '../../build/distance_travel/distance_travel.egg-info/SOURCES.txt'
running build
running build_py
creating /home/akash/w7_ws/build/distance_travel/build
creating /home/akash/w7_ws/build/distance_travel/build/lib
creating /home/akash/w7_ws/build/distance_travel/build/lib/distance_travel
copying distance_travel/__init__.py -> /home/akash/w7_ws/build/distance_travel/build/lib/distance_travel
copying distance_travel/travel_distance_server.py -> /home/akash/w7_ws/build/distance_travel/build/lib/distance_travel
copying distance_travel/distance_monitor.py -> /home/akash/w7_ws/build/distance_travel/build/lib/distance_travel
copying distance_travel/travel_distance_client.py -> /home/akash/w7_ws/build/distance_travel/build/lib/distance_travel
running install
running install_lib
creating /home/akash/w7_ws/install/distance_travel/lib/python3.10/site-packages/distance_travel
copying /home/akash/w7_ws/build/distance_travel/build/lib/distance_travel/__init__.py -> /home/akash/w7_ws/install/distance_travel/lib/python3.10/site-packages/distance_travel
copying /home/akash/w7_ws/build/distance_travel/build/lib/distance_travel/distance_monitor.py -> /home/akash/w7_ws/install/distance_travel/lib/python3.10/site-packages/distance_travel
copying /home/akash/w7_ws/build/distance_travel/build/lib/distance_travel/travel_distance_client.py -> /home/akash/w7_ws/install/distance_travel/lib/python3.10/site-packages/distance_travel
copying /home/akash/w7_ws/build/distance_travel/build/lib/distance_travel/travel_distance_server.py -> /home/akash/w7_ws/install/distance_travel/lib/python3.10/site-packages/distance_travel
byte-compiling /home/akash/w7_ws/install/distance_travel/lib/python3.10/site-packages/distance_travel/__init__.py to __init__.cpython-310.pyc
byte-compiling /home/akash/w7_ws/install/distance_travel/lib/python3.10/site-packages/distance_travel/distance_monitor.py to distance_monitor.cpython-310.pyc
byte-compiling /home/akash/w7_ws/install/distance_travel/lib/python3.10/site-packages/distance_travel/travel_distance_client.py to travel_distance_client.cpython-310.pyc
byte-compiling /home/akash/w7_ws/install/distance_travel/lib/python3.10/site-packages/distance_travel/travel_distance_server.py to travel_distance_server.cpython-310.pyc
running install_egg_info
Copying ../../build/distance_travel/distance_travel.egg-info to /home/akash/w7_ws/install/distance_travel/lib/python3.10/site-packages/distance_travel-0.0.1-py3.10.egg-info
running install_scripts
Installing distance_monitor script to /home/akash/w7_ws/install/distance_travel/lib/distance_travel
Installing travel_distance_client script to /home/akash/w7_ws/install/distance_travel/lib/distance_travel
Installing travel_distance_server script to /home/akash/w7_ws/install/distance_travel/lib/distance_travel
writing list of installed files to '/home/akash/w7_ws/build/distance_travel/install.log'
