[1.205s] DEBUG:colcon:Command line arguments: ['/usr/bin/colcon', 'build', '--packages-select', 'fleet_action']
[1.205s] DEBUG:colcon:Parsed command line arguments: Namespace(log_base=None, log_level=None, verb_name='build', build_base='build', install_base='install', merge_install=False, symlink_install=False, test_result_base=None, continue_on_error=False, executor='parallel', parallel_workers=16, event_handlers=None, ignore_user_meta=False, metas=['./colcon.meta'], base_paths=['.'], packages_ignore=None, packages_ignore_regex=None, paths=None, packages_up_to=None, packages_up_to_regex=None, packages_above=None, packages_above_and_dependencies=None, packages_above_depth=None, packages_select_by_dep=None, packages_skip_by_dep=None, packages_skip_up_to=None, packages_select_build_failed=False, packages_skip_build_finished=False, packages_select_test_failures=False, packages_skip_test_passed=False, packages_select=['fleet_action'], packages_skip=None, packages_select_regex=None, packages_skip_regex=None, packages_start=None, packages_end=None, allow_overriding=[], cmake_args=None, cmake_target=None, cmake_target_skip_unavailable=False, cmake_clean_cache=False, cmake_clean_first=False, cmake_force_configure=False, ament_cmake_args=None, catkin_cmake_args=None, catkin_skip_building_tests=False, verb_parser=<colcon_defaults.argument_parser.defaults.DefaultArgumentsDecorator object at 0x7f2a20911330>, verb_extension=<colcon_core.verb.build.BuildVerb object at 0x7f2a20d92e60>, main=<bound method BuildVerb.main of <colcon_core.verb.build.BuildVerb object at 0x7f2a20d92e60>>)
[1.255s] Level 1:colcon.colcon_core.package_discovery:discover_packages(colcon_meta) check parameters
[1.255s] Level 1:colcon.colcon_core.package_discovery:discover_packages(recursive) check parameters
[1.255s] Level 1:colcon.colcon_core.package_discovery:discover_packages(ignore) check parameters
[1.255s] Level 1:colcon.colcon_core.package_discovery:discover_packages(path) check parameters
[1.255s] Level 1:colcon.colcon_core.package_discovery:discover_packages(colcon_meta) discover
[1.255s] Level 1:colcon.colcon_core.package_discovery:discover_packages(recursive) discover
[1.255s] INFO:colcon.colcon_core.package_discovery:Crawling recursively for packages in '/home/akash/ros2_midterm_ws'
[1.255s] Level 1:colcon.colcon_core.package_identification:_identify(.) by extensions ['ignore', 'ignore_ament_install']
[1.255s] Level 1:colcon.colcon_core.package_identification:_identify(.) by extension 'ignore'
[1.255s] Level 1:colcon.colcon_core.package_identification:_identify(.) by extension 'ignore_ament_install'
[1.256s] Level 1:colcon.colcon_core.package_identification:_identify(.) by extensions ['colcon_pkg']
[1.256s] Level 1:colcon.colcon_core.package_identification:_identify(.) by extension 'colcon_pkg'
[1.256s] Level 1:colcon.colcon_core.package_identification:_identify(.) by extensions ['colcon_meta']
[1.256s] Level 1:colcon.colcon_core.package_identification:_identify(.) by extension 'colcon_meta'
[1.256s] Level 1:colcon.colcon_core.package_identification:_identify(.) by extensions ['ros']
[1.256s] Level 1:colcon.colcon_core.package_identification:_identify(.) by extension 'ros'
[1.267s] Level 1:colcon.colcon_core.package_identification:_identify(.) by extensions ['cmake', 'python']
[1.267s] Level 1:colcon.colcon_core.package_identification:_identify(.) by extension 'cmake'
[1.267s] Level 1:colcon.colcon_core.package_identification:_identify(.) by extension 'python'
[1.267s] Level 1:colcon.colcon_core.package_identification:_identify(.) by extensions ['python_setup_py']
[1.267s] Level 1:colcon.colcon_core.package_identification:_identify(.) by extension 'python_setup_py'
[1.267s] Level 1:colcon.colcon_core.package_identification:_identify(build) by extensions ['ignore', 'ignore_ament_install']
[1.267s] Level 1:colcon.colcon_core.package_identification:_identify(build) by extension 'ignore'
[1.268s] Level 1:colcon.colcon_core.package_identification:_identify(build) ignored
[1.268s] Level 1:colcon.colcon_core.package_identification:_identify(install) by extensions ['ignore', 'ignore_ament_install']
[1.268s] Level 1:colcon.colcon_core.package_identification:_identify(install) by extension 'ignore'
[1.268s] Level 1:colcon.colcon_core.package_identification:_identify(install) ignored
[1.268s] Level 1:colcon.colcon_core.package_identification:_identify(log) by extensions ['ignore', 'ignore_ament_install']
[1.268s] Level 1:colcon.colcon_core.package_identification:_identify(log) by extension 'ignore'
[1.268s] Level 1:colcon.colcon_core.package_identification:_identify(log) ignored
[1.268s] Level 1:colcon.colcon_core.package_identification:_identify(src) by extensions ['ignore', 'ignore_ament_install']
[1.268s] Level 1:colcon.colcon_core.package_identification:_identify(src) by extension 'ignore'
[1.268s] Level 1:colcon.colcon_core.package_identification:_identify(src) by extension 'ignore_ament_install'
[1.268s] Level 1:colcon.colcon_core.package_identification:_identify(src) by extensions ['colcon_pkg']
[1.268s] Level 1:colcon.colcon_core.package_identification:_identify(src) by extension 'colcon_pkg'
[1.268s] Level 1:colcon.colcon_core.package_identification:_identify(src) by extensions ['colcon_meta']
[1.269s] Level 1:colcon.colcon_core.package_identification:_identify(src) by extension 'colcon_meta'
[1.269s] Level 1:colcon.colcon_core.package_identification:_identify(src) by extensions ['ros']
[1.269s] Level 1:colcon.colcon_core.package_identification:_identify(src) by extension 'ros'
[1.269s] Level 1:colcon.colcon_core.package_identification:_identify(src) by extensions ['cmake', 'python']
[1.269s] Level 1:colcon.colcon_core.package_identification:_identify(src) by extension 'cmake'
[1.269s] Level 1:colcon.colcon_core.package_identification:_identify(src) by extension 'python'
[1.269s] Level 1:colcon.colcon_core.package_identification:_identify(src) by extensions ['python_setup_py']
[1.269s] Level 1:colcon.colcon_core.package_identification:_identify(src) by extension 'python_setup_py'
[1.269s] Level 1:colcon.colcon_core.package_identification:_identify(src/fleet_action) by extensions ['ignore', 'ignore_ament_install']
[1.269s] Level 1:colcon.colcon_core.package_identification:_identify(src/fleet_action) by extension 'ignore'
[1.269s] Level 1:colcon.colcon_core.package_identification:_identify(src/fleet_action) by extension 'ignore_ament_install'
[1.269s] Level 1:colcon.colcon_core.package_identification:_identify(src/fleet_action) by extensions ['colcon_pkg']
[1.269s] Level 1:colcon.colcon_core.package_identification:_identify(src/fleet_action) by extension 'colcon_pkg'
[1.269s] Level 1:colcon.colcon_core.package_identification:_identify(src/fleet_action) by extensions ['colcon_meta']
[1.269s] Level 1:colcon.colcon_core.package_identification:_identify(src/fleet_action) by extension 'colcon_meta'
[1.269s] Level 1:colcon.colcon_core.package_identification:_identify(src/fleet_action) by extensions ['ros']
[1.269s] Level 1:colcon.colcon_core.package_identification:_identify(src/fleet_action) by extension 'ros'
[1.273s] DEBUG:colcon.colcon_core.package_identification:Package 'src/fleet_action' with type 'ros.ament_cmake' and name 'fleet_action'
[1.273s] Level 1:colcon.colcon_core.package_identification:_identify(src/fleet_management) by extensions ['ignore', 'ignore_ament_install']
[1.273s] Level 1:colcon.colcon_core.package_identification:_identify(src/fleet_management) by extension 'ignore'
[1.273s] Level 1:colcon.colcon_core.package_identification:_identify(src/fleet_management) by extension 'ignore_ament_install'
[1.273s] Level 1:colcon.colcon_core.package_identification:_identify(src/fleet_management) by extensions ['colcon_pkg']
[1.273s] Level 1:colcon.colcon_core.package_identification:_identify(src/fleet_management) by extension 'colcon_pkg'
[1.273s] Level 1:colcon.colcon_core.package_identification:_identify(src/fleet_management) by extensions ['colcon_meta']
[1.273s] Level 1:colcon.colcon_core.package_identification:_identify(src/fleet_management) by extension 'colcon_meta'
[1.273s] Level 1:colcon.colcon_core.package_identification:_identify(src/fleet_management) by extensions ['ros']
[1.273s] Level 1:colcon.colcon_core.package_identification:_identify(src/fleet_management) by extension 'ros'
[1.274s] DEBUG:colcon.colcon_core.package_identification:Package 'src/fleet_management' with type 'ros.ament_python' and name 'fleet_management'
[1.274s] Level 1:colcon.colcon_core.package_discovery:discover_packages(recursive) using defaults
[1.274s] Level 1:colcon.colcon_core.package_discovery:discover_packages(ignore) discover
[1.274s] Level 1:colcon.colcon_core.package_discovery:discover_packages(ignore) using defaults
[1.274s] Level 1:colcon.colcon_core.package_discovery:discover_packages(path) discover
[1.274s] Level 1:colcon.colcon_core.package_discovery:discover_packages(path) using defaults
[1.340s] INFO:colcon.colcon_core.package_selection:Skipping not selected package 'fleet_management' in 'src/fleet_management'
[1.369s] Level 1:colcon.colcon_core.package_discovery:discover_packages(prefix_path) check parameters
[1.369s] Level 1:colcon.colcon_core.package_discovery:discover_packages(prefix_path) discover
[1.399s] DEBUG:colcon.colcon_installed_package_information.package_discovery:Found 1 installed packages in /home/akash/ros2_midterm_ws/install
[1.415s] DEBUG:colcon.colcon_installed_package_information.package_discovery:Found 336 installed packages in /opt/ros/humble
[1.417s] Level 1:colcon.colcon_core.package_discovery:discover_packages(prefix_path) using defaults
[1.541s] Level 5:colcon.colcon_core.verb:set package 'fleet_action' build argument 'cmake_args' from command line to 'None'
[1.541s] Level 5:colcon.colcon_core.verb:set package 'fleet_action' build argument 'cmake_target' from command line to 'None'
[1.541s] Level 5:colcon.colcon_core.verb:set package 'fleet_action' build argument 'cmake_target_skip_unavailable' from command line to 'False'
[1.541s] Level 5:colcon.colcon_core.verb:set package 'fleet_action' build argument 'cmake_clean_cache' from command line to 'False'
[1.541s] Level 5:colcon.colcon_core.verb:set package 'fleet_action' build argument 'cmake_clean_first' from command line to 'False'
[1.541s] Level 5:colcon.colcon_core.verb:set package 'fleet_action' build argument 'cmake_force_configure' from command line to 'False'
[1.541s] Level 5:colcon.colcon_core.verb:set package 'fleet_action' build argument 'ament_cmake_args' from command line to 'None'
[1.541s] Level 5:colcon.colcon_core.verb:set package 'fleet_action' build argument 'catkin_cmake_args' from command line to 'None'
[1.541s] Level 5:colcon.colcon_core.verb:set package 'fleet_action' build argument 'catkin_skip_building_tests' from command line to 'False'
[1.541s] DEBUG:colcon.colcon_core.verb:Building package 'fleet_action' with the following arguments: {'ament_cmake_args': None, 'build_base': '/home/akash/ros2_midterm_ws/build/fleet_action', 'catkin_cmake_args': None, 'catkin_skip_building_tests': False, 'cmake_args': None, 'cmake_clean_cache': False, 'cmake_clean_first': False, 'cmake_force_configure': False, 'cmake_target': None, 'cmake_target_skip_unavailable': False, 'install_base': '/home/akash/ros2_midterm_ws/install/fleet_action', 'merge_install': False, 'path': '/home/akash/ros2_midterm_ws/src/fleet_action', 'symlink_install': False, 'test_result_base': None}
[1.557s] INFO:colcon.colcon_core.executor:Executing jobs using 'parallel' executor
[1.573s] DEBUG:colcon.colcon_parallel_executor.executor.parallel:run_until_complete
[1.573s] INFO:colcon.colcon_ros.task.ament_cmake.build:Building ROS package in '/home/akash/ros2_midterm_ws/src/fleet_action' with build type 'ament_cmake'
[1.573s] INFO:colcon.colcon_cmake.task.cmake.build:Building CMake package in '/home/akash/ros2_midterm_ws/src/fleet_action'
[1.591s] INFO:colcon.colcon_core.plugin_system:Skipping extension 'colcon_core.shell.bat': Not used on non-Windows systems
[1.591s] INFO:colcon.colcon_core.shell:Skip shell extension 'powershell' for command environment: Not usable outside of PowerShell
[1.591s] DEBUG:colcon.colcon_core.shell:Skip shell extension 'dsv' for command environment
[1.644s] DEBUG:colcon.colcon_core.event_handler.log_command:Invoking command in '/home/akash/ros2_midterm_ws/build/fleet_action': CMAKE_PREFIX_PATH=/home/akash/ros2_midterm_ws/install/fleet_management:/opt/ros/humble /usr/bin/cmake /home/akash/ros2_midterm_ws/src/fleet_action -DCMAKE_INSTALL_PREFIX=/home/akash/ros2_midterm_ws/install/fleet_action
[7.514s] DEBUG:colcon.colcon_core.event_handler.log_command:Invoked command in '/home/akash/ros2_midterm_ws/build/fleet_action' returned '0': CMAKE_PREFIX_PATH=/home/akash/ros2_midterm_ws/install/fleet_management:/opt/ros/humble /usr/bin/cmake /home/akash/ros2_midterm_ws/src/fleet_action -DCMAKE_INSTALL_PREFIX=/home/akash/ros2_midterm_ws/install/fleet_action
[7.514s] DEBUG:colcon.colcon_core.event_handler.log_command:Invoking command in '/home/akash/ros2_midterm_ws/build/fleet_action': CMAKE_PREFIX_PATH=/home/akash/ros2_midterm_ws/install/fleet_management:/opt/ros/humble /usr/bin/cmake --build /home/akash/ros2_midterm_ws/build/fleet_action -- -j16 -l16
[11.443s] DEBUG:colcon.colcon_core.event_handler.log_command:Invoked command in '/home/akash/ros2_midterm_ws/build/fleet_action' returned '0': CMAKE_PREFIX_PATH=/home/akash/ros2_midterm_ws/install/fleet_management:/opt/ros/humble /usr/bin/cmake --build /home/akash/ros2_midterm_ws/build/fleet_action -- -j16 -l16
[11.495s] DEBUG:colcon.colcon_core.event_handler.log_command:Invoking command in '/home/akash/ros2_midterm_ws/build/fleet_action': CMAKE_PREFIX_PATH=/home/akash/ros2_midterm_ws/install/fleet_management:/opt/ros/humble /usr/bin/cmake --install /home/akash/ros2_midterm_ws/build/fleet_action
[11.568s] Level 1:colcon.colcon_core.environment:create_environment_scripts_only(fleet_action)
[11.568s] DEBUG:colcon.colcon_core.event_handler.log_command:Invoked command in '/home/akash/ros2_midterm_ws/build/fleet_action' returned '0': CMAKE_PREFIX_PATH=/home/akash/ros2_midterm_ws/install/fleet_management:/opt/ros/humble /usr/bin/cmake --install /home/akash/ros2_midterm_ws/build/fleet_action
[11.585s] Level 1:colcon.colcon_core.environment:checking '/home/akash/ros2_midterm_ws/install/fleet_action' for CMake module files
[11.586s] Level 1:colcon.colcon_core.environment:checking '/home/akash/ros2_midterm_ws/install/fleet_action' for CMake config files
[11.586s] Level 1:colcon.colcon_core.shell:create_environment_hook('fleet_action', 'cmake_prefix_path')
[11.601s] INFO:colcon.colcon_core.shell:Creating environment hook '/home/akash/ros2_midterm_ws/install/fleet_action/share/fleet_action/hook/cmake_prefix_path.ps1'
[11.601s] INFO:colcon.colcon_core.shell:Creating environment descriptor '/home/akash/ros2_midterm_ws/install/fleet_action/share/fleet_action/hook/cmake_prefix_path.dsv'
[11.602s] INFO:colcon.colcon_core.shell:Creating environment hook '/home/akash/ros2_midterm_ws/install/fleet_action/share/fleet_action/hook/cmake_prefix_path.sh'
[11.603s] Level 1:colcon.colcon_core.environment:checking '/home/akash/ros2_midterm_ws/install/fleet_action/lib'
[11.603s] Level 1:colcon.colcon_core.shell:create_environment_hook('fleet_action', 'ld_library_path_lib')
[11.619s] INFO:colcon.colcon_core.shell:Creating environment hook '/home/akash/ros2_midterm_ws/install/fleet_action/share/fleet_action/hook/ld_library_path_lib.ps1'
[11.620s] INFO:colcon.colcon_core.shell:Creating environment descriptor '/home/akash/ros2_midterm_ws/install/fleet_action/share/fleet_action/hook/ld_library_path_lib.dsv'
[11.620s] INFO:colcon.colcon_core.shell:Creating environment hook '/home/akash/ros2_midterm_ws/install/fleet_action/share/fleet_action/hook/ld_library_path_lib.sh'
[11.620s] Level 1:colcon.colcon_core.environment:checking '/home/akash/ros2_midterm_ws/install/fleet_action/bin'
[11.620s] Level 1:colcon.colcon_core.environment:checking '/home/akash/ros2_midterm_ws/install/fleet_action/lib/pkgconfig/fleet_action.pc'
[11.621s] Level 1:colcon.colcon_core.environment:checking '/home/akash/ros2_midterm_ws/install/fleet_action/lib/python3.10/site-packages'
[11.621s] Level 1:colcon.colcon_core.environment:checking '/home/akash/ros2_midterm_ws/install/fleet_action/bin'
[11.636s] INFO:colcon.colcon_core.shell:Creating package script '/home/akash/ros2_midterm_ws/install/fleet_action/share/fleet_action/package.ps1'
[11.637s] INFO:colcon.colcon_core.shell:Creating package descriptor '/home/akash/ros2_midterm_ws/install/fleet_action/share/fleet_action/package.dsv'
[11.638s] INFO:colcon.colcon_core.shell:Creating package script '/home/akash/ros2_midterm_ws/install/fleet_action/share/fleet_action/package.sh'
[11.639s] INFO:colcon.colcon_core.shell:Creating package script '/home/akash/ros2_midterm_ws/install/fleet_action/share/fleet_action/package.bash'
[11.639s] INFO:colcon.colcon_core.shell:Creating package script '/home/akash/ros2_midterm_ws/install/fleet_action/share/fleet_action/package.zsh'
[11.640s] Level 1:colcon.colcon_core.environment:create_file_with_runtime_dependencies(/home/akash/ros2_midterm_ws/install/fleet_action/share/colcon-core/packages/fleet_action)
[11.699s] Level 1:colcon.colcon_core.environment:create_environment_scripts_only(fleet_action)
[11.714s] Level 1:colcon.colcon_core.environment:checking '/home/akash/ros2_midterm_ws/install/fleet_action' for CMake module files
[11.715s] Level 1:colcon.colcon_core.environment:checking '/home/akash/ros2_midterm_ws/install/fleet_action' for CMake config files
[11.715s] Level 1:colcon.colcon_core.shell:create_environment_hook('fleet_action', 'cmake_prefix_path')
[11.730s] INFO:colcon.colcon_core.shell:Creating environment hook '/home/akash/ros2_midterm_ws/install/fleet_action/share/fleet_action/hook/cmake_prefix_path.ps1'
[11.731s] INFO:colcon.colcon_core.shell:Creating environment descriptor '/home/akash/ros2_midterm_ws/install/fleet_action/share/fleet_action/hook/cmake_prefix_path.dsv'
[11.731s] INFO:colcon.colcon_core.shell:Creating environment hook '/home/akash/ros2_midterm_ws/install/fleet_action/share/fleet_action/hook/cmake_prefix_path.sh'
[11.731s] Level 1:colcon.colcon_core.environment:checking '/home/akash/ros2_midterm_ws/install/fleet_action/lib'
[11.731s] Level 1:colcon.colcon_core.shell:create_environment_hook('fleet_action', 'ld_library_path_lib')
[11.747s] INFO:colcon.colcon_core.shell:Creating environment hook '/home/akash/ros2_midterm_ws/install/fleet_action/share/fleet_action/hook/ld_library_path_lib.ps1'
[11.747s] INFO:colcon.colcon_core.shell:Creating environment descriptor '/home/akash/ros2_midterm_ws/install/fleet_action/share/fleet_action/hook/ld_library_path_lib.dsv'
[11.748s] INFO:colcon.colcon_core.shell:Creating environment hook '/home/akash/ros2_midterm_ws/install/fleet_action/share/fleet_action/hook/ld_library_path_lib.sh'
[11.748s] Level 1:colcon.colcon_core.environment:checking '/home/akash/ros2_midterm_ws/install/fleet_action/bin'
[11.748s] Level 1:colcon.colcon_core.environment:checking '/home/akash/ros2_midterm_ws/install/fleet_action/lib/pkgconfig/fleet_action.pc'
[11.748s] Level 1:colcon.colcon_core.environment:checking '/home/akash/ros2_midterm_ws/install/fleet_action/lib/python3.10/site-packages'
[11.749s] Level 1:colcon.colcon_core.environment:checking '/home/akash/ros2_midterm_ws/install/fleet_action/bin'
[11.763s] INFO:colcon.colcon_core.shell:Creating package script '/home/akash/ros2_midterm_ws/install/fleet_action/share/fleet_action/package.ps1'
[11.764s] INFO:colcon.colcon_core.shell:Creating package descriptor '/home/akash/ros2_midterm_ws/install/fleet_action/share/fleet_action/package.dsv'
[11.764s] INFO:colcon.colcon_core.shell:Creating package script '/home/akash/ros2_midterm_ws/install/fleet_action/share/fleet_action/package.sh'
[11.765s] INFO:colcon.colcon_core.shell:Creating package script '/home/akash/ros2_midterm_ws/install/fleet_action/share/fleet_action/package.bash'
[11.765s] INFO:colcon.colcon_core.shell:Creating package script '/home/akash/ros2_midterm_ws/install/fleet_action/share/fleet_action/package.zsh'
[11.765s] Level 1:colcon.colcon_core.environment:create_file_with_runtime_dependencies(/home/akash/ros2_midterm_ws/install/fleet_action/share/colcon-core/packages/fleet_action)
[11.766s] DEBUG:colcon.colcon_parallel_executor.executor.parallel:closing loop
[11.767s] DEBUG:colcon.colcon_parallel_executor.executor.parallel:loop closed
[11.767s] DEBUG:colcon.colcon_parallel_executor.executor.parallel:run_until_complete finished with '0'
[11.767s] DEBUG:colcon.colcon_core.event_reactor:joining thread
[11.894s] INFO:colcon.colcon_core.plugin_system:Skipping extension 'colcon_notification.desktop_notification.notify_send': Could not find 'notify-send'
[11.894s] INFO:colcon.colcon_core.plugin_system:Skipping extension 'colcon_notification.desktop_notification.terminal_notifier': Not used on non-Darwin systems
[11.895s] INFO:colcon.colcon_core.plugin_system:Skipping extension 'colcon_notification.desktop_notification.win32': Not used on non-Windows systems
[11.895s] INFO:colcon.colcon_notification.desktop_notification:Sending desktop notification using 'notify2'
[11.896s] DEBUG:colcon.colcon_notification.desktop_notification.notify2:Failed to initialize notify2: org.freedesktop.DBus.Error.ServiceUnknown: The name org.freedesktop.Notifications was not provided by any .service files
[11.896s] DEBUG:colcon.colcon_core.event_reactor:joined thread
[11.911s] INFO:colcon.colcon_core.shell:Creating prefix script '/home/akash/ros2_midterm_ws/install/local_setup.ps1'
[11.912s] INFO:colcon.colcon_core.shell:Creating prefix util module '/home/akash/ros2_midterm_ws/install/_local_setup_util_ps1.py'
[11.913s] INFO:colcon.colcon_core.shell:Creating prefix chain script '/home/akash/ros2_midterm_ws/install/setup.ps1'
[11.928s] INFO:colcon.colcon_core.shell:Creating prefix script '/home/akash/ros2_midterm_ws/install/local_setup.sh'
[11.929s] INFO:colcon.colcon_core.shell:Creating prefix util module '/home/akash/ros2_midterm_ws/install/_local_setup_util_sh.py'
[11.929s] INFO:colcon.colcon_core.shell:Creating prefix chain script '/home/akash/ros2_midterm_ws/install/setup.sh'
[11.946s] INFO:colcon.colcon_core.shell:Creating prefix script '/home/akash/ros2_midterm_ws/install/local_setup.bash'
[11.946s] INFO:colcon.colcon_core.shell:Creating prefix chain script '/home/akash/ros2_midterm_ws/install/setup.bash'
[11.963s] INFO:colcon.colcon_core.shell:Creating prefix script '/home/akash/ros2_midterm_ws/install/local_setup.zsh'
[11.964s] INFO:colcon.colcon_core.shell:Creating prefix chain script '/home/akash/ros2_midterm_ws/install/setup.zsh'
