[0.746s] Invoking command in '/home/akash/ros2_midterm_ws/src/fleet_management': PYTHONPATH=/home/akash/ros2_midterm_ws/build/fleet_management/prefix_override:/home/akash/ros2_midterm_ws/install/fleet_management/lib/python3.10/site-packages:${PYTHONPATH} /usr/bin/python3 setup.py egg_info --egg-base ../../build/fleet_management build --build-base /home/akash/ros2_midterm_ws/build/fleet_management/build install --record /home/akash/ros2_midterm_ws/build/fleet_management/install.log --single-version-externally-managed
[0.979s] running egg_info
[0.980s] writing ../../build/fleet_management/fleet_management.egg-info/PKG-INFO
[0.980s] writing dependency_links to ../../build/fleet_management/fleet_management.egg-info/dependency_links.txt
[0.980s] writing entry points to ../../build/fleet_management/fleet_management.egg-info/entry_points.txt
[0.981s] writing requirements to ../../build/fleet_management/fleet_management.egg-info/requires.txt
[0.981s] writing top-level names to ../../build/fleet_management/fleet_management.egg-info/top_level.txt
[0.983s] reading manifest file '../../build/fleet_management/fleet_management.egg-info/SOURCES.txt'
[0.984s] writing manifest file '../../build/fleet_management/fleet_management.egg-info/SOURCES.txt'
[0.984s] running build
[0.984s] running build_py
[0.984s] running install
[0.985s] /usr/lib/python3/dist-packages/setuptools/command/install.py:34: SetuptoolsDeprecationWarning: setup.py install is deprecated. Use build and pip and other standards-based tools.
[0.985s]   warnings.warn(
[0.985s] running install_lib
[0.986s] running install_data
[0.987s] running install_egg_info
[0.988s] removing '/home/akash/ros2_midterm_ws/install/fleet_management/lib/python3.10/site-packages/fleet_management-0.1.0-py3.10.egg-info' (and everything under it)
[0.989s] Copying ../../build/fleet_management/fleet_management.egg-info to /home/akash/ros2_midterm_ws/install/fleet_management/lib/python3.10/site-packages/fleet_management-0.1.0-py3.10.egg-info
[0.989s] running install_scripts
[1.011s] Installing fleet_management_client_cli script to /home/akash/ros2_midterm_ws/install/fleet_management/lib/fleet_management
[1.011s] Installing fleet_management_server_cli script to /home/akash/ros2_midterm_ws/install/fleet_management/lib/fleet_management
[1.011s] writing list of installed files to '/home/akash/ros2_midterm_ws/build/fleet_management/install.log'
[1.036s] Invoked command in '/home/akash/ros2_midterm_ws/src/fleet_management' returned '0': PYTHONPATH=/home/akash/ros2_midterm_ws/build/fleet_management/prefix_override:/home/akash/ros2_midterm_ws/install/fleet_management/lib/python3.10/site-packages:${PYTHONPATH} /usr/bin/python3 setup.py egg_info --egg-base ../../build/fleet_management build --build-base /home/akash/ros2_midterm_ws/build/fleet_management/build install --record /home/akash/ros2_midterm_ws/build/fleet_management/install.log --single-version-externally-managed
