[0.069s] Invoking command in '/home/akash/ros2_midterm_ws/build/fleet_action': CMAKE_PREFIX_PATH=/home/akash/ros2_midterm_ws/install/fleet_management:/opt/ros/humble /usr/bin/cmake /home/akash/ros2_midterm_ws/src/fleet_action -DCMAKE_INSTALL_PREFIX=/home/akash/ros2_midterm_ws/install/fleet_action
[0.393s] -- The C compiler identification is GNU 11.4.0
[1.500s] -- The CXX compiler identification is GNU 11.4.0
[2.354s] -- Detecting C compiler ABI info
[2.596s] -- Detecting C compiler ABI info - done
[2.604s] -- Check for working C compiler: /usr/bin/cc - skipped
[2.605s] -- Detecting C compile features
[2.607s] -- Detecting C compile features - done
[2.612s] -- Detecting CXX compiler ABI info
[2.872s] -- Detecting CXX compiler ABI info - done
[2.880s] -- Check for working CXX compiler: /usr/bin/c++ - skipped
[2.880s] -- Detecting CXX compile features
[2.881s] -- Detecting CXX compile features - done
[2.888s] -- Found ament_cmake: 1.3.5 (/opt/ros/humble/share/ament_cmake/cmake)
[3.069s] -- Found Python3: /usr/bin/python3.10 (found version "3.10.12") found components: Interpreter 
[3.193s] -- Found rosidl_default_generators: 1.2.0 (/opt/ros/humble/share/rosidl_default_generators/cmake)
[3.199s] -- Using all available rosidl_typesupport_c: rosidl_typesupport_fastrtps_c;rosidl_typesupport_introspection_c
[3.210s] -- Found rosidl_adapter: 3.1.5 (/opt/ros/humble/share/rosidl_adapter/cmake)
[3.560s] -- Using all available rosidl_typesupport_cpp: rosidl_typesupport_fastrtps_cpp;rosidl_typesupport_introspection_cpp
[4.013s] -- Found ament_cmake_ros: 0.10.0 (/opt/ros/humble/share/ament_cmake_ros/cmake)
[4.218s] -- Using all available rosidl_typesupport_c: rosidl_typesupport_fastrtps_c;rosidl_typesupport_introspection_c
[4.470s] -- Using all available rosidl_typesupport_cpp: rosidl_typesupport_fastrtps_cpp;rosidl_typesupport_introspection_cpp
[4.772s] -- Found PythonInterp: /usr/bin/python3 (found suitable version "3.10.12", minimum required is "3.6") 
[4.775s] -- Found python_cmake_module: 0.10.0 (/opt/ros/humble/share/python_cmake_module/cmake)
[5.697s] -- Found PythonLibs: /usr/lib/x86_64-linux-gnu/libpython3.10.so (found suitable version "3.10.12", minimum required is "3.5") 
[5.697s] -- Using PYTHON_EXECUTABLE: /usr/bin/python3
[5.697s] -- Using PYTHON_INCLUDE_DIRS: /usr/include/python3.10
[5.697s] -- Using PYTHON_LIBRARIES: /usr/lib/x86_64-linux-gnu/libpython3.10.so
[5.718s] -- Found PythonExtra: .so  
[5.852s] -- Found ament_lint_auto: 0.12.8 (/opt/ros/humble/share/ament_lint_auto/cmake)
[5.887s] -- Added test 'lint_cmake' to check CMake code style
[5.889s] -- Added test 'xmllint' to check XML markup files
[5.892s] -- Configuring done
[5.927s] -- Generating done
[5.929s] -- Build files have been written to: /home/akash/ros2_midterm_ws/build/fleet_action
[5.940s] Invoked command in '/home/akash/ros2_midterm_ws/build/fleet_action' returned '0': CMAKE_PREFIX_PATH=/home/akash/ros2_midterm_ws/install/fleet_management:/opt/ros/humble /usr/bin/cmake /home/akash/ros2_midterm_ws/src/fleet_action -DCMAKE_INSTALL_PREFIX=/home/akash/ros2_midterm_ws/install/fleet_action
[5.940s] Invoking command in '/home/akash/ros2_midterm_ws/build/fleet_action': CMAKE_PREFIX_PATH=/home/akash/ros2_midterm_ws/install/fleet_management:/opt/ros/humble /usr/bin/cmake --build /home/akash/ros2_midterm_ws/build/fleet_action -- -j16 -l16
[5.970s] [  3%] [34m[1mGenerating C code for ROS interfaces[0m
[5.978s] [  6%] [34m[1mGenerating C++ code for ROS interfaces[0m
[5.985s] [  6%] Built target ament_cmake_python_copy_fleet_action
[6.242s] running egg_info
[6.243s] creating fleet_action.egg-info
[6.244s] writing fleet_action.egg-info/PKG-INFO
[6.244s] writing dependency_links to fleet_action.egg-info/dependency_links.txt
[6.244s] writing top-level names to fleet_action.egg-info/top_level.txt
[6.244s] writing manifest file 'fleet_action.egg-info/SOURCES.txt'
[6.246s] reading manifest file 'fleet_action.egg-info/SOURCES.txt'
[6.247s] writing manifest file 'fleet_action.egg-info/SOURCES.txt'
[6.275s] [  6%] Built target ament_cmake_python_build_fleet_action_egg
[6.468s] [  9%] [32mBuilding C object CMakeFiles/fleet_action__rosidl_generator_c.dir/rosidl_generator_c/fleet_action/action/detail/fleet_management__functions.c.o[0m
[6.474s] [  9%] Built target fleet_action__cpp
[6.482s] [ 19%] [34m[1mGenerating C++ type support dispatch for ROS interfaces[0m
[6.482s] [ 19%] [34m[1mGenerating C++ type support for eProsima Fast-RTPS[0m
[6.482s] [ 19%] [34m[1mGenerating C++ introspection for ROS interfaces[0m
[6.640s] [ 22%] [32m[1mLinking C shared library libfleet_action__rosidl_generator_c.so[0m
[6.855s] [ 22%] Built target fleet_action__rosidl_generator_c
[6.862s] [ 25%] [32mBuilding CXX object CMakeFiles/fleet_action__rosidl_typesupport_cpp.dir/rosidl_typesupport_cpp/fleet_action/action/fleet_management__type_support.cpp.o[0m
[6.862s] [ 35%] [34m[1mGenerating C introspection for ROS interfaces[0m
[6.862s] [ 35%] [34m[1mGenerating C type support dispatch for ROS interfaces[0m
[6.862s] [ 35%] [34m[1mGenerating C type support for eProsima Fast-RTPS[0m
[6.873s] [ 38%] [32mBuilding CXX object CMakeFiles/fleet_action__rosidl_typesupport_introspection_cpp.dir/rosidl_typesupport_introspection_cpp/fleet_action/action/detail/fleet_management__type_support.cpp.o[0m
[6.936s] [ 41%] [32mBuilding CXX object CMakeFiles/fleet_action__rosidl_typesupport_fastrtps_cpp.dir/rosidl_typesupport_fastrtps_cpp/fleet_action/action/detail/dds_fastrtps/fleet_management__type_support.cpp.o[0m
[7.212s] [ 45%] [32mBuilding CXX object CMakeFiles/fleet_action__rosidl_typesupport_c.dir/rosidl_typesupport_c/fleet_action/action/fleet_management__type_support.cpp.o[0m
[7.278s] [ 48%] [32m[1mLinking CXX shared library libfleet_action__rosidl_typesupport_c.so[0m
[7.404s] [ 51%] [32mBuilding C object CMakeFiles/fleet_action__rosidl_typesupport_introspection_c.dir/rosidl_typesupport_introspection_c/fleet_action/action/detail/fleet_management__type_support.c.o[0m
[7.425s] [ 54%] [32m[1mLinking CXX shared library libfleet_action__rosidl_typesupport_cpp.so[0m
[7.464s] [ 58%] [32m[1mLinking C shared library libfleet_action__rosidl_typesupport_introspection_c.so[0m
[7.545s] [ 58%] Built target fleet_action__rosidl_typesupport_c
[7.565s] [ 61%] [32mBuilding CXX object CMakeFiles/fleet_action__rosidl_typesupport_fastrtps_c.dir/rosidl_typesupport_fastrtps_c/fleet_action/action/detail/fleet_management__type_support_c.cpp.o[0m
[7.727s] [ 64%] [32m[1mLinking CXX shared library libfleet_action__rosidl_typesupport_introspection_cpp.so[0m
[7.735s] [ 64%] Built target fleet_action__rosidl_typesupport_cpp
[7.741s] [ 67%] [32m[1mLinking CXX shared library libfleet_action__rosidl_typesupport_fastrtps_cpp.so[0m
[7.751s] [ 67%] Built target fleet_action__rosidl_typesupport_introspection_c
[8.033s] [ 67%] Built target fleet_action__rosidl_typesupport_introspection_cpp
[8.050s] [ 70%] [32m[1mLinking CXX shared library libfleet_action__rosidl_typesupport_fastrtps_c.so[0m
[8.050s] [ 70%] Built target fleet_action__rosidl_typesupport_fastrtps_cpp
[8.314s] [ 70%] Built target fleet_action__rosidl_typesupport_fastrtps_c
[8.329s] [ 70%] Built target fleet_action
[8.344s] [ 74%] [34m[1mGenerating Python code for ROS interfaces[0m
[9.151s] [ 74%] Built target fleet_action__py
[9.166s] [ 77%] [32mBuilding C object CMakeFiles/fleet_action__rosidl_generator_py.dir/rosidl_generator_py/fleet_action/action/_fleet_management_s.c.o[0m
[9.357s] [ 80%] [32m[1mLinking C shared library rosidl_generator_py/fleet_action/libfleet_action__rosidl_generator_py.so[0m
[9.577s] [ 80%] Built target fleet_action__rosidl_generator_py
[9.593s] [ 87%] [32mBuilding C object CMakeFiles/fleet_action__rosidl_typesupport_fastrtps_c__pyext.dir/rosidl_generator_py/fleet_action/_fleet_action_s.ep.rosidl_typesupport_fastrtps_c.c.o[0m
[9.593s] [ 87%] [32mBuilding C object CMakeFiles/fleet_action__rosidl_typesupport_c__pyext.dir/rosidl_generator_py/fleet_action/_fleet_action_s.ep.rosidl_typesupport_c.c.o[0m
[9.593s] [ 90%] [32mBuilding C object CMakeFiles/fleet_action__rosidl_typesupport_introspection_c__pyext.dir/rosidl_generator_py/fleet_action/_fleet_action_s.ep.rosidl_typesupport_introspection_c.c.o[0m
[9.703s] [ 93%] [32m[1mLinking C shared library rosidl_generator_py/fleet_action/fleet_action_s__rosidl_typesupport_fastrtps_c.cpython-310-x86_64-linux-gnu.so[0m
[9.714s] [ 96%] [32m[1mLinking C shared library rosidl_generator_py/fleet_action/fleet_action_s__rosidl_typesupport_c.cpython-310-x86_64-linux-gnu.so[0m
[9.714s] [100%] [32m[1mLinking C shared library rosidl_generator_py/fleet_action/fleet_action_s__rosidl_typesupport_introspection_c.cpython-310-x86_64-linux-gnu.so[0m
[9.859s] [100%] Built target fleet_action__rosidl_typesupport_c__pyext
[9.859s] [100%] Built target fleet_action__rosidl_typesupport_fastrtps_c__pyext
[9.859s] [100%] Built target fleet_action__rosidl_typesupport_introspection_c__pyext
[9.868s] Invoked command in '/home/akash/ros2_midterm_ws/build/fleet_action' returned '0': CMAKE_PREFIX_PATH=/home/akash/ros2_midterm_ws/install/fleet_management:/opt/ros/humble /usr/bin/cmake --build /home/akash/ros2_midterm_ws/build/fleet_action -- -j16 -l16
[9.921s] Invoking command in '/home/akash/ros2_midterm_ws/build/fleet_action': CMAKE_PREFIX_PATH=/home/akash/ros2_midterm_ws/install/fleet_management:/opt/ros/humble /usr/bin/cmake --install /home/akash/ros2_midterm_ws/build/fleet_action
[9.926s] -- Install configuration: ""
[9.926s] -- Installing: /home/akash/ros2_midterm_ws/install/fleet_action/share/ament_index/resource_index/rosidl_interfaces/fleet_action
[9.926s] -- Installing: /home/akash/ros2_midterm_ws/install/fleet_action/include/fleet_action/fleet_action
[9.927s] -- Installing: /home/akash/ros2_midterm_ws/install/fleet_action/include/fleet_action/fleet_action/action
[9.927s] -- Installing: /home/akash/ros2_midterm_ws/install/fleet_action/include/fleet_action/fleet_action/action/fleet_management.h
[9.927s] -- Installing: /home/akash/ros2_midterm_ws/install/fleet_action/include/fleet_action/fleet_action/action/detail
[9.928s] -- Installing: /home/akash/ros2_midterm_ws/install/fleet_action/include/fleet_action/fleet_action/action/detail/fleet_management__struct.h
[9.928s] -- Installing: /home/akash/ros2_midterm_ws/install/fleet_action/include/fleet_action/fleet_action/action/detail/fleet_management__type_support.h
[9.928s] -- Installing: /home/akash/ros2_midterm_ws/install/fleet_action/include/fleet_action/fleet_action/action/detail/fleet_management__functions.c
[9.928s] -- Installing: /home/akash/ros2_midterm_ws/install/fleet_action/include/fleet_action/fleet_action/action/detail/fleet_management__functions.h
[9.928s] -- Installing: /home/akash/ros2_midterm_ws/install/fleet_action/include/fleet_action/fleet_action/msg
[9.929s] -- Installing: /home/akash/ros2_midterm_ws/install/fleet_action/include/fleet_action/fleet_action/msg/rosidl_generator_c__visibility_control.h
[9.929s] -- Installing: /home/akash/ros2_midterm_ws/install/fleet_action/share/fleet_action/environment/library_path.sh
[9.929s] -- Installing: /home/akash/ros2_midterm_ws/install/fleet_action/share/fleet_action/environment/library_path.dsv
[9.929s] -- Installing: /home/akash/ros2_midterm_ws/install/fleet_action/lib/libfleet_action__rosidl_generator_c.so
[9.929s] -- Set runtime path of "/home/akash/ros2_midterm_ws/install/fleet_action/lib/libfleet_action__rosidl_generator_c.so" to ""
[9.929s] -- Up-to-date: /home/akash/ros2_midterm_ws/install/fleet_action/include/fleet_action/fleet_action
[9.929s] -- Up-to-date: /home/akash/ros2_midterm_ws/install/fleet_action/include/fleet_action/fleet_action/action
[9.930s] -- Up-to-date: /home/akash/ros2_midterm_ws/install/fleet_action/include/fleet_action/fleet_action/action/detail
[9.930s] -- Installing: /home/akash/ros2_midterm_ws/install/fleet_action/include/fleet_action/fleet_action/action/detail/fleet_management__rosidl_typesupport_fastrtps_c.h
[9.930s] -- Up-to-date: /home/akash/ros2_midterm_ws/install/fleet_action/include/fleet_action/fleet_action/msg
[9.930s] -- Installing: /home/akash/ros2_midterm_ws/install/fleet_action/include/fleet_action/fleet_action/msg/rosidl_typesupport_fastrtps_c__visibility_control.h
[9.930s] -- Installing: /home/akash/ros2_midterm_ws/install/fleet_action/lib/libfleet_action__rosidl_typesupport_fastrtps_c.so
[9.930s] -- Set runtime path of "/home/akash/ros2_midterm_ws/install/fleet_action/lib/libfleet_action__rosidl_typesupport_fastrtps_c.so" to ""
[9.930s] -- Up-to-date: /home/akash/ros2_midterm_ws/install/fleet_action/include/fleet_action/fleet_action
[9.931s] -- Up-to-date: /home/akash/ros2_midterm_ws/install/fleet_action/include/fleet_action/fleet_action/action
[9.931s] -- Up-to-date: /home/akash/ros2_midterm_ws/install/fleet_action/include/fleet_action/fleet_action/action/detail
[9.931s] -- Installing: /home/akash/ros2_midterm_ws/install/fleet_action/include/fleet_action/fleet_action/action/detail/fleet_management__type_support.c
[9.931s] -- Installing: /home/akash/ros2_midterm_ws/install/fleet_action/include/fleet_action/fleet_action/action/detail/fleet_management__rosidl_typesupport_introspection_c.h
[9.931s] -- Up-to-date: /home/akash/ros2_midterm_ws/install/fleet_action/include/fleet_action/fleet_action/msg
[9.931s] -- Installing: /home/akash/ros2_midterm_ws/install/fleet_action/include/fleet_action/fleet_action/msg/rosidl_typesupport_introspection_c__visibility_control.h
[9.931s] -- Installing: /home/akash/ros2_midterm_ws/install/fleet_action/lib/libfleet_action__rosidl_typesupport_introspection_c.so
[9.932s] -- Set runtime path of "/home/akash/ros2_midterm_ws/install/fleet_action/lib/libfleet_action__rosidl_typesupport_introspection_c.so" to ""
[9.932s] -- Installing: /home/akash/ros2_midterm_ws/install/fleet_action/lib/libfleet_action__rosidl_typesupport_c.so
[9.932s] -- Set runtime path of "/home/akash/ros2_midterm_ws/install/fleet_action/lib/libfleet_action__rosidl_typesupport_c.so" to ""
[9.932s] -- Up-to-date: /home/akash/ros2_midterm_ws/install/fleet_action/include/fleet_action/fleet_action
[9.933s] -- Up-to-date: /home/akash/ros2_midterm_ws/install/fleet_action/include/fleet_action/fleet_action/action
[9.933s] -- Up-to-date: /home/akash/ros2_midterm_ws/install/fleet_action/include/fleet_action/fleet_action/action/detail
[9.933s] -- Installing: /home/akash/ros2_midterm_ws/install/fleet_action/include/fleet_action/fleet_action/action/detail/fleet_management__struct.hpp
[9.933s] -- Installing: /home/akash/ros2_midterm_ws/install/fleet_action/include/fleet_action/fleet_action/action/detail/fleet_management__traits.hpp
[9.933s] -- Installing: /home/akash/ros2_midterm_ws/install/fleet_action/include/fleet_action/fleet_action/action/detail/fleet_management__builder.hpp
[9.933s] -- Installing: /home/akash/ros2_midterm_ws/install/fleet_action/include/fleet_action/fleet_action/action/fleet_management.hpp
[9.934s] -- Up-to-date: /home/akash/ros2_midterm_ws/install/fleet_action/include/fleet_action/fleet_action
[9.934s] -- Up-to-date: /home/akash/ros2_midterm_ws/install/fleet_action/include/fleet_action/fleet_action/action
[9.934s] -- Up-to-date: /home/akash/ros2_midterm_ws/install/fleet_action/include/fleet_action/fleet_action/action/detail
[9.934s] -- Installing: /home/akash/ros2_midterm_ws/install/fleet_action/include/fleet_action/fleet_action/action/detail/fleet_management__rosidl_typesupport_fastrtps_cpp.hpp
[9.934s] -- Installing: /home/akash/ros2_midterm_ws/install/fleet_action/include/fleet_action/fleet_action/action/detail/dds_fastrtps
[9.934s] -- Up-to-date: /home/akash/ros2_midterm_ws/install/fleet_action/include/fleet_action/fleet_action/msg
[9.935s] -- Installing: /home/akash/ros2_midterm_ws/install/fleet_action/include/fleet_action/fleet_action/msg/rosidl_typesupport_fastrtps_cpp__visibility_control.h
[9.935s] -- Installing: /home/akash/ros2_midterm_ws/install/fleet_action/lib/libfleet_action__rosidl_typesupport_fastrtps_cpp.so
[9.935s] -- Set runtime path of "/home/akash/ros2_midterm_ws/install/fleet_action/lib/libfleet_action__rosidl_typesupport_fastrtps_cpp.so" to ""
[9.935s] -- Up-to-date: /home/akash/ros2_midterm_ws/install/fleet_action/include/fleet_action/fleet_action
[9.935s] -- Up-to-date: /home/akash/ros2_midterm_ws/install/fleet_action/include/fleet_action/fleet_action/action
[9.935s] -- Up-to-date: /home/akash/ros2_midterm_ws/install/fleet_action/include/fleet_action/fleet_action/action/detail
[9.935s] -- Installing: /home/akash/ros2_midterm_ws/install/fleet_action/include/fleet_action/fleet_action/action/detail/fleet_management__type_support.cpp
[9.936s] -- Installing: /home/akash/ros2_midterm_ws/install/fleet_action/include/fleet_action/fleet_action/action/detail/fleet_management__rosidl_typesupport_introspection_cpp.hpp
[9.936s] -- Installing: /home/akash/ros2_midterm_ws/install/fleet_action/lib/libfleet_action__rosidl_typesupport_introspection_cpp.so
[9.936s] -- Set runtime path of "/home/akash/ros2_midterm_ws/install/fleet_action/lib/libfleet_action__rosidl_typesupport_introspection_cpp.so" to ""
[9.936s] -- Installing: /home/akash/ros2_midterm_ws/install/fleet_action/lib/libfleet_action__rosidl_typesupport_cpp.so
[9.936s] -- Set runtime path of "/home/akash/ros2_midterm_ws/install/fleet_action/lib/libfleet_action__rosidl_typesupport_cpp.so" to ""
[9.936s] -- Installing: /home/akash/ros2_midterm_ws/install/fleet_action/share/fleet_action/environment/pythonpath.sh
[9.937s] -- Installing: /home/akash/ros2_midterm_ws/install/fleet_action/share/fleet_action/environment/pythonpath.dsv
[9.937s] -- Installing: /home/akash/ros2_midterm_ws/install/fleet_action/local/lib/python3.10/dist-packages/fleet_action-0.0.0-py3.10.egg-info
[9.937s] -- Installing: /home/akash/ros2_midterm_ws/install/fleet_action/local/lib/python3.10/dist-packages/fleet_action-0.0.0-py3.10.egg-info/dependency_links.txt
[9.937s] -- Installing: /home/akash/ros2_midterm_ws/install/fleet_action/local/lib/python3.10/dist-packages/fleet_action-0.0.0-py3.10.egg-info/PKG-INFO
[9.937s] -- Installing: /home/akash/ros2_midterm_ws/install/fleet_action/local/lib/python3.10/dist-packages/fleet_action-0.0.0-py3.10.egg-info/SOURCES.txt
[9.937s] -- Installing: /home/akash/ros2_midterm_ws/install/fleet_action/local/lib/python3.10/dist-packages/fleet_action-0.0.0-py3.10.egg-info/top_level.txt
[9.938s] -- Installing: /home/akash/ros2_midterm_ws/install/fleet_action/local/lib/python3.10/dist-packages/fleet_action
[9.938s] -- Installing: /home/akash/ros2_midterm_ws/install/fleet_action/local/lib/python3.10/dist-packages/fleet_action/action
[9.938s] -- Installing: /home/akash/ros2_midterm_ws/install/fleet_action/local/lib/python3.10/dist-packages/fleet_action/action/_fleet_management.py
[9.938s] -- Installing: /home/akash/ros2_midterm_ws/install/fleet_action/local/lib/python3.10/dist-packages/fleet_action/action/__init__.py
[9.938s] -- Installing: /home/akash/ros2_midterm_ws/install/fleet_action/local/lib/python3.10/dist-packages/fleet_action/action/_fleet_management_s.c
[9.938s] -- Installing: /home/akash/ros2_midterm_ws/install/fleet_action/local/lib/python3.10/dist-packages/fleet_action/_fleet_action_s.ep.rosidl_typesupport_c.c
[9.938s] -- Installing: /home/akash/ros2_midterm_ws/install/fleet_action/local/lib/python3.10/dist-packages/fleet_action/_fleet_action_s.ep.rosidl_typesupport_fastrtps_c.c
[9.938s] -- Installing: /home/akash/ros2_midterm_ws/install/fleet_action/local/lib/python3.10/dist-packages/fleet_action/fleet_action_s__rosidl_typesupport_introspection_c.cpython-310-x86_64-linux-gnu.so
[9.938s] -- Installing: /home/akash/ros2_midterm_ws/install/fleet_action/local/lib/python3.10/dist-packages/fleet_action/_fleet_action_s.ep.rosidl_typesupport_introspection_c.c
[9.939s] -- Installing: /home/akash/ros2_midterm_ws/install/fleet_action/local/lib/python3.10/dist-packages/fleet_action/fleet_action_s__rosidl_typesupport_c.cpython-310-x86_64-linux-gnu.so
[9.939s] -- Installing: /home/akash/ros2_midterm_ws/install/fleet_action/local/lib/python3.10/dist-packages/fleet_action/__init__.py
[9.939s] -- Installing: /home/akash/ros2_midterm_ws/install/fleet_action/local/lib/python3.10/dist-packages/fleet_action/libfleet_action__rosidl_generator_py.so
[9.939s] -- Installing: /home/akash/ros2_midterm_ws/install/fleet_action/local/lib/python3.10/dist-packages/fleet_action/fleet_action_s__rosidl_typesupport_fastrtps_c.cpython-310-x86_64-linux-gnu.so
[9.981s] Listing '/home/akash/ros2_midterm_ws/install/fleet_action/local/lib/python3.10/dist-packages/fleet_action'...
[9.981s] Compiling '/home/akash/ros2_midterm_ws/install/fleet_action/local/lib/python3.10/dist-packages/fleet_action/__init__.py'...
[9.981s] Listing '/home/akash/ros2_midterm_ws/install/fleet_action/local/lib/python3.10/dist-packages/fleet_action/action'...
[9.981s] Compiling '/home/akash/ros2_midterm_ws/install/fleet_action/local/lib/python3.10/dist-packages/fleet_action/action/__init__.py'...
[9.981s] Compiling '/home/akash/ros2_midterm_ws/install/fleet_action/local/lib/python3.10/dist-packages/fleet_action/action/_fleet_management.py'...
[9.984s] -- Installing: /home/akash/ros2_midterm_ws/install/fleet_action/local/lib/python3.10/dist-packages/fleet_action/fleet_action_s__rosidl_typesupport_fastrtps_c.cpython-310-x86_64-linux-gnu.so
[9.984s] -- Set runtime path of "/home/akash/ros2_midterm_ws/install/fleet_action/local/lib/python3.10/dist-packages/fleet_action/fleet_action_s__rosidl_typesupport_fastrtps_c.cpython-310-x86_64-linux-gnu.so" to ""
[9.984s] -- Installing: /home/akash/ros2_midterm_ws/install/fleet_action/local/lib/python3.10/dist-packages/fleet_action/fleet_action_s__rosidl_typesupport_introspection_c.cpython-310-x86_64-linux-gnu.so
[9.985s] -- Set runtime path of "/home/akash/ros2_midterm_ws/install/fleet_action/local/lib/python3.10/dist-packages/fleet_action/fleet_action_s__rosidl_typesupport_introspection_c.cpython-310-x86_64-linux-gnu.so" to ""
[9.985s] -- Installing: /home/akash/ros2_midterm_ws/install/fleet_action/local/lib/python3.10/dist-packages/fleet_action/fleet_action_s__rosidl_typesupport_c.cpython-310-x86_64-linux-gnu.so
[9.985s] -- Set runtime path of "/home/akash/ros2_midterm_ws/install/fleet_action/local/lib/python3.10/dist-packages/fleet_action/fleet_action_s__rosidl_typesupport_c.cpython-310-x86_64-linux-gnu.so" to ""
[9.985s] -- Installing: /home/akash/ros2_midterm_ws/install/fleet_action/lib/libfleet_action__rosidl_generator_py.so
[9.986s] -- Set runtime path of "/home/akash/ros2_midterm_ws/install/fleet_action/lib/libfleet_action__rosidl_generator_py.so" to ""
[9.986s] -- Installing: /home/akash/ros2_midterm_ws/install/fleet_action/share/fleet_action/action/FleetManagement.idl
[9.986s] -- Installing: /home/akash/ros2_midterm_ws/install/fleet_action/share/fleet_action/action/FleetManagement.action
[9.986s] -- Installing: /home/akash/ros2_midterm_ws/install/fleet_action/share/ament_index/resource_index/package_run_dependencies/fleet_action
[9.986s] -- Installing: /home/akash/ros2_midterm_ws/install/fleet_action/share/ament_index/resource_index/parent_prefix_path/fleet_action
[9.986s] -- Installing: /home/akash/ros2_midterm_ws/install/fleet_action/share/fleet_action/environment/ament_prefix_path.sh
[9.987s] -- Installing: /home/akash/ros2_midterm_ws/install/fleet_action/share/fleet_action/environment/ament_prefix_path.dsv
[9.987s] -- Installing: /home/akash/ros2_midterm_ws/install/fleet_action/share/fleet_action/environment/path.sh
[9.987s] -- Installing: /home/akash/ros2_midterm_ws/install/fleet_action/share/fleet_action/environment/path.dsv
[9.987s] -- Installing: /home/akash/ros2_midterm_ws/install/fleet_action/share/fleet_action/local_setup.bash
[9.987s] -- Installing: /home/akash/ros2_midterm_ws/install/fleet_action/share/fleet_action/local_setup.sh
[9.987s] -- Installing: /home/akash/ros2_midterm_ws/install/fleet_action/share/fleet_action/local_setup.zsh
[9.988s] -- Installing: /home/akash/ros2_midterm_ws/install/fleet_action/share/fleet_action/local_setup.dsv
[9.988s] -- Installing: /home/akash/ros2_midterm_ws/install/fleet_action/share/fleet_action/package.dsv
[9.988s] -- Installing: /home/akash/ros2_midterm_ws/install/fleet_action/share/ament_index/resource_index/packages/fleet_action
[9.988s] -- Installing: /home/akash/ros2_midterm_ws/install/fleet_action/share/fleet_action/cmake/export_fleet_action__rosidl_generator_cExport.cmake
[9.988s] -- Installing: /home/akash/ros2_midterm_ws/install/fleet_action/share/fleet_action/cmake/export_fleet_action__rosidl_generator_cExport-noconfig.cmake
[9.988s] -- Installing: /home/akash/ros2_midterm_ws/install/fleet_action/share/fleet_action/cmake/export_fleet_action__rosidl_typesupport_fastrtps_cExport.cmake
[9.988s] -- Installing: /home/akash/ros2_midterm_ws/install/fleet_action/share/fleet_action/cmake/export_fleet_action__rosidl_typesupport_fastrtps_cExport-noconfig.cmake
[9.989s] -- Installing: /home/akash/ros2_midterm_ws/install/fleet_action/share/fleet_action/cmake/fleet_action__rosidl_typesupport_introspection_cExport.cmake
[9.989s] -- Installing: /home/akash/ros2_midterm_ws/install/fleet_action/share/fleet_action/cmake/fleet_action__rosidl_typesupport_introspection_cExport-noconfig.cmake
[9.989s] -- Installing: /home/akash/ros2_midterm_ws/install/fleet_action/share/fleet_action/cmake/fleet_action__rosidl_typesupport_cExport.cmake
[9.989s] -- Installing: /home/akash/ros2_midterm_ws/install/fleet_action/share/fleet_action/cmake/fleet_action__rosidl_typesupport_cExport-noconfig.cmake
[9.989s] -- Installing: /home/akash/ros2_midterm_ws/install/fleet_action/share/fleet_action/cmake/export_fleet_action__rosidl_generator_cppExport.cmake
[9.989s] -- Installing: /home/akash/ros2_midterm_ws/install/fleet_action/share/fleet_action/cmake/export_fleet_action__rosidl_typesupport_fastrtps_cppExport.cmake
[9.990s] -- Installing: /home/akash/ros2_midterm_ws/install/fleet_action/share/fleet_action/cmake/export_fleet_action__rosidl_typesupport_fastrtps_cppExport-noconfig.cmake
[9.990s] -- Installing: /home/akash/ros2_midterm_ws/install/fleet_action/share/fleet_action/cmake/fleet_action__rosidl_typesupport_introspection_cppExport.cmake
[9.990s] -- Installing: /home/akash/ros2_midterm_ws/install/fleet_action/share/fleet_action/cmake/fleet_action__rosidl_typesupport_introspection_cppExport-noconfig.cmake
[9.990s] -- Installing: /home/akash/ros2_midterm_ws/install/fleet_action/share/fleet_action/cmake/fleet_action__rosidl_typesupport_cppExport.cmake
[9.990s] -- Installing: /home/akash/ros2_midterm_ws/install/fleet_action/share/fleet_action/cmake/fleet_action__rosidl_typesupport_cppExport-noconfig.cmake
[9.991s] -- Installing: /home/akash/ros2_midterm_ws/install/fleet_action/share/fleet_action/cmake/export_fleet_action__rosidl_generator_pyExport.cmake
[9.991s] -- Installing: /home/akash/ros2_midterm_ws/install/fleet_action/share/fleet_action/cmake/export_fleet_action__rosidl_generator_pyExport-noconfig.cmake
[9.991s] -- Installing: /home/akash/ros2_midterm_ws/install/fleet_action/share/fleet_action/cmake/rosidl_cmake-extras.cmake
[9.991s] -- Installing: /home/akash/ros2_midterm_ws/install/fleet_action/share/fleet_action/cmake/ament_cmake_export_dependencies-extras.cmake
[9.991s] -- Installing: /home/akash/ros2_midterm_ws/install/fleet_action/share/fleet_action/cmake/ament_cmake_export_include_directories-extras.cmake
[9.991s] -- Installing: /home/akash/ros2_midterm_ws/install/fleet_action/share/fleet_action/cmake/ament_cmake_export_libraries-extras.cmake
[9.992s] -- Installing: /home/akash/ros2_midterm_ws/install/fleet_action/share/fleet_action/cmake/ament_cmake_export_targets-extras.cmake
[9.992s] -- Installing: /home/akash/ros2_midterm_ws/install/fleet_action/share/fleet_action/cmake/rosidl_cmake_export_typesupport_targets-extras.cmake
[9.992s] -- Installing: /home/akash/ros2_midterm_ws/install/fleet_action/share/fleet_action/cmake/rosidl_cmake_export_typesupport_libraries-extras.cmake
[9.992s] -- Installing: /home/akash/ros2_midterm_ws/install/fleet_action/share/fleet_action/cmake/fleet_actionConfig.cmake
[9.992s] -- Installing: /home/akash/ros2_midterm_ws/install/fleet_action/share/fleet_action/cmake/fleet_actionConfig-version.cmake
[9.992s] -- Installing: /home/akash/ros2_midterm_ws/install/fleet_action/share/fleet_action/package.xml
[9.994s] Invoked command in '/home/akash/ros2_midterm_ws/build/fleet_action' returned '0': CMAKE_PREFIX_PATH=/home/akash/ros2_midterm_ws/install/fleet_management:/opt/ros/humble /usr/bin/cmake --install /home/akash/ros2_midterm_ws/build/fleet_action
