[1.223s] DEBUG:colcon:Command line arguments: ['/usr/bin/colcon', 'build']
[1.223s] DEBUG:colcon:Parsed command line arguments: Namespace(log_base=None, log_level=None, verb_name='build', build_base='build', install_base='install', merge_install=False, symlink_install=False, test_result_base=None, continue_on_error=False, executor='parallel', parallel_workers=16, event_handlers=None, ignore_user_meta=False, metas=['./colcon.meta'], base_paths=['.'], packages_ignore=None, packages_ignore_regex=None, paths=None, packages_up_to=None, packages_up_to_regex=None, packages_above=None, packages_above_and_dependencies=None, packages_above_depth=None, packages_select_by_dep=None, packages_skip_by_dep=None, packages_skip_up_to=None, packages_select_build_failed=False, packages_skip_build_finished=False, packages_select_test_failures=False, packages_skip_test_passed=False, packages_select=None, packages_skip=None, packages_select_regex=None, packages_skip_regex=None, packages_start=None, packages_end=None, allow_overriding=[], cmake_args=None, cmake_target=None, cmake_target_skip_unavailable=False, cmake_clean_cache=False, cmake_clean_first=False, cmake_force_configure=False, ament_cmake_args=None, catkin_cmake_args=None, catkin_skip_building_tests=False, verb_parser=<colcon_defaults.argument_parser.defaults.DefaultArgumentsDecorator object at 0x7f1014ab5210>, verb_extension=<colcon_core.verb.build.BuildVerb object at 0x7f1014ef1480>, main=<bound method BuildVerb.main of <colcon_core.verb.build.BuildVerb object at 0x7f1014ef1480>>)
[1.273s] Level 1:colcon.colcon_core.package_discovery:discover_packages(colcon_meta) check parameters
[1.274s] Level 1:colcon.colcon_core.package_discovery:discover_packages(recursive) check parameters
[1.274s] Level 1:colcon.colcon_core.package_discovery:discover_packages(ignore) check parameters
[1.274s] Level 1:colcon.colcon_core.package_discovery:discover_packages(path) check parameters
[1.274s] Level 1:colcon.colcon_core.package_discovery:discover_packages(colcon_meta) discover
[1.274s] Level 1:colcon.colcon_core.package_discovery:discover_packages(recursive) discover
[1.274s] INFO:colcon.colcon_core.package_discovery:Crawling recursively for packages in '/home/akash/ros2_midterm_ws'
[1.274s] Level 1:colcon.colcon_core.package_identification:_identify(.) by extensions ['ignore', 'ignore_ament_install']
[1.274s] Level 1:colcon.colcon_core.package_identification:_identify(.) by extension 'ignore'
[1.274s] Level 1:colcon.colcon_core.package_identification:_identify(.) by extension 'ignore_ament_install'
[1.274s] Level 1:colcon.colcon_core.package_identification:_identify(.) by extensions ['colcon_pkg']
[1.274s] Level 1:colcon.colcon_core.package_identification:_identify(.) by extension 'colcon_pkg'
[1.274s] Level 1:colcon.colcon_core.package_identification:_identify(.) by extensions ['colcon_meta']
[1.274s] Level 1:colcon.colcon_core.package_identification:_identify(.) by extension 'colcon_meta'
[1.274s] Level 1:colcon.colcon_core.package_identification:_identify(.) by extensions ['ros']
[1.274s] Level 1:colcon.colcon_core.package_identification:_identify(.) by extension 'ros'
[1.286s] Level 1:colcon.colcon_core.package_identification:_identify(.) by extensions ['cmake', 'python']
[1.286s] Level 1:colcon.colcon_core.package_identification:_identify(.) by extension 'cmake'
[1.286s] Level 1:colcon.colcon_core.package_identification:_identify(.) by extension 'python'
[1.286s] Level 1:colcon.colcon_core.package_identification:_identify(.) by extensions ['python_setup_py']
[1.286s] Level 1:colcon.colcon_core.package_identification:_identify(.) by extension 'python_setup_py'
[1.287s] Level 1:colcon.colcon_core.package_identification:_identify(build) by extensions ['ignore', 'ignore_ament_install']
[1.287s] Level 1:colcon.colcon_core.package_identification:_identify(build) by extension 'ignore'
[1.287s] Level 1:colcon.colcon_core.package_identification:_identify(build) ignored
[1.287s] Level 1:colcon.colcon_core.package_identification:_identify(install) by extensions ['ignore', 'ignore_ament_install']
[1.287s] Level 1:colcon.colcon_core.package_identification:_identify(install) by extension 'ignore'
[1.287s] Level 1:colcon.colcon_core.package_identification:_identify(install) ignored
[1.287s] Level 1:colcon.colcon_core.package_identification:_identify(log) by extensions ['ignore', 'ignore_ament_install']
[1.287s] Level 1:colcon.colcon_core.package_identification:_identify(log) by extension 'ignore'
[1.287s] Level 1:colcon.colcon_core.package_identification:_identify(log) ignored
[1.288s] Level 1:colcon.colcon_core.package_identification:_identify(src) by extensions ['ignore', 'ignore_ament_install']
[1.288s] Level 1:colcon.colcon_core.package_identification:_identify(src) by extension 'ignore'
[1.288s] Level 1:colcon.colcon_core.package_identification:_identify(src) by extension 'ignore_ament_install'
[1.288s] Level 1:colcon.colcon_core.package_identification:_identify(src) by extensions ['colcon_pkg']
[1.288s] Level 1:colcon.colcon_core.package_identification:_identify(src) by extension 'colcon_pkg'
[1.288s] Level 1:colcon.colcon_core.package_identification:_identify(src) by extensions ['colcon_meta']
[1.288s] Level 1:colcon.colcon_core.package_identification:_identify(src) by extension 'colcon_meta'
[1.288s] Level 1:colcon.colcon_core.package_identification:_identify(src) by extensions ['ros']
[1.288s] Level 1:colcon.colcon_core.package_identification:_identify(src) by extension 'ros'
[1.288s] Level 1:colcon.colcon_core.package_identification:_identify(src) by extensions ['cmake', 'python']
[1.288s] Level 1:colcon.colcon_core.package_identification:_identify(src) by extension 'cmake'
[1.288s] Level 1:colcon.colcon_core.package_identification:_identify(src) by extension 'python'
[1.288s] Level 1:colcon.colcon_core.package_identification:_identify(src) by extensions ['python_setup_py']
[1.288s] Level 1:colcon.colcon_core.package_identification:_identify(src) by extension 'python_setup_py'
[1.288s] Level 1:colcon.colcon_core.package_identification:_identify(src/fleet_action) by extensions ['ignore', 'ignore_ament_install']
[1.289s] Level 1:colcon.colcon_core.package_identification:_identify(src/fleet_action) by extension 'ignore'
[1.289s] Level 1:colcon.colcon_core.package_identification:_identify(src/fleet_action) by extension 'ignore_ament_install'
[1.289s] Level 1:colcon.colcon_core.package_identification:_identify(src/fleet_action) by extensions ['colcon_pkg']
[1.289s] Level 1:colcon.colcon_core.package_identification:_identify(src/fleet_action) by extension 'colcon_pkg'
[1.289s] Level 1:colcon.colcon_core.package_identification:_identify(src/fleet_action) by extensions ['colcon_meta']
[1.289s] Level 1:colcon.colcon_core.package_identification:_identify(src/fleet_action) by extension 'colcon_meta'
[1.289s] Level 1:colcon.colcon_core.package_identification:_identify(src/fleet_action) by extensions ['ros']
[1.289s] Level 1:colcon.colcon_core.package_identification:_identify(src/fleet_action) by extension 'ros'
[1.292s] DEBUG:colcon.colcon_core.package_identification:Package 'src/fleet_action' with type 'ros.ament_cmake' and name 'fleet_action'
[1.292s] Level 1:colcon.colcon_core.package_identification:_identify(src/fleet_management) by extensions ['ignore', 'ignore_ament_install']
[1.292s] Level 1:colcon.colcon_core.package_identification:_identify(src/fleet_management) by extension 'ignore'
[1.292s] Level 1:colcon.colcon_core.package_identification:_identify(src/fleet_management) by extension 'ignore_ament_install'
[1.292s] Level 1:colcon.colcon_core.package_identification:_identify(src/fleet_management) by extensions ['colcon_pkg']
[1.292s] Level 1:colcon.colcon_core.package_identification:_identify(src/fleet_management) by extension 'colcon_pkg'
[1.292s] Level 1:colcon.colcon_core.package_identification:_identify(src/fleet_management) by extensions ['colcon_meta']
[1.292s] Level 1:colcon.colcon_core.package_identification:_identify(src/fleet_management) by extension 'colcon_meta'
[1.292s] Level 1:colcon.colcon_core.package_identification:_identify(src/fleet_management) by extensions ['ros']
[1.292s] Level 1:colcon.colcon_core.package_identification:_identify(src/fleet_management) by extension 'ros'
[1.293s] DEBUG:colcon.colcon_core.package_identification:Package 'src/fleet_management' with type 'ros.ament_python' and name 'fleet_management'
[1.293s] Level 1:colcon.colcon_core.package_discovery:discover_packages(recursive) using defaults
[1.293s] Level 1:colcon.colcon_core.package_discovery:discover_packages(ignore) discover
[1.293s] Level 1:colcon.colcon_core.package_discovery:discover_packages(ignore) using defaults
[1.293s] Level 1:colcon.colcon_core.package_discovery:discover_packages(path) discover
[1.293s] Level 1:colcon.colcon_core.package_discovery:discover_packages(path) using defaults
[1.391s] Level 1:colcon.colcon_core.package_discovery:discover_packages(prefix_path) check parameters
[1.391s] Level 1:colcon.colcon_core.package_discovery:discover_packages(prefix_path) discover
[1.423s] DEBUG:colcon.colcon_installed_package_information.package_discovery:Found 336 installed packages in /opt/ros/humble
[1.425s] Level 1:colcon.colcon_core.package_discovery:discover_packages(prefix_path) using defaults
[1.552s] Level 5:colcon.colcon_core.verb:set package 'fleet_action' build argument 'cmake_args' from command line to 'None'
[1.552s] Level 5:colcon.colcon_core.verb:set package 'fleet_action' build argument 'cmake_target' from command line to 'None'
[1.552s] Level 5:colcon.colcon_core.verb:set package 'fleet_action' build argument 'cmake_target_skip_unavailable' from command line to 'False'
[1.552s] Level 5:colcon.colcon_core.verb:set package 'fleet_action' build argument 'cmake_clean_cache' from command line to 'False'
[1.552s] Level 5:colcon.colcon_core.verb:set package 'fleet_action' build argument 'cmake_clean_first' from command line to 'False'
[1.552s] Level 5:colcon.colcon_core.verb:set package 'fleet_action' build argument 'cmake_force_configure' from command line to 'False'
[1.552s] Level 5:colcon.colcon_core.verb:set package 'fleet_action' build argument 'ament_cmake_args' from command line to 'None'
[1.552s] Level 5:colcon.colcon_core.verb:set package 'fleet_action' build argument 'catkin_cmake_args' from command line to 'None'
[1.552s] Level 5:colcon.colcon_core.verb:set package 'fleet_action' build argument 'catkin_skip_building_tests' from command line to 'False'
[1.552s] DEBUG:colcon.colcon_core.verb:Building package 'fleet_action' with the following arguments: {'ament_cmake_args': None, 'build_base': '/home/akash/ros2_midterm_ws/build/fleet_action', 'catkin_cmake_args': None, 'catkin_skip_building_tests': False, 'cmake_args': None, 'cmake_clean_cache': False, 'cmake_clean_first': False, 'cmake_force_configure': False, 'cmake_target': None, 'cmake_target_skip_unavailable': False, 'install_base': '/home/akash/ros2_midterm_ws/install/fleet_action', 'merge_install': False, 'path': '/home/akash/ros2_midterm_ws/src/fleet_action', 'symlink_install': False, 'test_result_base': None}
[1.568s] Level 5:colcon.colcon_core.verb:set package 'fleet_management' build argument 'cmake_args' from command line to 'None'
[1.568s] Level 5:colcon.colcon_core.verb:set package 'fleet_management' build argument 'cmake_target' from command line to 'None'
[1.568s] Level 5:colcon.colcon_core.verb:set package 'fleet_management' build argument 'cmake_target_skip_unavailable' from command line to 'False'
[1.568s] Level 5:colcon.colcon_core.verb:set package 'fleet_management' build argument 'cmake_clean_cache' from command line to 'False'
[1.568s] Level 5:colcon.colcon_core.verb:set package 'fleet_management' build argument 'cmake_clean_first' from command line to 'False'
[1.568s] Level 5:colcon.colcon_core.verb:set package 'fleet_management' build argument 'cmake_force_configure' from command line to 'False'
[1.568s] Level 5:colcon.colcon_core.verb:set package 'fleet_management' build argument 'ament_cmake_args' from command line to 'None'
[1.569s] Level 5:colcon.colcon_core.verb:set package 'fleet_management' build argument 'catkin_cmake_args' from command line to 'None'
[1.569s] Level 5:colcon.colcon_core.verb:set package 'fleet_management' build argument 'catkin_skip_building_tests' from command line to 'False'
[1.569s] DEBUG:colcon.colcon_core.verb:Building package 'fleet_management' with the following arguments: {'ament_cmake_args': None, 'build_base': '/home/akash/ros2_midterm_ws/build/fleet_management', 'catkin_cmake_args': None, 'catkin_skip_building_tests': False, 'cmake_args': None, 'cmake_clean_cache': False, 'cmake_clean_first': False, 'cmake_force_configure': False, 'cmake_target': None, 'cmake_target_skip_unavailable': False, 'install_base': '/home/akash/ros2_midterm_ws/install/fleet_management', 'merge_install': False, 'path': '/home/akash/ros2_midterm_ws/src/fleet_management', 'symlink_install': False, 'test_result_base': None}
[1.584s] INFO:colcon.colcon_core.executor:Executing jobs using 'parallel' executor
[1.600s] DEBUG:colcon.colcon_parallel_executor.executor.parallel:run_until_complete
[1.601s] INFO:colcon.colcon_ros.task.ament_cmake.build:Building ROS package in '/home/akash/ros2_midterm_ws/src/fleet_action' with build type 'ament_cmake'
[1.601s] INFO:colcon.colcon_cmake.task.cmake.build:Building CMake package in '/home/akash/ros2_midterm_ws/src/fleet_action'
[1.619s] INFO:colcon.colcon_core.plugin_system:Skipping extension 'colcon_core.shell.bat': Not used on non-Windows systems
[1.619s] INFO:colcon.colcon_core.shell:Skip shell extension 'powershell' for command environment: Not usable outside of PowerShell
[1.620s] DEBUG:colcon.colcon_core.shell:Skip shell extension 'dsv' for command environment
[1.653s] INFO:colcon.colcon_ros.task.ament_python.build:Building ROS package in '/home/akash/ros2_midterm_ws/src/fleet_management' with build type 'ament_python'
[1.653s] Level 1:colcon.colcon_core.shell:create_environment_hook('fleet_management', 'ament_prefix_path')
[1.668s] INFO:colcon.colcon_core.shell:Creating environment hook '/home/akash/ros2_midterm_ws/install/fleet_management/share/fleet_management/hook/ament_prefix_path.ps1'
[1.669s] INFO:colcon.colcon_core.shell:Creating environment descriptor '/home/akash/ros2_midterm_ws/install/fleet_management/share/fleet_management/hook/ament_prefix_path.dsv'
[1.670s] INFO:colcon.colcon_core.shell:Creating environment hook '/home/akash/ros2_midterm_ws/install/fleet_management/share/fleet_management/hook/ament_prefix_path.sh'
[1.685s] INFO:colcon.colcon_core.shell:Skip shell extension 'powershell' for command environment: Not usable outside of PowerShell
[1.685s] DEBUG:colcon.colcon_core.shell:Skip shell extension 'dsv' for command environment
[1.727s] DEBUG:colcon.colcon_core.event_handler.log_command:Invoking command in '/home/akash/ros2_midterm_ws/build/fleet_action': CMAKE_PREFIX_PATH=/opt/ros/humble /usr/bin/cmake --build /home/akash/ros2_midterm_ws/build/fleet_action -- -j16 -l16
[2.027s] INFO:colcon.colcon_core.task.python.build:Building Python package in '/home/akash/ros2_midterm_ws/src/fleet_management'
[2.043s] INFO:colcon.colcon_core.shell:Skip shell extension 'powershell' for command environment: Not usable outside of PowerShell
[2.043s] DEBUG:colcon.colcon_core.shell:Skip shell extension 'dsv' for command environment
[2.100s] DEBUG:colcon.colcon_core.event_handler.log_command:Invoked command in '/home/akash/ros2_midterm_ws/build/fleet_action' returned '0': CMAKE_PREFIX_PATH=/opt/ros/humble /usr/bin/cmake --build /home/akash/ros2_midterm_ws/build/fleet_action -- -j16 -l16
[2.151s] DEBUG:colcon.colcon_core.event_handler.log_command:Invoking command in '/home/akash/ros2_midterm_ws/build/fleet_action': CMAKE_PREFIX_PATH=/opt/ros/humble /usr/bin/cmake --install /home/akash/ros2_midterm_ws/build/fleet_action
[2.202s] Level 1:colcon.colcon_core.environment:create_environment_scripts_only(fleet_action)
[2.205s] DEBUG:colcon.colcon_core.event_handler.log_command:Invoked command in '/home/akash/ros2_midterm_ws/build/fleet_action' returned '0': CMAKE_PREFIX_PATH=/opt/ros/humble /usr/bin/cmake --install /home/akash/ros2_midterm_ws/build/fleet_action
[2.223s] Level 1:colcon.colcon_core.environment:checking '/home/akash/ros2_midterm_ws/install/fleet_action' for CMake module files
[2.224s] Level 1:colcon.colcon_core.environment:checking '/home/akash/ros2_midterm_ws/install/fleet_action' for CMake config files
[2.224s] Level 1:colcon.colcon_core.shell:create_environment_hook('fleet_action', 'cmake_prefix_path')
[2.239s] INFO:colcon.colcon_core.shell:Creating environment hook '/home/akash/ros2_midterm_ws/install/fleet_action/share/fleet_action/hook/cmake_prefix_path.ps1'
[2.239s] INFO:colcon.colcon_core.shell:Creating environment descriptor '/home/akash/ros2_midterm_ws/install/fleet_action/share/fleet_action/hook/cmake_prefix_path.dsv'
[2.240s] INFO:colcon.colcon_core.shell:Creating environment hook '/home/akash/ros2_midterm_ws/install/fleet_action/share/fleet_action/hook/cmake_prefix_path.sh'
[2.241s] Level 1:colcon.colcon_core.environment:checking '/home/akash/ros2_midterm_ws/install/fleet_action/lib'
[2.241s] Level 1:colcon.colcon_core.shell:create_environment_hook('fleet_action', 'ld_library_path_lib')
[2.256s] INFO:colcon.colcon_core.shell:Creating environment hook '/home/akash/ros2_midterm_ws/install/fleet_action/share/fleet_action/hook/ld_library_path_lib.ps1'
[2.257s] INFO:colcon.colcon_core.shell:Creating environment descriptor '/home/akash/ros2_midterm_ws/install/fleet_action/share/fleet_action/hook/ld_library_path_lib.dsv'
[2.257s] INFO:colcon.colcon_core.shell:Creating environment hook '/home/akash/ros2_midterm_ws/install/fleet_action/share/fleet_action/hook/ld_library_path_lib.sh'
[2.258s] Level 1:colcon.colcon_core.environment:checking '/home/akash/ros2_midterm_ws/install/fleet_action/bin'
[2.258s] Level 1:colcon.colcon_core.environment:checking '/home/akash/ros2_midterm_ws/install/fleet_action/lib/pkgconfig/fleet_action.pc'
[2.258s] Level 1:colcon.colcon_core.environment:checking '/home/akash/ros2_midterm_ws/install/fleet_action/lib/python3.10/site-packages'
[2.258s] Level 1:colcon.colcon_core.environment:checking '/home/akash/ros2_midterm_ws/install/fleet_action/bin'
[2.273s] INFO:colcon.colcon_core.shell:Creating package script '/home/akash/ros2_midterm_ws/install/fleet_action/share/fleet_action/package.ps1'
[2.274s] INFO:colcon.colcon_core.shell:Creating package descriptor '/home/akash/ros2_midterm_ws/install/fleet_action/share/fleet_action/package.dsv'
[2.275s] INFO:colcon.colcon_core.shell:Creating package script '/home/akash/ros2_midterm_ws/install/fleet_action/share/fleet_action/package.sh'
[2.275s] INFO:colcon.colcon_core.shell:Creating package script '/home/akash/ros2_midterm_ws/install/fleet_action/share/fleet_action/package.bash'
[2.276s] INFO:colcon.colcon_core.shell:Creating package script '/home/akash/ros2_midterm_ws/install/fleet_action/share/fleet_action/package.zsh'
[2.277s] Level 1:colcon.colcon_core.environment:create_file_with_runtime_dependencies(/home/akash/ros2_midterm_ws/install/fleet_action/share/colcon-core/packages/fleet_action)
[2.336s] Level 1:colcon.colcon_core.environment:create_environment_scripts_only(fleet_action)
[2.352s] Level 1:colcon.colcon_core.environment:checking '/home/akash/ros2_midterm_ws/install/fleet_action' for CMake module files
[2.352s] Level 1:colcon.colcon_core.environment:checking '/home/akash/ros2_midterm_ws/install/fleet_action' for CMake config files
[2.353s] Level 1:colcon.colcon_core.shell:create_environment_hook('fleet_action', 'cmake_prefix_path')
[2.368s] INFO:colcon.colcon_core.shell:Creating environment hook '/home/akash/ros2_midterm_ws/install/fleet_action/share/fleet_action/hook/cmake_prefix_path.ps1'
[2.368s] INFO:colcon.colcon_core.shell:Creating environment descriptor '/home/akash/ros2_midterm_ws/install/fleet_action/share/fleet_action/hook/cmake_prefix_path.dsv'
[2.369s] INFO:colcon.colcon_core.shell:Creating environment hook '/home/akash/ros2_midterm_ws/install/fleet_action/share/fleet_action/hook/cmake_prefix_path.sh'
[2.369s] Level 1:colcon.colcon_core.environment:checking '/home/akash/ros2_midterm_ws/install/fleet_action/lib'
[2.370s] Level 1:colcon.colcon_core.shell:create_environment_hook('fleet_action', 'ld_library_path_lib')
[2.385s] INFO:colcon.colcon_core.shell:Creating environment hook '/home/akash/ros2_midterm_ws/install/fleet_action/share/fleet_action/hook/ld_library_path_lib.ps1'
[2.385s] INFO:colcon.colcon_core.shell:Creating environment descriptor '/home/akash/ros2_midterm_ws/install/fleet_action/share/fleet_action/hook/ld_library_path_lib.dsv'
[2.386s] INFO:colcon.colcon_core.shell:Creating environment hook '/home/akash/ros2_midterm_ws/install/fleet_action/share/fleet_action/hook/ld_library_path_lib.sh'
[2.386s] Level 1:colcon.colcon_core.environment:checking '/home/akash/ros2_midterm_ws/install/fleet_action/bin'
[2.387s] Level 1:colcon.colcon_core.environment:checking '/home/akash/ros2_midterm_ws/install/fleet_action/lib/pkgconfig/fleet_action.pc'
[2.387s] Level 1:colcon.colcon_core.environment:checking '/home/akash/ros2_midterm_ws/install/fleet_action/lib/python3.10/site-packages'
[2.387s] Level 1:colcon.colcon_core.environment:checking '/home/akash/ros2_midterm_ws/install/fleet_action/bin'
[2.405s] INFO:colcon.colcon_core.shell:Creating package script '/home/akash/ros2_midterm_ws/install/fleet_action/share/fleet_action/package.ps1'
[2.405s] INFO:colcon.colcon_core.shell:Creating package descriptor '/home/akash/ros2_midterm_ws/install/fleet_action/share/fleet_action/package.dsv'
[2.406s] INFO:colcon.colcon_core.shell:Creating package script '/home/akash/ros2_midterm_ws/install/fleet_action/share/fleet_action/package.sh'
[2.407s] INFO:colcon.colcon_core.shell:Creating package script '/home/akash/ros2_midterm_ws/install/fleet_action/share/fleet_action/package.bash'
[2.407s] INFO:colcon.colcon_core.shell:Creating package script '/home/akash/ros2_midterm_ws/install/fleet_action/share/fleet_action/package.zsh'
[2.408s] Level 1:colcon.colcon_core.environment:create_file_with_runtime_dependencies(/home/akash/ros2_midterm_ws/install/fleet_action/share/colcon-core/packages/fleet_action)
[2.436s] DEBUG:colcon.colcon_core.event_handler.log_command:Invoking command in '/home/akash/ros2_midterm_ws/src/fleet_management': PYTHONPATH=/home/akash/ros2_midterm_ws/build/fleet_management/prefix_override:/home/akash/ros2_midterm_ws/install/fleet_management/lib/python3.10/site-packages:${PYTHONPATH} /usr/bin/python3 setup.py egg_info --egg-base ../../build/fleet_management build --build-base /home/akash/ros2_midterm_ws/build/fleet_management/build install --record /home/akash/ros2_midterm_ws/build/fleet_management/install.log --single-version-externally-managed
[2.732s] DEBUG:colcon.colcon_core.event_handler.log_command:Invoked command in '/home/akash/ros2_midterm_ws/src/fleet_management' returned '0': PYTHONPATH=/home/akash/ros2_midterm_ws/build/fleet_management/prefix_override:/home/akash/ros2_midterm_ws/install/fleet_management/lib/python3.10/site-packages:${PYTHONPATH} /usr/bin/python3 setup.py egg_info --egg-base ../../build/fleet_management build --build-base /home/akash/ros2_midterm_ws/build/fleet_management/build install --record /home/akash/ros2_midterm_ws/build/fleet_management/install.log --single-version-externally-managed
[2.747s] Level 1:colcon.colcon_core.environment:checking '/home/akash/ros2_midterm_ws/install/fleet_management' for CMake module files
[2.748s] Level 1:colcon.colcon_core.environment:checking '/home/akash/ros2_midterm_ws/install/fleet_management' for CMake config files
[2.748s] Level 1:colcon.colcon_core.environment:checking '/home/akash/ros2_midterm_ws/install/fleet_management/lib'
[2.748s] Level 1:colcon.colcon_core.environment:checking '/home/akash/ros2_midterm_ws/install/fleet_management/bin'
[2.749s] Level 1:colcon.colcon_core.environment:checking '/home/akash/ros2_midterm_ws/install/fleet_management/lib/pkgconfig/fleet_management.pc'
[2.749s] Level 1:colcon.colcon_core.environment:checking '/home/akash/ros2_midterm_ws/install/fleet_management/lib/python3.10/site-packages'
[2.749s] Level 1:colcon.colcon_core.shell:create_environment_hook('fleet_management', 'pythonpath')
[2.764s] INFO:colcon.colcon_core.shell:Creating environment hook '/home/akash/ros2_midterm_ws/install/fleet_management/share/fleet_management/hook/pythonpath.ps1'
[2.764s] INFO:colcon.colcon_core.shell:Creating environment descriptor '/home/akash/ros2_midterm_ws/install/fleet_management/share/fleet_management/hook/pythonpath.dsv'
[2.765s] INFO:colcon.colcon_core.shell:Creating environment hook '/home/akash/ros2_midterm_ws/install/fleet_management/share/fleet_management/hook/pythonpath.sh'
[2.765s] Level 1:colcon.colcon_core.environment:checking '/home/akash/ros2_midterm_ws/install/fleet_management/bin'
[2.765s] Level 1:colcon.colcon_core.environment:create_environment_scripts_only(fleet_management)
[2.780s] INFO:colcon.colcon_core.shell:Creating package script '/home/akash/ros2_midterm_ws/install/fleet_management/share/fleet_management/package.ps1'
[2.781s] INFO:colcon.colcon_core.shell:Creating package descriptor '/home/akash/ros2_midterm_ws/install/fleet_management/share/fleet_management/package.dsv'
[2.781s] INFO:colcon.colcon_core.shell:Creating package script '/home/akash/ros2_midterm_ws/install/fleet_management/share/fleet_management/package.sh'
[2.782s] INFO:colcon.colcon_core.shell:Creating package script '/home/akash/ros2_midterm_ws/install/fleet_management/share/fleet_management/package.bash'
[2.782s] INFO:colcon.colcon_core.shell:Creating package script '/home/akash/ros2_midterm_ws/install/fleet_management/share/fleet_management/package.zsh'
[2.783s] Level 1:colcon.colcon_core.environment:create_file_with_runtime_dependencies(/home/akash/ros2_midterm_ws/install/fleet_management/share/colcon-core/packages/fleet_management)
[2.783s] DEBUG:colcon.colcon_parallel_executor.executor.parallel:closing loop
[2.784s] DEBUG:colcon.colcon_parallel_executor.executor.parallel:loop closed
[2.784s] DEBUG:colcon.colcon_parallel_executor.executor.parallel:run_until_complete finished with '0'
[2.784s] DEBUG:colcon.colcon_core.event_reactor:joining thread
[2.895s] INFO:colcon.colcon_core.plugin_system:Skipping extension 'colcon_notification.desktop_notification.notify_send': Could not find 'notify-send'
[2.895s] INFO:colcon.colcon_core.plugin_system:Skipping extension 'colcon_notification.desktop_notification.terminal_notifier': Not used on non-Darwin systems
[2.895s] INFO:colcon.colcon_core.plugin_system:Skipping extension 'colcon_notification.desktop_notification.win32': Not used on non-Windows systems
[2.895s] INFO:colcon.colcon_notification.desktop_notification:Sending desktop notification using 'notify2'
[2.897s] DEBUG:colcon.colcon_notification.desktop_notification.notify2:Failed to initialize notify2: org.freedesktop.DBus.Error.ServiceUnknown: The name org.freedesktop.Notifications was not provided by any .service files
[2.897s] DEBUG:colcon.colcon_core.event_reactor:joined thread
[2.913s] INFO:colcon.colcon_core.shell:Creating prefix script '/home/akash/ros2_midterm_ws/install/local_setup.ps1'
[2.914s] INFO:colcon.colcon_core.shell:Creating prefix util module '/home/akash/ros2_midterm_ws/install/_local_setup_util_ps1.py'
[2.916s] INFO:colcon.colcon_core.shell:Creating prefix chain script '/home/akash/ros2_midterm_ws/install/setup.ps1'
[2.932s] INFO:colcon.colcon_core.shell:Creating prefix script '/home/akash/ros2_midterm_ws/install/local_setup.sh'
[2.932s] INFO:colcon.colcon_core.shell:Creating prefix util module '/home/akash/ros2_midterm_ws/install/_local_setup_util_sh.py'
[2.933s] INFO:colcon.colcon_core.shell:Creating prefix chain script '/home/akash/ros2_midterm_ws/install/setup.sh'
[2.949s] INFO:colcon.colcon_core.shell:Creating prefix script '/home/akash/ros2_midterm_ws/install/local_setup.bash'
[2.949s] INFO:colcon.colcon_core.shell:Creating prefix chain script '/home/akash/ros2_midterm_ws/install/setup.bash'
[2.965s] INFO:colcon.colcon_core.shell:Creating prefix script '/home/akash/ros2_midterm_ws/install/local_setup.zsh'
[2.965s] INFO:colcon.colcon_core.shell:Creating prefix chain script '/home/akash/ros2_midterm_ws/install/setup.zsh'
