[1.964s] DEBUG:colcon:Command line arguments: ['/usr/bin/colcon', 'build']
[1.964s] DEBUG:colcon:Parsed command line arguments: Namespace(log_base=None, log_level=None, verb_name='build', build_base='build', install_base='install', merge_install=False, symlink_install=False, test_result_base=None, continue_on_error=False, executor='parallel', parallel_workers=12, event_handlers=None, ignore_user_meta=False, metas=['./colcon.meta'], base_paths=['.'], packages_ignore=None, packages_ignore_regex=None, paths=None, packages_up_to=None, packages_up_to_regex=None, packages_above=None, packages_above_and_dependencies=None, packages_above_depth=None, packages_select_by_dep=None, packages_skip_by_dep=None, packages_skip_up_to=None, packages_select_build_failed=False, packages_skip_build_finished=False, packages_select_test_failures=False, packages_skip_test_passed=False, packages_select=None, packages_skip=None, packages_select_regex=None, packages_skip_regex=None, packages_start=None, packages_end=None, allow_overriding=[], cmake_args=None, cmake_target=None, cmake_target_skip_unavailable=False, cmake_clean_cache=False, cmake_clean_first=False, cmake_force_configure=False, ament_cmake_args=None, catkin_cmake_args=None, catkin_skip_building_tests=False, verb_parser=<colcon_defaults.argument_parser.defaults.DefaultArgumentsDecorator object at 0x7fb6a3949270>, verb_extension=<colcon_core.verb.build.BuildVerb object at 0x7fb6a394ae30>, main=<bound method BuildVerb.main of <colcon_core.verb.build.BuildVerb object at 0x7fb6a394ae30>>)
[2.038s] Level 1:colcon.colcon_core.package_discovery:discover_packages(colcon_meta) check parameters
[2.038s] Level 1:colcon.colcon_core.package_discovery:discover_packages(recursive) check parameters
[2.038s] Level 1:colcon.colcon_core.package_discovery:discover_packages(ignore) check parameters
[2.038s] Level 1:colcon.colcon_core.package_discovery:discover_packages(path) check parameters
[2.038s] Level 1:colcon.colcon_core.package_discovery:discover_packages(colcon_meta) discover
[2.038s] Level 1:colcon.colcon_core.package_discovery:discover_packages(recursive) discover
[2.038s] INFO:colcon.colcon_core.package_discovery:Crawling recursively for packages in '/home/akash/w7_ws'
[2.039s] Level 1:colcon.colcon_core.package_identification:_identify(.) by extensions ['ignore', 'ignore_ament_install']
[2.039s] Level 1:colcon.colcon_core.package_identification:_identify(.) by extension 'ignore'
[2.039s] Level 1:colcon.colcon_core.package_identification:_identify(.) by extension 'ignore_ament_install'
[2.039s] Level 1:colcon.colcon_core.package_identification:_identify(.) by extensions ['colcon_pkg']
[2.039s] Level 1:colcon.colcon_core.package_identification:_identify(.) by extension 'colcon_pkg'
[2.039s] Level 1:colcon.colcon_core.package_identification:_identify(.) by extensions ['colcon_meta']
[2.039s] Level 1:colcon.colcon_core.package_identification:_identify(.) by extension 'colcon_meta'
[2.039s] Level 1:colcon.colcon_core.package_identification:_identify(.) by extensions ['ros']
[2.039s] Level 1:colcon.colcon_core.package_identification:_identify(.) by extension 'ros'
[2.059s] Level 1:colcon.colcon_core.package_identification:_identify(.) by extensions ['cmake', 'python']
[2.059s] Level 1:colcon.colcon_core.package_identification:_identify(.) by extension 'cmake'
[2.059s] Level 1:colcon.colcon_core.package_identification:_identify(.) by extension 'python'
[2.059s] Level 1:colcon.colcon_core.package_identification:_identify(.) by extensions ['python_setup_py']
[2.059s] Level 1:colcon.colcon_core.package_identification:_identify(.) by extension 'python_setup_py'
[2.059s] Level 1:colcon.colcon_core.package_identification:_identify(build) by extensions ['ignore', 'ignore_ament_install']
[2.060s] Level 1:colcon.colcon_core.package_identification:_identify(build) by extension 'ignore'
[2.060s] Level 1:colcon.colcon_core.package_identification:_identify(build) ignored
[2.060s] Level 1:colcon.colcon_core.package_identification:_identify(install) by extensions ['ignore', 'ignore_ament_install']
[2.060s] Level 1:colcon.colcon_core.package_identification:_identify(install) by extension 'ignore'
[2.060s] Level 1:colcon.colcon_core.package_identification:_identify(install) ignored
[2.060s] Level 1:colcon.colcon_core.package_identification:_identify(log) by extensions ['ignore', 'ignore_ament_install']
[2.060s] Level 1:colcon.colcon_core.package_identification:_identify(log) by extension 'ignore'
[2.060s] Level 1:colcon.colcon_core.package_identification:_identify(log) ignored
[2.061s] Level 1:colcon.colcon_core.package_identification:_identify(src) by extensions ['ignore', 'ignore_ament_install']
[2.061s] Level 1:colcon.colcon_core.package_identification:_identify(src) by extension 'ignore'
[2.061s] Level 1:colcon.colcon_core.package_identification:_identify(src) by extension 'ignore_ament_install'
[2.061s] Level 1:colcon.colcon_core.package_identification:_identify(src) by extensions ['colcon_pkg']
[2.061s] Level 1:colcon.colcon_core.package_identification:_identify(src) by extension 'colcon_pkg'
[2.061s] Level 1:colcon.colcon_core.package_identification:_identify(src) by extensions ['colcon_meta']
[2.061s] Level 1:colcon.colcon_core.package_identification:_identify(src) by extension 'colcon_meta'
[2.061s] Level 1:colcon.colcon_core.package_identification:_identify(src) by extensions ['ros']
[2.061s] Level 1:colcon.colcon_core.package_identification:_identify(src) by extension 'ros'
[2.061s] Level 1:colcon.colcon_core.package_identification:_identify(src) by extensions ['cmake', 'python']
[2.061s] Level 1:colcon.colcon_core.package_identification:_identify(src) by extension 'cmake'
[2.062s] Level 1:colcon.colcon_core.package_identification:_identify(src) by extension 'python'
[2.062s] Level 1:colcon.colcon_core.package_identification:_identify(src) by extensions ['python_setup_py']
[2.062s] Level 1:colcon.colcon_core.package_identification:_identify(src) by extension 'python_setup_py'
[2.062s] Level 1:colcon.colcon_core.package_identification:_identify(src/action_tutorials_interfaces) by extensions ['ignore', 'ignore_ament_install']
[2.062s] Level 1:colcon.colcon_core.package_identification:_identify(src/action_tutorials_interfaces) by extension 'ignore'
[2.062s] Level 1:colcon.colcon_core.package_identification:_identify(src/action_tutorials_interfaces) by extension 'ignore_ament_install'
[2.062s] Level 1:colcon.colcon_core.package_identification:_identify(src/action_tutorials_interfaces) by extensions ['colcon_pkg']
[2.062s] Level 1:colcon.colcon_core.package_identification:_identify(src/action_tutorials_interfaces) by extension 'colcon_pkg'
[2.062s] Level 1:colcon.colcon_core.package_identification:_identify(src/action_tutorials_interfaces) by extensions ['colcon_meta']
[2.062s] Level 1:colcon.colcon_core.package_identification:_identify(src/action_tutorials_interfaces) by extension 'colcon_meta'
[2.063s] Level 1:colcon.colcon_core.package_identification:_identify(src/action_tutorials_interfaces) by extensions ['ros']
[2.063s] Level 1:colcon.colcon_core.package_identification:_identify(src/action_tutorials_interfaces) by extension 'ros'
[2.066s] DEBUG:colcon.colcon_core.package_identification:Package 'src/action_tutorials_interfaces' with type 'ros.ament_cmake' and name 'action_tutorials_interfaces'
[2.067s] Level 1:colcon.colcon_core.package_identification:_identify(src/build) by extensions ['ignore', 'ignore_ament_install']
[2.067s] Level 1:colcon.colcon_core.package_identification:_identify(src/build) by extension 'ignore'
[2.067s] Level 1:colcon.colcon_core.package_identification:_identify(src/build) ignored
[2.067s] Level 1:colcon.colcon_core.package_identification:_identify(src/distance_travel) by extensions ['ignore', 'ignore_ament_install']
[2.067s] Level 1:colcon.colcon_core.package_identification:_identify(src/distance_travel) by extension 'ignore'
[2.067s] Level 1:colcon.colcon_core.package_identification:_identify(src/distance_travel) by extension 'ignore_ament_install'
[2.067s] Level 1:colcon.colcon_core.package_identification:_identify(src/distance_travel) by extensions ['colcon_pkg']
[2.067s] Level 1:colcon.colcon_core.package_identification:_identify(src/distance_travel) by extension 'colcon_pkg'
[2.068s] Level 1:colcon.colcon_core.package_identification:_identify(src/distance_travel) by extensions ['colcon_meta']
[2.068s] Level 1:colcon.colcon_core.package_identification:_identify(src/distance_travel) by extension 'colcon_meta'
[2.068s] Level 1:colcon.colcon_core.package_identification:_identify(src/distance_travel) by extensions ['ros']
[2.068s] Level 1:colcon.colcon_core.package_identification:_identify(src/distance_travel) by extension 'ros'
[2.069s] DEBUG:colcon.colcon_core.package_identification:Package 'src/distance_travel' with type 'ros.ament_python' and name 'distance_travel'
[2.069s] Level 1:colcon.colcon_core.package_identification:_identify(src/install) by extensions ['ignore', 'ignore_ament_install']
[2.069s] Level 1:colcon.colcon_core.package_identification:_identify(src/install) by extension 'ignore'
[2.069s] Level 1:colcon.colcon_core.package_identification:_identify(src/install) ignored
[2.070s] Level 1:colcon.colcon_core.package_identification:_identify(src/log) by extensions ['ignore', 'ignore_ament_install']
[2.070s] Level 1:colcon.colcon_core.package_identification:_identify(src/log) by extension 'ignore'
[2.070s] Level 1:colcon.colcon_core.package_identification:_identify(src/log) ignored
[2.070s] Level 1:colcon.colcon_core.package_discovery:discover_packages(recursive) using defaults
[2.070s] Level 1:colcon.colcon_core.package_discovery:discover_packages(ignore) discover
[2.070s] Level 1:colcon.colcon_core.package_discovery:discover_packages(ignore) using defaults
[2.070s] Level 1:colcon.colcon_core.package_discovery:discover_packages(path) discover
[2.070s] Level 1:colcon.colcon_core.package_discovery:discover_packages(path) using defaults
[2.207s] Level 1:colcon.colcon_core.package_discovery:discover_packages(prefix_path) check parameters
[2.207s] Level 1:colcon.colcon_core.package_discovery:discover_packages(prefix_path) discover
[2.230s] WARNING:colcon.colcon_ros.prefix_path.ament:The path '/home/akash/w7_ws/install/action_tutorials_interfaces' in the environment variable AMENT_PREFIX_PATH doesn't exist
[2.230s] WARNING:colcon.colcon_ros.prefix_path.ament:The path '/home/akash/w7_ws/install/distance_travel' in the environment variable AMENT_PREFIX_PATH doesn't exist
[2.230s] WARNING:colcon.colcon_ros.prefix_path.ament:The path '/home/akash/w7_ws/install/action_pkg' in the environment variable AMENT_PREFIX_PATH doesn't exist
[2.230s] WARNING:colcon.colcon_ros.prefix_path.catkin:The path '/home/akash/w7_ws/install/action_tutorials_interfaces' in the environment variable CMAKE_PREFIX_PATH doesn't exist
[2.230s] WARNING:colcon.colcon_ros.prefix_path.catkin:The path '/home/akash/w7_ws/install/action_pkg' in the environment variable CMAKE_PREFIX_PATH doesn't exist
[2.252s] DEBUG:colcon.colcon_installed_package_information.package_discovery:Found 0 installed packages in /home/akash/w7_ws/install
[2.274s] DEBUG:colcon.colcon_installed_package_information.package_discovery:Found 1 installed packages in /home/akash/ros_ws/install
[2.296s] DEBUG:colcon.colcon_installed_package_information.package_discovery:Found 270 installed packages in /opt/ros/humble
[2.299s] Level 1:colcon.colcon_core.package_discovery:discover_packages(prefix_path) using defaults
[2.419s] WARNING:colcon.colcon_core.package_selection:Some selected packages are already built in one or more underlay workspaces:
	'action_tutorials_interfaces' is in: /opt/ros/humble
If a package in a merged underlay workspace is overridden and it installs headers, then all packages in the overlay must sort their include directories by workspace order. Failure to do so may result in build failures or undefined behavior at run time.
If the overridden package is used by another package in any underlay, then the overriding package in the overlay must be API and ABI compatible or undefined behavior at run time may occur.

If you understand the risks and want to override a package anyways, add the following to the command line:
	--allow-overriding action_tutorials_interfaces

This may be promoted to an error in a future release of colcon-override-check.
[2.441s] Level 5:colcon.colcon_core.verb:set package 'action_tutorials_interfaces' build argument 'cmake_args' from command line to 'None'
[2.441s] Level 5:colcon.colcon_core.verb:set package 'action_tutorials_interfaces' build argument 'cmake_target' from command line to 'None'
[2.441s] Level 5:colcon.colcon_core.verb:set package 'action_tutorials_interfaces' build argument 'cmake_target_skip_unavailable' from command line to 'False'
[2.441s] Level 5:colcon.colcon_core.verb:set package 'action_tutorials_interfaces' build argument 'cmake_clean_cache' from command line to 'False'
[2.441s] Level 5:colcon.colcon_core.verb:set package 'action_tutorials_interfaces' build argument 'cmake_clean_first' from command line to 'False'
[2.442s] Level 5:colcon.colcon_core.verb:set package 'action_tutorials_interfaces' build argument 'cmake_force_configure' from command line to 'False'
[2.442s] Level 5:colcon.colcon_core.verb:set package 'action_tutorials_interfaces' build argument 'ament_cmake_args' from command line to 'None'
[2.442s] Level 5:colcon.colcon_core.verb:set package 'action_tutorials_interfaces' build argument 'catkin_cmake_args' from command line to 'None'
[2.442s] Level 5:colcon.colcon_core.verb:set package 'action_tutorials_interfaces' build argument 'catkin_skip_building_tests' from command line to 'False'
[2.442s] DEBUG:colcon.colcon_core.verb:Building package 'action_tutorials_interfaces' with the following arguments: {'ament_cmake_args': None, 'build_base': '/home/akash/w7_ws/build/action_tutorials_interfaces', 'catkin_cmake_args': None, 'catkin_skip_building_tests': False, 'cmake_args': None, 'cmake_clean_cache': False, 'cmake_clean_first': False, 'cmake_force_configure': False, 'cmake_target': None, 'cmake_target_skip_unavailable': False, 'install_base': '/home/akash/w7_ws/install/action_tutorials_interfaces', 'merge_install': False, 'path': '/home/akash/w7_ws/src/action_tutorials_interfaces', 'symlink_install': False, 'test_result_base': None}
[2.464s] Level 5:colcon.colcon_core.verb:set package 'distance_travel' build argument 'cmake_args' from command line to 'None'
[2.464s] Level 5:colcon.colcon_core.verb:set package 'distance_travel' build argument 'cmake_target' from command line to 'None'
[2.464s] Level 5:colcon.colcon_core.verb:set package 'distance_travel' build argument 'cmake_target_skip_unavailable' from command line to 'False'
[2.465s] Level 5:colcon.colcon_core.verb:set package 'distance_travel' build argument 'cmake_clean_cache' from command line to 'False'
[2.465s] Level 5:colcon.colcon_core.verb:set package 'distance_travel' build argument 'cmake_clean_first' from command line to 'False'
[2.465s] Level 5:colcon.colcon_core.verb:set package 'distance_travel' build argument 'cmake_force_configure' from command line to 'False'
[2.465s] Level 5:colcon.colcon_core.verb:set package 'distance_travel' build argument 'ament_cmake_args' from command line to 'None'
[2.465s] Level 5:colcon.colcon_core.verb:set package 'distance_travel' build argument 'catkin_cmake_args' from command line to 'None'
[2.465s] Level 5:colcon.colcon_core.verb:set package 'distance_travel' build argument 'catkin_skip_building_tests' from command line to 'False'
[2.465s] DEBUG:colcon.colcon_core.verb:Building package 'distance_travel' with the following arguments: {'ament_cmake_args': None, 'build_base': '/home/akash/w7_ws/build/distance_travel', 'catkin_cmake_args': None, 'catkin_skip_building_tests': False, 'cmake_args': None, 'cmake_clean_cache': False, 'cmake_clean_first': False, 'cmake_force_configure': False, 'cmake_target': None, 'cmake_target_skip_unavailable': False, 'install_base': '/home/akash/w7_ws/install/distance_travel', 'merge_install': False, 'path': '/home/akash/w7_ws/src/distance_travel', 'symlink_install': False, 'test_result_base': None}
[2.487s] INFO:colcon.colcon_core.executor:Executing jobs using 'parallel' executor
[2.510s] DEBUG:colcon.colcon_parallel_executor.executor.parallel:run_until_complete
[2.510s] INFO:colcon.colcon_ros.task.ament_cmake.build:Building ROS package in '/home/akash/w7_ws/src/action_tutorials_interfaces' with build type 'ament_cmake'
[2.511s] INFO:colcon.colcon_cmake.task.cmake.build:Building CMake package in '/home/akash/w7_ws/src/action_tutorials_interfaces'
[2.535s] INFO:colcon.colcon_core.plugin_system:Skipping extension 'colcon_core.shell.bat': Not used on non-Windows systems
[2.535s] INFO:colcon.colcon_core.shell:Skip shell extension 'powershell' for command environment: Not usable outside of PowerShell
[2.535s] DEBUG:colcon.colcon_core.shell:Skip shell extension 'dsv' for command environment
[2.625s] INFO:colcon.colcon_ros.task.ament_python.build:Building ROS package in '/home/akash/w7_ws/src/distance_travel' with build type 'ament_python'
[2.625s] Level 1:colcon.colcon_core.shell:create_environment_hook('distance_travel', 'ament_prefix_path')
[2.648s] INFO:colcon.colcon_core.shell:Creating environment hook '/home/akash/w7_ws/install/distance_travel/share/distance_travel/hook/ament_prefix_path.ps1'
[2.650s] INFO:colcon.colcon_core.shell:Creating environment descriptor '/home/akash/w7_ws/install/distance_travel/share/distance_travel/hook/ament_prefix_path.dsv'
[2.650s] INFO:colcon.colcon_core.shell:Creating environment hook '/home/akash/w7_ws/install/distance_travel/share/distance_travel/hook/ament_prefix_path.sh'
[2.673s] INFO:colcon.colcon_core.shell:Skip shell extension 'powershell' for command environment: Not usable outside of PowerShell
[2.673s] DEBUG:colcon.colcon_core.shell:Skip shell extension 'dsv' for command environment
[2.769s] DEBUG:colcon.colcon_core.event_handler.log_command:Invoking command in '/home/akash/w7_ws/build/action_tutorials_interfaces': CMAKE_PREFIX_PATH=${CMAKE_PREFIX_PATH}:/home/akash/w7_ws/install/distance_travel:/home/akash/ros_ws/install/distance_travel:/opt/ros/humble /usr/bin/cmake /home/akash/w7_ws/src/action_tutorials_interfaces -DCMAKE_INSTALL_PREFIX=/home/akash/w7_ws/install/action_tutorials_interfaces
[3.249s] WARNING:colcon.colcon_ros.task.ament_python.build:Package 'distance_travel' doesn't explicitly install a marker in the package index (colcon-ros currently does it implicitly but that fallback will be removed in the future)
[3.250s] WARNING:colcon.colcon_ros.task.ament_python.build:Package 'distance_travel' doesn't explicitly install the 'package.xml' file (colcon-ros currently does it implicitly but that fallback will be removed in the future)
[3.251s] INFO:colcon.colcon_core.task.python.build:Building Python package in '/home/akash/w7_ws/src/distance_travel'
[3.272s] INFO:colcon.colcon_core.shell:Skip shell extension 'powershell' for command environment: Not usable outside of PowerShell
[3.272s] DEBUG:colcon.colcon_core.shell:Skip shell extension 'dsv' for command environment
[3.866s] DEBUG:colcon.colcon_core.event_handler.log_command:Invoking command in '/home/akash/w7_ws/src/distance_travel': PYTHONPATH=/home/akash/w7_ws/build/distance_travel/prefix_override:/home/akash/w7_ws/install/distance_travel/lib/python3.10/site-packages:${PYTHONPATH} /usr/bin/python3 setup.py egg_info --egg-base ../../build/distance_travel build --build-base /home/akash/w7_ws/build/distance_travel/build install --record /home/akash/w7_ws/build/distance_travel/install.log --single-version-externally-managed
[4.317s] DEBUG:colcon.colcon_core.event_handler.log_command:Invoked command in '/home/akash/w7_ws/src/distance_travel' returned '0': PYTHONPATH=/home/akash/w7_ws/build/distance_travel/prefix_override:/home/akash/w7_ws/install/distance_travel/lib/python3.10/site-packages:${PYTHONPATH} /usr/bin/python3 setup.py egg_info --egg-base ../../build/distance_travel build --build-base /home/akash/w7_ws/build/distance_travel/build install --record /home/akash/w7_ws/build/distance_travel/install.log --single-version-externally-managed
[4.343s] Level 1:colcon.colcon_core.environment:checking '/home/akash/w7_ws/install/distance_travel' for CMake module files
[4.344s] Level 1:colcon.colcon_core.environment:checking '/home/akash/w7_ws/install/distance_travel' for CMake config files
[4.345s] Level 1:colcon.colcon_core.environment:checking '/home/akash/w7_ws/install/distance_travel/lib'
[4.345s] Level 1:colcon.colcon_core.environment:checking '/home/akash/w7_ws/install/distance_travel/bin'
[4.345s] Level 1:colcon.colcon_core.environment:checking '/home/akash/w7_ws/install/distance_travel/lib/pkgconfig/distance_travel.pc'
[4.346s] Level 1:colcon.colcon_core.environment:checking '/home/akash/w7_ws/install/distance_travel/lib/python3.10/site-packages'
[4.346s] Level 1:colcon.colcon_core.shell:create_environment_hook('distance_travel', 'pythonpath')
[4.368s] INFO:colcon.colcon_core.shell:Creating environment hook '/home/akash/w7_ws/install/distance_travel/share/distance_travel/hook/pythonpath.ps1'
[4.369s] INFO:colcon.colcon_core.shell:Creating environment descriptor '/home/akash/w7_ws/install/distance_travel/share/distance_travel/hook/pythonpath.dsv'
[4.369s] INFO:colcon.colcon_core.shell:Creating environment hook '/home/akash/w7_ws/install/distance_travel/share/distance_travel/hook/pythonpath.sh'
[4.370s] Level 1:colcon.colcon_core.environment:checking '/home/akash/w7_ws/install/distance_travel/bin'
[4.370s] Level 1:colcon.colcon_core.environment:create_environment_scripts_only(distance_travel)
[4.393s] INFO:colcon.colcon_core.shell:Creating package script '/home/akash/w7_ws/install/distance_travel/share/distance_travel/package.ps1'
[4.394s] INFO:colcon.colcon_core.shell:Creating package descriptor '/home/akash/w7_ws/install/distance_travel/share/distance_travel/package.dsv'
[4.395s] INFO:colcon.colcon_core.shell:Creating package script '/home/akash/w7_ws/install/distance_travel/share/distance_travel/package.sh'
[4.396s] INFO:colcon.colcon_core.shell:Creating package script '/home/akash/w7_ws/install/distance_travel/share/distance_travel/package.bash'
[4.397s] INFO:colcon.colcon_core.shell:Creating package script '/home/akash/w7_ws/install/distance_travel/share/distance_travel/package.zsh'
[4.398s] Level 1:colcon.colcon_core.environment:create_file_with_runtime_dependencies(/home/akash/w7_ws/install/distance_travel/share/colcon-core/packages/distance_travel)
[14.958s] DEBUG:colcon.colcon_core.event_handler.log_command:Invoked command in '/home/akash/w7_ws/build/action_tutorials_interfaces' returned '0': CMAKE_PREFIX_PATH=${CMAKE_PREFIX_PATH}:/home/akash/w7_ws/install/distance_travel:/home/akash/ros_ws/install/distance_travel:/opt/ros/humble /usr/bin/cmake /home/akash/w7_ws/src/action_tutorials_interfaces -DCMAKE_INSTALL_PREFIX=/home/akash/w7_ws/install/action_tutorials_interfaces
[14.961s] DEBUG:colcon.colcon_core.event_handler.log_command:Invoking command in '/home/akash/w7_ws/build/action_tutorials_interfaces': CMAKE_PREFIX_PATH=${CMAKE_PREFIX_PATH}:/home/akash/w7_ws/install/distance_travel:/home/akash/ros_ws/install/distance_travel:/opt/ros/humble /usr/bin/cmake --build /home/akash/w7_ws/build/action_tutorials_interfaces -- -j12 -l12
[21.858s] DEBUG:colcon.colcon_core.event_handler.log_command:Invoked command in '/home/akash/w7_ws/build/action_tutorials_interfaces' returned '0': CMAKE_PREFIX_PATH=${CMAKE_PREFIX_PATH}:/home/akash/w7_ws/install/distance_travel:/home/akash/ros_ws/install/distance_travel:/opt/ros/humble /usr/bin/cmake --build /home/akash/w7_ws/build/action_tutorials_interfaces -- -j12 -l12
[21.971s] DEBUG:colcon.colcon_core.event_handler.log_command:Invoking command in '/home/akash/w7_ws/build/action_tutorials_interfaces': CMAKE_PREFIX_PATH=${CMAKE_PREFIX_PATH}:/home/akash/w7_ws/install/distance_travel:/home/akash/ros_ws/install/distance_travel:/opt/ros/humble /usr/bin/cmake --install /home/akash/w7_ws/build/action_tutorials_interfaces
[22.098s] Level 1:colcon.colcon_core.environment:create_environment_scripts_only(action_tutorials_interfaces)
[22.100s] DEBUG:colcon.colcon_core.event_handler.log_command:Invoked command in '/home/akash/w7_ws/build/action_tutorials_interfaces' returned '0': CMAKE_PREFIX_PATH=${CMAKE_PREFIX_PATH}:/home/akash/w7_ws/install/distance_travel:/home/akash/ros_ws/install/distance_travel:/opt/ros/humble /usr/bin/cmake --install /home/akash/w7_ws/build/action_tutorials_interfaces
[22.122s] Level 1:colcon.colcon_core.environment:checking '/home/akash/w7_ws/install/action_tutorials_interfaces' for CMake module files
[22.123s] Level 1:colcon.colcon_core.environment:checking '/home/akash/w7_ws/install/action_tutorials_interfaces' for CMake config files
[22.123s] Level 1:colcon.colcon_core.shell:create_environment_hook('action_tutorials_interfaces', 'cmake_prefix_path')
[22.144s] INFO:colcon.colcon_core.shell:Creating environment hook '/home/akash/w7_ws/install/action_tutorials_interfaces/share/action_tutorials_interfaces/hook/cmake_prefix_path.ps1'
[22.145s] INFO:colcon.colcon_core.shell:Creating environment descriptor '/home/akash/w7_ws/install/action_tutorials_interfaces/share/action_tutorials_interfaces/hook/cmake_prefix_path.dsv'
[22.146s] INFO:colcon.colcon_core.shell:Creating environment hook '/home/akash/w7_ws/install/action_tutorials_interfaces/share/action_tutorials_interfaces/hook/cmake_prefix_path.sh'
[22.147s] Level 1:colcon.colcon_core.environment:checking '/home/akash/w7_ws/install/action_tutorials_interfaces/lib'
[22.147s] Level 1:colcon.colcon_core.shell:create_environment_hook('action_tutorials_interfaces', 'ld_library_path_lib')
[22.168s] INFO:colcon.colcon_core.shell:Creating environment hook '/home/akash/w7_ws/install/action_tutorials_interfaces/share/action_tutorials_interfaces/hook/ld_library_path_lib.ps1'
[22.168s] INFO:colcon.colcon_core.shell:Creating environment descriptor '/home/akash/w7_ws/install/action_tutorials_interfaces/share/action_tutorials_interfaces/hook/ld_library_path_lib.dsv'
[22.169s] INFO:colcon.colcon_core.shell:Creating environment hook '/home/akash/w7_ws/install/action_tutorials_interfaces/share/action_tutorials_interfaces/hook/ld_library_path_lib.sh'
[22.169s] Level 1:colcon.colcon_core.environment:checking '/home/akash/w7_ws/install/action_tutorials_interfaces/bin'
[22.170s] Level 1:colcon.colcon_core.environment:checking '/home/akash/w7_ws/install/action_tutorials_interfaces/lib/pkgconfig/action_tutorials_interfaces.pc'
[22.170s] Level 1:colcon.colcon_core.environment:checking '/home/akash/w7_ws/install/action_tutorials_interfaces/lib/python3.10/site-packages'
[22.170s] Level 1:colcon.colcon_core.environment:checking '/home/akash/w7_ws/install/action_tutorials_interfaces/bin'
[22.191s] INFO:colcon.colcon_core.shell:Creating package script '/home/akash/w7_ws/install/action_tutorials_interfaces/share/action_tutorials_interfaces/package.ps1'
[22.192s] INFO:colcon.colcon_core.shell:Creating package descriptor '/home/akash/w7_ws/install/action_tutorials_interfaces/share/action_tutorials_interfaces/package.dsv'
[22.193s] INFO:colcon.colcon_core.shell:Creating package script '/home/akash/w7_ws/install/action_tutorials_interfaces/share/action_tutorials_interfaces/package.sh'
[22.194s] INFO:colcon.colcon_core.shell:Creating package script '/home/akash/w7_ws/install/action_tutorials_interfaces/share/action_tutorials_interfaces/package.bash'
[22.194s] INFO:colcon.colcon_core.shell:Creating package script '/home/akash/w7_ws/install/action_tutorials_interfaces/share/action_tutorials_interfaces/package.zsh'
[22.195s] Level 1:colcon.colcon_core.environment:create_file_with_runtime_dependencies(/home/akash/w7_ws/install/action_tutorials_interfaces/share/colcon-core/packages/action_tutorials_interfaces)
[22.318s] Level 1:colcon.colcon_core.environment:create_environment_scripts_only(action_tutorials_interfaces)
[22.340s] Level 1:colcon.colcon_core.environment:checking '/home/akash/w7_ws/install/action_tutorials_interfaces' for CMake module files
[22.341s] Level 1:colcon.colcon_core.environment:checking '/home/akash/w7_ws/install/action_tutorials_interfaces' for CMake config files
[22.341s] Level 1:colcon.colcon_core.shell:create_environment_hook('action_tutorials_interfaces', 'cmake_prefix_path')
[22.362s] INFO:colcon.colcon_core.shell:Creating environment hook '/home/akash/w7_ws/install/action_tutorials_interfaces/share/action_tutorials_interfaces/hook/cmake_prefix_path.ps1'
[22.363s] INFO:colcon.colcon_core.shell:Creating environment descriptor '/home/akash/w7_ws/install/action_tutorials_interfaces/share/action_tutorials_interfaces/hook/cmake_prefix_path.dsv'
[22.363s] INFO:colcon.colcon_core.shell:Creating environment hook '/home/akash/w7_ws/install/action_tutorials_interfaces/share/action_tutorials_interfaces/hook/cmake_prefix_path.sh'
[22.364s] Level 1:colcon.colcon_core.environment:checking '/home/akash/w7_ws/install/action_tutorials_interfaces/lib'
[22.364s] Level 1:colcon.colcon_core.shell:create_environment_hook('action_tutorials_interfaces', 'ld_library_path_lib')
[22.386s] INFO:colcon.colcon_core.shell:Creating environment hook '/home/akash/w7_ws/install/action_tutorials_interfaces/share/action_tutorials_interfaces/hook/ld_library_path_lib.ps1'
[22.386s] INFO:colcon.colcon_core.shell:Creating environment descriptor '/home/akash/w7_ws/install/action_tutorials_interfaces/share/action_tutorials_interfaces/hook/ld_library_path_lib.dsv'
[22.387s] INFO:colcon.colcon_core.shell:Creating environment hook '/home/akash/w7_ws/install/action_tutorials_interfaces/share/action_tutorials_interfaces/hook/ld_library_path_lib.sh'
[22.387s] Level 1:colcon.colcon_core.environment:checking '/home/akash/w7_ws/install/action_tutorials_interfaces/bin'
[22.388s] Level 1:colcon.colcon_core.environment:checking '/home/akash/w7_ws/install/action_tutorials_interfaces/lib/pkgconfig/action_tutorials_interfaces.pc'
[22.388s] Level 1:colcon.colcon_core.environment:checking '/home/akash/w7_ws/install/action_tutorials_interfaces/lib/python3.10/site-packages'
[22.388s] Level 1:colcon.colcon_core.environment:checking '/home/akash/w7_ws/install/action_tutorials_interfaces/bin'
[22.426s] INFO:colcon.colcon_core.shell:Creating package script '/home/akash/w7_ws/install/action_tutorials_interfaces/share/action_tutorials_interfaces/package.ps1'
[22.427s] INFO:colcon.colcon_core.shell:Creating package descriptor '/home/akash/w7_ws/install/action_tutorials_interfaces/share/action_tutorials_interfaces/package.dsv'
[22.428s] INFO:colcon.colcon_core.shell:Creating package script '/home/akash/w7_ws/install/action_tutorials_interfaces/share/action_tutorials_interfaces/package.sh'
[22.428s] INFO:colcon.colcon_core.shell:Creating package script '/home/akash/w7_ws/install/action_tutorials_interfaces/share/action_tutorials_interfaces/package.bash'
[22.429s] INFO:colcon.colcon_core.shell:Creating package script '/home/akash/w7_ws/install/action_tutorials_interfaces/share/action_tutorials_interfaces/package.zsh'
[22.429s] Level 1:colcon.colcon_core.environment:create_file_with_runtime_dependencies(/home/akash/w7_ws/install/action_tutorials_interfaces/share/colcon-core/packages/action_tutorials_interfaces)
[22.430s] DEBUG:colcon.colcon_parallel_executor.executor.parallel:closing loop
[22.430s] DEBUG:colcon.colcon_parallel_executor.executor.parallel:loop closed
[22.430s] DEBUG:colcon.colcon_parallel_executor.executor.parallel:run_until_complete finished with '0'
[22.431s] DEBUG:colcon.colcon_core.event_reactor:joining thread
[22.673s] INFO:colcon.colcon_core.plugin_system:Skipping extension 'colcon_notification.desktop_notification.notify_send': Could not find 'notify-send'
[22.673s] INFO:colcon.colcon_core.plugin_system:Skipping extension 'colcon_notification.desktop_notification.terminal_notifier': Not used on non-Darwin systems
[22.673s] INFO:colcon.colcon_core.plugin_system:Skipping extension 'colcon_notification.desktop_notification.win32': Not used on non-Windows systems
[22.673s] INFO:colcon.colcon_notification.desktop_notification:Sending desktop notification using 'notify2'
[22.673s] DEBUG:colcon.colcon_notification.desktop_notification.notify2:Failed to initialize notify2: org.freedesktop.DBus.Error.FileNotFound: Failed to connect to socket /run/user/1000/bus: No such file or directory
[22.674s] DEBUG:colcon.colcon_core.event_reactor:joined thread
[22.695s] INFO:colcon.colcon_core.shell:Creating prefix script '/home/akash/w7_ws/install/local_setup.ps1'
[22.696s] INFO:colcon.colcon_core.shell:Creating prefix util module '/home/akash/w7_ws/install/_local_setup_util_ps1.py'
[22.698s] INFO:colcon.colcon_core.shell:Creating prefix chain script '/home/akash/w7_ws/install/setup.ps1'
[22.720s] INFO:colcon.colcon_core.shell:Creating prefix script '/home/akash/w7_ws/install/local_setup.sh'
[22.721s] INFO:colcon.colcon_core.shell:Creating prefix util module '/home/akash/w7_ws/install/_local_setup_util_sh.py'
[22.722s] INFO:colcon.colcon_core.shell:Creating prefix chain script '/home/akash/w7_ws/install/setup.sh'
[22.744s] INFO:colcon.colcon_core.shell:Creating prefix script '/home/akash/w7_ws/install/local_setup.bash'
[22.745s] INFO:colcon.colcon_core.shell:Creating prefix chain script '/home/akash/w7_ws/install/setup.bash'
[22.767s] INFO:colcon.colcon_core.shell:Creating prefix script '/home/akash/w7_ws/install/local_setup.zsh'
[22.767s] INFO:colcon.colcon_core.shell:Creating prefix chain script '/home/akash/w7_ws/install/setup.zsh'
