[1.433s] DEBUG:colcon:Command line arguments: ['/usr/bin/colcon', 'build', '--packages-select', 'fleet_management']
[1.433s] DEBUG:colcon:Parsed command line arguments: Namespace(log_base=None, log_level=None, verb_name='build', build_base='build', install_base='install', merge_install=False, symlink_install=False, test_result_base=None, continue_on_error=False, executor='parallel', parallel_workers=16, event_handlers=None, ignore_user_meta=False, metas=['./colcon.meta'], base_paths=['.'], packages_ignore=None, packages_ignore_regex=None, paths=None, packages_up_to=None, packages_up_to_regex=None, packages_above=None, packages_above_and_dependencies=None, packages_above_depth=None, packages_select_by_dep=None, packages_skip_by_dep=None, packages_skip_up_to=None, packages_select_build_failed=False, packages_skip_build_finished=False, packages_select_test_failures=False, packages_skip_test_passed=False, packages_select=['fleet_management'], packages_skip=None, packages_select_regex=None, packages_skip_regex=None, packages_start=None, packages_end=None, allow_overriding=[], cmake_args=None, cmake_target=None, cmake_target_skip_unavailable=False, cmake_clean_cache=False, cmake_clean_first=False, cmake_force_configure=False, ament_cmake_args=None, catkin_cmake_args=None, catkin_skip_building_tests=False, verb_parser=<colcon_defaults.argument_parser.defaults.DefaultArgumentsDecorator object at 0x7fb54d21cd30>, verb_extension=<colcon_core.verb.build.BuildVerb object at 0x7fb54d649480>, main=<bound method BuildVerb.main of <colcon_core.verb.build.BuildVerb object at 0x7fb54d649480>>)
[1.517s] Level 1:colcon.colcon_core.package_discovery:discover_packages(colcon_meta) check parameters
[1.517s] Level 1:colcon.colcon_core.package_discovery:discover_packages(recursive) check parameters
[1.517s] Level 1:colcon.colcon_core.package_discovery:discover_packages(ignore) check parameters
[1.517s] Level 1:colcon.colcon_core.package_discovery:discover_packages(path) check parameters
[1.517s] Level 1:colcon.colcon_core.package_discovery:discover_packages(colcon_meta) discover
[1.517s] Level 1:colcon.colcon_core.package_discovery:discover_packages(recursive) discover
[1.517s] INFO:colcon.colcon_core.package_discovery:Crawling recursively for packages in '/home/akash/ros2_midterm_ws'
[1.517s] Level 1:colcon.colcon_core.package_identification:_identify(.) by extensions ['ignore', 'ignore_ament_install']
[1.517s] Level 1:colcon.colcon_core.package_identification:_identify(.) by extension 'ignore'
[1.517s] Level 1:colcon.colcon_core.package_identification:_identify(.) by extension 'ignore_ament_install'
[1.517s] Level 1:colcon.colcon_core.package_identification:_identify(.) by extensions ['colcon_pkg']
[1.517s] Level 1:colcon.colcon_core.package_identification:_identify(.) by extension 'colcon_pkg'
[1.517s] Level 1:colcon.colcon_core.package_identification:_identify(.) by extensions ['colcon_meta']
[1.517s] Level 1:colcon.colcon_core.package_identification:_identify(.) by extension 'colcon_meta'
[1.518s] Level 1:colcon.colcon_core.package_identification:_identify(.) by extensions ['ros']
[1.518s] Level 1:colcon.colcon_core.package_identification:_identify(.) by extension 'ros'
[1.529s] Level 1:colcon.colcon_core.package_identification:_identify(.) by extensions ['cmake', 'python']
[1.529s] Level 1:colcon.colcon_core.package_identification:_identify(.) by extension 'cmake'
[1.529s] Level 1:colcon.colcon_core.package_identification:_identify(.) by extension 'python'
[1.529s] Level 1:colcon.colcon_core.package_identification:_identify(.) by extensions ['python_setup_py']
[1.529s] Level 1:colcon.colcon_core.package_identification:_identify(.) by extension 'python_setup_py'
[1.529s] Level 1:colcon.colcon_core.package_identification:_identify(build) by extensions ['ignore', 'ignore_ament_install']
[1.530s] Level 1:colcon.colcon_core.package_identification:_identify(build) by extension 'ignore'
[1.530s] Level 1:colcon.colcon_core.package_identification:_identify(build) ignored
[1.530s] Level 1:colcon.colcon_core.package_identification:_identify(install) by extensions ['ignore', 'ignore_ament_install']
[1.530s] Level 1:colcon.colcon_core.package_identification:_identify(install) by extension 'ignore'
[1.530s] Level 1:colcon.colcon_core.package_identification:_identify(install) ignored
[1.530s] Level 1:colcon.colcon_core.package_identification:_identify(log) by extensions ['ignore', 'ignore_ament_install']
[1.530s] Level 1:colcon.colcon_core.package_identification:_identify(log) by extension 'ignore'
[1.530s] Level 1:colcon.colcon_core.package_identification:_identify(log) ignored
[1.530s] Level 1:colcon.colcon_core.package_identification:_identify(src) by extensions ['ignore', 'ignore_ament_install']
[1.530s] Level 1:colcon.colcon_core.package_identification:_identify(src) by extension 'ignore'
[1.530s] Level 1:colcon.colcon_core.package_identification:_identify(src) by extension 'ignore_ament_install'
[1.530s] Level 1:colcon.colcon_core.package_identification:_identify(src) by extensions ['colcon_pkg']
[1.530s] Level 1:colcon.colcon_core.package_identification:_identify(src) by extension 'colcon_pkg'
[1.530s] Level 1:colcon.colcon_core.package_identification:_identify(src) by extensions ['colcon_meta']
[1.531s] Level 1:colcon.colcon_core.package_identification:_identify(src) by extension 'colcon_meta'
[1.531s] Level 1:colcon.colcon_core.package_identification:_identify(src) by extensions ['ros']
[1.531s] Level 1:colcon.colcon_core.package_identification:_identify(src) by extension 'ros'
[1.531s] Level 1:colcon.colcon_core.package_identification:_identify(src) by extensions ['cmake', 'python']
[1.531s] Level 1:colcon.colcon_core.package_identification:_identify(src) by extension 'cmake'
[1.531s] Level 1:colcon.colcon_core.package_identification:_identify(src) by extension 'python'
[1.531s] Level 1:colcon.colcon_core.package_identification:_identify(src) by extensions ['python_setup_py']
[1.531s] Level 1:colcon.colcon_core.package_identification:_identify(src) by extension 'python_setup_py'
[1.531s] Level 1:colcon.colcon_core.package_identification:_identify(src/fleet_management) by extensions ['ignore', 'ignore_ament_install']
[1.531s] Level 1:colcon.colcon_core.package_identification:_identify(src/fleet_management) by extension 'ignore'
[1.531s] Level 1:colcon.colcon_core.package_identification:_identify(src/fleet_management) by extension 'ignore_ament_install'
[1.531s] Level 1:colcon.colcon_core.package_identification:_identify(src/fleet_management) by extensions ['colcon_pkg']
[1.531s] Level 1:colcon.colcon_core.package_identification:_identify(src/fleet_management) by extension 'colcon_pkg'
[1.531s] Level 1:colcon.colcon_core.package_identification:_identify(src/fleet_management) by extensions ['colcon_meta']
[1.531s] Level 1:colcon.colcon_core.package_identification:_identify(src/fleet_management) by extension 'colcon_meta'
[1.531s] Level 1:colcon.colcon_core.package_identification:_identify(src/fleet_management) by extensions ['ros']
[1.531s] Level 1:colcon.colcon_core.package_identification:_identify(src/fleet_management) by extension 'ros'
[1.536s] DEBUG:colcon.colcon_core.package_identification:Package 'src/fleet_management' with type 'ros.ament_python' and name 'fleet_management'
[1.536s] Level 1:colcon.colcon_core.package_discovery:discover_packages(recursive) using defaults
[1.536s] Level 1:colcon.colcon_core.package_discovery:discover_packages(ignore) discover
[1.536s] Level 1:colcon.colcon_core.package_discovery:discover_packages(ignore) using defaults
[1.536s] Level 1:colcon.colcon_core.package_discovery:discover_packages(path) discover
[1.536s] Level 1:colcon.colcon_core.package_discovery:discover_packages(path) using defaults
[1.646s] Level 1:colcon.colcon_core.package_discovery:discover_packages(prefix_path) check parameters
[1.646s] Level 1:colcon.colcon_core.package_discovery:discover_packages(prefix_path) discover
[1.680s] DEBUG:colcon.colcon_installed_package_information.package_discovery:Found 336 installed packages in /opt/ros/humble
[1.682s] Level 1:colcon.colcon_core.package_discovery:discover_packages(prefix_path) using defaults
[1.813s] Level 5:colcon.colcon_core.verb:set package 'fleet_management' build argument 'cmake_args' from command line to 'None'
[1.813s] Level 5:colcon.colcon_core.verb:set package 'fleet_management' build argument 'cmake_target' from command line to 'None'
[1.813s] Level 5:colcon.colcon_core.verb:set package 'fleet_management' build argument 'cmake_target_skip_unavailable' from command line to 'False'
[1.813s] Level 5:colcon.colcon_core.verb:set package 'fleet_management' build argument 'cmake_clean_cache' from command line to 'False'
[1.813s] Level 5:colcon.colcon_core.verb:set package 'fleet_management' build argument 'cmake_clean_first' from command line to 'False'
[1.813s] Level 5:colcon.colcon_core.verb:set package 'fleet_management' build argument 'cmake_force_configure' from command line to 'False'
[1.813s] Level 5:colcon.colcon_core.verb:set package 'fleet_management' build argument 'ament_cmake_args' from command line to 'None'
[1.814s] Level 5:colcon.colcon_core.verb:set package 'fleet_management' build argument 'catkin_cmake_args' from command line to 'None'
[1.814s] Level 5:colcon.colcon_core.verb:set package 'fleet_management' build argument 'catkin_skip_building_tests' from command line to 'False'
[1.814s] DEBUG:colcon.colcon_core.verb:Building package 'fleet_management' with the following arguments: {'ament_cmake_args': None, 'build_base': '/home/akash/ros2_midterm_ws/build/fleet_management', 'catkin_cmake_args': None, 'catkin_skip_building_tests': False, 'cmake_args': None, 'cmake_clean_cache': False, 'cmake_clean_first': False, 'cmake_force_configure': False, 'cmake_target': None, 'cmake_target_skip_unavailable': False, 'install_base': '/home/akash/ros2_midterm_ws/install/fleet_management', 'merge_install': False, 'path': '/home/akash/ros2_midterm_ws/src/fleet_management', 'symlink_install': False, 'test_result_base': None}
[1.828s] INFO:colcon.colcon_core.executor:Executing jobs using 'parallel' executor
[1.844s] DEBUG:colcon.colcon_parallel_executor.executor.parallel:run_until_complete
[1.844s] INFO:colcon.colcon_ros.task.ament_python.build:Building ROS package in '/home/akash/ros2_midterm_ws/src/fleet_management' with build type 'ament_python'
[1.844s] Level 1:colcon.colcon_core.shell:create_environment_hook('fleet_management', 'ament_prefix_path')
[1.868s] INFO:colcon.colcon_core.plugin_system:Skipping extension 'colcon_core.shell.bat': Not used on non-Windows systems
[1.869s] INFO:colcon.colcon_core.shell:Creating environment hook '/home/akash/ros2_midterm_ws/install/fleet_management/share/fleet_management/hook/ament_prefix_path.ps1'
[1.870s] INFO:colcon.colcon_core.shell:Creating environment descriptor '/home/akash/ros2_midterm_ws/install/fleet_management/share/fleet_management/hook/ament_prefix_path.dsv'
[1.871s] INFO:colcon.colcon_core.shell:Creating environment hook '/home/akash/ros2_midterm_ws/install/fleet_management/share/fleet_management/hook/ament_prefix_path.sh'
[1.886s] INFO:colcon.colcon_core.shell:Skip shell extension 'powershell' for command environment: Not usable outside of PowerShell
[1.887s] DEBUG:colcon.colcon_core.shell:Skip shell extension 'dsv' for command environment
[2.176s] INFO:colcon.colcon_core.task.python.build:Building Python package in '/home/akash/ros2_midterm_ws/src/fleet_management'
[2.192s] INFO:colcon.colcon_core.shell:Skip shell extension 'powershell' for command environment: Not usable outside of PowerShell
[2.192s] DEBUG:colcon.colcon_core.shell:Skip shell extension 'dsv' for command environment
[2.784s] DEBUG:colcon.colcon_core.event_handler.log_command:Invoking command in '/home/akash/ros2_midterm_ws/src/fleet_management': PYTHONPATH=/home/akash/ros2_midterm_ws/build/fleet_management/prefix_override:/home/akash/ros2_midterm_ws/install/fleet_management/lib/python3.10/site-packages:${PYTHONPATH} /usr/bin/python3 setup.py egg_info --egg-base ../../build/fleet_management build --build-base /home/akash/ros2_midterm_ws/build/fleet_management/build install --record /home/akash/ros2_midterm_ws/build/fleet_management/install.log --single-version-externally-managed
[3.082s] DEBUG:colcon.colcon_core.event_handler.log_command:Invoked command in '/home/akash/ros2_midterm_ws/src/fleet_management' returned '0': PYTHONPATH=/home/akash/ros2_midterm_ws/build/fleet_management/prefix_override:/home/akash/ros2_midterm_ws/install/fleet_management/lib/python3.10/site-packages:${PYTHONPATH} /usr/bin/python3 setup.py egg_info --egg-base ../../build/fleet_management build --build-base /home/akash/ros2_midterm_ws/build/fleet_management/build install --record /home/akash/ros2_midterm_ws/build/fleet_management/install.log --single-version-externally-managed
[3.107s] Level 1:colcon.colcon_core.environment:checking '/home/akash/ros2_midterm_ws/install/fleet_management' for CMake module files
[3.108s] Level 1:colcon.colcon_core.environment:checking '/home/akash/ros2_midterm_ws/install/fleet_management' for CMake config files
[3.108s] Level 1:colcon.colcon_core.environment:checking '/home/akash/ros2_midterm_ws/install/fleet_management/lib'
[3.109s] Level 1:colcon.colcon_core.environment:checking '/home/akash/ros2_midterm_ws/install/fleet_management/bin'
[3.109s] Level 1:colcon.colcon_core.environment:checking '/home/akash/ros2_midterm_ws/install/fleet_management/lib/pkgconfig/fleet_management.pc'
[3.109s] Level 1:colcon.colcon_core.environment:checking '/home/akash/ros2_midterm_ws/install/fleet_management/lib/python3.10/site-packages'
[3.109s] Level 1:colcon.colcon_core.shell:create_environment_hook('fleet_management', 'pythonpath')
[3.124s] INFO:colcon.colcon_core.shell:Creating environment hook '/home/akash/ros2_midterm_ws/install/fleet_management/share/fleet_management/hook/pythonpath.ps1'
[3.124s] INFO:colcon.colcon_core.shell:Creating environment descriptor '/home/akash/ros2_midterm_ws/install/fleet_management/share/fleet_management/hook/pythonpath.dsv'
[3.124s] INFO:colcon.colcon_core.shell:Creating environment hook '/home/akash/ros2_midterm_ws/install/fleet_management/share/fleet_management/hook/pythonpath.sh'
[3.125s] Level 1:colcon.colcon_core.environment:checking '/home/akash/ros2_midterm_ws/install/fleet_management/bin'
[3.125s] Level 1:colcon.colcon_core.environment:create_environment_scripts_only(fleet_management)
[3.140s] INFO:colcon.colcon_core.shell:Creating package script '/home/akash/ros2_midterm_ws/install/fleet_management/share/fleet_management/package.ps1'
[3.141s] INFO:colcon.colcon_core.shell:Creating package descriptor '/home/akash/ros2_midterm_ws/install/fleet_management/share/fleet_management/package.dsv'
[3.142s] INFO:colcon.colcon_core.shell:Creating package script '/home/akash/ros2_midterm_ws/install/fleet_management/share/fleet_management/package.sh'
[3.143s] INFO:colcon.colcon_core.shell:Creating package script '/home/akash/ros2_midterm_ws/install/fleet_management/share/fleet_management/package.bash'
[3.145s] INFO:colcon.colcon_core.shell:Creating package script '/home/akash/ros2_midterm_ws/install/fleet_management/share/fleet_management/package.zsh'
[3.146s] Level 1:colcon.colcon_core.environment:create_file_with_runtime_dependencies(/home/akash/ros2_midterm_ws/install/fleet_management/share/colcon-core/packages/fleet_management)
[3.147s] DEBUG:colcon.colcon_parallel_executor.executor.parallel:closing loop
[3.147s] DEBUG:colcon.colcon_parallel_executor.executor.parallel:loop closed
[3.147s] DEBUG:colcon.colcon_parallel_executor.executor.parallel:run_until_complete finished with '0'
[3.147s] DEBUG:colcon.colcon_core.event_reactor:joining thread
[3.267s] INFO:colcon.colcon_core.plugin_system:Skipping extension 'colcon_notification.desktop_notification.notify_send': Could not find 'notify-send'
[3.267s] INFO:colcon.colcon_core.plugin_system:Skipping extension 'colcon_notification.desktop_notification.terminal_notifier': Not used on non-Darwin systems
[3.267s] INFO:colcon.colcon_core.plugin_system:Skipping extension 'colcon_notification.desktop_notification.win32': Not used on non-Windows systems
[3.267s] INFO:colcon.colcon_notification.desktop_notification:Sending desktop notification using 'notify2'
[3.269s] DEBUG:colcon.colcon_notification.desktop_notification.notify2:Failed to initialize notify2: org.freedesktop.DBus.Error.ServiceUnknown: The name org.freedesktop.Notifications was not provided by any .service files
[3.269s] DEBUG:colcon.colcon_core.event_reactor:joined thread
[3.284s] INFO:colcon.colcon_core.shell:Creating prefix script '/home/akash/ros2_midterm_ws/install/local_setup.ps1'
[3.286s] INFO:colcon.colcon_core.shell:Creating prefix util module '/home/akash/ros2_midterm_ws/install/_local_setup_util_ps1.py'
[3.288s] INFO:colcon.colcon_core.shell:Creating prefix chain script '/home/akash/ros2_midterm_ws/install/setup.ps1'
[3.304s] INFO:colcon.colcon_core.shell:Creating prefix script '/home/akash/ros2_midterm_ws/install/local_setup.sh'
[3.304s] INFO:colcon.colcon_core.shell:Creating prefix util module '/home/akash/ros2_midterm_ws/install/_local_setup_util_sh.py'
[3.305s] INFO:colcon.colcon_core.shell:Creating prefix chain script '/home/akash/ros2_midterm_ws/install/setup.sh'
[3.321s] INFO:colcon.colcon_core.shell:Creating prefix script '/home/akash/ros2_midterm_ws/install/local_setup.bash'
[3.322s] INFO:colcon.colcon_core.shell:Creating prefix chain script '/home/akash/ros2_midterm_ws/install/setup.bash'
[3.338s] INFO:colcon.colcon_core.shell:Creating prefix script '/home/akash/ros2_midterm_ws/install/local_setup.zsh'
[3.339s] INFO:colcon.colcon_core.shell:Creating prefix chain script '/home/akash/ros2_midterm_ws/install/setup.zsh'
