[1.207s] DEBUG:colcon:Command line arguments: ['/usr/bin/colcon', 'build']
[1.207s] DEBUG:colcon:Parsed command line arguments: Namespace(log_base=None, log_level=None, verb_name='build', build_base='build', install_base='install', merge_install=False, symlink_install=False, test_result_base=None, continue_on_error=False, executor='parallel', parallel_workers=16, event_handlers=None, ignore_user_meta=False, metas=['./colcon.meta'], base_paths=['.'], packages_ignore=None, packages_ignore_regex=None, paths=None, packages_up_to=None, packages_up_to_regex=None, packages_above=None, packages_above_and_dependencies=None, packages_above_depth=None, packages_select_by_dep=None, packages_skip_by_dep=None, packages_skip_up_to=None, packages_select_build_failed=False, packages_skip_build_finished=False, packages_select_test_failures=False, packages_skip_test_passed=False, packages_select=None, packages_skip=None, packages_select_regex=None, packages_skip_regex=None, packages_start=None, packages_end=None, allow_overriding=[], cmake_args=None, cmake_target=None, cmake_target_skip_unavailable=False, cmake_clean_cache=False, cmake_clean_first=False, cmake_force_configure=False, ament_cmake_args=None, catkin_cmake_args=None, catkin_skip_building_tests=False, verb_parser=<colcon_defaults.argument_parser.defaults.DefaultArgumentsDecorator object at 0x7f177747cc70>, verb_extension=<colcon_core.verb.build.BuildVerb object at 0x7f17778ab6a0>, main=<bound method BuildVerb.main of <colcon_core.verb.build.BuildVerb object at 0x7f17778ab6a0>>)
[1.259s] Level 1:colcon.colcon_core.package_discovery:discover_packages(colcon_meta) check parameters
[1.259s] Level 1:colcon.colcon_core.package_discovery:discover_packages(recursive) check parameters
[1.259s] Level 1:colcon.colcon_core.package_discovery:discover_packages(ignore) check parameters
[1.259s] Level 1:colcon.colcon_core.package_discovery:discover_packages(path) check parameters
[1.259s] Level 1:colcon.colcon_core.package_discovery:discover_packages(colcon_meta) discover
[1.259s] Level 1:colcon.colcon_core.package_discovery:discover_packages(recursive) discover
[1.259s] INFO:colcon.colcon_core.package_discovery:Crawling recursively for packages in '/home/akash/ROS2_course/week_8_mid_term/ros2_midterm_ws'
[1.259s] Level 1:colcon.colcon_core.package_identification:_identify(.) by extensions ['ignore', 'ignore_ament_install']
[1.259s] Level 1:colcon.colcon_core.package_identification:_identify(.) by extension 'ignore'
[1.259s] Level 1:colcon.colcon_core.package_identification:_identify(.) by extension 'ignore_ament_install'
[1.260s] Level 1:colcon.colcon_core.package_identification:_identify(.) by extensions ['colcon_pkg']
[1.260s] Level 1:colcon.colcon_core.package_identification:_identify(.) by extension 'colcon_pkg'
[1.260s] Level 1:colcon.colcon_core.package_identification:_identify(.) by extensions ['colcon_meta']
[1.260s] Level 1:colcon.colcon_core.package_identification:_identify(.) by extension 'colcon_meta'
[1.260s] Level 1:colcon.colcon_core.package_identification:_identify(.) by extensions ['ros']
[1.260s] Level 1:colcon.colcon_core.package_identification:_identify(.) by extension 'ros'
[1.272s] Level 1:colcon.colcon_core.package_identification:_identify(.) by extensions ['cmake', 'python']
[1.272s] Level 1:colcon.colcon_core.package_identification:_identify(.) by extension 'cmake'
[1.272s] Level 1:colcon.colcon_core.package_identification:_identify(.) by extension 'python'
[1.272s] Level 1:colcon.colcon_core.package_identification:_identify(.) by extensions ['python_setup_py']
[1.272s] Level 1:colcon.colcon_core.package_identification:_identify(.) by extension 'python_setup_py'
[1.272s] Level 1:colcon.colcon_core.package_identification:_identify(build) by extensions ['ignore', 'ignore_ament_install']
[1.272s] Level 1:colcon.colcon_core.package_identification:_identify(build) by extension 'ignore'
[1.272s] Level 1:colcon.colcon_core.package_identification:_identify(build) ignored
[1.273s] Level 1:colcon.colcon_core.package_identification:_identify(install) by extensions ['ignore', 'ignore_ament_install']
[1.273s] Level 1:colcon.colcon_core.package_identification:_identify(install) by extension 'ignore'
[1.273s] Level 1:colcon.colcon_core.package_identification:_identify(install) ignored
[1.273s] Level 1:colcon.colcon_core.package_identification:_identify(log) by extensions ['ignore', 'ignore_ament_install']
[1.273s] Level 1:colcon.colcon_core.package_identification:_identify(log) by extension 'ignore'
[1.273s] Level 1:colcon.colcon_core.package_identification:_identify(log) ignored
[1.273s] Level 1:colcon.colcon_core.package_identification:_identify(src) by extensions ['ignore', 'ignore_ament_install']
[1.273s] Level 1:colcon.colcon_core.package_identification:_identify(src) by extension 'ignore'
[1.273s] Level 1:colcon.colcon_core.package_identification:_identify(src) by extension 'ignore_ament_install'
[1.273s] Level 1:colcon.colcon_core.package_identification:_identify(src) by extensions ['colcon_pkg']
[1.273s] Level 1:colcon.colcon_core.package_identification:_identify(src) by extension 'colcon_pkg'
[1.273s] Level 1:colcon.colcon_core.package_identification:_identify(src) by extensions ['colcon_meta']
[1.273s] Level 1:colcon.colcon_core.package_identification:_identify(src) by extension 'colcon_meta'
[1.274s] Level 1:colcon.colcon_core.package_identification:_identify(src) by extensions ['ros']
[1.274s] Level 1:colcon.colcon_core.package_identification:_identify(src) by extension 'ros'
[1.274s] Level 1:colcon.colcon_core.package_identification:_identify(src) by extensions ['cmake', 'python']
[1.274s] Level 1:colcon.colcon_core.package_identification:_identify(src) by extension 'cmake'
[1.274s] Level 1:colcon.colcon_core.package_identification:_identify(src) by extension 'python'
[1.274s] Level 1:colcon.colcon_core.package_identification:_identify(src) by extensions ['python_setup_py']
[1.274s] Level 1:colcon.colcon_core.package_identification:_identify(src) by extension 'python_setup_py'
[1.274s] Level 1:colcon.colcon_core.package_identification:_identify(src/fleet_action) by extensions ['ignore', 'ignore_ament_install']
[1.274s] Level 1:colcon.colcon_core.package_identification:_identify(src/fleet_action) by extension 'ignore'
[1.274s] Level 1:colcon.colcon_core.package_identification:_identify(src/fleet_action) by extension 'ignore_ament_install'
[1.274s] Level 1:colcon.colcon_core.package_identification:_identify(src/fleet_action) by extensions ['colcon_pkg']
[1.274s] Level 1:colcon.colcon_core.package_identification:_identify(src/fleet_action) by extension 'colcon_pkg'
[1.274s] Level 1:colcon.colcon_core.package_identification:_identify(src/fleet_action) by extensions ['colcon_meta']
[1.274s] Level 1:colcon.colcon_core.package_identification:_identify(src/fleet_action) by extension 'colcon_meta'
[1.274s] Level 1:colcon.colcon_core.package_identification:_identify(src/fleet_action) by extensions ['ros']
[1.274s] Level 1:colcon.colcon_core.package_identification:_identify(src/fleet_action) by extension 'ros'
[1.277s] DEBUG:colcon.colcon_core.package_identification:Package 'src/fleet_action' with type 'ros.ament_cmake' and name 'fleet_action'
[1.277s] Level 1:colcon.colcon_core.package_identification:_identify(src/fleet_management) by extensions ['ignore', 'ignore_ament_install']
[1.277s] Level 1:colcon.colcon_core.package_identification:_identify(src/fleet_management) by extension 'ignore'
[1.277s] Level 1:colcon.colcon_core.package_identification:_identify(src/fleet_management) by extension 'ignore_ament_install'
[1.277s] Level 1:colcon.colcon_core.package_identification:_identify(src/fleet_management) by extensions ['colcon_pkg']
[1.277s] Level 1:colcon.colcon_core.package_identification:_identify(src/fleet_management) by extension 'colcon_pkg'
[1.277s] Level 1:colcon.colcon_core.package_identification:_identify(src/fleet_management) by extensions ['colcon_meta']
[1.277s] Level 1:colcon.colcon_core.package_identification:_identify(src/fleet_management) by extension 'colcon_meta'
[1.278s] Level 1:colcon.colcon_core.package_identification:_identify(src/fleet_management) by extensions ['ros']
[1.278s] Level 1:colcon.colcon_core.package_identification:_identify(src/fleet_management) by extension 'ros'
[1.278s] DEBUG:colcon.colcon_core.package_identification:Package 'src/fleet_management' with type 'ros.ament_python' and name 'fleet_management'
[1.278s] Level 1:colcon.colcon_core.package_discovery:discover_packages(recursive) using defaults
[1.278s] Level 1:colcon.colcon_core.package_discovery:discover_packages(ignore) discover
[1.279s] Level 1:colcon.colcon_core.package_discovery:discover_packages(ignore) using defaults
[1.279s] Level 1:colcon.colcon_core.package_discovery:discover_packages(path) discover
[1.279s] Level 1:colcon.colcon_core.package_discovery:discover_packages(path) using defaults
[1.379s] Level 1:colcon.colcon_core.package_discovery:discover_packages(prefix_path) check parameters
[1.379s] Level 1:colcon.colcon_core.package_discovery:discover_packages(prefix_path) discover
[1.412s] DEBUG:colcon.colcon_installed_package_information.package_discovery:Found 336 installed packages in /opt/ros/humble
[1.413s] Level 1:colcon.colcon_core.package_discovery:discover_packages(prefix_path) using defaults
[1.538s] Level 5:colcon.colcon_core.verb:set package 'fleet_action' build argument 'cmake_args' from command line to 'None'
[1.538s] Level 5:colcon.colcon_core.verb:set package 'fleet_action' build argument 'cmake_target' from command line to 'None'
[1.538s] Level 5:colcon.colcon_core.verb:set package 'fleet_action' build argument 'cmake_target_skip_unavailable' from command line to 'False'
[1.538s] Level 5:colcon.colcon_core.verb:set package 'fleet_action' build argument 'cmake_clean_cache' from command line to 'False'
[1.538s] Level 5:colcon.colcon_core.verb:set package 'fleet_action' build argument 'cmake_clean_first' from command line to 'False'
[1.539s] Level 5:colcon.colcon_core.verb:set package 'fleet_action' build argument 'cmake_force_configure' from command line to 'False'
[1.539s] Level 5:colcon.colcon_core.verb:set package 'fleet_action' build argument 'ament_cmake_args' from command line to 'None'
[1.539s] Level 5:colcon.colcon_core.verb:set package 'fleet_action' build argument 'catkin_cmake_args' from command line to 'None'
[1.539s] Level 5:colcon.colcon_core.verb:set package 'fleet_action' build argument 'catkin_skip_building_tests' from command line to 'False'
[1.539s] DEBUG:colcon.colcon_core.verb:Building package 'fleet_action' with the following arguments: {'ament_cmake_args': None, 'build_base': '/home/akash/ROS2_course/week_8_mid_term/ros2_midterm_ws/build/fleet_action', 'catkin_cmake_args': None, 'catkin_skip_building_tests': False, 'cmake_args': None, 'cmake_clean_cache': False, 'cmake_clean_first': False, 'cmake_force_configure': False, 'cmake_target': None, 'cmake_target_skip_unavailable': False, 'install_base': '/home/akash/ROS2_course/week_8_mid_term/ros2_midterm_ws/install/fleet_action', 'merge_install': False, 'path': '/home/akash/ROS2_course/week_8_mid_term/ros2_midterm_ws/src/fleet_action', 'symlink_install': False, 'test_result_base': None}
[1.554s] Level 5:colcon.colcon_core.verb:set package 'fleet_management' build argument 'cmake_args' from command line to 'None'
[1.554s] Level 5:colcon.colcon_core.verb:set package 'fleet_management' build argument 'cmake_target' from command line to 'None'
[1.555s] Level 5:colcon.colcon_core.verb:set package 'fleet_management' build argument 'cmake_target_skip_unavailable' from command line to 'False'
[1.555s] Level 5:colcon.colcon_core.verb:set package 'fleet_management' build argument 'cmake_clean_cache' from command line to 'False'
[1.555s] Level 5:colcon.colcon_core.verb:set package 'fleet_management' build argument 'cmake_clean_first' from command line to 'False'
[1.555s] Level 5:colcon.colcon_core.verb:set package 'fleet_management' build argument 'cmake_force_configure' from command line to 'False'
[1.555s] Level 5:colcon.colcon_core.verb:set package 'fleet_management' build argument 'ament_cmake_args' from command line to 'None'
[1.555s] Level 5:colcon.colcon_core.verb:set package 'fleet_management' build argument 'catkin_cmake_args' from command line to 'None'
[1.555s] Level 5:colcon.colcon_core.verb:set package 'fleet_management' build argument 'catkin_skip_building_tests' from command line to 'False'
[1.555s] DEBUG:colcon.colcon_core.verb:Building package 'fleet_management' with the following arguments: {'ament_cmake_args': None, 'build_base': '/home/akash/ROS2_course/week_8_mid_term/ros2_midterm_ws/build/fleet_management', 'catkin_cmake_args': None, 'catkin_skip_building_tests': False, 'cmake_args': None, 'cmake_clean_cache': False, 'cmake_clean_first': False, 'cmake_force_configure': False, 'cmake_target': None, 'cmake_target_skip_unavailable': False, 'install_base': '/home/akash/ROS2_course/week_8_mid_term/ros2_midterm_ws/install/fleet_management', 'merge_install': False, 'path': '/home/akash/ROS2_course/week_8_mid_term/ros2_midterm_ws/src/fleet_management', 'symlink_install': False, 'test_result_base': None}
[1.569s] INFO:colcon.colcon_core.executor:Executing jobs using 'parallel' executor
[1.585s] DEBUG:colcon.colcon_parallel_executor.executor.parallel:run_until_complete
[1.586s] INFO:colcon.colcon_ros.task.ament_cmake.build:Building ROS package in '/home/akash/ROS2_course/week_8_mid_term/ros2_midterm_ws/src/fleet_action' with build type 'ament_cmake'
[1.586s] INFO:colcon.colcon_cmake.task.cmake.build:Building CMake package in '/home/akash/ROS2_course/week_8_mid_term/ros2_midterm_ws/src/fleet_action'
[1.605s] INFO:colcon.colcon_core.plugin_system:Skipping extension 'colcon_core.shell.bat': Not used on non-Windows systems
[1.605s] INFO:colcon.colcon_core.shell:Skip shell extension 'powershell' for command environment: Not usable outside of PowerShell
[1.605s] DEBUG:colcon.colcon_core.shell:Skip shell extension 'dsv' for command environment
[1.638s] INFO:colcon.colcon_ros.task.ament_python.build:Building ROS package in '/home/akash/ROS2_course/week_8_mid_term/ros2_midterm_ws/src/fleet_management' with build type 'ament_python'
[1.638s] Level 1:colcon.colcon_core.shell:create_environment_hook('fleet_management', 'ament_prefix_path')
[1.654s] INFO:colcon.colcon_core.shell:Creating environment hook '/home/akash/ROS2_course/week_8_mid_term/ros2_midterm_ws/install/fleet_management/share/fleet_management/hook/ament_prefix_path.ps1'
[1.655s] INFO:colcon.colcon_core.shell:Creating environment descriptor '/home/akash/ROS2_course/week_8_mid_term/ros2_midterm_ws/install/fleet_management/share/fleet_management/hook/ament_prefix_path.dsv'
[1.656s] INFO:colcon.colcon_core.shell:Creating environment hook '/home/akash/ROS2_course/week_8_mid_term/ros2_midterm_ws/install/fleet_management/share/fleet_management/hook/ament_prefix_path.sh'
[1.672s] INFO:colcon.colcon_core.shell:Skip shell extension 'powershell' for command environment: Not usable outside of PowerShell
[1.672s] DEBUG:colcon.colcon_core.shell:Skip shell extension 'dsv' for command environment
[1.714s] DEBUG:colcon.colcon_core.event_handler.log_command:Invoking command in '/home/akash/ROS2_course/week_8_mid_term/ros2_midterm_ws/build/fleet_action': CMAKE_PREFIX_PATH=/opt/ros/humble /usr/bin/cmake --build /home/akash/ROS2_course/week_8_mid_term/ros2_midterm_ws/build/fleet_action -- -j16 -l16
[1.977s] INFO:colcon.colcon_core.task.python.build:Building Python package in '/home/akash/ROS2_course/week_8_mid_term/ros2_midterm_ws/src/fleet_management'
[1.996s] INFO:colcon.colcon_core.shell:Skip shell extension 'powershell' for command environment: Not usable outside of PowerShell
[1.996s] DEBUG:colcon.colcon_core.shell:Skip shell extension 'dsv' for command environment
[2.489s] DEBUG:colcon.colcon_core.event_handler.log_command:Invoking command in '/home/akash/ROS2_course/week_8_mid_term/ros2_midterm_ws/src/fleet_management': PYTHONPATH=/home/akash/ROS2_course/week_8_mid_term/ros2_midterm_ws/build/fleet_management/prefix_override:/home/akash/ROS2_course/week_8_mid_term/ros2_midterm_ws/install/fleet_management/lib/python3.10/site-packages:${PYTHONPATH} /usr/bin/python3 setup.py egg_info --egg-base ../../build/fleet_management build --build-base /home/akash/ROS2_course/week_8_mid_term/ros2_midterm_ws/build/fleet_management/build install --record /home/akash/ROS2_course/week_8_mid_term/ros2_midterm_ws/build/fleet_management/install.log --single-version-externally-managed
[2.782s] DEBUG:colcon.colcon_core.event_handler.log_command:Invoked command in '/home/akash/ROS2_course/week_8_mid_term/ros2_midterm_ws/src/fleet_management' returned '0': PYTHONPATH=/home/akash/ROS2_course/week_8_mid_term/ros2_midterm_ws/build/fleet_management/prefix_override:/home/akash/ROS2_course/week_8_mid_term/ros2_midterm_ws/install/fleet_management/lib/python3.10/site-packages:${PYTHONPATH} /usr/bin/python3 setup.py egg_info --egg-base ../../build/fleet_management build --build-base /home/akash/ROS2_course/week_8_mid_term/ros2_midterm_ws/build/fleet_management/build install --record /home/akash/ROS2_course/week_8_mid_term/ros2_midterm_ws/build/fleet_management/install.log --single-version-externally-managed
[2.800s] Level 1:colcon.colcon_core.environment:checking '/home/akash/ROS2_course/week_8_mid_term/ros2_midterm_ws/install/fleet_management' for CMake module files
[2.801s] Level 1:colcon.colcon_core.environment:checking '/home/akash/ROS2_course/week_8_mid_term/ros2_midterm_ws/install/fleet_management' for CMake config files
[2.802s] Level 1:colcon.colcon_core.environment:checking '/home/akash/ROS2_course/week_8_mid_term/ros2_midterm_ws/install/fleet_management/lib'
[2.802s] Level 1:colcon.colcon_core.environment:checking '/home/akash/ROS2_course/week_8_mid_term/ros2_midterm_ws/install/fleet_management/bin'
[2.802s] Level 1:colcon.colcon_core.environment:checking '/home/akash/ROS2_course/week_8_mid_term/ros2_midterm_ws/install/fleet_management/lib/pkgconfig/fleet_management.pc'
[2.802s] Level 1:colcon.colcon_core.environment:checking '/home/akash/ROS2_course/week_8_mid_term/ros2_midterm_ws/install/fleet_management/lib/python3.10/site-packages'
[2.802s] Level 1:colcon.colcon_core.shell:create_environment_hook('fleet_management', 'pythonpath')
[2.819s] INFO:colcon.colcon_core.shell:Creating environment hook '/home/akash/ROS2_course/week_8_mid_term/ros2_midterm_ws/install/fleet_management/share/fleet_management/hook/pythonpath.ps1'
[2.819s] INFO:colcon.colcon_core.shell:Creating environment descriptor '/home/akash/ROS2_course/week_8_mid_term/ros2_midterm_ws/install/fleet_management/share/fleet_management/hook/pythonpath.dsv'
[2.820s] INFO:colcon.colcon_core.shell:Creating environment hook '/home/akash/ROS2_course/week_8_mid_term/ros2_midterm_ws/install/fleet_management/share/fleet_management/hook/pythonpath.sh'
[2.821s] Level 1:colcon.colcon_core.environment:checking '/home/akash/ROS2_course/week_8_mid_term/ros2_midterm_ws/install/fleet_management/bin'
[2.821s] Level 1:colcon.colcon_core.environment:create_environment_scripts_only(fleet_management)
[2.835s] INFO:colcon.colcon_core.shell:Creating package script '/home/akash/ROS2_course/week_8_mid_term/ros2_midterm_ws/install/fleet_management/share/fleet_management/package.ps1'
[2.836s] INFO:colcon.colcon_core.shell:Creating package descriptor '/home/akash/ROS2_course/week_8_mid_term/ros2_midterm_ws/install/fleet_management/share/fleet_management/package.dsv'
[2.837s] INFO:colcon.colcon_core.shell:Creating package script '/home/akash/ROS2_course/week_8_mid_term/ros2_midterm_ws/install/fleet_management/share/fleet_management/package.sh'
[2.838s] INFO:colcon.colcon_core.shell:Creating package script '/home/akash/ROS2_course/week_8_mid_term/ros2_midterm_ws/install/fleet_management/share/fleet_management/package.bash'
[2.839s] INFO:colcon.colcon_core.shell:Creating package script '/home/akash/ROS2_course/week_8_mid_term/ros2_midterm_ws/install/fleet_management/share/fleet_management/package.zsh'
[2.839s] Level 1:colcon.colcon_core.environment:create_file_with_runtime_dependencies(/home/akash/ROS2_course/week_8_mid_term/ros2_midterm_ws/install/fleet_management/share/colcon-core/packages/fleet_management)
[4.901s] DEBUG:colcon.colcon_core.event_handler.log_command:Invoked command in '/home/akash/ROS2_course/week_8_mid_term/ros2_midterm_ws/build/fleet_action' returned '0': CMAKE_PREFIX_PATH=/opt/ros/humble /usr/bin/cmake --build /home/akash/ROS2_course/week_8_mid_term/ros2_midterm_ws/build/fleet_action -- -j16 -l16
[4.951s] DEBUG:colcon.colcon_core.event_handler.log_command:Invoking command in '/home/akash/ROS2_course/week_8_mid_term/ros2_midterm_ws/build/fleet_action': CMAKE_PREFIX_PATH=/opt/ros/humble /usr/bin/cmake --install /home/akash/ROS2_course/week_8_mid_term/ros2_midterm_ws/build/fleet_action
[5.006s] Level 1:colcon.colcon_core.environment:create_environment_scripts_only(fleet_action)
[5.009s] DEBUG:colcon.colcon_core.event_handler.log_command:Invoked command in '/home/akash/ROS2_course/week_8_mid_term/ros2_midterm_ws/build/fleet_action' returned '0': CMAKE_PREFIX_PATH=/opt/ros/humble /usr/bin/cmake --install /home/akash/ROS2_course/week_8_mid_term/ros2_midterm_ws/build/fleet_action
[5.024s] Level 1:colcon.colcon_core.environment:checking '/home/akash/ROS2_course/week_8_mid_term/ros2_midterm_ws/install/fleet_action' for CMake module files
[5.024s] Level 1:colcon.colcon_core.environment:checking '/home/akash/ROS2_course/week_8_mid_term/ros2_midterm_ws/install/fleet_action' for CMake config files
[5.025s] Level 1:colcon.colcon_core.shell:create_environment_hook('fleet_action', 'cmake_prefix_path')
[5.039s] INFO:colcon.colcon_core.shell:Creating environment hook '/home/akash/ROS2_course/week_8_mid_term/ros2_midterm_ws/install/fleet_action/share/fleet_action/hook/cmake_prefix_path.ps1'
[5.040s] INFO:colcon.colcon_core.shell:Creating environment descriptor '/home/akash/ROS2_course/week_8_mid_term/ros2_midterm_ws/install/fleet_action/share/fleet_action/hook/cmake_prefix_path.dsv'
[5.040s] INFO:colcon.colcon_core.shell:Creating environment hook '/home/akash/ROS2_course/week_8_mid_term/ros2_midterm_ws/install/fleet_action/share/fleet_action/hook/cmake_prefix_path.sh'
[5.041s] Level 1:colcon.colcon_core.environment:checking '/home/akash/ROS2_course/week_8_mid_term/ros2_midterm_ws/install/fleet_action/lib'
[5.041s] Level 1:colcon.colcon_core.shell:create_environment_hook('fleet_action', 'ld_library_path_lib')
[5.056s] INFO:colcon.colcon_core.shell:Creating environment hook '/home/akash/ROS2_course/week_8_mid_term/ros2_midterm_ws/install/fleet_action/share/fleet_action/hook/ld_library_path_lib.ps1'
[5.056s] INFO:colcon.colcon_core.shell:Creating environment descriptor '/home/akash/ROS2_course/week_8_mid_term/ros2_midterm_ws/install/fleet_action/share/fleet_action/hook/ld_library_path_lib.dsv'
[5.056s] INFO:colcon.colcon_core.shell:Creating environment hook '/home/akash/ROS2_course/week_8_mid_term/ros2_midterm_ws/install/fleet_action/share/fleet_action/hook/ld_library_path_lib.sh'
[5.057s] Level 1:colcon.colcon_core.environment:checking '/home/akash/ROS2_course/week_8_mid_term/ros2_midterm_ws/install/fleet_action/bin'
[5.057s] Level 1:colcon.colcon_core.environment:checking '/home/akash/ROS2_course/week_8_mid_term/ros2_midterm_ws/install/fleet_action/lib/pkgconfig/fleet_action.pc'
[5.057s] Level 1:colcon.colcon_core.environment:checking '/home/akash/ROS2_course/week_8_mid_term/ros2_midterm_ws/install/fleet_action/lib/python3.10/site-packages'
[5.058s] Level 1:colcon.colcon_core.environment:checking '/home/akash/ROS2_course/week_8_mid_term/ros2_midterm_ws/install/fleet_action/bin'
[5.073s] INFO:colcon.colcon_core.shell:Creating package script '/home/akash/ROS2_course/week_8_mid_term/ros2_midterm_ws/install/fleet_action/share/fleet_action/package.ps1'
[5.074s] INFO:colcon.colcon_core.shell:Creating package descriptor '/home/akash/ROS2_course/week_8_mid_term/ros2_midterm_ws/install/fleet_action/share/fleet_action/package.dsv'
[5.074s] INFO:colcon.colcon_core.shell:Creating package script '/home/akash/ROS2_course/week_8_mid_term/ros2_midterm_ws/install/fleet_action/share/fleet_action/package.sh'
[5.075s] INFO:colcon.colcon_core.shell:Creating package script '/home/akash/ROS2_course/week_8_mid_term/ros2_midterm_ws/install/fleet_action/share/fleet_action/package.bash'
[5.075s] INFO:colcon.colcon_core.shell:Creating package script '/home/akash/ROS2_course/week_8_mid_term/ros2_midterm_ws/install/fleet_action/share/fleet_action/package.zsh'
[5.076s] Level 1:colcon.colcon_core.environment:create_file_with_runtime_dependencies(/home/akash/ROS2_course/week_8_mid_term/ros2_midterm_ws/install/fleet_action/share/colcon-core/packages/fleet_action)
[5.137s] Level 1:colcon.colcon_core.environment:create_environment_scripts_only(fleet_action)
[5.153s] Level 1:colcon.colcon_core.environment:checking '/home/akash/ROS2_course/week_8_mid_term/ros2_midterm_ws/install/fleet_action' for CMake module files
[5.153s] Level 1:colcon.colcon_core.environment:checking '/home/akash/ROS2_course/week_8_mid_term/ros2_midterm_ws/install/fleet_action' for CMake config files
[5.154s] Level 1:colcon.colcon_core.shell:create_environment_hook('fleet_action', 'cmake_prefix_path')
[5.168s] INFO:colcon.colcon_core.shell:Creating environment hook '/home/akash/ROS2_course/week_8_mid_term/ros2_midterm_ws/install/fleet_action/share/fleet_action/hook/cmake_prefix_path.ps1'
[5.168s] INFO:colcon.colcon_core.shell:Creating environment descriptor '/home/akash/ROS2_course/week_8_mid_term/ros2_midterm_ws/install/fleet_action/share/fleet_action/hook/cmake_prefix_path.dsv'
[5.169s] INFO:colcon.colcon_core.shell:Creating environment hook '/home/akash/ROS2_course/week_8_mid_term/ros2_midterm_ws/install/fleet_action/share/fleet_action/hook/cmake_prefix_path.sh'
[5.170s] Level 1:colcon.colcon_core.environment:checking '/home/akash/ROS2_course/week_8_mid_term/ros2_midterm_ws/install/fleet_action/lib'
[5.170s] Level 1:colcon.colcon_core.shell:create_environment_hook('fleet_action', 'ld_library_path_lib')
[5.184s] INFO:colcon.colcon_core.shell:Creating environment hook '/home/akash/ROS2_course/week_8_mid_term/ros2_midterm_ws/install/fleet_action/share/fleet_action/hook/ld_library_path_lib.ps1'
[5.185s] INFO:colcon.colcon_core.shell:Creating environment descriptor '/home/akash/ROS2_course/week_8_mid_term/ros2_midterm_ws/install/fleet_action/share/fleet_action/hook/ld_library_path_lib.dsv'
[5.185s] INFO:colcon.colcon_core.shell:Creating environment hook '/home/akash/ROS2_course/week_8_mid_term/ros2_midterm_ws/install/fleet_action/share/fleet_action/hook/ld_library_path_lib.sh'
[5.185s] Level 1:colcon.colcon_core.environment:checking '/home/akash/ROS2_course/week_8_mid_term/ros2_midterm_ws/install/fleet_action/bin'
[5.186s] Level 1:colcon.colcon_core.environment:checking '/home/akash/ROS2_course/week_8_mid_term/ros2_midterm_ws/install/fleet_action/lib/pkgconfig/fleet_action.pc'
[5.186s] Level 1:colcon.colcon_core.environment:checking '/home/akash/ROS2_course/week_8_mid_term/ros2_midterm_ws/install/fleet_action/lib/python3.10/site-packages'
[5.186s] Level 1:colcon.colcon_core.environment:checking '/home/akash/ROS2_course/week_8_mid_term/ros2_midterm_ws/install/fleet_action/bin'
[5.202s] INFO:colcon.colcon_core.shell:Creating package script '/home/akash/ROS2_course/week_8_mid_term/ros2_midterm_ws/install/fleet_action/share/fleet_action/package.ps1'
[5.203s] INFO:colcon.colcon_core.shell:Creating package descriptor '/home/akash/ROS2_course/week_8_mid_term/ros2_midterm_ws/install/fleet_action/share/fleet_action/package.dsv'
[5.203s] INFO:colcon.colcon_core.shell:Creating package script '/home/akash/ROS2_course/week_8_mid_term/ros2_midterm_ws/install/fleet_action/share/fleet_action/package.sh'
[5.204s] INFO:colcon.colcon_core.shell:Creating package script '/home/akash/ROS2_course/week_8_mid_term/ros2_midterm_ws/install/fleet_action/share/fleet_action/package.bash'
[5.204s] INFO:colcon.colcon_core.shell:Creating package script '/home/akash/ROS2_course/week_8_mid_term/ros2_midterm_ws/install/fleet_action/share/fleet_action/package.zsh'
[5.205s] Level 1:colcon.colcon_core.environment:create_file_with_runtime_dependencies(/home/akash/ROS2_course/week_8_mid_term/ros2_midterm_ws/install/fleet_action/share/colcon-core/packages/fleet_action)
[5.205s] DEBUG:colcon.colcon_parallel_executor.executor.parallel:closing loop
[5.206s] DEBUG:colcon.colcon_parallel_executor.executor.parallel:loop closed
[5.206s] DEBUG:colcon.colcon_parallel_executor.executor.parallel:run_until_complete finished with '0'
[5.207s] DEBUG:colcon.colcon_core.event_reactor:joining thread
[5.334s] INFO:colcon.colcon_core.plugin_system:Skipping extension 'colcon_notification.desktop_notification.notify_send': Could not find 'notify-send'
[5.334s] INFO:colcon.colcon_core.plugin_system:Skipping extension 'colcon_notification.desktop_notification.terminal_notifier': Not used on non-Darwin systems
[5.334s] INFO:colcon.colcon_core.plugin_system:Skipping extension 'colcon_notification.desktop_notification.win32': Not used on non-Windows systems
[5.334s] INFO:colcon.colcon_notification.desktop_notification:Sending desktop notification using 'notify2'
[5.336s] DEBUG:colcon.colcon_notification.desktop_notification.notify2:Failed to initialize notify2: org.freedesktop.DBus.Error.ServiceUnknown: The name org.freedesktop.Notifications was not provided by any .service files
[5.336s] DEBUG:colcon.colcon_core.event_reactor:joined thread
[5.351s] INFO:colcon.colcon_core.shell:Creating prefix script '/home/akash/ROS2_course/week_8_mid_term/ros2_midterm_ws/install/local_setup.ps1'
[5.352s] INFO:colcon.colcon_core.shell:Creating prefix util module '/home/akash/ROS2_course/week_8_mid_term/ros2_midterm_ws/install/_local_setup_util_ps1.py'
[5.353s] INFO:colcon.colcon_core.shell:Creating prefix chain script '/home/akash/ROS2_course/week_8_mid_term/ros2_midterm_ws/install/setup.ps1'
[5.369s] INFO:colcon.colcon_core.shell:Creating prefix script '/home/akash/ROS2_course/week_8_mid_term/ros2_midterm_ws/install/local_setup.sh'
[5.370s] INFO:colcon.colcon_core.shell:Creating prefix util module '/home/akash/ROS2_course/week_8_mid_term/ros2_midterm_ws/install/_local_setup_util_sh.py'
[5.370s] INFO:colcon.colcon_core.shell:Creating prefix chain script '/home/akash/ROS2_course/week_8_mid_term/ros2_midterm_ws/install/setup.sh'
[5.385s] INFO:colcon.colcon_core.shell:Creating prefix script '/home/akash/ROS2_course/week_8_mid_term/ros2_midterm_ws/install/local_setup.bash'
[5.386s] INFO:colcon.colcon_core.shell:Creating prefix chain script '/home/akash/ROS2_course/week_8_mid_term/ros2_midterm_ws/install/setup.bash'
[5.401s] INFO:colcon.colcon_core.shell:Creating prefix script '/home/akash/ROS2_course/week_8_mid_term/ros2_midterm_ws/install/local_setup.zsh'
[5.402s] INFO:colcon.colcon_core.shell:Creating prefix chain script '/home/akash/ROS2_course/week_8_mid_term/ros2_midterm_ws/install/setup.zsh'
