[1.213s] DEBUG:colcon:Command line arguments: ['/usr/bin/colcon', 'build']
[1.214s] DEBUG:colcon:Parsed command line arguments: Namespace(log_base=None, log_level=None, verb_name='build', build_base='build', install_base='install', merge_install=False, symlink_install=False, test_result_base=None, continue_on_error=False, executor='parallel', parallel_workers=16, event_handlers=None, ignore_user_meta=False, metas=['./colcon.meta'], base_paths=['.'], packages_ignore=None, packages_ignore_regex=None, paths=None, packages_up_to=None, packages_up_to_regex=None, packages_above=None, packages_above_and_dependencies=None, packages_above_depth=None, packages_select_by_dep=None, packages_skip_by_dep=None, packages_skip_up_to=None, packages_select_build_failed=False, packages_skip_build_finished=False, packages_select_test_failures=False, packages_skip_test_passed=False, packages_select=None, packages_skip=None, packages_select_regex=None, packages_skip_regex=None, packages_start=None, packages_end=None, allow_overriding=[], cmake_args=None, cmake_target=None, cmake_target_skip_unavailable=False, cmake_clean_cache=False, cmake_clean_first=False, cmake_force_configure=False, ament_cmake_args=None, catkin_cmake_args=None, catkin_skip_building_tests=False, verb_parser=<colcon_defaults.argument_parser.defaults.DefaultArgumentsDecorator object at 0x7fb0f6248370>, verb_extension=<colcon_core.verb.build.BuildVerb object at 0x7fb0f66b74c0>, main=<bound method BuildVerb.main of <colcon_core.verb.build.BuildVerb object at 0x7fb0f66b74c0>>)
[1.265s] Level 1:colcon.colcon_core.package_discovery:discover_packages(colcon_meta) check parameters
[1.265s] Level 1:colcon.colcon_core.package_discovery:discover_packages(recursive) check parameters
[1.265s] Level 1:colcon.colcon_core.package_discovery:discover_packages(ignore) check parameters
[1.266s] Level 1:colcon.colcon_core.package_discovery:discover_packages(path) check parameters
[1.266s] Level 1:colcon.colcon_core.package_discovery:discover_packages(colcon_meta) discover
[1.266s] Level 1:colcon.colcon_core.package_discovery:discover_packages(recursive) discover
[1.266s] INFO:colcon.colcon_core.package_discovery:Crawling recursively for packages in '/home/akash/ros2_midterm_ws'
[1.266s] Level 1:colcon.colcon_core.package_identification:_identify(.) by extensions ['ignore', 'ignore_ament_install']
[1.266s] Level 1:colcon.colcon_core.package_identification:_identify(.) by extension 'ignore'
[1.266s] Level 1:colcon.colcon_core.package_identification:_identify(.) by extension 'ignore_ament_install'
[1.266s] Level 1:colcon.colcon_core.package_identification:_identify(.) by extensions ['colcon_pkg']
[1.266s] Level 1:colcon.colcon_core.package_identification:_identify(.) by extension 'colcon_pkg'
[1.266s] Level 1:colcon.colcon_core.package_identification:_identify(.) by extensions ['colcon_meta']
[1.266s] Level 1:colcon.colcon_core.package_identification:_identify(.) by extension 'colcon_meta'
[1.266s] Level 1:colcon.colcon_core.package_identification:_identify(.) by extensions ['ros']
[1.266s] Level 1:colcon.colcon_core.package_identification:_identify(.) by extension 'ros'
[1.278s] Level 1:colcon.colcon_core.package_identification:_identify(.) by extensions ['cmake', 'python']
[1.278s] Level 1:colcon.colcon_core.package_identification:_identify(.) by extension 'cmake'
[1.278s] Level 1:colcon.colcon_core.package_identification:_identify(.) by extension 'python'
[1.278s] Level 1:colcon.colcon_core.package_identification:_identify(.) by extensions ['python_setup_py']
[1.278s] Level 1:colcon.colcon_core.package_identification:_identify(.) by extension 'python_setup_py'
[1.278s] Level 1:colcon.colcon_core.package_identification:_identify(build) by extensions ['ignore', 'ignore_ament_install']
[1.278s] Level 1:colcon.colcon_core.package_identification:_identify(build) by extension 'ignore'
[1.278s] Level 1:colcon.colcon_core.package_identification:_identify(build) ignored
[1.278s] Level 1:colcon.colcon_core.package_identification:_identify(install) by extensions ['ignore', 'ignore_ament_install']
[1.278s] Level 1:colcon.colcon_core.package_identification:_identify(install) by extension 'ignore'
[1.279s] Level 1:colcon.colcon_core.package_identification:_identify(install) ignored
[1.279s] Level 1:colcon.colcon_core.package_identification:_identify(log) by extensions ['ignore', 'ignore_ament_install']
[1.279s] Level 1:colcon.colcon_core.package_identification:_identify(log) by extension 'ignore'
[1.279s] Level 1:colcon.colcon_core.package_identification:_identify(log) ignored
[1.279s] Level 1:colcon.colcon_core.package_identification:_identify(src) by extensions ['ignore', 'ignore_ament_install']
[1.279s] Level 1:colcon.colcon_core.package_identification:_identify(src) by extension 'ignore'
[1.279s] Level 1:colcon.colcon_core.package_identification:_identify(src) by extension 'ignore_ament_install'
[1.279s] Level 1:colcon.colcon_core.package_identification:_identify(src) by extensions ['colcon_pkg']
[1.279s] Level 1:colcon.colcon_core.package_identification:_identify(src) by extension 'colcon_pkg'
[1.279s] Level 1:colcon.colcon_core.package_identification:_identify(src) by extensions ['colcon_meta']
[1.279s] Level 1:colcon.colcon_core.package_identification:_identify(src) by extension 'colcon_meta'
[1.279s] Level 1:colcon.colcon_core.package_identification:_identify(src) by extensions ['ros']
[1.279s] Level 1:colcon.colcon_core.package_identification:_identify(src) by extension 'ros'
[1.279s] Level 1:colcon.colcon_core.package_identification:_identify(src) by extensions ['cmake', 'python']
[1.279s] Level 1:colcon.colcon_core.package_identification:_identify(src) by extension 'cmake'
[1.279s] Level 1:colcon.colcon_core.package_identification:_identify(src) by extension 'python'
[1.279s] Level 1:colcon.colcon_core.package_identification:_identify(src) by extensions ['python_setup_py']
[1.279s] Level 1:colcon.colcon_core.package_identification:_identify(src) by extension 'python_setup_py'
[1.280s] Level 1:colcon.colcon_core.package_identification:_identify(src/fleet_action) by extensions ['ignore', 'ignore_ament_install']
[1.280s] Level 1:colcon.colcon_core.package_identification:_identify(src/fleet_action) by extension 'ignore'
[1.280s] Level 1:colcon.colcon_core.package_identification:_identify(src/fleet_action) by extension 'ignore_ament_install'
[1.280s] Level 1:colcon.colcon_core.package_identification:_identify(src/fleet_action) by extensions ['colcon_pkg']
[1.280s] Level 1:colcon.colcon_core.package_identification:_identify(src/fleet_action) by extension 'colcon_pkg'
[1.280s] Level 1:colcon.colcon_core.package_identification:_identify(src/fleet_action) by extensions ['colcon_meta']
[1.280s] Level 1:colcon.colcon_core.package_identification:_identify(src/fleet_action) by extension 'colcon_meta'
[1.280s] Level 1:colcon.colcon_core.package_identification:_identify(src/fleet_action) by extensions ['ros']
[1.280s] Level 1:colcon.colcon_core.package_identification:_identify(src/fleet_action) by extension 'ros'
[1.282s] DEBUG:colcon.colcon_core.package_identification:Package 'src/fleet_action' with type 'ros.ament_cmake' and name 'fleet_action'
[1.283s] Level 1:colcon.colcon_core.package_identification:_identify(src/fleet_management) by extensions ['ignore', 'ignore_ament_install']
[1.283s] Level 1:colcon.colcon_core.package_identification:_identify(src/fleet_management) by extension 'ignore'
[1.283s] Level 1:colcon.colcon_core.package_identification:_identify(src/fleet_management) by extension 'ignore_ament_install'
[1.283s] Level 1:colcon.colcon_core.package_identification:_identify(src/fleet_management) by extensions ['colcon_pkg']
[1.283s] Level 1:colcon.colcon_core.package_identification:_identify(src/fleet_management) by extension 'colcon_pkg'
[1.283s] Level 1:colcon.colcon_core.package_identification:_identify(src/fleet_management) by extensions ['colcon_meta']
[1.283s] Level 1:colcon.colcon_core.package_identification:_identify(src/fleet_management) by extension 'colcon_meta'
[1.283s] Level 1:colcon.colcon_core.package_identification:_identify(src/fleet_management) by extensions ['ros']
[1.283s] Level 1:colcon.colcon_core.package_identification:_identify(src/fleet_management) by extension 'ros'
[1.284s] DEBUG:colcon.colcon_core.package_identification:Package 'src/fleet_management' with type 'ros.ament_python' and name 'fleet_management'
[1.284s] Level 1:colcon.colcon_core.package_discovery:discover_packages(recursive) using defaults
[1.284s] Level 1:colcon.colcon_core.package_discovery:discover_packages(ignore) discover
[1.284s] Level 1:colcon.colcon_core.package_discovery:discover_packages(ignore) using defaults
[1.284s] Level 1:colcon.colcon_core.package_discovery:discover_packages(path) discover
[1.284s] Level 1:colcon.colcon_core.package_discovery:discover_packages(path) using defaults
[1.379s] Level 1:colcon.colcon_core.package_discovery:discover_packages(prefix_path) check parameters
[1.379s] Level 1:colcon.colcon_core.package_discovery:discover_packages(prefix_path) discover
[1.410s] DEBUG:colcon.colcon_installed_package_information.package_discovery:Found 2 installed packages in /home/akash/ros2_midterm_ws/install
[1.425s] DEBUG:colcon.colcon_installed_package_information.package_discovery:Found 336 installed packages in /opt/ros/humble
[1.427s] Level 1:colcon.colcon_core.package_discovery:discover_packages(prefix_path) using defaults
[1.554s] Level 5:colcon.colcon_core.verb:set package 'fleet_action' build argument 'cmake_args' from command line to 'None'
[1.554s] Level 5:colcon.colcon_core.verb:set package 'fleet_action' build argument 'cmake_target' from command line to 'None'
[1.554s] Level 5:colcon.colcon_core.verb:set package 'fleet_action' build argument 'cmake_target_skip_unavailable' from command line to 'False'
[1.554s] Level 5:colcon.colcon_core.verb:set package 'fleet_action' build argument 'cmake_clean_cache' from command line to 'False'
[1.554s] Level 5:colcon.colcon_core.verb:set package 'fleet_action' build argument 'cmake_clean_first' from command line to 'False'
[1.554s] Level 5:colcon.colcon_core.verb:set package 'fleet_action' build argument 'cmake_force_configure' from command line to 'False'
[1.554s] Level 5:colcon.colcon_core.verb:set package 'fleet_action' build argument 'ament_cmake_args' from command line to 'None'
[1.554s] Level 5:colcon.colcon_core.verb:set package 'fleet_action' build argument 'catkin_cmake_args' from command line to 'None'
[1.554s] Level 5:colcon.colcon_core.verb:set package 'fleet_action' build argument 'catkin_skip_building_tests' from command line to 'False'
[1.554s] DEBUG:colcon.colcon_core.verb:Building package 'fleet_action' with the following arguments: {'ament_cmake_args': None, 'build_base': '/home/akash/ros2_midterm_ws/build/fleet_action', 'catkin_cmake_args': None, 'catkin_skip_building_tests': False, 'cmake_args': None, 'cmake_clean_cache': False, 'cmake_clean_first': False, 'cmake_force_configure': False, 'cmake_target': None, 'cmake_target_skip_unavailable': False, 'install_base': '/home/akash/ros2_midterm_ws/install/fleet_action', 'merge_install': False, 'path': '/home/akash/ros2_midterm_ws/src/fleet_action', 'symlink_install': False, 'test_result_base': None}
[1.569s] Level 5:colcon.colcon_core.verb:set package 'fleet_management' build argument 'cmake_args' from command line to 'None'
[1.570s] Level 5:colcon.colcon_core.verb:set package 'fleet_management' build argument 'cmake_target' from command line to 'None'
[1.570s] Level 5:colcon.colcon_core.verb:set package 'fleet_management' build argument 'cmake_target_skip_unavailable' from command line to 'False'
[1.570s] Level 5:colcon.colcon_core.verb:set package 'fleet_management' build argument 'cmake_clean_cache' from command line to 'False'
[1.570s] Level 5:colcon.colcon_core.verb:set package 'fleet_management' build argument 'cmake_clean_first' from command line to 'False'
[1.570s] Level 5:colcon.colcon_core.verb:set package 'fleet_management' build argument 'cmake_force_configure' from command line to 'False'
[1.570s] Level 5:colcon.colcon_core.verb:set package 'fleet_management' build argument 'ament_cmake_args' from command line to 'None'
[1.570s] Level 5:colcon.colcon_core.verb:set package 'fleet_management' build argument 'catkin_cmake_args' from command line to 'None'
[1.570s] Level 5:colcon.colcon_core.verb:set package 'fleet_management' build argument 'catkin_skip_building_tests' from command line to 'False'
[1.570s] DEBUG:colcon.colcon_core.verb:Building package 'fleet_management' with the following arguments: {'ament_cmake_args': None, 'build_base': '/home/akash/ros2_midterm_ws/build/fleet_management', 'catkin_cmake_args': None, 'catkin_skip_building_tests': False, 'cmake_args': None, 'cmake_clean_cache': False, 'cmake_clean_first': False, 'cmake_force_configure': False, 'cmake_target': None, 'cmake_target_skip_unavailable': False, 'install_base': '/home/akash/ros2_midterm_ws/install/fleet_management', 'merge_install': False, 'path': '/home/akash/ros2_midterm_ws/src/fleet_management', 'symlink_install': False, 'test_result_base': None}
[1.585s] INFO:colcon.colcon_core.executor:Executing jobs using 'parallel' executor
[1.600s] DEBUG:colcon.colcon_parallel_executor.executor.parallel:run_until_complete
[1.601s] INFO:colcon.colcon_ros.task.ament_cmake.build:Building ROS package in '/home/akash/ros2_midterm_ws/src/fleet_action' with build type 'ament_cmake'
[1.601s] INFO:colcon.colcon_cmake.task.cmake.build:Building CMake package in '/home/akash/ros2_midterm_ws/src/fleet_action'
[1.618s] INFO:colcon.colcon_core.plugin_system:Skipping extension 'colcon_core.shell.bat': Not used on non-Windows systems
[1.619s] INFO:colcon.colcon_core.shell:Skip shell extension 'powershell' for command environment: Not usable outside of PowerShell
[1.619s] DEBUG:colcon.colcon_core.shell:Skip shell extension 'dsv' for command environment
[1.666s] INFO:colcon.colcon_ros.task.ament_python.build:Building ROS package in '/home/akash/ros2_midterm_ws/src/fleet_management' with build type 'ament_python'
[1.667s] Level 1:colcon.colcon_core.shell:create_environment_hook('fleet_management', 'ament_prefix_path')
[1.683s] INFO:colcon.colcon_core.shell:Creating environment hook '/home/akash/ros2_midterm_ws/install/fleet_management/share/fleet_management/hook/ament_prefix_path.ps1'
[1.684s] INFO:colcon.colcon_core.shell:Creating environment descriptor '/home/akash/ros2_midterm_ws/install/fleet_management/share/fleet_management/hook/ament_prefix_path.dsv'
[1.684s] INFO:colcon.colcon_core.shell:Creating environment hook '/home/akash/ros2_midterm_ws/install/fleet_management/share/fleet_management/hook/ament_prefix_path.sh'
[1.700s] INFO:colcon.colcon_core.shell:Skip shell extension 'powershell' for command environment: Not usable outside of PowerShell
[1.700s] DEBUG:colcon.colcon_core.shell:Skip shell extension 'dsv' for command environment
[1.759s] DEBUG:colcon.colcon_core.event_handler.log_command:Invoking command in '/home/akash/ros2_midterm_ws/build/fleet_action': CMAKE_PREFIX_PATH=${CMAKE_PREFIX_PATH}:/home/akash/ros2_midterm_ws/install/fleet_management:/opt/ros/humble /usr/bin/cmake --build /home/akash/ros2_midterm_ws/build/fleet_action -- -j16 -l16
[2.022s] INFO:colcon.colcon_core.task.python.build:Building Python package in '/home/akash/ros2_midterm_ws/src/fleet_management'
[2.037s] INFO:colcon.colcon_core.shell:Skip shell extension 'powershell' for command environment: Not usable outside of PowerShell
[2.037s] DEBUG:colcon.colcon_core.shell:Skip shell extension 'dsv' for command environment
[2.093s] DEBUG:colcon.colcon_core.event_handler.log_command:Invoked command in '/home/akash/ros2_midterm_ws/build/fleet_action' returned '0': CMAKE_PREFIX_PATH=${CMAKE_PREFIX_PATH}:/home/akash/ros2_midterm_ws/install/fleet_management:/opt/ros/humble /usr/bin/cmake --build /home/akash/ros2_midterm_ws/build/fleet_action -- -j16 -l16
[2.145s] DEBUG:colcon.colcon_core.event_handler.log_command:Invoking command in '/home/akash/ros2_midterm_ws/build/fleet_action': CMAKE_PREFIX_PATH=${CMAKE_PREFIX_PATH}:/home/akash/ros2_midterm_ws/install/fleet_management:/opt/ros/humble /usr/bin/cmake --install /home/akash/ros2_midterm_ws/build/fleet_action
[2.200s] Level 1:colcon.colcon_core.environment:create_environment_scripts_only(fleet_action)
[2.202s] DEBUG:colcon.colcon_core.event_handler.log_command:Invoked command in '/home/akash/ros2_midterm_ws/build/fleet_action' returned '0': CMAKE_PREFIX_PATH=${CMAKE_PREFIX_PATH}:/home/akash/ros2_midterm_ws/install/fleet_management:/opt/ros/humble /usr/bin/cmake --install /home/akash/ros2_midterm_ws/build/fleet_action
[2.218s] Level 1:colcon.colcon_core.environment:checking '/home/akash/ros2_midterm_ws/install/fleet_action' for CMake module files
[2.219s] Level 1:colcon.colcon_core.environment:checking '/home/akash/ros2_midterm_ws/install/fleet_action' for CMake config files
[2.219s] Level 1:colcon.colcon_core.shell:create_environment_hook('fleet_action', 'cmake_prefix_path')
[2.234s] INFO:colcon.colcon_core.shell:Creating environment hook '/home/akash/ros2_midterm_ws/install/fleet_action/share/fleet_action/hook/cmake_prefix_path.ps1'
[2.235s] INFO:colcon.colcon_core.shell:Creating environment descriptor '/home/akash/ros2_midterm_ws/install/fleet_action/share/fleet_action/hook/cmake_prefix_path.dsv'
[2.235s] INFO:colcon.colcon_core.shell:Creating environment hook '/home/akash/ros2_midterm_ws/install/fleet_action/share/fleet_action/hook/cmake_prefix_path.sh'
[2.236s] Level 1:colcon.colcon_core.environment:checking '/home/akash/ros2_midterm_ws/install/fleet_action/lib'
[2.236s] Level 1:colcon.colcon_core.shell:create_environment_hook('fleet_action', 'ld_library_path_lib')
[2.252s] INFO:colcon.colcon_core.shell:Creating environment hook '/home/akash/ros2_midterm_ws/install/fleet_action/share/fleet_action/hook/ld_library_path_lib.ps1'
[2.252s] INFO:colcon.colcon_core.shell:Creating environment descriptor '/home/akash/ros2_midterm_ws/install/fleet_action/share/fleet_action/hook/ld_library_path_lib.dsv'
[2.253s] INFO:colcon.colcon_core.shell:Creating environment hook '/home/akash/ros2_midterm_ws/install/fleet_action/share/fleet_action/hook/ld_library_path_lib.sh'
[2.253s] Level 1:colcon.colcon_core.environment:checking '/home/akash/ros2_midterm_ws/install/fleet_action/bin'
[2.253s] Level 1:colcon.colcon_core.environment:checking '/home/akash/ros2_midterm_ws/install/fleet_action/lib/pkgconfig/fleet_action.pc'
[2.253s] Level 1:colcon.colcon_core.environment:checking '/home/akash/ros2_midterm_ws/install/fleet_action/lib/python3.10/site-packages'
[2.254s] Level 1:colcon.colcon_core.environment:checking '/home/akash/ros2_midterm_ws/install/fleet_action/bin'
[2.269s] INFO:colcon.colcon_core.shell:Creating package script '/home/akash/ros2_midterm_ws/install/fleet_action/share/fleet_action/package.ps1'
[2.270s] INFO:colcon.colcon_core.shell:Creating package descriptor '/home/akash/ros2_midterm_ws/install/fleet_action/share/fleet_action/package.dsv'
[2.271s] INFO:colcon.colcon_core.shell:Creating package script '/home/akash/ros2_midterm_ws/install/fleet_action/share/fleet_action/package.sh'
[2.271s] INFO:colcon.colcon_core.shell:Creating package script '/home/akash/ros2_midterm_ws/install/fleet_action/share/fleet_action/package.bash'
[2.272s] INFO:colcon.colcon_core.shell:Creating package script '/home/akash/ros2_midterm_ws/install/fleet_action/share/fleet_action/package.zsh'
[2.273s] Level 1:colcon.colcon_core.environment:create_file_with_runtime_dependencies(/home/akash/ros2_midterm_ws/install/fleet_action/share/colcon-core/packages/fleet_action)
[2.335s] Level 1:colcon.colcon_core.environment:create_environment_scripts_only(fleet_action)
[2.350s] Level 1:colcon.colcon_core.environment:checking '/home/akash/ros2_midterm_ws/install/fleet_action' for CMake module files
[2.351s] Level 1:colcon.colcon_core.environment:checking '/home/akash/ros2_midterm_ws/install/fleet_action' for CMake config files
[2.351s] Level 1:colcon.colcon_core.shell:create_environment_hook('fleet_action', 'cmake_prefix_path')
[2.366s] INFO:colcon.colcon_core.shell:Creating environment hook '/home/akash/ros2_midterm_ws/install/fleet_action/share/fleet_action/hook/cmake_prefix_path.ps1'
[2.366s] INFO:colcon.colcon_core.shell:Creating environment descriptor '/home/akash/ros2_midterm_ws/install/fleet_action/share/fleet_action/hook/cmake_prefix_path.dsv'
[2.367s] INFO:colcon.colcon_core.shell:Creating environment hook '/home/akash/ros2_midterm_ws/install/fleet_action/share/fleet_action/hook/cmake_prefix_path.sh'
[2.367s] Level 1:colcon.colcon_core.environment:checking '/home/akash/ros2_midterm_ws/install/fleet_action/lib'
[2.367s] Level 1:colcon.colcon_core.shell:create_environment_hook('fleet_action', 'ld_library_path_lib')
[2.383s] INFO:colcon.colcon_core.shell:Creating environment hook '/home/akash/ros2_midterm_ws/install/fleet_action/share/fleet_action/hook/ld_library_path_lib.ps1'
[2.383s] INFO:colcon.colcon_core.shell:Creating environment descriptor '/home/akash/ros2_midterm_ws/install/fleet_action/share/fleet_action/hook/ld_library_path_lib.dsv'
[2.384s] INFO:colcon.colcon_core.shell:Creating environment hook '/home/akash/ros2_midterm_ws/install/fleet_action/share/fleet_action/hook/ld_library_path_lib.sh'
[2.384s] Level 1:colcon.colcon_core.environment:checking '/home/akash/ros2_midterm_ws/install/fleet_action/bin'
[2.384s] Level 1:colcon.colcon_core.environment:checking '/home/akash/ros2_midterm_ws/install/fleet_action/lib/pkgconfig/fleet_action.pc'
[2.385s] Level 1:colcon.colcon_core.environment:checking '/home/akash/ros2_midterm_ws/install/fleet_action/lib/python3.10/site-packages'
[2.385s] Level 1:colcon.colcon_core.environment:checking '/home/akash/ros2_midterm_ws/install/fleet_action/bin'
[2.400s] INFO:colcon.colcon_core.shell:Creating package script '/home/akash/ros2_midterm_ws/install/fleet_action/share/fleet_action/package.ps1'
[2.401s] INFO:colcon.colcon_core.shell:Creating package descriptor '/home/akash/ros2_midterm_ws/install/fleet_action/share/fleet_action/package.dsv'
[2.401s] INFO:colcon.colcon_core.shell:Creating package script '/home/akash/ros2_midterm_ws/install/fleet_action/share/fleet_action/package.sh'
[2.402s] INFO:colcon.colcon_core.shell:Creating package script '/home/akash/ros2_midterm_ws/install/fleet_action/share/fleet_action/package.bash'
[2.402s] INFO:colcon.colcon_core.shell:Creating package script '/home/akash/ros2_midterm_ws/install/fleet_action/share/fleet_action/package.zsh'
[2.402s] Level 1:colcon.colcon_core.environment:create_file_with_runtime_dependencies(/home/akash/ros2_midterm_ws/install/fleet_action/share/colcon-core/packages/fleet_action)
[2.456s] DEBUG:colcon.colcon_core.event_handler.log_command:Invoking command in '/home/akash/ros2_midterm_ws/src/fleet_management': PYTHONPATH=/home/akash/ros2_midterm_ws/build/fleet_management/prefix_override:/home/akash/ros2_midterm_ws/install/fleet_management/lib/python3.10/site-packages:${PYTHONPATH} /usr/bin/python3 setup.py egg_info --egg-base ../../build/fleet_management build --build-base /home/akash/ros2_midterm_ws/build/fleet_management/build install --record /home/akash/ros2_midterm_ws/build/fleet_management/install.log --single-version-externally-managed
[2.731s] DEBUG:colcon.colcon_core.event_handler.log_command:Invoked command in '/home/akash/ros2_midterm_ws/src/fleet_management' returned '1': PYTHONPATH=/home/akash/ros2_midterm_ws/build/fleet_management/prefix_override:/home/akash/ros2_midterm_ws/install/fleet_management/lib/python3.10/site-packages:${PYTHONPATH} /usr/bin/python3 setup.py egg_info --egg-base ../../build/fleet_management build --build-base /home/akash/ros2_midterm_ws/build/fleet_management/build install --record /home/akash/ros2_midterm_ws/build/fleet_management/install.log --single-version-externally-managed
[2.741s] DEBUG:colcon.colcon_parallel_executor.executor.parallel:closing loop
[2.741s] DEBUG:colcon.colcon_parallel_executor.executor.parallel:loop closed
[2.742s] DEBUG:colcon.colcon_parallel_executor.executor.parallel:run_until_complete finished with '1'
[2.742s] DEBUG:colcon.colcon_core.event_reactor:joining thread
[2.853s] INFO:colcon.colcon_core.plugin_system:Skipping extension 'colcon_notification.desktop_notification.notify_send': Could not find 'notify-send'
[2.853s] INFO:colcon.colcon_core.plugin_system:Skipping extension 'colcon_notification.desktop_notification.terminal_notifier': Not used on non-Darwin systems
[2.853s] INFO:colcon.colcon_core.plugin_system:Skipping extension 'colcon_notification.desktop_notification.win32': Not used on non-Windows systems
[2.853s] INFO:colcon.colcon_notification.desktop_notification:Sending desktop notification using 'notify2'
[2.855s] DEBUG:colcon.colcon_notification.desktop_notification.notify2:Failed to initialize notify2: org.freedesktop.DBus.Error.ServiceUnknown: The name org.freedesktop.Notifications was not provided by any .service files
[2.855s] DEBUG:colcon.colcon_core.event_reactor:joined thread
[2.870s] INFO:colcon.colcon_core.shell:Creating prefix script '/home/akash/ros2_midterm_ws/install/local_setup.ps1'
[2.871s] INFO:colcon.colcon_core.shell:Creating prefix util module '/home/akash/ros2_midterm_ws/install/_local_setup_util_ps1.py'
[2.872s] INFO:colcon.colcon_core.shell:Creating prefix chain script '/home/akash/ros2_midterm_ws/install/setup.ps1'
[2.888s] INFO:colcon.colcon_core.shell:Creating prefix script '/home/akash/ros2_midterm_ws/install/local_setup.sh'
[2.889s] INFO:colcon.colcon_core.shell:Creating prefix util module '/home/akash/ros2_midterm_ws/install/_local_setup_util_sh.py'
[2.889s] INFO:colcon.colcon_core.shell:Creating prefix chain script '/home/akash/ros2_midterm_ws/install/setup.sh'
[2.905s] INFO:colcon.colcon_core.shell:Creating prefix script '/home/akash/ros2_midterm_ws/install/local_setup.bash'
[2.906s] INFO:colcon.colcon_core.shell:Creating prefix chain script '/home/akash/ros2_midterm_ws/install/setup.bash'
[2.921s] INFO:colcon.colcon_core.shell:Creating prefix script '/home/akash/ros2_midterm_ws/install/local_setup.zsh'
[2.922s] INFO:colcon.colcon_core.shell:Creating prefix chain script '/home/akash/ros2_midterm_ws/install/setup.zsh'
