[0.131s] Invoking command in '/home/akash/ros2_midterm_ws/build/fleet_action': CMAKE_PREFIX_PATH=/opt/ros/humble /usr/bin/cmake --build /home/akash/ros2_midterm_ws/build/fleet_action -- -j16 -l16
[0.167s] [  3%] Built target fleet_action__cpp
[0.167s] [ 12%] Built target fleet_action__rosidl_generator_c
[0.176s] [ 12%] Built target ament_cmake_python_copy_fleet_action
[0.185s] [ 22%] Built target fleet_action__rosidl_typesupport_fastrtps_cpp
[0.185s] [ 32%] Built target fleet_action__rosidl_typesupport_introspection_cpp
[0.187s] [ 41%] Built target fleet_action__rosidl_typesupport_cpp
[0.193s] [ 70%] Built target fleet_action__rosidl_typesupport_introspection_c
[0.194s] [ 70%] Built target fleet_action__rosidl_typesupport_fastrtps_c
[0.194s] [ 70%] Built target fleet_action__rosidl_typesupport_c
[0.208s] [ 70%] Built target fleet_action
[0.224s] [ 74%] Built target fleet_action__py
[0.241s] [ 80%] Built target fleet_action__rosidl_generator_py
[0.260s] [100%] Built target fleet_action__rosidl_typesupport_fastrtps_c__pyext
[0.260s] [100%] Built target fleet_action__rosidl_typesupport_c__pyext
[0.260s] [100%] Built target fleet_action__rosidl_typesupport_introspection_c__pyext
[0.425s] running egg_info
[0.426s] writing fleet_action.egg-info/PKG-INFO
[0.426s] writing dependency_links to fleet_action.egg-info/dependency_links.txt
[0.426s] writing top-level names to fleet_action.egg-info/top_level.txt
[0.428s] reading manifest file 'fleet_action.egg-info/SOURCES.txt'
[0.429s] writing manifest file 'fleet_action.egg-info/SOURCES.txt'
[0.455s] [100%] Built target ament_cmake_python_build_fleet_action_egg
[0.466s] Invoked command in '/home/akash/ros2_midterm_ws/build/fleet_action' returned '0': CMAKE_PREFIX_PATH=/opt/ros/humble /usr/bin/cmake --build /home/akash/ros2_midterm_ws/build/fleet_action -- -j16 -l16
[0.514s] Invoking command in '/home/akash/ros2_midterm_ws/build/fleet_action': CMAKE_PREFIX_PATH=/opt/ros/humble /usr/bin/cmake --install /home/akash/ros2_midterm_ws/build/fleet_action
[0.521s] -- Install configuration: ""
[0.521s] -- Up-to-date: /home/akash/ros2_midterm_ws/install/fleet_action/share/ament_index/resource_index/rosidl_interfaces/fleet_action
[0.521s] -- Up-to-date: /home/akash/ros2_midterm_ws/install/fleet_action/include/fleet_action/fleet_action
[0.521s] -- Up-to-date: /home/akash/ros2_midterm_ws/install/fleet_action/include/fleet_action/fleet_action/action
[0.522s] -- Up-to-date: /home/akash/ros2_midterm_ws/install/fleet_action/include/fleet_action/fleet_action/action/fleet_management.h
[0.522s] -- Up-to-date: /home/akash/ros2_midterm_ws/install/fleet_action/include/fleet_action/fleet_action/action/detail
[0.522s] -- Up-to-date: /home/akash/ros2_midterm_ws/install/fleet_action/include/fleet_action/fleet_action/action/detail/fleet_management__struct.h
[0.523s] -- Up-to-date: /home/akash/ros2_midterm_ws/install/fleet_action/include/fleet_action/fleet_action/action/detail/fleet_management__type_support.h
[0.523s] -- Up-to-date: /home/akash/ros2_midterm_ws/install/fleet_action/include/fleet_action/fleet_action/action/detail/fleet_management__functions.c
[0.523s] -- Up-to-date: /home/akash/ros2_midterm_ws/install/fleet_action/include/fleet_action/fleet_action/action/detail/fleet_management__functions.h
[0.523s] -- Up-to-date: /home/akash/ros2_midterm_ws/install/fleet_action/include/fleet_action/fleet_action/msg
[0.523s] -- Up-to-date: /home/akash/ros2_midterm_ws/install/fleet_action/include/fleet_action/fleet_action/msg/rosidl_generator_c__visibility_control.h
[0.524s] -- Up-to-date: /home/akash/ros2_midterm_ws/install/fleet_action/share/fleet_action/environment/library_path.sh
[0.524s] -- Installing: /home/akash/ros2_midterm_ws/install/fleet_action/share/fleet_action/environment/library_path.dsv
[0.524s] -- Up-to-date: /home/akash/ros2_midterm_ws/install/fleet_action/lib/libfleet_action__rosidl_generator_c.so
[0.524s] -- Up-to-date: /home/akash/ros2_midterm_ws/install/fleet_action/include/fleet_action/fleet_action
[0.524s] -- Up-to-date: /home/akash/ros2_midterm_ws/install/fleet_action/include/fleet_action/fleet_action/action
[0.525s] -- Up-to-date: /home/akash/ros2_midterm_ws/install/fleet_action/include/fleet_action/fleet_action/action/detail
[0.525s] -- Up-to-date: /home/akash/ros2_midterm_ws/install/fleet_action/include/fleet_action/fleet_action/action/detail/fleet_management__rosidl_typesupport_fastrtps_c.h
[0.525s] -- Up-to-date: /home/akash/ros2_midterm_ws/install/fleet_action/include/fleet_action/fleet_action/msg
[0.525s] -- Up-to-date: /home/akash/ros2_midterm_ws/install/fleet_action/include/fleet_action/fleet_action/msg/rosidl_typesupport_fastrtps_c__visibility_control.h
[0.525s] -- Up-to-date: /home/akash/ros2_midterm_ws/install/fleet_action/lib/libfleet_action__rosidl_typesupport_fastrtps_c.so
[0.525s] -- Up-to-date: /home/akash/ros2_midterm_ws/install/fleet_action/include/fleet_action/fleet_action
[0.525s] -- Up-to-date: /home/akash/ros2_midterm_ws/install/fleet_action/include/fleet_action/fleet_action/action
[0.526s] -- Up-to-date: /home/akash/ros2_midterm_ws/install/fleet_action/include/fleet_action/fleet_action/action/detail
[0.526s] -- Up-to-date: /home/akash/ros2_midterm_ws/install/fleet_action/include/fleet_action/fleet_action/action/detail/fleet_management__type_support.c
[0.526s] -- Up-to-date: /home/akash/ros2_midterm_ws/install/fleet_action/include/fleet_action/fleet_action/action/detail/fleet_management__rosidl_typesupport_introspection_c.h
[0.526s] -- Up-to-date: /home/akash/ros2_midterm_ws/install/fleet_action/include/fleet_action/fleet_action/msg
[0.526s] -- Up-to-date: /home/akash/ros2_midterm_ws/install/fleet_action/include/fleet_action/fleet_action/msg/rosidl_typesupport_introspection_c__visibility_control.h
[0.526s] -- Up-to-date: /home/akash/ros2_midterm_ws/install/fleet_action/lib/libfleet_action__rosidl_typesupport_introspection_c.so
[0.527s] -- Up-to-date: /home/akash/ros2_midterm_ws/install/fleet_action/lib/libfleet_action__rosidl_typesupport_c.so
[0.527s] -- Up-to-date: /home/akash/ros2_midterm_ws/install/fleet_action/include/fleet_action/fleet_action
[0.527s] -- Up-to-date: /home/akash/ros2_midterm_ws/install/fleet_action/include/fleet_action/fleet_action/action
[0.527s] -- Up-to-date: /home/akash/ros2_midterm_ws/install/fleet_action/include/fleet_action/fleet_action/action/detail
[0.527s] -- Up-to-date: /home/akash/ros2_midterm_ws/install/fleet_action/include/fleet_action/fleet_action/action/detail/fleet_management__struct.hpp
[0.527s] -- Up-to-date: /home/akash/ros2_midterm_ws/install/fleet_action/include/fleet_action/fleet_action/action/detail/fleet_management__traits.hpp
[0.527s] -- Up-to-date: /home/akash/ros2_midterm_ws/install/fleet_action/include/fleet_action/fleet_action/action/detail/fleet_management__builder.hpp
[0.527s] -- Up-to-date: /home/akash/ros2_midterm_ws/install/fleet_action/include/fleet_action/fleet_action/action/fleet_management.hpp
[0.527s] -- Up-to-date: /home/akash/ros2_midterm_ws/install/fleet_action/include/fleet_action/fleet_action
[0.527s] -- Up-to-date: /home/akash/ros2_midterm_ws/install/fleet_action/include/fleet_action/fleet_action/action
[0.527s] -- Up-to-date: /home/akash/ros2_midterm_ws/install/fleet_action/include/fleet_action/fleet_action/action/detail
[0.527s] -- Up-to-date: /home/akash/ros2_midterm_ws/install/fleet_action/include/fleet_action/fleet_action/action/detail/fleet_management__rosidl_typesupport_fastrtps_cpp.hpp
[0.527s] -- Up-to-date: /home/akash/ros2_midterm_ws/install/fleet_action/include/fleet_action/fleet_action/action/detail/dds_fastrtps
[0.527s] -- Up-to-date: /home/akash/ros2_midterm_ws/install/fleet_action/include/fleet_action/fleet_action/msg
[0.528s] -- Up-to-date: /home/akash/ros2_midterm_ws/install/fleet_action/include/fleet_action/fleet_action/msg/rosidl_typesupport_fastrtps_cpp__visibility_control.h
[0.528s] -- Up-to-date: /home/akash/ros2_midterm_ws/install/fleet_action/lib/libfleet_action__rosidl_typesupport_fastrtps_cpp.so
[0.528s] -- Up-to-date: /home/akash/ros2_midterm_ws/install/fleet_action/include/fleet_action/fleet_action
[0.528s] -- Up-to-date: /home/akash/ros2_midterm_ws/install/fleet_action/include/fleet_action/fleet_action/action
[0.528s] -- Up-to-date: /home/akash/ros2_midterm_ws/install/fleet_action/include/fleet_action/fleet_action/action/detail
[0.528s] -- Up-to-date: /home/akash/ros2_midterm_ws/install/fleet_action/include/fleet_action/fleet_action/action/detail/fleet_management__type_support.cpp
[0.528s] -- Up-to-date: /home/akash/ros2_midterm_ws/install/fleet_action/include/fleet_action/fleet_action/action/detail/fleet_management__rosidl_typesupport_introspection_cpp.hpp
[0.528s] -- Up-to-date: /home/akash/ros2_midterm_ws/install/fleet_action/lib/libfleet_action__rosidl_typesupport_introspection_cpp.so
[0.528s] -- Up-to-date: /home/akash/ros2_midterm_ws/install/fleet_action/lib/libfleet_action__rosidl_typesupport_cpp.so
[0.528s] -- Up-to-date: /home/akash/ros2_midterm_ws/install/fleet_action/share/fleet_action/environment/pythonpath.sh
[0.528s] -- Installing: /home/akash/ros2_midterm_ws/install/fleet_action/share/fleet_action/environment/pythonpath.dsv
[0.528s] -- Up-to-date: /home/akash/ros2_midterm_ws/install/fleet_action/local/lib/python3.10/dist-packages/fleet_action-0.0.0-py3.10.egg-info
[0.528s] -- Installing: /home/akash/ros2_midterm_ws/install/fleet_action/local/lib/python3.10/dist-packages/fleet_action-0.0.0-py3.10.egg-info/dependency_links.txt
[0.528s] -- Installing: /home/akash/ros2_midterm_ws/install/fleet_action/local/lib/python3.10/dist-packages/fleet_action-0.0.0-py3.10.egg-info/PKG-INFO
[0.528s] -- Installing: /home/akash/ros2_midterm_ws/install/fleet_action/local/lib/python3.10/dist-packages/fleet_action-0.0.0-py3.10.egg-info/SOURCES.txt
[0.528s] -- Installing: /home/akash/ros2_midterm_ws/install/fleet_action/local/lib/python3.10/dist-packages/fleet_action-0.0.0-py3.10.egg-info/top_level.txt
[0.528s] -- Up-to-date: /home/akash/ros2_midterm_ws/install/fleet_action/local/lib/python3.10/dist-packages/fleet_action
[0.529s] -- Up-to-date: /home/akash/ros2_midterm_ws/install/fleet_action/local/lib/python3.10/dist-packages/fleet_action/action
[0.529s] -- Up-to-date: /home/akash/ros2_midterm_ws/install/fleet_action/local/lib/python3.10/dist-packages/fleet_action/action/_fleet_management.py
[0.529s] -- Up-to-date: /home/akash/ros2_midterm_ws/install/fleet_action/local/lib/python3.10/dist-packages/fleet_action/action/__init__.py
[0.529s] -- Up-to-date: /home/akash/ros2_midterm_ws/install/fleet_action/local/lib/python3.10/dist-packages/fleet_action/action/_fleet_management_s.c
[0.529s] -- Up-to-date: /home/akash/ros2_midterm_ws/install/fleet_action/local/lib/python3.10/dist-packages/fleet_action/_fleet_action_s.ep.rosidl_typesupport_c.c
[0.529s] -- Up-to-date: /home/akash/ros2_midterm_ws/install/fleet_action/local/lib/python3.10/dist-packages/fleet_action/_fleet_action_s.ep.rosidl_typesupport_fastrtps_c.c
[0.529s] -- Up-to-date: /home/akash/ros2_midterm_ws/install/fleet_action/local/lib/python3.10/dist-packages/fleet_action/fleet_action_s__rosidl_typesupport_introspection_c.cpython-310-x86_64-linux-gnu.so
[0.529s] -- Up-to-date: /home/akash/ros2_midterm_ws/install/fleet_action/local/lib/python3.10/dist-packages/fleet_action/_fleet_action_s.ep.rosidl_typesupport_introspection_c.c
[0.529s] -- Up-to-date: /home/akash/ros2_midterm_ws/install/fleet_action/local/lib/python3.10/dist-packages/fleet_action/fleet_action_s__rosidl_typesupport_c.cpython-310-x86_64-linux-gnu.so
[0.529s] -- Installing: /home/akash/ros2_midterm_ws/install/fleet_action/local/lib/python3.10/dist-packages/fleet_action/__init__.py
[0.529s] -- Up-to-date: /home/akash/ros2_midterm_ws/install/fleet_action/local/lib/python3.10/dist-packages/fleet_action/libfleet_action__rosidl_generator_py.so
[0.529s] -- Up-to-date: /home/akash/ros2_midterm_ws/install/fleet_action/local/lib/python3.10/dist-packages/fleet_action/fleet_action_s__rosidl_typesupport_fastrtps_c.cpython-310-x86_64-linux-gnu.so
[0.557s] Listing '/home/akash/ros2_midterm_ws/install/fleet_action/local/lib/python3.10/dist-packages/fleet_action'...
[0.557s] Compiling '/home/akash/ros2_midterm_ws/install/fleet_action/local/lib/python3.10/dist-packages/fleet_action/__init__.py'...
[0.558s] Listing '/home/akash/ros2_midterm_ws/install/fleet_action/local/lib/python3.10/dist-packages/fleet_action/action'...
[0.562s] -- Up-to-date: /home/akash/ros2_midterm_ws/install/fleet_action/local/lib/python3.10/dist-packages/fleet_action/fleet_action_s__rosidl_typesupport_fastrtps_c.cpython-310-x86_64-linux-gnu.so
[0.562s] -- Up-to-date: /home/akash/ros2_midterm_ws/install/fleet_action/local/lib/python3.10/dist-packages/fleet_action/fleet_action_s__rosidl_typesupport_introspection_c.cpython-310-x86_64-linux-gnu.so
[0.563s] -- Up-to-date: /home/akash/ros2_midterm_ws/install/fleet_action/local/lib/python3.10/dist-packages/fleet_action/fleet_action_s__rosidl_typesupport_c.cpython-310-x86_64-linux-gnu.so
[0.563s] -- Up-to-date: /home/akash/ros2_midterm_ws/install/fleet_action/lib/libfleet_action__rosidl_generator_py.so
[0.563s] -- Up-to-date: /home/akash/ros2_midterm_ws/install/fleet_action/share/fleet_action/action/FleetManagement.idl
[0.564s] -- Up-to-date: /home/akash/ros2_midterm_ws/install/fleet_action/share/fleet_action/action/FleetManagement.action
[0.564s] -- Up-to-date: /home/akash/ros2_midterm_ws/install/fleet_action/share/ament_index/resource_index/package_run_dependencies/fleet_action
[0.564s] -- Installing: /home/akash/ros2_midterm_ws/install/fleet_action/share/ament_index/resource_index/parent_prefix_path/fleet_action
[0.564s] -- Up-to-date: /home/akash/ros2_midterm_ws/install/fleet_action/share/fleet_action/environment/ament_prefix_path.sh
[0.564s] -- Installing: /home/akash/ros2_midterm_ws/install/fleet_action/share/fleet_action/environment/ament_prefix_path.dsv
[0.564s] -- Up-to-date: /home/akash/ros2_midterm_ws/install/fleet_action/share/fleet_action/environment/path.sh
[0.564s] -- Installing: /home/akash/ros2_midterm_ws/install/fleet_action/share/fleet_action/environment/path.dsv
[0.565s] -- Up-to-date: /home/akash/ros2_midterm_ws/install/fleet_action/share/fleet_action/local_setup.bash
[0.565s] -- Up-to-date: /home/akash/ros2_midterm_ws/install/fleet_action/share/fleet_action/local_setup.sh
[0.565s] -- Up-to-date: /home/akash/ros2_midterm_ws/install/fleet_action/share/fleet_action/local_setup.zsh
[0.565s] -- Installing: /home/akash/ros2_midterm_ws/install/fleet_action/share/fleet_action/local_setup.dsv
[0.565s] -- Installing: /home/akash/ros2_midterm_ws/install/fleet_action/share/fleet_action/package.dsv
[0.566s] -- Up-to-date: /home/akash/ros2_midterm_ws/install/fleet_action/share/ament_index/resource_index/packages/fleet_action
[0.566s] -- Up-to-date: /home/akash/ros2_midterm_ws/install/fleet_action/share/fleet_action/cmake/export_fleet_action__rosidl_generator_cExport.cmake
[0.566s] -- Up-to-date: /home/akash/ros2_midterm_ws/install/fleet_action/share/fleet_action/cmake/export_fleet_action__rosidl_generator_cExport-noconfig.cmake
[0.566s] -- Up-to-date: /home/akash/ros2_midterm_ws/install/fleet_action/share/fleet_action/cmake/export_fleet_action__rosidl_typesupport_fastrtps_cExport.cmake
[0.566s] -- Up-to-date: /home/akash/ros2_midterm_ws/install/fleet_action/share/fleet_action/cmake/export_fleet_action__rosidl_typesupport_fastrtps_cExport-noconfig.cmake
[0.566s] -- Up-to-date: /home/akash/ros2_midterm_ws/install/fleet_action/share/fleet_action/cmake/fleet_action__rosidl_typesupport_introspection_cExport.cmake
[0.566s] -- Up-to-date: /home/akash/ros2_midterm_ws/install/fleet_action/share/fleet_action/cmake/fleet_action__rosidl_typesupport_introspection_cExport-noconfig.cmake
[0.567s] -- Up-to-date: /home/akash/ros2_midterm_ws/install/fleet_action/share/fleet_action/cmake/fleet_action__rosidl_typesupport_cExport.cmake
[0.567s] -- Up-to-date: /home/akash/ros2_midterm_ws/install/fleet_action/share/fleet_action/cmake/fleet_action__rosidl_typesupport_cExport-noconfig.cmake
[0.567s] -- Up-to-date: /home/akash/ros2_midterm_ws/install/fleet_action/share/fleet_action/cmake/export_fleet_action__rosidl_generator_cppExport.cmake
[0.567s] -- Up-to-date: /home/akash/ros2_midterm_ws/install/fleet_action/share/fleet_action/cmake/export_fleet_action__rosidl_typesupport_fastrtps_cppExport.cmake
[0.567s] -- Up-to-date: /home/akash/ros2_midterm_ws/install/fleet_action/share/fleet_action/cmake/export_fleet_action__rosidl_typesupport_fastrtps_cppExport-noconfig.cmake
[0.567s] -- Up-to-date: /home/akash/ros2_midterm_ws/install/fleet_action/share/fleet_action/cmake/fleet_action__rosidl_typesupport_introspection_cppExport.cmake
[0.568s] -- Up-to-date: /home/akash/ros2_midterm_ws/install/fleet_action/share/fleet_action/cmake/fleet_action__rosidl_typesupport_introspection_cppExport-noconfig.cmake
[0.568s] -- Up-to-date: /home/akash/ros2_midterm_ws/install/fleet_action/share/fleet_action/cmake/fleet_action__rosidl_typesupport_cppExport.cmake
[0.568s] -- Up-to-date: /home/akash/ros2_midterm_ws/install/fleet_action/share/fleet_action/cmake/fleet_action__rosidl_typesupport_cppExport-noconfig.cmake
[0.569s] -- Up-to-date: /home/akash/ros2_midterm_ws/install/fleet_action/share/fleet_action/cmake/export_fleet_action__rosidl_generator_pyExport.cmake
[0.569s] -- Up-to-date: /home/akash/ros2_midterm_ws/install/fleet_action/share/fleet_action/cmake/export_fleet_action__rosidl_generator_pyExport-noconfig.cmake
[0.569s] -- Up-to-date: /home/akash/ros2_midterm_ws/install/fleet_action/share/fleet_action/cmake/rosidl_cmake-extras.cmake
[0.569s] -- Up-to-date: /home/akash/ros2_midterm_ws/install/fleet_action/share/fleet_action/cmake/ament_cmake_export_dependencies-extras.cmake
[0.569s] -- Up-to-date: /home/akash/ros2_midterm_ws/install/fleet_action/share/fleet_action/cmake/ament_cmake_export_include_directories-extras.cmake
[0.569s] -- Up-to-date: /home/akash/ros2_midterm_ws/install/fleet_action/share/fleet_action/cmake/ament_cmake_export_libraries-extras.cmake
[0.570s] -- Up-to-date: /home/akash/ros2_midterm_ws/install/fleet_action/share/fleet_action/cmake/ament_cmake_export_targets-extras.cmake
[0.570s] -- Up-to-date: /home/akash/ros2_midterm_ws/install/fleet_action/share/fleet_action/cmake/rosidl_cmake_export_typesupport_targets-extras.cmake
[0.570s] -- Up-to-date: /home/akash/ros2_midterm_ws/install/fleet_action/share/fleet_action/cmake/rosidl_cmake_export_typesupport_libraries-extras.cmake
[0.570s] -- Up-to-date: /home/akash/ros2_midterm_ws/install/fleet_action/share/fleet_action/cmake/fleet_actionConfig.cmake
[0.570s] -- Up-to-date: /home/akash/ros2_midterm_ws/install/fleet_action/share/fleet_action/cmake/fleet_actionConfig-version.cmake
[0.570s] -- Up-to-date: /home/akash/ros2_midterm_ws/install/fleet_action/share/fleet_action/package.xml
[0.571s] Invoked command in '/home/akash/ros2_midterm_ws/build/fleet_action' returned '0': CMAKE_PREFIX_PATH=/opt/ros/humble /usr/bin/cmake --install /home/akash/ros2_midterm_ws/build/fleet_action
