[0.128s] Invoking command in '/home/akash/ROS2_course/week_8_mid_term/ros2_midterm_ws/build/fleet_action': CMAKE_PREFIX_PATH=/opt/ros/humble /usr/bin/cmake --build /home/akash/ROS2_course/week_8_mid_term/ros2_midterm_ws/build/fleet_action -- -j16 -l16
[0.131s] [0mCMake Error: The current CMakeCache.txt directory /home/akash/ROS2_course/week_8_mid_term/ros2_midterm_ws/build/fleet_action/CMakeCache.txt is different than the directory /home/akash/ros2_midterm_ws/build/fleet_action where CMakeCache.txt was created. This may result in binaries being created in the wrong place. If you are not sure, reedit the CMakeCache.txt[0m
[0.146s] -- Found ament_cmake: 1.3.5 (/opt/ros/humble/share/ament_cmake/cmake)
[0.294s] -- Found rosidl_default_generators: 1.2.0 (/opt/ros/humble/share/rosidl_default_generators/cmake)
[0.295s] -- Using all available rosidl_typesupport_c: rosidl_typesupport_fastrtps_c;rosidl_typesupport_introspection_c
[0.298s] -- Found rosidl_adapter: 3.1.5 (/opt/ros/humble/share/rosidl_adapter/cmake)
[0.637s] -- Using all available rosidl_typesupport_cpp: rosidl_typesupport_fastrtps_cpp;rosidl_typesupport_introspection_cpp
[1.012s] -- Found ament_cmake_ros: 0.10.0 (/opt/ros/humble/share/ament_cmake_ros/cmake)
[1.197s] -- Using all available rosidl_typesupport_c: rosidl_typesupport_fastrtps_c;rosidl_typesupport_introspection_c
[1.445s] -- Using all available rosidl_typesupport_cpp: rosidl_typesupport_fastrtps_cpp;rosidl_typesupport_introspection_cpp
[1.467s] -- Found python_cmake_module: 0.10.0 (/opt/ros/humble/share/python_cmake_module/cmake)
[1.490s] -- Using PYTHON_EXECUTABLE: /usr/bin/python3
[1.490s] -- Using PYTHON_INCLUDE_DIRS: /usr/include/python3.10
[1.490s] -- Using PYTHON_LIBRARIES: /usr/lib/x86_64-linux-gnu/libpython3.10.so
[1.508s] -- Found ament_lint_auto: 0.12.8 (/opt/ros/humble/share/ament_lint_auto/cmake)
[1.516s] -- Added test 'lint_cmake' to check CMake code style
[1.517s] -- Added test 'xmllint' to check XML markup files
[1.519s] -- Configuring done
[1.548s] -- Generating done
[1.551s] -- Build files have been written to: /home/akash/ros2_midterm_ws/build/fleet_action
[1.573s] [35m[1mConsolidate compiler generated dependencies of target fleet_action__rosidl_generator_c[0m
[1.580s] [  3%] Built target fleet_action__cpp
[1.581s] [ 12%] Built target fleet_action__rosidl_generator_c
[1.588s] [ 12%] Built target ament_cmake_python_copy_fleet_action
[1.589s] [35m[1mConsolidate compiler generated dependencies of target fleet_action__rosidl_typesupport_c[0m
[1.589s] [35m[1mConsolidate compiler generated dependencies of target fleet_action__rosidl_typesupport_introspection_c[0m
[1.589s] [35m[1mConsolidate compiler generated dependencies of target fleet_action__rosidl_typesupport_fastrtps_cpp[0m
[1.589s] [35m[1mConsolidate compiler generated dependencies of target fleet_action__rosidl_typesupport_cpp[0m
[1.589s] [35m[1mConsolidate compiler generated dependencies of target fleet_action__rosidl_typesupport_introspection_cpp[0m
[1.589s] [35m[1mConsolidate compiler generated dependencies of target fleet_action__rosidl_typesupport_fastrtps_c[0m
[1.597s] [ 22%] Built target fleet_action__rosidl_typesupport_introspection_c
[1.598s] [ 32%] Built target fleet_action__rosidl_typesupport_c
[1.598s] [ 41%] Built target fleet_action__rosidl_typesupport_cpp
[1.598s] [ 51%] Built target fleet_action__rosidl_typesupport_introspection_cpp
[1.600s] [ 61%] Built target fleet_action__rosidl_typesupport_fastrtps_c
[1.600s] [ 70%] Built target fleet_action__rosidl_typesupport_fastrtps_cpp
[1.615s] [ 70%] Built target fleet_action
[1.630s] [ 74%] Built target fleet_action__py
[1.639s] [35m[1mConsolidate compiler generated dependencies of target fleet_action__rosidl_generator_py[0m
[1.649s] [ 80%] Built target fleet_action__rosidl_generator_py
[1.658s] [35m[1mConsolidate compiler generated dependencies of target fleet_action__rosidl_typesupport_fastrtps_c__pyext[0m
[1.658s] [35m[1mConsolidate compiler generated dependencies of target fleet_action__rosidl_typesupport_c__pyext[0m
[1.658s] [35m[1mConsolidate compiler generated dependencies of target fleet_action__rosidl_typesupport_introspection_c__pyext[0m
[1.669s] [100%] Built target fleet_action__rosidl_typesupport_introspection_c__pyext
[1.669s] [100%] Built target fleet_action__rosidl_typesupport_c__pyext
[1.669s] [100%] Built target fleet_action__rosidl_typesupport_fastrtps_c__pyext
[1.835s] running egg_info
[1.836s] writing fleet_action.egg-info/PKG-INFO
[1.836s] writing dependency_links to fleet_action.egg-info/dependency_links.txt
[1.837s] writing top-level names to fleet_action.egg-info/top_level.txt
[1.839s] reading manifest file 'fleet_action.egg-info/SOURCES.txt'
[1.840s] writing manifest file 'fleet_action.egg-info/SOURCES.txt'
[1.865s] [100%] Built target ament_cmake_python_build_fleet_action_egg
[1.874s] Invoked command in '/home/akash/ROS2_course/week_8_mid_term/ros2_midterm_ws/build/fleet_action' returned '0': CMAKE_PREFIX_PATH=/opt/ros/humble /usr/bin/cmake --build /home/akash/ROS2_course/week_8_mid_term/ros2_midterm_ws/build/fleet_action -- -j16 -l16
[1.929s] Invoking command in '/home/akash/ROS2_course/week_8_mid_term/ros2_midterm_ws/build/fleet_action': CMAKE_PREFIX_PATH=/opt/ros/humble /usr/bin/cmake --install /home/akash/ROS2_course/week_8_mid_term/ros2_midterm_ws/build/fleet_action
[1.935s] -- Install configuration: ""
[1.935s] -- Up-to-date: /home/akash/ros2_midterm_ws/install/fleet_action/share/ament_index/resource_index/rosidl_interfaces/fleet_action
[1.935s] -- Up-to-date: /home/akash/ros2_midterm_ws/install/fleet_action/include/fleet_action/fleet_action
[1.936s] -- Up-to-date: /home/akash/ros2_midterm_ws/install/fleet_action/include/fleet_action/fleet_action/action
[1.936s] -- Up-to-date: /home/akash/ros2_midterm_ws/install/fleet_action/include/fleet_action/fleet_action/action/fleet_management.h
[1.936s] -- Up-to-date: /home/akash/ros2_midterm_ws/install/fleet_action/include/fleet_action/fleet_action/action/detail
[1.936s] -- Up-to-date: /home/akash/ros2_midterm_ws/install/fleet_action/include/fleet_action/fleet_action/action/detail/fleet_management__struct.h
[1.936s] -- Up-to-date: /home/akash/ros2_midterm_ws/install/fleet_action/include/fleet_action/fleet_action/action/detail/fleet_management__type_support.h
[1.936s] -- Up-to-date: /home/akash/ros2_midterm_ws/install/fleet_action/include/fleet_action/fleet_action/action/detail/fleet_management__functions.c
[1.937s] -- Up-to-date: /home/akash/ros2_midterm_ws/install/fleet_action/include/fleet_action/fleet_action/action/detail/fleet_management__functions.h
[1.937s] -- Up-to-date: /home/akash/ros2_midterm_ws/install/fleet_action/include/fleet_action/fleet_action/msg
[1.937s] -- Up-to-date: /home/akash/ros2_midterm_ws/install/fleet_action/include/fleet_action/fleet_action/msg/rosidl_generator_c__visibility_control.h
[1.937s] -- Up-to-date: /home/akash/ros2_midterm_ws/install/fleet_action/share/fleet_action/environment/library_path.sh
[1.937s] -- Installing: /home/akash/ros2_midterm_ws/install/fleet_action/share/fleet_action/environment/library_path.dsv
[1.937s] -- Up-to-date: /home/akash/ros2_midterm_ws/install/fleet_action/lib/libfleet_action__rosidl_generator_c.so
[1.938s] -- Up-to-date: /home/akash/ros2_midterm_ws/install/fleet_action/include/fleet_action/fleet_action
[1.938s] -- Up-to-date: /home/akash/ros2_midterm_ws/install/fleet_action/include/fleet_action/fleet_action/action
[1.938s] -- Up-to-date: /home/akash/ros2_midterm_ws/install/fleet_action/include/fleet_action/fleet_action/action/detail
[1.938s] -- Up-to-date: /home/akash/ros2_midterm_ws/install/fleet_action/include/fleet_action/fleet_action/action/detail/fleet_management__rosidl_typesupport_fastrtps_c.h
[1.938s] -- Up-to-date: /home/akash/ros2_midterm_ws/install/fleet_action/include/fleet_action/fleet_action/msg
[1.939s] -- Up-to-date: /home/akash/ros2_midterm_ws/install/fleet_action/include/fleet_action/fleet_action/msg/rosidl_typesupport_fastrtps_c__visibility_control.h
[1.939s] -- Up-to-date: /home/akash/ros2_midterm_ws/install/fleet_action/lib/libfleet_action__rosidl_typesupport_fastrtps_c.so
[1.939s] -- Up-to-date: /home/akash/ros2_midterm_ws/install/fleet_action/include/fleet_action/fleet_action
[1.939s] -- Up-to-date: /home/akash/ros2_midterm_ws/install/fleet_action/include/fleet_action/fleet_action/action
[1.939s] -- Up-to-date: /home/akash/ros2_midterm_ws/install/fleet_action/include/fleet_action/fleet_action/action/detail
[1.939s] -- Up-to-date: /home/akash/ros2_midterm_ws/install/fleet_action/include/fleet_action/fleet_action/action/detail/fleet_management__type_support.c
[1.939s] -- Up-to-date: /home/akash/ros2_midterm_ws/install/fleet_action/include/fleet_action/fleet_action/action/detail/fleet_management__rosidl_typesupport_introspection_c.h
[1.940s] -- Up-to-date: /home/akash/ros2_midterm_ws/install/fleet_action/include/fleet_action/fleet_action/msg
[1.940s] -- Up-to-date: /home/akash/ros2_midterm_ws/install/fleet_action/include/fleet_action/fleet_action/msg/rosidl_typesupport_introspection_c__visibility_control.h
[1.940s] -- Up-to-date: /home/akash/ros2_midterm_ws/install/fleet_action/lib/libfleet_action__rosidl_typesupport_introspection_c.so
[1.940s] -- Up-to-date: /home/akash/ros2_midterm_ws/install/fleet_action/lib/libfleet_action__rosidl_typesupport_c.so
[1.940s] -- Up-to-date: /home/akash/ros2_midterm_ws/install/fleet_action/include/fleet_action/fleet_action
[1.940s] -- Up-to-date: /home/akash/ros2_midterm_ws/install/fleet_action/include/fleet_action/fleet_action/action
[1.941s] -- Up-to-date: /home/akash/ros2_midterm_ws/install/fleet_action/include/fleet_action/fleet_action/action/detail
[1.941s] -- Up-to-date: /home/akash/ros2_midterm_ws/install/fleet_action/include/fleet_action/fleet_action/action/detail/fleet_management__struct.hpp
[1.941s] -- Up-to-date: /home/akash/ros2_midterm_ws/install/fleet_action/include/fleet_action/fleet_action/action/detail/fleet_management__traits.hpp
[1.941s] -- Up-to-date: /home/akash/ros2_midterm_ws/install/fleet_action/include/fleet_action/fleet_action/action/detail/fleet_management__builder.hpp
[1.941s] -- Up-to-date: /home/akash/ros2_midterm_ws/install/fleet_action/include/fleet_action/fleet_action/action/fleet_management.hpp
[1.941s] -- Up-to-date: /home/akash/ros2_midterm_ws/install/fleet_action/include/fleet_action/fleet_action
[1.941s] -- Up-to-date: /home/akash/ros2_midterm_ws/install/fleet_action/include/fleet_action/fleet_action/action
[1.941s] -- Up-to-date: /home/akash/ros2_midterm_ws/install/fleet_action/include/fleet_action/fleet_action/action/detail
[1.941s] -- Up-to-date: /home/akash/ros2_midterm_ws/install/fleet_action/include/fleet_action/fleet_action/action/detail/fleet_management__rosidl_typesupport_fastrtps_cpp.hpp
[1.941s] -- Up-to-date: /home/akash/ros2_midterm_ws/install/fleet_action/include/fleet_action/fleet_action/action/detail/dds_fastrtps
[1.941s] -- Up-to-date: /home/akash/ros2_midterm_ws/install/fleet_action/include/fleet_action/fleet_action/msg
[1.942s] -- Up-to-date: /home/akash/ros2_midterm_ws/install/fleet_action/include/fleet_action/fleet_action/msg/rosidl_typesupport_fastrtps_cpp__visibility_control.h
[1.942s] -- Up-to-date: /home/akash/ros2_midterm_ws/install/fleet_action/lib/libfleet_action__rosidl_typesupport_fastrtps_cpp.so
[1.942s] -- Up-to-date: /home/akash/ros2_midterm_ws/install/fleet_action/include/fleet_action/fleet_action
[1.942s] -- Up-to-date: /home/akash/ros2_midterm_ws/install/fleet_action/include/fleet_action/fleet_action/action
[1.942s] -- Up-to-date: /home/akash/ros2_midterm_ws/install/fleet_action/include/fleet_action/fleet_action/action/detail
[1.942s] -- Up-to-date: /home/akash/ros2_midterm_ws/install/fleet_action/include/fleet_action/fleet_action/action/detail/fleet_management__type_support.cpp
[1.942s] -- Up-to-date: /home/akash/ros2_midterm_ws/install/fleet_action/include/fleet_action/fleet_action/action/detail/fleet_management__rosidl_typesupport_introspection_cpp.hpp
[1.942s] -- Up-to-date: /home/akash/ros2_midterm_ws/install/fleet_action/lib/libfleet_action__rosidl_typesupport_introspection_cpp.so
[1.942s] -- Up-to-date: /home/akash/ros2_midterm_ws/install/fleet_action/lib/libfleet_action__rosidl_typesupport_cpp.so
[1.942s] -- Up-to-date: /home/akash/ros2_midterm_ws/install/fleet_action/share/fleet_action/environment/pythonpath.sh
[1.942s] -- Installing: /home/akash/ros2_midterm_ws/install/fleet_action/share/fleet_action/environment/pythonpath.dsv
[1.942s] -- Up-to-date: /home/akash/ros2_midterm_ws/install/fleet_action/local/lib/python3.10/dist-packages/fleet_action-0.0.0-py3.10.egg-info
[1.942s] -- Installing: /home/akash/ros2_midterm_ws/install/fleet_action/local/lib/python3.10/dist-packages/fleet_action-0.0.0-py3.10.egg-info/dependency_links.txt
[1.942s] -- Installing: /home/akash/ros2_midterm_ws/install/fleet_action/local/lib/python3.10/dist-packages/fleet_action-0.0.0-py3.10.egg-info/PKG-INFO
[1.942s] -- Installing: /home/akash/ros2_midterm_ws/install/fleet_action/local/lib/python3.10/dist-packages/fleet_action-0.0.0-py3.10.egg-info/SOURCES.txt
[1.942s] -- Installing: /home/akash/ros2_midterm_ws/install/fleet_action/local/lib/python3.10/dist-packages/fleet_action-0.0.0-py3.10.egg-info/top_level.txt
[1.943s] -- Up-to-date: /home/akash/ros2_midterm_ws/install/fleet_action/local/lib/python3.10/dist-packages/fleet_action
[1.943s] -- Up-to-date: /home/akash/ros2_midterm_ws/install/fleet_action/local/lib/python3.10/dist-packages/fleet_action/action
[1.943s] -- Up-to-date: /home/akash/ros2_midterm_ws/install/fleet_action/local/lib/python3.10/dist-packages/fleet_action/action/_fleet_management.py
[1.943s] -- Up-to-date: /home/akash/ros2_midterm_ws/install/fleet_action/local/lib/python3.10/dist-packages/fleet_action/action/__init__.py
[1.943s] -- Up-to-date: /home/akash/ros2_midterm_ws/install/fleet_action/local/lib/python3.10/dist-packages/fleet_action/action/_fleet_management_s.c
[1.943s] -- Up-to-date: /home/akash/ros2_midterm_ws/install/fleet_action/local/lib/python3.10/dist-packages/fleet_action/_fleet_action_s.ep.rosidl_typesupport_c.c
[1.943s] -- Up-to-date: /home/akash/ros2_midterm_ws/install/fleet_action/local/lib/python3.10/dist-packages/fleet_action/_fleet_action_s.ep.rosidl_typesupport_fastrtps_c.c
[1.943s] -- Up-to-date: /home/akash/ros2_midterm_ws/install/fleet_action/local/lib/python3.10/dist-packages/fleet_action/fleet_action_s__rosidl_typesupport_introspection_c.cpython-310-x86_64-linux-gnu.so
[1.943s] -- Up-to-date: /home/akash/ros2_midterm_ws/install/fleet_action/local/lib/python3.10/dist-packages/fleet_action/_fleet_action_s.ep.rosidl_typesupport_introspection_c.c
[1.943s] -- Up-to-date: /home/akash/ros2_midterm_ws/install/fleet_action/local/lib/python3.10/dist-packages/fleet_action/fleet_action_s__rosidl_typesupport_c.cpython-310-x86_64-linux-gnu.so
[1.943s] -- Installing: /home/akash/ros2_midterm_ws/install/fleet_action/local/lib/python3.10/dist-packages/fleet_action/__init__.py
[1.943s] -- Up-to-date: /home/akash/ros2_midterm_ws/install/fleet_action/local/lib/python3.10/dist-packages/fleet_action/libfleet_action__rosidl_generator_py.so
[1.943s] -- Up-to-date: /home/akash/ros2_midterm_ws/install/fleet_action/local/lib/python3.10/dist-packages/fleet_action/fleet_action_s__rosidl_typesupport_fastrtps_c.cpython-310-x86_64-linux-gnu.so
[1.971s] Listing '/home/akash/ros2_midterm_ws/install/fleet_action/local/lib/python3.10/dist-packages/fleet_action'...
[1.971s] Compiling '/home/akash/ros2_midterm_ws/install/fleet_action/local/lib/python3.10/dist-packages/fleet_action/__init__.py'...
[1.971s] Listing '/home/akash/ros2_midterm_ws/install/fleet_action/local/lib/python3.10/dist-packages/fleet_action/action'...
[1.976s] -- Up-to-date: /home/akash/ros2_midterm_ws/install/fleet_action/local/lib/python3.10/dist-packages/fleet_action/fleet_action_s__rosidl_typesupport_fastrtps_c.cpython-310-x86_64-linux-gnu.so
[1.976s] -- Up-to-date: /home/akash/ros2_midterm_ws/install/fleet_action/local/lib/python3.10/dist-packages/fleet_action/fleet_action_s__rosidl_typesupport_introspection_c.cpython-310-x86_64-linux-gnu.so
[1.976s] -- Up-to-date: /home/akash/ros2_midterm_ws/install/fleet_action/local/lib/python3.10/dist-packages/fleet_action/fleet_action_s__rosidl_typesupport_c.cpython-310-x86_64-linux-gnu.so
[1.976s] -- Up-to-date: /home/akash/ros2_midterm_ws/install/fleet_action/lib/libfleet_action__rosidl_generator_py.so
[1.977s] -- Up-to-date: /home/akash/ros2_midterm_ws/install/fleet_action/share/fleet_action/action/FleetManagement.idl
[1.977s] -- Up-to-date: /home/akash/ros2_midterm_ws/install/fleet_action/share/fleet_action/action/FleetManagement.action
[1.977s] -- Up-to-date: /home/akash/ros2_midterm_ws/install/fleet_action/share/ament_index/resource_index/package_run_dependencies/fleet_action
[1.977s] -- Up-to-date: /home/akash/ros2_midterm_ws/install/fleet_action/share/ament_index/resource_index/parent_prefix_path/fleet_action
[1.978s] -- Up-to-date: /home/akash/ros2_midterm_ws/install/fleet_action/share/fleet_action/environment/ament_prefix_path.sh
[1.978s] -- Installing: /home/akash/ros2_midterm_ws/install/fleet_action/share/fleet_action/environment/ament_prefix_path.dsv
[1.978s] -- Up-to-date: /home/akash/ros2_midterm_ws/install/fleet_action/share/fleet_action/environment/path.sh
[1.978s] -- Installing: /home/akash/ros2_midterm_ws/install/fleet_action/share/fleet_action/environment/path.dsv
[1.978s] -- Up-to-date: /home/akash/ros2_midterm_ws/install/fleet_action/share/fleet_action/local_setup.bash
[1.978s] -- Up-to-date: /home/akash/ros2_midterm_ws/install/fleet_action/share/fleet_action/local_setup.sh
[1.979s] -- Up-to-date: /home/akash/ros2_midterm_ws/install/fleet_action/share/fleet_action/local_setup.zsh
[1.979s] -- Installing: /home/akash/ros2_midterm_ws/install/fleet_action/share/fleet_action/local_setup.dsv
[1.979s] -- Installing: /home/akash/ros2_midterm_ws/install/fleet_action/share/fleet_action/package.dsv
[1.979s] -- Up-to-date: /home/akash/ros2_midterm_ws/install/fleet_action/share/ament_index/resource_index/packages/fleet_action
[1.979s] -- Up-to-date: /home/akash/ros2_midterm_ws/install/fleet_action/share/fleet_action/cmake/export_fleet_action__rosidl_generator_cExport.cmake
[1.979s] -- Up-to-date: /home/akash/ros2_midterm_ws/install/fleet_action/share/fleet_action/cmake/export_fleet_action__rosidl_generator_cExport-noconfig.cmake
[1.980s] -- Up-to-date: /home/akash/ros2_midterm_ws/install/fleet_action/share/fleet_action/cmake/export_fleet_action__rosidl_typesupport_fastrtps_cExport.cmake
[1.980s] -- Up-to-date: /home/akash/ros2_midterm_ws/install/fleet_action/share/fleet_action/cmake/export_fleet_action__rosidl_typesupport_fastrtps_cExport-noconfig.cmake
[1.980s] -- Up-to-date: /home/akash/ros2_midterm_ws/install/fleet_action/share/fleet_action/cmake/fleet_action__rosidl_typesupport_introspection_cExport.cmake
[1.980s] -- Up-to-date: /home/akash/ros2_midterm_ws/install/fleet_action/share/fleet_action/cmake/fleet_action__rosidl_typesupport_introspection_cExport-noconfig.cmake
[1.980s] -- Up-to-date: /home/akash/ros2_midterm_ws/install/fleet_action/share/fleet_action/cmake/fleet_action__rosidl_typesupport_cExport.cmake
[1.980s] -- Up-to-date: /home/akash/ros2_midterm_ws/install/fleet_action/share/fleet_action/cmake/fleet_action__rosidl_typesupport_cExport-noconfig.cmake
[1.980s] -- Up-to-date: /home/akash/ros2_midterm_ws/install/fleet_action/share/fleet_action/cmake/export_fleet_action__rosidl_generator_cppExport.cmake
[1.980s] -- Up-to-date: /home/akash/ros2_midterm_ws/install/fleet_action/share/fleet_action/cmake/export_fleet_action__rosidl_typesupport_fastrtps_cppExport.cmake
[1.980s] -- Up-to-date: /home/akash/ros2_midterm_ws/install/fleet_action/share/fleet_action/cmake/export_fleet_action__rosidl_typesupport_fastrtps_cppExport-noconfig.cmake
[1.980s] -- Up-to-date: /home/akash/ros2_midterm_ws/install/fleet_action/share/fleet_action/cmake/fleet_action__rosidl_typesupport_introspection_cppExport.cmake
[1.980s] -- Up-to-date: /home/akash/ros2_midterm_ws/install/fleet_action/share/fleet_action/cmake/fleet_action__rosidl_typesupport_introspection_cppExport-noconfig.cmake
[1.980s] -- Up-to-date: /home/akash/ros2_midterm_ws/install/fleet_action/share/fleet_action/cmake/fleet_action__rosidl_typesupport_cppExport.cmake
[1.980s] -- Up-to-date: /home/akash/ros2_midterm_ws/install/fleet_action/share/fleet_action/cmake/fleet_action__rosidl_typesupport_cppExport-noconfig.cmake
[1.980s] -- Up-to-date: /home/akash/ros2_midterm_ws/install/fleet_action/share/fleet_action/cmake/export_fleet_action__rosidl_generator_pyExport.cmake
[1.981s] -- Up-to-date: /home/akash/ros2_midterm_ws/install/fleet_action/share/fleet_action/cmake/export_fleet_action__rosidl_generator_pyExport-noconfig.cmake
[1.981s] -- Up-to-date: /home/akash/ros2_midterm_ws/install/fleet_action/share/fleet_action/cmake/rosidl_cmake-extras.cmake
[1.981s] -- Up-to-date: /home/akash/ros2_midterm_ws/install/fleet_action/share/fleet_action/cmake/ament_cmake_export_dependencies-extras.cmake
[1.981s] -- Up-to-date: /home/akash/ros2_midterm_ws/install/fleet_action/share/fleet_action/cmake/ament_cmake_export_include_directories-extras.cmake
[1.981s] -- Up-to-date: /home/akash/ros2_midterm_ws/install/fleet_action/share/fleet_action/cmake/ament_cmake_export_libraries-extras.cmake
[1.981s] -- Up-to-date: /home/akash/ros2_midterm_ws/install/fleet_action/share/fleet_action/cmake/ament_cmake_export_targets-extras.cmake
[1.981s] -- Up-to-date: /home/akash/ros2_midterm_ws/install/fleet_action/share/fleet_action/cmake/rosidl_cmake_export_typesupport_targets-extras.cmake
[1.981s] -- Up-to-date: /home/akash/ros2_midterm_ws/install/fleet_action/share/fleet_action/cmake/rosidl_cmake_export_typesupport_libraries-extras.cmake
[1.981s] -- Up-to-date: /home/akash/ros2_midterm_ws/install/fleet_action/share/fleet_action/cmake/fleet_actionConfig.cmake
[1.982s] -- Up-to-date: /home/akash/ros2_midterm_ws/install/fleet_action/share/fleet_action/cmake/fleet_actionConfig-version.cmake
[1.982s] -- Up-to-date: /home/akash/ros2_midterm_ws/install/fleet_action/share/fleet_action/package.xml
[1.983s] Invoked command in '/home/akash/ROS2_course/week_8_mid_term/ros2_midterm_ws/build/fleet_action' returned '0': CMAKE_PREFIX_PATH=/opt/ros/humble /usr/bin/cmake --install /home/akash/ROS2_course/week_8_mid_term/ros2_midterm_ws/build/fleet_action
