[0.124s] Invoking command in '/home/akash/ros2_midterm_ws/build/fleet_action': CMAKE_PREFIX_PATH=/opt/ros/humble /usr/bin/cmake --build /home/akash/ros2_midterm_ws/build/fleet_action -- -j16 -l16
[0.161s] [  6%] Built target fleet_action__cpp
[0.161s] [ 12%] Built target fleet_action__rosidl_generator_c
[0.170s] [ 12%] Built target ament_cmake_python_copy_fleet_action
[0.180s] [ 22%] Built target fleet_action__rosidl_typesupport_introspection_c
[0.180s] [ 32%] Built target fleet_action__rosidl_typesupport_c
[0.180s] [ 41%] Built target fleet_action__rosidl_typesupport_cpp
[0.181s] [ 51%] Built target fleet_action__rosidl_typesupport_fastrtps_c
[0.182s] [ 70%] Built target fleet_action__rosidl_typesupport_introspection_cpp
[0.182s] [ 70%] Built target fleet_action__rosidl_typesupport_fastrtps_cpp
[0.197s] [ 70%] Built target fleet_action
[0.213s] [ 74%] Built target fleet_action__py
[0.231s] [ 80%] Built target fleet_action__rosidl_generator_py
[0.249s] [100%] Built target fleet_action__rosidl_typesupport_c__pyext
[0.249s] [100%] Built target fleet_action__rosidl_typesupport_introspection_c__pyext
[0.249s] [100%] Built target fleet_action__rosidl_typesupport_fastrtps_c__pyext
[0.458s] running egg_info
[0.459s] writing fleet_action.egg-info/PKG-INFO
[0.460s] writing dependency_links to fleet_action.egg-info/dependency_links.txt
[0.460s] writing top-level names to fleet_action.egg-info/top_level.txt
[0.463s] reading manifest file 'fleet_action.egg-info/SOURCES.txt'
[0.463s] writing manifest file 'fleet_action.egg-info/SOURCES.txt'
[0.487s] [100%] Built target ament_cmake_python_build_fleet_action_egg
[0.497s] Invoked command in '/home/akash/ros2_midterm_ws/build/fleet_action' returned '0': CMAKE_PREFIX_PATH=/opt/ros/humble /usr/bin/cmake --build /home/akash/ros2_midterm_ws/build/fleet_action -- -j16 -l16
[0.548s] Invoking command in '/home/akash/ros2_midterm_ws/build/fleet_action': CMAKE_PREFIX_PATH=/opt/ros/humble /usr/bin/cmake --install /home/akash/ros2_midterm_ws/build/fleet_action
[0.554s] -- Install configuration: ""
[0.555s] -- Up-to-date: /home/akash/ros2_midterm_ws/install/fleet_action/share/ament_index/resource_index/rosidl_interfaces/fleet_action
[0.555s] -- Up-to-date: /home/akash/ros2_midterm_ws/install/fleet_action/include/fleet_action/fleet_action
[0.555s] -- Up-to-date: /home/akash/ros2_midterm_ws/install/fleet_action/include/fleet_action/fleet_action/action
[0.555s] -- Up-to-date: /home/akash/ros2_midterm_ws/install/fleet_action/include/fleet_action/fleet_action/action/fleet_management.h
[0.555s] -- Up-to-date: /home/akash/ros2_midterm_ws/install/fleet_action/include/fleet_action/fleet_action/action/detail
[0.555s] -- Up-to-date: /home/akash/ros2_midterm_ws/install/fleet_action/include/fleet_action/fleet_action/action/detail/fleet_management__struct.h
[0.555s] -- Up-to-date: /home/akash/ros2_midterm_ws/install/fleet_action/include/fleet_action/fleet_action/action/detail/fleet_management__type_support.h
[0.556s] -- Up-to-date: /home/akash/ros2_midterm_ws/install/fleet_action/include/fleet_action/fleet_action/action/detail/fleet_management__functions.c
[0.556s] -- Up-to-date: /home/akash/ros2_midterm_ws/install/fleet_action/include/fleet_action/fleet_action/action/detail/fleet_management__functions.h
[0.556s] -- Up-to-date: /home/akash/ros2_midterm_ws/install/fleet_action/include/fleet_action/fleet_action/msg
[0.556s] -- Up-to-date: /home/akash/ros2_midterm_ws/install/fleet_action/include/fleet_action/fleet_action/msg/rosidl_generator_c__visibility_control.h
[0.557s] -- Up-to-date: /home/akash/ros2_midterm_ws/install/fleet_action/share/fleet_action/environment/library_path.sh
[0.557s] -- Up-to-date: /home/akash/ros2_midterm_ws/install/fleet_action/share/fleet_action/environment/library_path.dsv
[0.557s] -- Up-to-date: /home/akash/ros2_midterm_ws/install/fleet_action/lib/libfleet_action__rosidl_generator_c.so
[0.557s] -- Up-to-date: /home/akash/ros2_midterm_ws/install/fleet_action/include/fleet_action/fleet_action
[0.557s] -- Up-to-date: /home/akash/ros2_midterm_ws/install/fleet_action/include/fleet_action/fleet_action/action
[0.558s] -- Up-to-date: /home/akash/ros2_midterm_ws/install/fleet_action/include/fleet_action/fleet_action/action/detail
[0.558s] -- Up-to-date: /home/akash/ros2_midterm_ws/install/fleet_action/include/fleet_action/fleet_action/action/detail/fleet_management__rosidl_typesupport_fastrtps_c.h
[0.558s] -- Up-to-date: /home/akash/ros2_midterm_ws/install/fleet_action/include/fleet_action/fleet_action/msg
[0.558s] -- Up-to-date: /home/akash/ros2_midterm_ws/install/fleet_action/include/fleet_action/fleet_action/msg/rosidl_typesupport_fastrtps_c__visibility_control.h
[0.558s] -- Up-to-date: /home/akash/ros2_midterm_ws/install/fleet_action/lib/libfleet_action__rosidl_typesupport_fastrtps_c.so
[0.558s] -- Up-to-date: /home/akash/ros2_midterm_ws/install/fleet_action/include/fleet_action/fleet_action
[0.559s] -- Up-to-date: /home/akash/ros2_midterm_ws/install/fleet_action/include/fleet_action/fleet_action/action
[0.559s] -- Up-to-date: /home/akash/ros2_midterm_ws/install/fleet_action/include/fleet_action/fleet_action/action/detail
[0.559s] -- Up-to-date: /home/akash/ros2_midterm_ws/install/fleet_action/include/fleet_action/fleet_action/action/detail/fleet_management__type_support.c
[0.559s] -- Up-to-date: /home/akash/ros2_midterm_ws/install/fleet_action/include/fleet_action/fleet_action/action/detail/fleet_management__rosidl_typesupport_introspection_c.h
[0.559s] -- Up-to-date: /home/akash/ros2_midterm_ws/install/fleet_action/include/fleet_action/fleet_action/msg
[0.559s] -- Up-to-date: /home/akash/ros2_midterm_ws/install/fleet_action/include/fleet_action/fleet_action/msg/rosidl_typesupport_introspection_c__visibility_control.h
[0.559s] -- Up-to-date: /home/akash/ros2_midterm_ws/install/fleet_action/lib/libfleet_action__rosidl_typesupport_introspection_c.so
[0.559s] -- Up-to-date: /home/akash/ros2_midterm_ws/install/fleet_action/lib/libfleet_action__rosidl_typesupport_c.so
[0.559s] -- Up-to-date: /home/akash/ros2_midterm_ws/install/fleet_action/include/fleet_action/fleet_action
[0.559s] -- Up-to-date: /home/akash/ros2_midterm_ws/install/fleet_action/include/fleet_action/fleet_action/action
[0.560s] -- Up-to-date: /home/akash/ros2_midterm_ws/install/fleet_action/include/fleet_action/fleet_action/action/detail
[0.560s] -- Up-to-date: /home/akash/ros2_midterm_ws/install/fleet_action/include/fleet_action/fleet_action/action/detail/fleet_management__struct.hpp
[0.560s] -- Up-to-date: /home/akash/ros2_midterm_ws/install/fleet_action/include/fleet_action/fleet_action/action/detail/fleet_management__traits.hpp
[0.560s] -- Up-to-date: /home/akash/ros2_midterm_ws/install/fleet_action/include/fleet_action/fleet_action/action/detail/fleet_management__builder.hpp
[0.560s] -- Up-to-date: /home/akash/ros2_midterm_ws/install/fleet_action/include/fleet_action/fleet_action/action/fleet_management.hpp
[0.560s] -- Up-to-date: /home/akash/ros2_midterm_ws/install/fleet_action/include/fleet_action/fleet_action
[0.560s] -- Up-to-date: /home/akash/ros2_midterm_ws/install/fleet_action/include/fleet_action/fleet_action/action
[0.560s] -- Up-to-date: /home/akash/ros2_midterm_ws/install/fleet_action/include/fleet_action/fleet_action/action/detail
[0.560s] -- Up-to-date: /home/akash/ros2_midterm_ws/install/fleet_action/include/fleet_action/fleet_action/action/detail/fleet_management__rosidl_typesupport_fastrtps_cpp.hpp
[0.560s] -- Up-to-date: /home/akash/ros2_midterm_ws/install/fleet_action/include/fleet_action/fleet_action/action/detail/dds_fastrtps
[0.560s] -- Up-to-date: /home/akash/ros2_midterm_ws/install/fleet_action/include/fleet_action/fleet_action/msg
[0.560s] -- Up-to-date: /home/akash/ros2_midterm_ws/install/fleet_action/include/fleet_action/fleet_action/msg/rosidl_typesupport_fastrtps_cpp__visibility_control.h
[0.560s] -- Up-to-date: /home/akash/ros2_midterm_ws/install/fleet_action/lib/libfleet_action__rosidl_typesupport_fastrtps_cpp.so
[0.560s] -- Up-to-date: /home/akash/ros2_midterm_ws/install/fleet_action/include/fleet_action/fleet_action
[0.560s] -- Up-to-date: /home/akash/ros2_midterm_ws/install/fleet_action/include/fleet_action/fleet_action/action
[0.560s] -- Up-to-date: /home/akash/ros2_midterm_ws/install/fleet_action/include/fleet_action/fleet_action/action/detail
[0.561s] -- Up-to-date: /home/akash/ros2_midterm_ws/install/fleet_action/include/fleet_action/fleet_action/action/detail/fleet_management__type_support.cpp
[0.561s] -- Up-to-date: /home/akash/ros2_midterm_ws/install/fleet_action/include/fleet_action/fleet_action/action/detail/fleet_management__rosidl_typesupport_introspection_cpp.hpp
[0.561s] -- Up-to-date: /home/akash/ros2_midterm_ws/install/fleet_action/lib/libfleet_action__rosidl_typesupport_introspection_cpp.so
[0.561s] -- Up-to-date: /home/akash/ros2_midterm_ws/install/fleet_action/lib/libfleet_action__rosidl_typesupport_cpp.so
[0.561s] -- Up-to-date: /home/akash/ros2_midterm_ws/install/fleet_action/share/fleet_action/environment/pythonpath.sh
[0.561s] -- Up-to-date: /home/akash/ros2_midterm_ws/install/fleet_action/share/fleet_action/environment/pythonpath.dsv
[0.561s] -- Up-to-date: /home/akash/ros2_midterm_ws/install/fleet_action/local/lib/python3.10/dist-packages/fleet_action-0.0.0-py3.10.egg-info
[0.561s] -- Installing: /home/akash/ros2_midterm_ws/install/fleet_action/local/lib/python3.10/dist-packages/fleet_action-0.0.0-py3.10.egg-info/dependency_links.txt
[0.561s] -- Installing: /home/akash/ros2_midterm_ws/install/fleet_action/local/lib/python3.10/dist-packages/fleet_action-0.0.0-py3.10.egg-info/PKG-INFO
[0.561s] -- Installing: /home/akash/ros2_midterm_ws/install/fleet_action/local/lib/python3.10/dist-packages/fleet_action-0.0.0-py3.10.egg-info/SOURCES.txt
[0.561s] -- Installing: /home/akash/ros2_midterm_ws/install/fleet_action/local/lib/python3.10/dist-packages/fleet_action-0.0.0-py3.10.egg-info/top_level.txt
[0.561s] -- Up-to-date: /home/akash/ros2_midterm_ws/install/fleet_action/local/lib/python3.10/dist-packages/fleet_action
[0.561s] -- Up-to-date: /home/akash/ros2_midterm_ws/install/fleet_action/local/lib/python3.10/dist-packages/fleet_action/action
[0.561s] -- Up-to-date: /home/akash/ros2_midterm_ws/install/fleet_action/local/lib/python3.10/dist-packages/fleet_action/action/_fleet_management.py
[0.561s] -- Up-to-date: /home/akash/ros2_midterm_ws/install/fleet_action/local/lib/python3.10/dist-packages/fleet_action/action/__init__.py
[0.561s] -- Up-to-date: /home/akash/ros2_midterm_ws/install/fleet_action/local/lib/python3.10/dist-packages/fleet_action/action/_fleet_management_s.c
[0.561s] -- Up-to-date: /home/akash/ros2_midterm_ws/install/fleet_action/local/lib/python3.10/dist-packages/fleet_action/_fleet_action_s.ep.rosidl_typesupport_c.c
[0.562s] -- Up-to-date: /home/akash/ros2_midterm_ws/install/fleet_action/local/lib/python3.10/dist-packages/fleet_action/_fleet_action_s.ep.rosidl_typesupport_fastrtps_c.c
[0.562s] -- Up-to-date: /home/akash/ros2_midterm_ws/install/fleet_action/local/lib/python3.10/dist-packages/fleet_action/fleet_action_s__rosidl_typesupport_introspection_c.cpython-310-x86_64-linux-gnu.so
[0.562s] -- Up-to-date: /home/akash/ros2_midterm_ws/install/fleet_action/local/lib/python3.10/dist-packages/fleet_action/_fleet_action_s.ep.rosidl_typesupport_introspection_c.c
[0.562s] -- Up-to-date: /home/akash/ros2_midterm_ws/install/fleet_action/local/lib/python3.10/dist-packages/fleet_action/fleet_action_s__rosidl_typesupport_c.cpython-310-x86_64-linux-gnu.so
[0.562s] -- Up-to-date: /home/akash/ros2_midterm_ws/install/fleet_action/local/lib/python3.10/dist-packages/fleet_action/__init__.py
[0.562s] -- Up-to-date: /home/akash/ros2_midterm_ws/install/fleet_action/local/lib/python3.10/dist-packages/fleet_action/libfleet_action__rosidl_generator_py.so
[0.562s] -- Up-to-date: /home/akash/ros2_midterm_ws/install/fleet_action/local/lib/python3.10/dist-packages/fleet_action/fleet_action_s__rosidl_typesupport_fastrtps_c.cpython-310-x86_64-linux-gnu.so
[0.588s] Listing '/home/akash/ros2_midterm_ws/install/fleet_action/local/lib/python3.10/dist-packages/fleet_action'...
[0.588s] Listing '/home/akash/ros2_midterm_ws/install/fleet_action/local/lib/python3.10/dist-packages/fleet_action/action'...
[0.592s] -- Up-to-date: /home/akash/ros2_midterm_ws/install/fleet_action/local/lib/python3.10/dist-packages/fleet_action/fleet_action_s__rosidl_typesupport_fastrtps_c.cpython-310-x86_64-linux-gnu.so
[0.593s] -- Up-to-date: /home/akash/ros2_midterm_ws/install/fleet_action/local/lib/python3.10/dist-packages/fleet_action/fleet_action_s__rosidl_typesupport_introspection_c.cpython-310-x86_64-linux-gnu.so
[0.593s] -- Up-to-date: /home/akash/ros2_midterm_ws/install/fleet_action/local/lib/python3.10/dist-packages/fleet_action/fleet_action_s__rosidl_typesupport_c.cpython-310-x86_64-linux-gnu.so
[0.593s] -- Up-to-date: /home/akash/ros2_midterm_ws/install/fleet_action/lib/libfleet_action__rosidl_generator_py.so
[0.594s] -- Up-to-date: /home/akash/ros2_midterm_ws/install/fleet_action/share/fleet_action/action/FleetManagement.idl
[0.594s] -- Up-to-date: /home/akash/ros2_midterm_ws/install/fleet_action/share/fleet_action/action/FleetManagement.action
[0.594s] -- Up-to-date: /home/akash/ros2_midterm_ws/install/fleet_action/share/ament_index/resource_index/package_run_dependencies/fleet_action
[0.594s] -- Up-to-date: /home/akash/ros2_midterm_ws/install/fleet_action/share/ament_index/resource_index/parent_prefix_path/fleet_action
[0.594s] -- Up-to-date: /home/akash/ros2_midterm_ws/install/fleet_action/share/fleet_action/environment/ament_prefix_path.sh
[0.595s] -- Up-to-date: /home/akash/ros2_midterm_ws/install/fleet_action/share/fleet_action/environment/ament_prefix_path.dsv
[0.595s] -- Up-to-date: /home/akash/ros2_midterm_ws/install/fleet_action/share/fleet_action/environment/path.sh
[0.595s] -- Up-to-date: /home/akash/ros2_midterm_ws/install/fleet_action/share/fleet_action/environment/path.dsv
[0.595s] -- Up-to-date: /home/akash/ros2_midterm_ws/install/fleet_action/share/fleet_action/local_setup.bash
[0.595s] -- Up-to-date: /home/akash/ros2_midterm_ws/install/fleet_action/share/fleet_action/local_setup.sh
[0.596s] -- Up-to-date: /home/akash/ros2_midterm_ws/install/fleet_action/share/fleet_action/local_setup.zsh
[0.596s] -- Up-to-date: /home/akash/ros2_midterm_ws/install/fleet_action/share/fleet_action/local_setup.dsv
[0.596s] -- Installing: /home/akash/ros2_midterm_ws/install/fleet_action/share/fleet_action/package.dsv
[0.596s] -- Up-to-date: /home/akash/ros2_midterm_ws/install/fleet_action/share/ament_index/resource_index/packages/fleet_action
[0.596s] -- Up-to-date: /home/akash/ros2_midterm_ws/install/fleet_action/share/fleet_action/cmake/export_fleet_action__rosidl_generator_cExport.cmake
[0.597s] -- Up-to-date: /home/akash/ros2_midterm_ws/install/fleet_action/share/fleet_action/cmake/export_fleet_action__rosidl_generator_cExport-noconfig.cmake
[0.597s] -- Up-to-date: /home/akash/ros2_midterm_ws/install/fleet_action/share/fleet_action/cmake/export_fleet_action__rosidl_typesupport_fastrtps_cExport.cmake
[0.597s] -- Up-to-date: /home/akash/ros2_midterm_ws/install/fleet_action/share/fleet_action/cmake/export_fleet_action__rosidl_typesupport_fastrtps_cExport-noconfig.cmake
[0.597s] -- Up-to-date: /home/akash/ros2_midterm_ws/install/fleet_action/share/fleet_action/cmake/fleet_action__rosidl_typesupport_introspection_cExport.cmake
[0.597s] -- Up-to-date: /home/akash/ros2_midterm_ws/install/fleet_action/share/fleet_action/cmake/fleet_action__rosidl_typesupport_introspection_cExport-noconfig.cmake
[0.597s] -- Up-to-date: /home/akash/ros2_midterm_ws/install/fleet_action/share/fleet_action/cmake/fleet_action__rosidl_typesupport_cExport.cmake
[0.597s] -- Up-to-date: /home/akash/ros2_midterm_ws/install/fleet_action/share/fleet_action/cmake/fleet_action__rosidl_typesupport_cExport-noconfig.cmake
[0.597s] -- Up-to-date: /home/akash/ros2_midterm_ws/install/fleet_action/share/fleet_action/cmake/export_fleet_action__rosidl_generator_cppExport.cmake
[0.597s] -- Up-to-date: /home/akash/ros2_midterm_ws/install/fleet_action/share/fleet_action/cmake/export_fleet_action__rosidl_typesupport_fastrtps_cppExport.cmake
[0.597s] -- Up-to-date: /home/akash/ros2_midterm_ws/install/fleet_action/share/fleet_action/cmake/export_fleet_action__rosidl_typesupport_fastrtps_cppExport-noconfig.cmake
[0.597s] -- Up-to-date: /home/akash/ros2_midterm_ws/install/fleet_action/share/fleet_action/cmake/fleet_action__rosidl_typesupport_introspection_cppExport.cmake
[0.597s] -- Up-to-date: /home/akash/ros2_midterm_ws/install/fleet_action/share/fleet_action/cmake/fleet_action__rosidl_typesupport_introspection_cppExport-noconfig.cmake
[0.598s] -- Up-to-date: /home/akash/ros2_midterm_ws/install/fleet_action/share/fleet_action/cmake/fleet_action__rosidl_typesupport_cppExport.cmake
[0.598s] -- Up-to-date: /home/akash/ros2_midterm_ws/install/fleet_action/share/fleet_action/cmake/fleet_action__rosidl_typesupport_cppExport-noconfig.cmake
[0.600s] -- Up-to-date: /home/akash/ros2_midterm_ws/install/fleet_action/share/fleet_action/cmake/export_fleet_action__rosidl_generator_pyExport.cmake
[0.600s] -- Up-to-date: /home/akash/ros2_midterm_ws/install/fleet_action/share/fleet_action/cmake/export_fleet_action__rosidl_generator_pyExport-noconfig.cmake
[0.600s] -- Up-to-date: /home/akash/ros2_midterm_ws/install/fleet_action/share/fleet_action/cmake/rosidl_cmake-extras.cmake
[0.600s] -- Up-to-date: /home/akash/ros2_midterm_ws/install/fleet_action/share/fleet_action/cmake/ament_cmake_export_dependencies-extras.cmake
[0.600s] -- Up-to-date: /home/akash/ros2_midterm_ws/install/fleet_action/share/fleet_action/cmake/ament_cmake_export_include_directories-extras.cmake
[0.600s] -- Up-to-date: /home/akash/ros2_midterm_ws/install/fleet_action/share/fleet_action/cmake/ament_cmake_export_libraries-extras.cmake
[0.601s] -- Up-to-date: /home/akash/ros2_midterm_ws/install/fleet_action/share/fleet_action/cmake/ament_cmake_export_targets-extras.cmake
[0.601s] -- Up-to-date: /home/akash/ros2_midterm_ws/install/fleet_action/share/fleet_action/cmake/rosidl_cmake_export_typesupport_targets-extras.cmake
[0.601s] -- Up-to-date: /home/akash/ros2_midterm_ws/install/fleet_action/share/fleet_action/cmake/rosidl_cmake_export_typesupport_libraries-extras.cmake
[0.602s] -- Up-to-date: /home/akash/ros2_midterm_ws/install/fleet_action/share/fleet_action/cmake/fleet_actionConfig.cmake
[0.602s] -- Up-to-date: /home/akash/ros2_midterm_ws/install/fleet_action/share/fleet_action/cmake/fleet_actionConfig-version.cmake
[0.602s] -- Up-to-date: /home/akash/ros2_midterm_ws/install/fleet_action/share/fleet_action/package.xml
[0.603s] Invoked command in '/home/akash/ros2_midterm_ws/build/fleet_action' returned '0': CMAKE_PREFIX_PATH=/opt/ros/humble /usr/bin/cmake --install /home/akash/ros2_midterm_ws/build/fleet_action
