[0mCMake Error: The current CMakeCache.txt directory /home/akash/ROS2_course/week_8_mid_term/ros2_midterm_ws/build/fleet_action/CMakeCache.txt is different than the directory /home/akash/ros2_midterm_ws/build/fleet_action where CMakeCache.txt was created. This may result in binaries being created in the wrong place. If you are not sure, reedit the CMakeCache.txt[0m
-- Found ament_cmake: 1.3.5 (/opt/ros/humble/share/ament_cmake/cmake)
-- Found rosidl_default_generators: 1.2.0 (/opt/ros/humble/share/rosidl_default_generators/cmake)
-- Using all available rosidl_typesupport_c: rosidl_typesupport_fastrtps_c;rosidl_typesupport_introspection_c
-- Found rosidl_adapter: 3.1.5 (/opt/ros/humble/share/rosidl_adapter/cmake)
-- Using all available rosidl_typesupport_cpp: rosidl_typesupport_fastrtps_cpp;rosidl_typesupport_introspection_cpp
-- Found ament_cmake_ros: 0.10.0 (/opt/ros/humble/share/ament_cmake_ros/cmake)
-- Using all available rosidl_typesupport_c: rosidl_typesupport_fastrtps_c;rosidl_typesupport_introspection_c
-- Using all available rosidl_typesupport_cpp: rosidl_typesupport_fastrtps_cpp;rosidl_typesupport_introspection_cpp
-- Found python_cmake_module: 0.10.0 (/opt/ros/humble/share/python_cmake_module/cmake)
-- Using PYTHON_EXECUTABLE: /usr/bin/python3
-- Using PYTHON_INCLUDE_DIRS: /usr/include/python3.10
-- Using PYTHON_LIBRARIES: /usr/lib/x86_64-linux-gnu/libpython3.10.so
-- Found ament_lint_auto: 0.12.8 (/opt/ros/humble/share/ament_lint_auto/cmake)
-- Added test 'lint_cmake' to check CMake code style
-- Added test 'xmllint' to check XML markup files
-- Configuring done
-- Generating done
-- Build files have been written to: /home/akash/ros2_midterm_ws/build/fleet_action
[35m[1mConsolidate compiler generated dependencies of target fleet_action__rosidl_generator_c[0m
[  3%] Built target fleet_action__cpp
[  6%] [32mBuilding C object CMakeFiles/fleet_action__rosidl_generator_c.dir/rosidl_generator_c/fleet_action/action/detail/fleet_management__functions.c.o[0m
[  6%] Built target ament_cmake_python_copy_fleet_action
[35m[1mConsolidate compiler generated dependencies of target fleet_action__rosidl_typesupport_cpp[0m
[35m[1mConsolidate compiler generated dependencies of target fleet_action__rosidl_typesupport_introspection_cpp[0m
[35m[1mConsolidate compiler generated dependencies of target fleet_action__rosidl_typesupport_fastrtps_cpp[0m
[ 16%] [32mBuilding CXX object CMakeFiles/fleet_action__rosidl_typesupport_introspection_cpp.dir/rosidl_typesupport_introspection_cpp/fleet_action/action/detail/fleet_management__type_support.cpp.o[0m
[ 16%] [32mBuilding CXX object CMakeFiles/fleet_action__rosidl_typesupport_fastrtps_cpp.dir/rosidl_typesupport_fastrtps_cpp/fleet_action/action/detail/dds_fastrtps/fleet_management__type_support.cpp.o[0m
[ 16%] [32mBuilding CXX object CMakeFiles/fleet_action__rosidl_typesupport_cpp.dir/rosidl_typesupport_cpp/fleet_action/action/fleet_management__type_support.cpp.o[0m
[ 19%] [32m[1mLinking C shared library libfleet_action__rosidl_generator_c.so[0m
running egg_info
writing fleet_action.egg-info/PKG-INFO
writing dependency_links to fleet_action.egg-info/dependency_links.txt
writing top-level names to fleet_action.egg-info/top_level.txt
reading manifest file 'fleet_action.egg-info/SOURCES.txt'
writing manifest file 'fleet_action.egg-info/SOURCES.txt'
[ 19%] Built target ament_cmake_python_build_fleet_action_egg
[ 22%] Built target fleet_action__rosidl_generator_c
[35m[1mConsolidate compiler generated dependencies of target fleet_action__rosidl_typesupport_introspection_c[0m
[35m[1mConsolidate compiler generated dependencies of target fleet_action__rosidl_typesupport_fastrtps_c[0m
[35m[1mConsolidate compiler generated dependencies of target fleet_action__rosidl_typesupport_c[0m
[ 25%] [32mBuilding C object CMakeFiles/fleet_action__rosidl_typesupport_introspection_c.dir/rosidl_typesupport_introspection_c/fleet_action/action/detail/fleet_management__type_support.c.o[0m
[ 29%] [32mBuilding CXX object CMakeFiles/fleet_action__rosidl_typesupport_fastrtps_c.dir/rosidl_typesupport_fastrtps_c/fleet_action/action/detail/fleet_management__type_support_c.cpp.o[0m
[ 32%] [32mBuilding CXX object CMakeFiles/fleet_action__rosidl_typesupport_c.dir/rosidl_typesupport_c/fleet_action/action/fleet_management__type_support.cpp.o[0m
[ 35%] [32m[1mLinking C shared library libfleet_action__rosidl_typesupport_introspection_c.so[0m
[ 38%] [32m[1mLinking CXX shared library libfleet_action__rosidl_typesupport_c.so[0m
[ 41%] [32m[1mLinking CXX shared library libfleet_action__rosidl_typesupport_cpp.so[0m
[ 45%] Built target fleet_action__rosidl_typesupport_introspection_c
[ 48%] Built target fleet_action__rosidl_typesupport_c
[ 51%] [32m[1mLinking CXX shared library libfleet_action__rosidl_typesupport_fastrtps_cpp.so[0m
[ 58%] Built target fleet_action__rosidl_typesupport_cpp
[ 58%] [32m[1mLinking CXX shared library libfleet_action__rosidl_typesupport_introspection_cpp.so[0m
[ 61%] [32m[1mLinking CXX shared library libfleet_action__rosidl_typesupport_fastrtps_c.so[0m
[ 64%] Built target fleet_action__rosidl_typesupport_fastrtps_cpp
[ 67%] Built target fleet_action__rosidl_typesupport_introspection_cpp
[ 70%] Built target fleet_action__rosidl_typesupport_fastrtps_c
[ 70%] Built target fleet_action
[ 74%] Built target fleet_action__py
[35m[1mConsolidate compiler generated dependencies of target fleet_action__rosidl_generator_py[0m
[ 77%] [32mBuilding C object CMakeFiles/fleet_action__rosidl_generator_py.dir/rosidl_generator_py/fleet_action/action/_fleet_management_s.c.o[0m
[ 80%] [32m[1mLinking C shared library rosidl_generator_py/fleet_action/libfleet_action__rosidl_generator_py.so[0m
[ 80%] Built target fleet_action__rosidl_generator_py
[35m[1mConsolidate compiler generated dependencies of target fleet_action__rosidl_typesupport_fastrtps_c__pyext[0m
[35m[1mConsolidate compiler generated dependencies of target fleet_action__rosidl_typesupport_introspection_c__pyext[0m
[35m[1mConsolidate compiler generated dependencies of target fleet_action__rosidl_typesupport_c__pyext[0m
[ 87%] [32mBuilding C object CMakeFiles/fleet_action__rosidl_typesupport_fastrtps_c__pyext.dir/rosidl_generator_py/fleet_action/_fleet_action_s.ep.rosidl_typesupport_fastrtps_c.c.o[0m
[ 87%] [32mBuilding C object CMakeFiles/fleet_action__rosidl_typesupport_introspection_c__pyext.dir/rosidl_generator_py/fleet_action/_fleet_action_s.ep.rosidl_typesupport_introspection_c.c.o[0m
[ 90%] [32mBuilding C object CMakeFiles/fleet_action__rosidl_typesupport_c__pyext.dir/rosidl_generator_py/fleet_action/_fleet_action_s.ep.rosidl_typesupport_c.c.o[0m
[ 96%] [32m[1mLinking C shared library rosidl_generator_py/fleet_action/fleet_action_s__rosidl_typesupport_introspection_c.cpython-310-x86_64-linux-gnu.so[0m
[ 96%] [32m[1mLinking C shared library rosidl_generator_py/fleet_action/fleet_action_s__rosidl_typesupport_c.cpython-310-x86_64-linux-gnu.so[0m
[100%] [32m[1mLinking C shared library rosidl_generator_py/fleet_action/fleet_action_s__rosidl_typesupport_fastrtps_c.cpython-310-x86_64-linux-gnu.so[0m
[100%] Built target fleet_action__rosidl_typesupport_introspection_c__pyext
[100%] Built target fleet_action__rosidl_typesupport_c__pyext
[100%] Built target fleet_action__rosidl_typesupport_fastrtps_c__pyext
