[0.122s] Invoking command in '/home/akash/ROS2_course/week_8_mid_term/ros2_midterm_ws/build/fleet_action': CMAKE_PREFIX_PATH=/opt/ros/humble /usr/bin/cmake --build /home/akash/ROS2_course/week_8_mid_term/ros2_midterm_ws/build/fleet_action -- -j16 -l16
[0.125s] [0mCMake Error: The current CMakeCache.txt directory /home/akash/ROS2_course/week_8_mid_term/ros2_midterm_ws/build/fleet_action/CMakeCache.txt is different than the directory /home/akash/ros2_midterm_ws/build/fleet_action where CMakeCache.txt was created. This may result in binaries being created in the wrong place. If you are not sure, reedit the CMakeCache.txt[0m
[0.139s] -- Found ament_cmake: 1.3.5 (/opt/ros/humble/share/ament_cmake/cmake)
[0.302s] -- Found rosidl_default_generators: 1.2.0 (/opt/ros/humble/share/rosidl_default_generators/cmake)
[0.303s] -- Using all available rosidl_typesupport_c: rosidl_typesupport_fastrtps_c;rosidl_typesupport_introspection_c
[0.306s] -- Found rosidl_adapter: 3.1.5 (/opt/ros/humble/share/rosidl_adapter/cmake)
[0.624s] -- Using all available rosidl_typesupport_cpp: rosidl_typesupport_fastrtps_cpp;rosidl_typesupport_introspection_cpp
[0.992s] -- Found ament_cmake_ros: 0.10.0 (/opt/ros/humble/share/ament_cmake_ros/cmake)
[1.176s] -- Using all available rosidl_typesupport_c: rosidl_typesupport_fastrtps_c;rosidl_typesupport_introspection_c
[1.420s] -- Using all available rosidl_typesupport_cpp: rosidl_typesupport_fastrtps_cpp;rosidl_typesupport_introspection_cpp
[1.442s] -- Found python_cmake_module: 0.10.0 (/opt/ros/humble/share/python_cmake_module/cmake)
[1.464s] -- Using PYTHON_EXECUTABLE: /usr/bin/python3
[1.464s] -- Using PYTHON_INCLUDE_DIRS: /usr/include/python3.10
[1.464s] -- Using PYTHON_LIBRARIES: /usr/lib/x86_64-linux-gnu/libpython3.10.so
[1.481s] -- Found ament_lint_auto: 0.12.8 (/opt/ros/humble/share/ament_lint_auto/cmake)
[1.489s] -- Added test 'lint_cmake' to check CMake code style
[1.490s] -- Added test 'xmllint' to check XML markup files
[1.491s] -- Configuring done
[1.520s] -- Generating done
[1.523s] -- Build files have been written to: /home/akash/ros2_midterm_ws/build/fleet_action
[1.546s] [35m[1mConsolidate compiler generated dependencies of target fleet_action__rosidl_generator_c[0m
[1.553s] [  3%] Built target fleet_action__cpp
[1.554s] [  6%] [32mBuilding C object CMakeFiles/fleet_action__rosidl_generator_c.dir/rosidl_generator_c/fleet_action/action/detail/fleet_management__functions.c.o[0m
[1.561s] [  6%] Built target ament_cmake_python_copy_fleet_action
[1.562s] [35m[1mConsolidate compiler generated dependencies of target fleet_action__rosidl_typesupport_cpp[0m
[1.562s] [35m[1mConsolidate compiler generated dependencies of target fleet_action__rosidl_typesupport_introspection_cpp[0m
[1.562s] [35m[1mConsolidate compiler generated dependencies of target fleet_action__rosidl_typesupport_fastrtps_cpp[0m
[1.572s] [ 16%] [32mBuilding CXX object CMakeFiles/fleet_action__rosidl_typesupport_introspection_cpp.dir/rosidl_typesupport_introspection_cpp/fleet_action/action/detail/fleet_management__type_support.cpp.o[0m
[1.572s] [ 16%] [32mBuilding CXX object CMakeFiles/fleet_action__rosidl_typesupport_fastrtps_cpp.dir/rosidl_typesupport_fastrtps_cpp/fleet_action/action/detail/dds_fastrtps/fleet_management__type_support.cpp.o[0m
[1.572s] [ 16%] [32mBuilding CXX object CMakeFiles/fleet_action__rosidl_typesupport_cpp.dir/rosidl_typesupport_cpp/fleet_action/action/fleet_management__type_support.cpp.o[0m
[1.691s] [ 19%] [32m[1mLinking C shared library libfleet_action__rosidl_generator_c.so[0m
[1.876s] running egg_info
[1.877s] writing fleet_action.egg-info/PKG-INFO
[1.877s] writing dependency_links to fleet_action.egg-info/dependency_links.txt
[1.878s] writing top-level names to fleet_action.egg-info/top_level.txt
[1.881s] reading manifest file 'fleet_action.egg-info/SOURCES.txt'
[1.881s] writing manifest file 'fleet_action.egg-info/SOURCES.txt'
[1.921s] [ 19%] Built target ament_cmake_python_build_fleet_action_egg
[1.939s] [ 22%] Built target fleet_action__rosidl_generator_c
[1.948s] [35m[1mConsolidate compiler generated dependencies of target fleet_action__rosidl_typesupport_introspection_c[0m
[1.949s] [35m[1mConsolidate compiler generated dependencies of target fleet_action__rosidl_typesupport_fastrtps_c[0m
[1.951s] [35m[1mConsolidate compiler generated dependencies of target fleet_action__rosidl_typesupport_c[0m
[1.957s] [ 25%] [32mBuilding C object CMakeFiles/fleet_action__rosidl_typesupport_introspection_c.dir/rosidl_typesupport_introspection_c/fleet_action/action/detail/fleet_management__type_support.c.o[0m
[1.961s] [ 29%] [32mBuilding CXX object CMakeFiles/fleet_action__rosidl_typesupport_fastrtps_c.dir/rosidl_typesupport_fastrtps_c/fleet_action/action/detail/fleet_management__type_support_c.cpp.o[0m
[1.961s] [ 32%] [32mBuilding CXX object CMakeFiles/fleet_action__rosidl_typesupport_c.dir/rosidl_typesupport_c/fleet_action/action/fleet_management__type_support.cpp.o[0m
[2.002s] [ 35%] [32m[1mLinking C shared library libfleet_action__rosidl_typesupport_introspection_c.so[0m
[2.003s] [ 38%] [32m[1mLinking CXX shared library libfleet_action__rosidl_typesupport_c.so[0m
[2.098s] [ 41%] [32m[1mLinking CXX shared library libfleet_action__rosidl_typesupport_cpp.so[0m
[2.172s] [ 45%] Built target fleet_action__rosidl_typesupport_introspection_c
[2.195s] [ 48%] Built target fleet_action__rosidl_typesupport_c
[2.311s] [ 51%] [32m[1mLinking CXX shared library libfleet_action__rosidl_typesupport_fastrtps_cpp.so[0m
[2.344s] [ 58%] Built target fleet_action__rosidl_typesupport_cpp
[2.344s] [ 58%] [32m[1mLinking CXX shared library libfleet_action__rosidl_typesupport_introspection_cpp.so[0m
[2.430s] [ 61%] [32m[1mLinking CXX shared library libfleet_action__rosidl_typesupport_fastrtps_c.so[0m
[2.633s] [ 64%] Built target fleet_action__rosidl_typesupport_fastrtps_cpp
[2.660s] [ 67%] Built target fleet_action__rosidl_typesupport_introspection_cpp
[2.702s] [ 70%] Built target fleet_action__rosidl_typesupport_fastrtps_c
[2.717s] [ 70%] Built target fleet_action
[2.732s] [ 74%] Built target fleet_action__py
[2.740s] [35m[1mConsolidate compiler generated dependencies of target fleet_action__rosidl_generator_py[0m
[2.750s] [ 77%] [32mBuilding C object CMakeFiles/fleet_action__rosidl_generator_py.dir/rosidl_generator_py/fleet_action/action/_fleet_management_s.c.o[0m
[2.887s] [ 80%] [32m[1mLinking C shared library rosidl_generator_py/fleet_action/libfleet_action__rosidl_generator_py.so[0m
[3.082s] [ 80%] Built target fleet_action__rosidl_generator_py
[3.091s] [35m[1mConsolidate compiler generated dependencies of target fleet_action__rosidl_typesupport_fastrtps_c__pyext[0m
[3.091s] [35m[1mConsolidate compiler generated dependencies of target fleet_action__rosidl_typesupport_introspection_c__pyext[0m
[3.091s] [35m[1mConsolidate compiler generated dependencies of target fleet_action__rosidl_typesupport_c__pyext[0m
[3.102s] [ 87%] [32mBuilding C object CMakeFiles/fleet_action__rosidl_typesupport_fastrtps_c__pyext.dir/rosidl_generator_py/fleet_action/_fleet_action_s.ep.rosidl_typesupport_fastrtps_c.c.o[0m
[3.102s] [ 87%] [32mBuilding C object CMakeFiles/fleet_action__rosidl_typesupport_introspection_c__pyext.dir/rosidl_generator_py/fleet_action/_fleet_action_s.ep.rosidl_typesupport_introspection_c.c.o[0m
[3.102s] [ 90%] [32mBuilding C object CMakeFiles/fleet_action__rosidl_typesupport_c__pyext.dir/rosidl_generator_py/fleet_action/_fleet_action_s.ep.rosidl_typesupport_c.c.o[0m
[3.211s] [ 96%] [32m[1mLinking C shared library rosidl_generator_py/fleet_action/fleet_action_s__rosidl_typesupport_introspection_c.cpython-310-x86_64-linux-gnu.so[0m
[3.211s] [ 96%] [32m[1mLinking C shared library rosidl_generator_py/fleet_action/fleet_action_s__rosidl_typesupport_c.cpython-310-x86_64-linux-gnu.so[0m
[3.223s] [100%] [32m[1mLinking C shared library rosidl_generator_py/fleet_action/fleet_action_s__rosidl_typesupport_fastrtps_c.cpython-310-x86_64-linux-gnu.so[0m
[3.368s] [100%] Built target fleet_action__rosidl_typesupport_introspection_c__pyext
[3.368s] [100%] Built target fleet_action__rosidl_typesupport_c__pyext
[3.458s] [100%] Built target fleet_action__rosidl_typesupport_fastrtps_c__pyext
