[0.938s] Invoking command in '/home/akash/ros2_midterm_ws/src/fleet_management': PYTHONPATH=/home/akash/ros2_midterm_ws/build/fleet_management/prefix_override:/home/akash/ros2_midterm_ws/install/fleet_management/lib/python3.10/site-packages:${PYTHONPATH} /usr/bin/python3 setup.py egg_info --egg-base ../../build/fleet_management build --build-base /home/akash/ros2_midterm_ws/build/fleet_management/build install --record /home/akash/ros2_midterm_ws/build/fleet_management/install.log --single-version-externally-managed
[1.176s] running egg_info
[1.176s] creating ../../build/fleet_management/fleet_management.egg-info
[1.177s] writing ../../build/fleet_management/fleet_management.egg-info/PKG-INFO
[1.177s] writing dependency_links to ../../build/fleet_management/fleet_management.egg-info/dependency_links.txt
[1.178s] writing entry points to ../../build/fleet_management/fleet_management.egg-info/entry_points.txt
[1.178s] writing requirements to ../../build/fleet_management/fleet_management.egg-info/requires.txt
[1.178s] writing top-level names to ../../build/fleet_management/fleet_management.egg-info/top_level.txt
[1.178s] writing manifest file '../../build/fleet_management/fleet_management.egg-info/SOURCES.txt'
[1.180s] reading manifest file '../../build/fleet_management/fleet_management.egg-info/SOURCES.txt'
[1.181s] writing manifest file '../../build/fleet_management/fleet_management.egg-info/SOURCES.txt'
[1.181s] running build
[1.181s] running build_py
[1.181s] creating /home/akash/ros2_midterm_ws/build/fleet_management/build
[1.181s] creating /home/akash/ros2_midterm_ws/build/fleet_management/build/lib
[1.182s] creating /home/akash/ros2_midterm_ws/build/fleet_management/build/lib/fleet_management
[1.182s] copying fleet_management/fleet_management_client.py -> /home/akash/ros2_midterm_ws/build/fleet_management/build/lib/fleet_management
[1.182s] copying fleet_management/fleet_management_server_cli.py -> /home/akash/ros2_midterm_ws/build/fleet_management/build/lib/fleet_management
[1.182s] copying fleet_management/__init__.py -> /home/akash/ros2_midterm_ws/build/fleet_management/build/lib/fleet_management
[1.182s] running install
[1.183s] /usr/lib/python3/dist-packages/setuptools/command/install.py:34: SetuptoolsDeprecationWarning: setup.py install is deprecated. Use build and pip and other standards-based tools.
[1.183s]   warnings.warn(
[1.183s] running install_lib
[1.184s] creating /home/akash/ros2_midterm_ws/install/fleet_management/lib/python3.10/site-packages/fleet_management
[1.184s] copying /home/akash/ros2_midterm_ws/build/fleet_management/build/lib/fleet_management/fleet_management_client.py -> /home/akash/ros2_midterm_ws/install/fleet_management/lib/python3.10/site-packages/fleet_management
[1.184s] copying /home/akash/ros2_midterm_ws/build/fleet_management/build/lib/fleet_management/fleet_management_server_cli.py -> /home/akash/ros2_midterm_ws/install/fleet_management/lib/python3.10/site-packages/fleet_management
[1.184s] copying /home/akash/ros2_midterm_ws/build/fleet_management/build/lib/fleet_management/__init__.py -> /home/akash/ros2_midterm_ws/install/fleet_management/lib/python3.10/site-packages/fleet_management
[1.185s] byte-compiling /home/akash/ros2_midterm_ws/install/fleet_management/lib/python3.10/site-packages/fleet_management/fleet_management_client.py to fleet_management_client.cpython-310.pyc
[1.185s] byte-compiling /home/akash/ros2_midterm_ws/install/fleet_management/lib/python3.10/site-packages/fleet_management/fleet_management_server_cli.py to fleet_management_server_cli.cpython-310.pyc
[1.186s] byte-compiling /home/akash/ros2_midterm_ws/install/fleet_management/lib/python3.10/site-packages/fleet_management/__init__.py to __init__.cpython-310.pyc
[1.186s] running install_data
[1.186s] creating /home/akash/ros2_midterm_ws/install/fleet_management/share/ament_index
[1.186s] creating /home/akash/ros2_midterm_ws/install/fleet_management/share/ament_index/resource_index
[1.187s] creating /home/akash/ros2_midterm_ws/install/fleet_management/share/ament_index/resource_index/packages
[1.187s] copying resource/fleet_management -> /home/akash/ros2_midterm_ws/install/fleet_management/share/ament_index/resource_index/packages
[1.187s] copying package.xml -> /home/akash/ros2_midterm_ws/install/fleet_management/share/fleet_management
[1.187s] creating /home/akash/ros2_midterm_ws/install/fleet_management/share/fleet_management/launch
[1.187s] copying launch/fleet_management_launch.py -> /home/akash/ros2_midterm_ws/install/fleet_management/share/fleet_management/launch
[1.188s] creating /home/akash/ros2_midterm_ws/install/fleet_management/share/fleet_management/action
[1.188s] copying action/FleetManagement.action -> /home/akash/ros2_midterm_ws/install/fleet_management/share/fleet_management/action
[1.188s] running install_egg_info
[1.190s] Copying ../../build/fleet_management/fleet_management.egg-info to /home/akash/ros2_midterm_ws/install/fleet_management/lib/python3.10/site-packages/fleet_management-0.1.0-py3.10.egg-info
[1.190s] running install_scripts
[1.212s] Installing fleet_management_client script to /home/akash/ros2_midterm_ws/install/fleet_management/lib/fleet_management
[1.212s] Installing fleet_management_server script to /home/akash/ros2_midterm_ws/install/fleet_management/lib/fleet_management
[1.212s] writing list of installed files to '/home/akash/ros2_midterm_ws/build/fleet_management/install.log'
[1.236s] Invoked command in '/home/akash/ros2_midterm_ws/src/fleet_management' returned '0': PYTHONPATH=/home/akash/ros2_midterm_ws/build/fleet_management/prefix_override:/home/akash/ros2_midterm_ws/install/fleet_management/lib/python3.10/site-packages:${PYTHONPATH} /usr/bin/python3 setup.py egg_info --egg-base ../../build/fleet_management build --build-base /home/akash/ros2_midterm_ws/build/fleet_management/build install --record /home/akash/ros2_midterm_ws/build/fleet_management/install.log --single-version-externally-managed
