[0.757s] DEBUG:colcon:Command line arguments: ['/usr/bin/colcon', 'build']
[0.757s] DEBUG:colcon:Parsed command line arguments: Namespace(log_base=None, log_level=None, verb_name='build', build_base='build', install_base='install', merge_install=False, symlink_install=False, test_result_base=None, continue_on_error=False, executor='parallel', parallel_workers=16, event_handlers=None, ignore_user_meta=False, metas=['./colcon.meta'], base_paths=['.'], packages_ignore=None, packages_ignore_regex=None, paths=None, packages_up_to=None, packages_up_to_regex=None, packages_above=None, packages_above_and_dependencies=None, packages_above_depth=None, packages_select_by_dep=None, packages_skip_by_dep=None, packages_skip_up_to=None, packages_select_build_failed=False, packages_skip_build_finished=False, packages_select_test_failures=False, packages_skip_test_passed=False, packages_select=None, packages_skip=None, packages_select_regex=None, packages_skip_regex=None, packages_start=None, packages_end=None, allow_overriding=[], cmake_args=None, cmake_target=None, cmake_target_skip_unavailable=False, cmake_clean_cache=False, cmake_clean_first=False, cmake_force_configure=False, ament_cmake_args=None, catkin_cmake_args=None, catkin_skip_building_tests=False, verb_parser=<colcon_defaults.argument_parser.defaults.DefaultArgumentsDecorator object at 0x7f796f304d00>, verb_extension=<colcon_core.verb.build.BuildVerb object at 0x7f796f740160>, main=<bound method BuildVerb.main of <colcon_core.verb.build.BuildVerb object at 0x7f796f740160>>)
[0.808s] Level 1:colcon.colcon_core.package_discovery:discover_packages(colcon_meta) check parameters
[0.808s] Level 1:colcon.colcon_core.package_discovery:discover_packages(recursive) check parameters
[0.808s] Level 1:colcon.colcon_core.package_discovery:discover_packages(ignore) check parameters
[0.808s] Level 1:colcon.colcon_core.package_discovery:discover_packages(path) check parameters
[0.808s] Level 1:colcon.colcon_core.package_discovery:discover_packages(colcon_meta) discover
[0.808s] Level 1:colcon.colcon_core.package_discovery:discover_packages(recursive) discover
[0.808s] INFO:colcon.colcon_core.package_discovery:Crawling recursively for packages in '/home/akash/hci_elderly'
[0.808s] Level 1:colcon.colcon_core.package_identification:_identify(.) by extensions ['ignore', 'ignore_ament_install']
[0.808s] Level 1:colcon.colcon_core.package_identification:_identify(.) by extension 'ignore'
[0.809s] Level 1:colcon.colcon_core.package_identification:_identify(.) by extension 'ignore_ament_install'
[0.809s] Level 1:colcon.colcon_core.package_identification:_identify(.) by extensions ['colcon_pkg']
[0.809s] Level 1:colcon.colcon_core.package_identification:_identify(.) by extension 'colcon_pkg'
[0.809s] Level 1:colcon.colcon_core.package_identification:_identify(.) by extensions ['colcon_meta']
[0.809s] Level 1:colcon.colcon_core.package_identification:_identify(.) by extension 'colcon_meta'
[0.809s] Level 1:colcon.colcon_core.package_identification:_identify(.) by extensions ['ros']
[0.809s] Level 1:colcon.colcon_core.package_identification:_identify(.) by extension 'ros'
[0.815s] Level 1:colcon.colcon_core.package_identification:_identify(.) by extensions ['cmake', 'python']
[0.816s] Level 1:colcon.colcon_core.package_identification:_identify(.) by extension 'cmake'
[0.816s] Level 1:colcon.colcon_core.package_identification:_identify(.) by extension 'python'
[0.816s] Level 1:colcon.colcon_core.package_identification:_identify(.) by extensions ['python_setup_py']
[0.816s] Level 1:colcon.colcon_core.package_identification:_identify(.) by extension 'python_setup_py'
[0.816s] Level 1:colcon.colcon_core.package_identification:_identify(build) by extensions ['ignore', 'ignore_ament_install']
[0.816s] Level 1:colcon.colcon_core.package_identification:_identify(build) by extension 'ignore'
[0.816s] Level 1:colcon.colcon_core.package_identification:_identify(build) ignored
[0.816s] Level 1:colcon.colcon_core.package_identification:_identify(install) by extensions ['ignore', 'ignore_ament_install']
[0.816s] Level 1:colcon.colcon_core.package_identification:_identify(install) by extension 'ignore'
[0.816s] Level 1:colcon.colcon_core.package_identification:_identify(install) ignored
[0.816s] Level 1:colcon.colcon_core.package_identification:_identify(log) by extensions ['ignore', 'ignore_ament_install']
[0.816s] Level 1:colcon.colcon_core.package_identification:_identify(log) by extension 'ignore'
[0.816s] Level 1:colcon.colcon_core.package_identification:_identify(log) ignored
[0.816s] Level 1:colcon.colcon_core.package_identification:_identify(src) by extensions ['ignore', 'ignore_ament_install']
[0.816s] Level 1:colcon.colcon_core.package_identification:_identify(src) by extension 'ignore'
[0.816s] Level 1:colcon.colcon_core.package_identification:_identify(src) by extension 'ignore_ament_install'
[0.816s] Level 1:colcon.colcon_core.package_identification:_identify(src) by extensions ['colcon_pkg']
[0.816s] Level 1:colcon.colcon_core.package_identification:_identify(src) by extension 'colcon_pkg'
[0.816s] Level 1:colcon.colcon_core.package_identification:_identify(src) by extensions ['colcon_meta']
[0.816s] Level 1:colcon.colcon_core.package_identification:_identify(src) by extension 'colcon_meta'
[0.816s] Level 1:colcon.colcon_core.package_identification:_identify(src) by extensions ['ros']
[0.816s] Level 1:colcon.colcon_core.package_identification:_identify(src) by extension 'ros'
[0.816s] Level 1:colcon.colcon_core.package_identification:_identify(src) by extensions ['cmake', 'python']
[0.816s] Level 1:colcon.colcon_core.package_identification:_identify(src) by extension 'cmake'
[0.817s] Level 1:colcon.colcon_core.package_identification:_identify(src) by extension 'python'
[0.817s] Level 1:colcon.colcon_core.package_identification:_identify(src) by extensions ['python_setup_py']
[0.817s] Level 1:colcon.colcon_core.package_identification:_identify(src) by extension 'python_setup_py'
[0.817s] Level 1:colcon.colcon_core.package_identification:_identify(src/akash) by extensions ['ignore', 'ignore_ament_install']
[0.817s] Level 1:colcon.colcon_core.package_identification:_identify(src/akash) by extension 'ignore'
[0.817s] Level 1:colcon.colcon_core.package_identification:_identify(src/akash) by extension 'ignore_ament_install'
[0.817s] Level 1:colcon.colcon_core.package_identification:_identify(src/akash) by extensions ['colcon_pkg']
[0.817s] Level 1:colcon.colcon_core.package_identification:_identify(src/akash) by extension 'colcon_pkg'
[0.817s] Level 1:colcon.colcon_core.package_identification:_identify(src/akash) by extensions ['colcon_meta']
[0.817s] Level 1:colcon.colcon_core.package_identification:_identify(src/akash) by extension 'colcon_meta'
[0.817s] Level 1:colcon.colcon_core.package_identification:_identify(src/akash) by extensions ['ros']
[0.817s] Level 1:colcon.colcon_core.package_identification:_identify(src/akash) by extension 'ros'
[0.820s] DEBUG:colcon.colcon_core.package_identification:Package 'src/akash' with type 'ros.ament_cmake' and name 'akash'
[0.820s] Level 1:colcon.colcon_core.package_discovery:discover_packages(recursive) using defaults
[0.820s] Level 1:colcon.colcon_core.package_discovery:discover_packages(ignore) discover
[0.820s] Level 1:colcon.colcon_core.package_discovery:discover_packages(ignore) using defaults
[0.820s] Level 1:colcon.colcon_core.package_discovery:discover_packages(path) discover
[0.820s] Level 1:colcon.colcon_core.package_discovery:discover_packages(path) using defaults
[0.886s] Level 1:colcon.colcon_core.package_discovery:discover_packages(prefix_path) check parameters
[0.886s] Level 1:colcon.colcon_core.package_discovery:discover_packages(prefix_path) discover
[0.907s] DEBUG:colcon.colcon_installed_package_information.package_discovery:Found 336 installed packages in /opt/ros/humble
[0.908s] Level 1:colcon.colcon_core.package_discovery:discover_packages(prefix_path) using defaults
[0.983s] Level 5:colcon.colcon_core.verb:set package 'akash' build argument 'cmake_args' from command line to 'None'
[0.983s] Level 5:colcon.colcon_core.verb:set package 'akash' build argument 'cmake_target' from command line to 'None'
[0.983s] Level 5:colcon.colcon_core.verb:set package 'akash' build argument 'cmake_target_skip_unavailable' from command line to 'False'
[0.983s] Level 5:colcon.colcon_core.verb:set package 'akash' build argument 'cmake_clean_cache' from command line to 'False'
[0.983s] Level 5:colcon.colcon_core.verb:set package 'akash' build argument 'cmake_clean_first' from command line to 'False'
[0.983s] Level 5:colcon.colcon_core.verb:set package 'akash' build argument 'cmake_force_configure' from command line to 'False'
[0.984s] Level 5:colcon.colcon_core.verb:set package 'akash' build argument 'ament_cmake_args' from command line to 'None'
[0.984s] Level 5:colcon.colcon_core.verb:set package 'akash' build argument 'catkin_cmake_args' from command line to 'None'
[0.984s] Level 5:colcon.colcon_core.verb:set package 'akash' build argument 'catkin_skip_building_tests' from command line to 'False'
[0.984s] DEBUG:colcon.colcon_core.verb:Building package 'akash' with the following arguments: {'ament_cmake_args': None, 'build_base': '/home/akash/hci_elderly/build/akash', 'catkin_cmake_args': None, 'catkin_skip_building_tests': False, 'cmake_args': None, 'cmake_clean_cache': False, 'cmake_clean_first': False, 'cmake_force_configure': False, 'cmake_target': None, 'cmake_target_skip_unavailable': False, 'install_base': '/home/akash/hci_elderly/install/akash', 'merge_install': False, 'path': '/home/akash/hci_elderly/src/akash', 'symlink_install': False, 'test_result_base': None}
[0.992s] INFO:colcon.colcon_core.executor:Executing jobs using 'parallel' executor
[1.001s] DEBUG:colcon.colcon_parallel_executor.executor.parallel:run_until_complete
[1.001s] INFO:colcon.colcon_ros.task.ament_cmake.build:Building ROS package in '/home/akash/hci_elderly/src/akash' with build type 'ament_cmake'
[1.002s] INFO:colcon.colcon_cmake.task.cmake.build:Building CMake package in '/home/akash/hci_elderly/src/akash'
[1.015s] INFO:colcon.colcon_core.plugin_system:Skipping extension 'colcon_core.shell.bat': Not used on non-Windows systems
[1.015s] INFO:colcon.colcon_core.shell:Skip shell extension 'powershell' for command environment: Not usable outside of PowerShell
[1.015s] DEBUG:colcon.colcon_core.shell:Skip shell extension 'dsv' for command environment
[1.038s] DEBUG:colcon.colcon_core.event_handler.log_command:Invoking command in '/home/akash/hci_elderly/build/akash': CMAKE_PREFIX_PATH=/opt/ros/humble /usr/bin/cmake /home/akash/hci_elderly/src/akash -DCMAKE_INSTALL_PREFIX=/home/akash/hci_elderly/install/akash
[3.655s] DEBUG:colcon.colcon_core.event_handler.log_command:Invoked command in '/home/akash/hci_elderly/build/akash' returned '0': CMAKE_PREFIX_PATH=/opt/ros/humble /usr/bin/cmake /home/akash/hci_elderly/src/akash -DCMAKE_INSTALL_PREFIX=/home/akash/hci_elderly/install/akash
[3.657s] DEBUG:colcon.colcon_core.event_handler.log_command:Invoking command in '/home/akash/hci_elderly/build/akash': CMAKE_PREFIX_PATH=/opt/ros/humble /usr/bin/cmake --build /home/akash/hci_elderly/build/akash -- -j16 -l16
[3.674s] DEBUG:colcon.colcon_core.event_handler.log_command:Invoked command in '/home/akash/hci_elderly/build/akash' returned '0': CMAKE_PREFIX_PATH=/opt/ros/humble /usr/bin/cmake --build /home/akash/hci_elderly/build/akash -- -j16 -l16
[3.690s] DEBUG:colcon.colcon_core.event_handler.log_command:Invoking command in '/home/akash/hci_elderly/build/akash': CMAKE_PREFIX_PATH=/opt/ros/humble /usr/bin/cmake --install /home/akash/hci_elderly/build/akash
[3.695s] Level 1:colcon.colcon_core.environment:create_environment_scripts_only(akash)
[3.695s] DEBUG:colcon.colcon_core.event_handler.log_command:Invoked command in '/home/akash/hci_elderly/build/akash' returned '0': CMAKE_PREFIX_PATH=/opt/ros/humble /usr/bin/cmake --install /home/akash/hci_elderly/build/akash
[3.710s] Level 1:colcon.colcon_core.environment:checking '/home/akash/hci_elderly/install/akash' for CMake module files
[3.710s] Level 1:colcon.colcon_core.environment:checking '/home/akash/hci_elderly/install/akash' for CMake config files
[3.710s] Level 1:colcon.colcon_core.shell:create_environment_hook('akash', 'cmake_prefix_path')
[3.720s] INFO:colcon.colcon_core.shell:Creating environment hook '/home/akash/hci_elderly/install/akash/share/akash/hook/cmake_prefix_path.ps1'
[3.721s] INFO:colcon.colcon_core.shell:Creating environment descriptor '/home/akash/hci_elderly/install/akash/share/akash/hook/cmake_prefix_path.dsv'
[3.721s] INFO:colcon.colcon_core.shell:Creating environment hook '/home/akash/hci_elderly/install/akash/share/akash/hook/cmake_prefix_path.sh'
[3.722s] Level 1:colcon.colcon_core.environment:checking '/home/akash/hci_elderly/install/akash/bin'
[3.722s] Level 1:colcon.colcon_core.environment:checking '/home/akash/hci_elderly/install/akash/lib/pkgconfig/akash.pc'
[3.722s] Level 1:colcon.colcon_core.environment:checking '/home/akash/hci_elderly/install/akash/lib/python3.10/site-packages'
[3.722s] Level 1:colcon.colcon_core.environment:checking '/home/akash/hci_elderly/install/akash/bin'
[3.731s] INFO:colcon.colcon_core.shell:Creating package script '/home/akash/hci_elderly/install/akash/share/akash/package.ps1'
[3.732s] INFO:colcon.colcon_core.shell:Creating package descriptor '/home/akash/hci_elderly/install/akash/share/akash/package.dsv'
[3.733s] INFO:colcon.colcon_core.shell:Creating package script '/home/akash/hci_elderly/install/akash/share/akash/package.sh'
[3.733s] INFO:colcon.colcon_core.shell:Creating package script '/home/akash/hci_elderly/install/akash/share/akash/package.bash'
[3.734s] INFO:colcon.colcon_core.shell:Creating package script '/home/akash/hci_elderly/install/akash/share/akash/package.zsh'
[3.735s] Level 1:colcon.colcon_core.environment:create_file_with_runtime_dependencies(/home/akash/hci_elderly/install/akash/share/colcon-core/packages/akash)
[3.754s] Level 1:colcon.colcon_core.environment:create_environment_scripts_only(akash)
[3.764s] Level 1:colcon.colcon_core.environment:checking '/home/akash/hci_elderly/install/akash' for CMake module files
[3.764s] Level 1:colcon.colcon_core.environment:checking '/home/akash/hci_elderly/install/akash' for CMake config files
[3.764s] Level 1:colcon.colcon_core.shell:create_environment_hook('akash', 'cmake_prefix_path')
[3.773s] INFO:colcon.colcon_core.shell:Creating environment hook '/home/akash/hci_elderly/install/akash/share/akash/hook/cmake_prefix_path.ps1'
[3.773s] INFO:colcon.colcon_core.shell:Creating environment descriptor '/home/akash/hci_elderly/install/akash/share/akash/hook/cmake_prefix_path.dsv'
[3.773s] INFO:colcon.colcon_core.shell:Creating environment hook '/home/akash/hci_elderly/install/akash/share/akash/hook/cmake_prefix_path.sh'
[3.773s] Level 1:colcon.colcon_core.environment:checking '/home/akash/hci_elderly/install/akash/bin'
[3.773s] Level 1:colcon.colcon_core.environment:checking '/home/akash/hci_elderly/install/akash/lib/pkgconfig/akash.pc'
[3.774s] Level 1:colcon.colcon_core.environment:checking '/home/akash/hci_elderly/install/akash/lib/python3.10/site-packages'
[3.774s] Level 1:colcon.colcon_core.environment:checking '/home/akash/hci_elderly/install/akash/bin'
[3.783s] INFO:colcon.colcon_core.shell:Creating package script '/home/akash/hci_elderly/install/akash/share/akash/package.ps1'
[3.783s] INFO:colcon.colcon_core.shell:Creating package descriptor '/home/akash/hci_elderly/install/akash/share/akash/package.dsv'
[3.784s] INFO:colcon.colcon_core.shell:Creating package script '/home/akash/hci_elderly/install/akash/share/akash/package.sh'
[3.784s] INFO:colcon.colcon_core.shell:Creating package script '/home/akash/hci_elderly/install/akash/share/akash/package.bash'
[3.784s] INFO:colcon.colcon_core.shell:Creating package script '/home/akash/hci_elderly/install/akash/share/akash/package.zsh'
[3.784s] Level 1:colcon.colcon_core.environment:create_file_with_runtime_dependencies(/home/akash/hci_elderly/install/akash/share/colcon-core/packages/akash)
[3.784s] DEBUG:colcon.colcon_parallel_executor.executor.parallel:closing loop
[3.785s] DEBUG:colcon.colcon_parallel_executor.executor.parallel:loop closed
[3.785s] DEBUG:colcon.colcon_parallel_executor.executor.parallel:run_until_complete finished with '0'
[3.785s] DEBUG:colcon.colcon_core.event_reactor:joining thread
[3.879s] INFO:colcon.colcon_core.plugin_system:Skipping extension 'colcon_notification.desktop_notification.notify_send': Could not find 'notify-send'
[3.880s] INFO:colcon.colcon_core.plugin_system:Skipping extension 'colcon_notification.desktop_notification.terminal_notifier': Not used on non-Darwin systems
[3.880s] INFO:colcon.colcon_core.plugin_system:Skipping extension 'colcon_notification.desktop_notification.win32': Not used on non-Windows systems
[3.880s] INFO:colcon.colcon_notification.desktop_notification:Sending desktop notification using 'notify2'
[3.881s] DEBUG:colcon.colcon_notification.desktop_notification.notify2:Failed to initialize notify2: org.freedesktop.DBus.Error.ServiceUnknown: The name org.freedesktop.Notifications was not provided by any .service files
[3.881s] DEBUG:colcon.colcon_core.event_reactor:joined thread
[3.890s] INFO:colcon.colcon_core.shell:Creating prefix script '/home/akash/hci_elderly/install/local_setup.ps1'
[3.891s] INFO:colcon.colcon_core.shell:Creating prefix util module '/home/akash/hci_elderly/install/_local_setup_util_ps1.py'
[3.892s] INFO:colcon.colcon_core.shell:Creating prefix chain script '/home/akash/hci_elderly/install/setup.ps1'
[3.901s] INFO:colcon.colcon_core.shell:Creating prefix script '/home/akash/hci_elderly/install/local_setup.sh'
[3.902s] INFO:colcon.colcon_core.shell:Creating prefix util module '/home/akash/hci_elderly/install/_local_setup_util_sh.py'
[3.902s] INFO:colcon.colcon_core.shell:Creating prefix chain script '/home/akash/hci_elderly/install/setup.sh'
[3.912s] INFO:colcon.colcon_core.shell:Creating prefix script '/home/akash/hci_elderly/install/local_setup.bash'
[3.913s] INFO:colcon.colcon_core.shell:Creating prefix chain script '/home/akash/hci_elderly/install/setup.bash'
[3.922s] INFO:colcon.colcon_core.shell:Creating prefix script '/home/akash/hci_elderly/install/local_setup.zsh'
[3.922s] INFO:colcon.colcon_core.shell:Creating prefix chain script '/home/akash/hci_elderly/install/setup.zsh'
