[0.772s] Invoking command in '/home/akash/ros2_midterm_ws/src/fleet_management': PYTHONPATH=/home/akash/ros2_midterm_ws/build/fleet_management/prefix_override:/home/akash/ros2_midterm_ws/install/fleet_management/lib/python3.10/site-packages:${PYTHONPATH} /usr/bin/python3 setup.py egg_info --egg-base ../../build/fleet_management build --build-base /home/akash/ros2_midterm_ws/build/fleet_management/build install --record /home/akash/ros2_midterm_ws/build/fleet_management/install.log --single-version-externally-managed
[1.009s] running egg_info
[1.010s] writing ../../build/fleet_management/fleet_management.egg-info/PKG-INFO
[1.010s] writing dependency_links to ../../build/fleet_management/fleet_management.egg-info/dependency_links.txt
[1.011s] writing entry points to ../../build/fleet_management/fleet_management.egg-info/entry_points.txt
[1.011s] writing requirements to ../../build/fleet_management/fleet_management.egg-info/requires.txt
[1.011s] writing top-level names to ../../build/fleet_management/fleet_management.egg-info/top_level.txt
[1.013s] reading manifest file '../../build/fleet_management/fleet_management.egg-info/SOURCES.txt'
[1.014s] writing manifest file '../../build/fleet_management/fleet_management.egg-info/SOURCES.txt'
[1.014s] running build
[1.014s] running build_py
[1.014s] copying fleet_management/fleet_management_server_cli.py -> /home/akash/ros2_midterm_ws/build/fleet_management/build/lib/fleet_management
[1.014s] running install
[1.015s] /usr/lib/python3/dist-packages/setuptools/command/install.py:34: SetuptoolsDeprecationWarning: setup.py install is deprecated. Use build and pip and other standards-based tools.
[1.015s]   warnings.warn(
[1.015s] running install_lib
[1.015s] copying /home/akash/ros2_midterm_ws/build/fleet_management/build/lib/fleet_management/fleet_management_server_cli.py -> /home/akash/ros2_midterm_ws/install/fleet_management/lib/python3.10/site-packages/fleet_management
[1.016s] byte-compiling /home/akash/ros2_midterm_ws/install/fleet_management/lib/python3.10/site-packages/fleet_management/fleet_management_server_cli.py to fleet_management_server_cli.cpython-310.pyc
[1.017s] running install_data
[1.017s] running install_egg_info
[1.019s] removing '/home/akash/ros2_midterm_ws/install/fleet_management/lib/python3.10/site-packages/fleet_management-0.1.0-py3.10.egg-info' (and everything under it)
[1.019s] Copying ../../build/fleet_management/fleet_management.egg-info to /home/akash/ros2_midterm_ws/install/fleet_management/lib/python3.10/site-packages/fleet_management-0.1.0-py3.10.egg-info
[1.020s] running install_scripts
[1.042s] Installing fleet_management_client script to /home/akash/ros2_midterm_ws/install/fleet_management/lib/fleet_management
[1.042s] Installing fleet_management_server_cli script to /home/akash/ros2_midterm_ws/install/fleet_management/lib/fleet_management
[1.042s] writing list of installed files to '/home/akash/ros2_midterm_ws/build/fleet_management/install.log'
[1.067s] Invoked command in '/home/akash/ros2_midterm_ws/src/fleet_management' returned '0': PYTHONPATH=/home/akash/ros2_midterm_ws/build/fleet_management/prefix_override:/home/akash/ros2_midterm_ws/install/fleet_management/lib/python3.10/site-packages:${PYTHONPATH} /usr/bin/python3 setup.py egg_info --egg-base ../../build/fleet_management build --build-base /home/akash/ros2_midterm_ws/build/fleet_management/build install --record /home/akash/ros2_midterm_ws/build/fleet_management/install.log --single-version-externally-managed
