[0.783s] Invoking command in '/home/akash/ros2_midterm_ws/src/fleet_management': PYTHONPATH=/home/akash/ros2_midterm_ws/build/fleet_management/prefix_override:/home/akash/ros2_midterm_ws/install/fleet_management/lib/python3.10/site-packages:${PYTHONPATH} /usr/bin/python3 setup.py egg_info --egg-base ../../build/fleet_management build --build-base /home/akash/ros2_midterm_ws/build/fleet_management/build install --record /home/akash/ros2_midterm_ws/build/fleet_management/install.log --single-version-externally-managed
[1.017s] running egg_info
[1.018s] writing ../../build/fleet_management/fleet_management.egg-info/PKG-INFO
[1.018s] writing dependency_links to ../../build/fleet_management/fleet_management.egg-info/dependency_links.txt
[1.018s] writing entry points to ../../build/fleet_management/fleet_management.egg-info/entry_points.txt
[1.019s] writing requirements to ../../build/fleet_management/fleet_management.egg-info/requires.txt
[1.019s] writing top-level names to ../../build/fleet_management/fleet_management.egg-info/top_level.txt
[1.021s] reading manifest file '../../build/fleet_management/fleet_management.egg-info/SOURCES.txt'
[1.021s] writing manifest file '../../build/fleet_management/fleet_management.egg-info/SOURCES.txt'
[1.022s] running build
[1.022s] running build_py
[1.022s] running install
[1.022s] /usr/lib/python3/dist-packages/setuptools/command/install.py:34: SetuptoolsDeprecationWarning: setup.py install is deprecated. Use build and pip and other standards-based tools.
[1.022s]   warnings.warn(
[1.022s] running install_lib
[1.024s] running install_data
[1.024s] running install_egg_info
[1.026s] removing '/home/akash/ros2_midterm_ws/install/fleet_management/lib/python3.10/site-packages/fleet_management-0.1.0-py3.10.egg-info' (and everything under it)
[1.026s] Copying ../../build/fleet_management/fleet_management.egg-info to /home/akash/ros2_midterm_ws/install/fleet_management/lib/python3.10/site-packages/fleet_management-0.1.0-py3.10.egg-info
[1.027s] running install_scripts
[1.049s] Installing fleet_management_client script to /home/akash/ros2_midterm_ws/install/fleet_management/lib/fleet_management
[1.049s] Installing fleet_management_server_cli script to /home/akash/ros2_midterm_ws/install/fleet_management/lib/fleet_management
[1.049s] writing list of installed files to '/home/akash/ros2_midterm_ws/build/fleet_management/install.log'
[1.079s] Invoked command in '/home/akash/ros2_midterm_ws/src/fleet_management' returned '0': PYTHONPATH=/home/akash/ros2_midterm_ws/build/fleet_management/prefix_override:/home/akash/ros2_midterm_ws/install/fleet_management/lib/python3.10/site-packages:${PYTHONPATH} /usr/bin/python3 setup.py egg_info --egg-base ../../build/fleet_management build --build-base /home/akash/ros2_midterm_ws/build/fleet_management/build install --record /home/akash/ros2_midterm_ws/build/fleet_management/install.log --single-version-externally-managed
